[0.073s] DEBUG:colcon:Command line arguments: ['/usr/bin/colcon', 'build']
[0.073s] DEBUG:colcon:Parsed command line arguments: Namespace(log_base=None, log_level=None, verb_name='build', build_base='build', install_base='install', merge_install=False, symlink_install=False, test_result_base=None, continue_on_error=False, executor='parallel', parallel_workers=24, event_handlers=None, ignore_user_meta=False, metas=['./colcon.meta'], base_paths=['.'], packages_ignore=None, packages_ignore_regex=None, paths=None, packages_up_to=None, packages_up_to_regex=None, packages_above=None, packages_above_and_dependencies=None, packages_above_depth=None, packages_select_by_dep=None, packages_skip_by_dep=None, packages_skip_up_to=None, packages_select_build_failed=False, packages_skip_build_finished=False, packages_select_test_failures=False, packages_skip_test_passed=False, packages_select=None, packages_skip=None, packages_select_regex=None, packages_skip_regex=None, packages_start=None, packages_end=None, allow_overriding=[], cmake_args=None, cmake_target=None, cmake_target_skip_unavailable=False, cmake_clean_cache=False, cmake_clean_first=False, cmake_force_configure=False, ament_cmake_args=None, catkin_cmake_args=None, catkin_skip_building_tests=False, mixin_files=None, mixin=None, verb_parser=<colcon_mixin.mixin.mixin_argument.MixinArgumentDecorator object at 0x7e52a5777aa0>, verb_extension=<colcon_core.verb.build.BuildVerb object at 0x7e52a5777740>, main=<bound method BuildVerb.main of <colcon_core.verb.build.BuildVerb object at 0x7e52a5777740>>, mixin_verb=('build',))
[0.102s] Level 1:colcon.colcon_core.package_discovery:discover_packages(colcon_meta) check parameters
[0.102s] Level 1:colcon.colcon_core.package_discovery:discover_packages(recursive) check parameters
[0.103s] Level 1:colcon.colcon_core.package_discovery:discover_packages(ignore) check parameters
[0.103s] Level 1:colcon.colcon_core.package_discovery:discover_packages(path) check parameters
[0.103s] Level 1:colcon.colcon_core.package_discovery:discover_packages(colcon_meta) discover
[0.103s] Level 1:colcon.colcon_core.package_discovery:discover_packages(recursive) discover
[0.103s] INFO:colcon.colcon_core.package_discovery:Crawling recursively for packages in '/home/tomoni11/Documents/ROS2/study_ws'
[0.103s] Level 1:colcon.colcon_core.package_identification:_identify(.) by extensions ['ignore', 'ignore_ament_install']
[0.103s] Level 1:colcon.colcon_core.package_identification:_identify(.) by extension 'ignore'
[0.103s] Level 1:colcon.colcon_core.package_identification:_identify(.) by extension 'ignore_ament_install'
[0.103s] Level 1:colcon.colcon_core.package_identification:_identify(.) by extensions ['colcon_pkg']
[0.103s] Level 1:colcon.colcon_core.package_identification:_identify(.) by extension 'colcon_pkg'
[0.103s] Level 1:colcon.colcon_core.package_identification:_identify(.) by extensions ['colcon_meta']
[0.103s] Level 1:colcon.colcon_core.package_identification:_identify(.) by extension 'colcon_meta'
[0.103s] Level 1:colcon.colcon_core.package_identification:_identify(.) by extensions ['ros']
[0.103s] Level 1:colcon.colcon_core.package_identification:_identify(.) by extension 'ros'
[0.123s] Level 1:colcon.colcon_core.package_identification:_identify(.) by extensions ['cmake', 'python']
[0.123s] Level 1:colcon.colcon_core.package_identification:_identify(.) by extension 'cmake'
[0.123s] Level 1:colcon.colcon_core.package_identification:_identify(.) by extension 'python'
[0.123s] Level 1:colcon.colcon_core.package_identification:_identify(.) by extensions ['python_setup_py']
[0.123s] Level 1:colcon.colcon_core.package_identification:_identify(.) by extension 'python_setup_py'
[0.123s] Level 1:colcon.colcon_core.package_identification:_identify(build) by extensions ['ignore', 'ignore_ament_install']
[0.123s] Level 1:colcon.colcon_core.package_identification:_identify(build) by extension 'ignore'
[0.123s] Level 1:colcon.colcon_core.package_identification:_identify(build) ignored
[0.123s] Level 1:colcon.colcon_core.package_identification:_identify(install) by extensions ['ignore', 'ignore_ament_install']
[0.123s] Level 1:colcon.colcon_core.package_identification:_identify(install) by extension 'ignore'
[0.123s] Level 1:colcon.colcon_core.package_identification:_identify(install) ignored
[0.123s] Level 1:colcon.colcon_core.package_identification:_identify(log) by extensions ['ignore', 'ignore_ament_install']
[0.123s] Level 1:colcon.colcon_core.package_identification:_identify(log) by extension 'ignore'
[0.123s] Level 1:colcon.colcon_core.package_identification:_identify(log) ignored
[0.123s] Level 1:colcon.colcon_core.package_identification:_identify(src) by extensions ['ignore', 'ignore_ament_install']
[0.123s] Level 1:colcon.colcon_core.package_identification:_identify(src) by extension 'ignore'
[0.123s] Level 1:colcon.colcon_core.package_identification:_identify(src) by extension 'ignore_ament_install'
[0.123s] Level 1:colcon.colcon_core.package_identification:_identify(src) by extensions ['colcon_pkg']
[0.123s] Level 1:colcon.colcon_core.package_identification:_identify(src) by extension 'colcon_pkg'
[0.123s] Level 1:colcon.colcon_core.package_identification:_identify(src) by extensions ['colcon_meta']
[0.123s] Level 1:colcon.colcon_core.package_identification:_identify(src) by extension 'colcon_meta'
[0.123s] Level 1:colcon.colcon_core.package_identification:_identify(src) by extensions ['ros']
[0.123s] Level 1:colcon.colcon_core.package_identification:_identify(src) by extension 'ros'
[0.124s] Level 1:colcon.colcon_core.package_identification:_identify(src) by extensions ['cmake', 'python']
[0.124s] Level 1:colcon.colcon_core.package_identification:_identify(src) by extension 'cmake'
[0.124s] Level 1:colcon.colcon_core.package_identification:_identify(src) by extension 'python'
[0.124s] Level 1:colcon.colcon_core.package_identification:_identify(src) by extensions ['python_setup_py']
[0.124s] Level 1:colcon.colcon_core.package_identification:_identify(src) by extension 'python_setup_py'
[0.124s] Level 1:colcon.colcon_core.package_identification:_identify(src/interface_pkg) by extensions ['ignore', 'ignore_ament_install']
[0.124s] Level 1:colcon.colcon_core.package_identification:_identify(src/interface_pkg) by extension 'ignore'
[0.124s] Level 1:colcon.colcon_core.package_identification:_identify(src/interface_pkg) by extension 'ignore_ament_install'
[0.124s] Level 1:colcon.colcon_core.package_identification:_identify(src/interface_pkg) by extensions ['colcon_pkg']
[0.124s] Level 1:colcon.colcon_core.package_identification:_identify(src/interface_pkg) by extension 'colcon_pkg'
[0.124s] Level 1:colcon.colcon_core.package_identification:_identify(src/interface_pkg) by extensions ['colcon_meta']
[0.124s] Level 1:colcon.colcon_core.package_identification:_identify(src/interface_pkg) by extension 'colcon_meta'
[0.124s] Level 1:colcon.colcon_core.package_identification:_identify(src/interface_pkg) by extensions ['ros']
[0.124s] Level 1:colcon.colcon_core.package_identification:_identify(src/interface_pkg) by extension 'ros'
[0.126s] DEBUG:colcon.colcon_core.package_identification:Package 'src/interface_pkg' with type 'ros.ament_cmake' and name 'interface_pkg'
[0.126s] Level 1:colcon.colcon_core.package_identification:_identify(src/make_cloud_pkg) by extensions ['ignore', 'ignore_ament_install']
[0.126s] Level 1:colcon.colcon_core.package_identification:_identify(src/make_cloud_pkg) by extension 'ignore'
[0.126s] Level 1:colcon.colcon_core.package_identification:_identify(src/make_cloud_pkg) by extension 'ignore_ament_install'
[0.126s] Level 1:colcon.colcon_core.package_identification:_identify(src/make_cloud_pkg) by extensions ['colcon_pkg']
[0.126s] Level 1:colcon.colcon_core.package_identification:_identify(src/make_cloud_pkg) by extension 'colcon_pkg'
[0.126s] Level 1:colcon.colcon_core.package_identification:_identify(src/make_cloud_pkg) by extensions ['colcon_meta']
[0.126s] Level 1:colcon.colcon_core.package_identification:_identify(src/make_cloud_pkg) by extension 'colcon_meta'
[0.126s] Level 1:colcon.colcon_core.package_identification:_identify(src/make_cloud_pkg) by extensions ['ros']
[0.126s] Level 1:colcon.colcon_core.package_identification:_identify(src/make_cloud_pkg) by extension 'ros'
[0.126s] DEBUG:colcon.colcon_core.package_identification:Package 'src/make_cloud_pkg' with type 'ros.ament_cmake' and name 'make_cloud_pkg'
[0.126s] Level 1:colcon.colcon_core.package_identification:_identify(src/ransac_pkg) by extensions ['ignore', 'ignore_ament_install']
[0.126s] Level 1:colcon.colcon_core.package_identification:_identify(src/ransac_pkg) by extension 'ignore'
[0.126s] Level 1:colcon.colcon_core.package_identification:_identify(src/ransac_pkg) by extension 'ignore_ament_install'
[0.127s] Level 1:colcon.colcon_core.package_identification:_identify(src/ransac_pkg) by extensions ['colcon_pkg']
[0.127s] Level 1:colcon.colcon_core.package_identification:_identify(src/ransac_pkg) by extension 'colcon_pkg'
[0.127s] Level 1:colcon.colcon_core.package_identification:_identify(src/ransac_pkg) by extensions ['colcon_meta']
[0.127s] Level 1:colcon.colcon_core.package_identification:_identify(src/ransac_pkg) by extension 'colcon_meta'
[0.127s] Level 1:colcon.colcon_core.package_identification:_identify(src/ransac_pkg) by extensions ['ros']
[0.127s] Level 1:colcon.colcon_core.package_identification:_identify(src/ransac_pkg) by extension 'ros'
[0.127s] DEBUG:colcon.colcon_core.package_identification:Package 'src/ransac_pkg' with type 'ros.ament_cmake' and name 'ransac_pkg'
[0.127s] Level 1:colcon.colcon_core.package_identification:_identify(src/study_interface) by extensions ['ignore', 'ignore_ament_install']
[0.127s] Level 1:colcon.colcon_core.package_identification:_identify(src/study_interface) by extension 'ignore'
[0.127s] Level 1:colcon.colcon_core.package_identification:_identify(src/study_interface) by extension 'ignore_ament_install'
[0.127s] Level 1:colcon.colcon_core.package_identification:_identify(src/study_interface) by extensions ['colcon_pkg']
[0.127s] Level 1:colcon.colcon_core.package_identification:_identify(src/study_interface) by extension 'colcon_pkg'
[0.127s] Level 1:colcon.colcon_core.package_identification:_identify(src/study_interface) by extensions ['colcon_meta']
[0.127s] Level 1:colcon.colcon_core.package_identification:_identify(src/study_interface) by extension 'colcon_meta'
[0.127s] Level 1:colcon.colcon_core.package_identification:_identify(src/study_interface) by extensions ['ros']
[0.127s] Level 1:colcon.colcon_core.package_identification:_identify(src/study_interface) by extension 'ros'
[0.128s] DEBUG:colcon.colcon_core.package_identification:Package 'src/study_interface' with type 'ros.ament_cmake' and name 'study_interface'
[0.128s] Level 1:colcon.colcon_core.package_discovery:discover_packages(recursive) using defaults
[0.128s] Level 1:colcon.colcon_core.package_discovery:discover_packages(ignore) discover
[0.128s] Level 1:colcon.colcon_core.package_discovery:discover_packages(ignore) using defaults
[0.128s] Level 1:colcon.colcon_core.package_discovery:discover_packages(path) discover
[0.128s] Level 1:colcon.colcon_core.package_discovery:discover_packages(path) using defaults
[0.141s] Level 1:colcon.colcon_core.package_discovery:discover_packages(prefix_path) check parameters
[0.141s] Level 1:colcon.colcon_core.package_discovery:discover_packages(prefix_path) discover
[0.142s] DEBUG:colcon.colcon_installed_package_information.package_discovery:Found 4 installed packages in /home/tomoni11/Documents/ROS2/study_ws/install
[0.144s] DEBUG:colcon.colcon_installed_package_information.package_discovery:Found 319 installed packages in /opt/ros/jazzy
[0.145s] Level 1:colcon.colcon_core.package_discovery:discover_packages(prefix_path) using defaults
[0.175s] Level 5:colcon.colcon_core.verb:set package 'interface_pkg' build argument 'cmake_args' from command line to 'None'
[0.176s] Level 5:colcon.colcon_core.verb:set package 'interface_pkg' build argument 'cmake_target' from command line to 'None'
[0.176s] Level 5:colcon.colcon_core.verb:set package 'interface_pkg' build argument 'cmake_target_skip_unavailable' from command line to 'False'
[0.176s] Level 5:colcon.colcon_core.verb:set package 'interface_pkg' build argument 'cmake_clean_cache' from command line to 'False'
[0.176s] Level 5:colcon.colcon_core.verb:set package 'interface_pkg' build argument 'cmake_clean_first' from command line to 'False'
[0.176s] Level 5:colcon.colcon_core.verb:set package 'interface_pkg' build argument 'cmake_force_configure' from command line to 'False'
[0.176s] Level 5:colcon.colcon_core.verb:set package 'interface_pkg' build argument 'ament_cmake_args' from command line to 'None'
[0.176s] Level 5:colcon.colcon_core.verb:set package 'interface_pkg' build argument 'catkin_cmake_args' from command line to 'None'
[0.176s] Level 5:colcon.colcon_core.verb:set package 'interface_pkg' build argument 'catkin_skip_building_tests' from command line to 'False'
[0.176s] DEBUG:colcon.colcon_core.verb:Building package 'interface_pkg' with the following arguments: {'ament_cmake_args': None, 'build_base': '/home/tomoni11/Documents/ROS2/study_ws/build/interface_pkg', 'catkin_cmake_args': None, 'catkin_skip_building_tests': False, 'cmake_args': None, 'cmake_clean_cache': False, 'cmake_clean_first': False, 'cmake_force_configure': False, 'cmake_target': None, 'cmake_target_skip_unavailable': False, 'install_base': '/home/tomoni11/Documents/ROS2/study_ws/install/interface_pkg', 'merge_install': False, 'path': '/home/tomoni11/Documents/ROS2/study_ws/src/interface_pkg', 'symlink_install': False, 'test_result_base': None}
[0.176s] Level 5:colcon.colcon_core.verb:set package 'study_interface' build argument 'cmake_args' from command line to 'None'
[0.176s] Level 5:colcon.colcon_core.verb:set package 'study_interface' build argument 'cmake_target' from command line to 'None'
[0.176s] Level 5:colcon.colcon_core.verb:set package 'study_interface' build argument 'cmake_target_skip_unavailable' from command line to 'False'
[0.176s] Level 5:colcon.colcon_core.verb:set package 'study_interface' build argument 'cmake_clean_cache' from command line to 'False'
[0.176s] Level 5:colcon.colcon_core.verb:set package 'study_interface' build argument 'cmake_clean_first' from command line to 'False'
[0.176s] Level 5:colcon.colcon_core.verb:set package 'study_interface' build argument 'cmake_force_configure' from command line to 'False'
[0.176s] Level 5:colcon.colcon_core.verb:set package 'study_interface' build argument 'ament_cmake_args' from command line to 'None'
[0.176s] Level 5:colcon.colcon_core.verb:set package 'study_interface' build argument 'catkin_cmake_args' from command line to 'None'
[0.176s] Level 5:colcon.colcon_core.verb:set package 'study_interface' build argument 'catkin_skip_building_tests' from command line to 'False'
[0.176s] DEBUG:colcon.colcon_core.verb:Building package 'study_interface' with the following arguments: {'ament_cmake_args': None, 'build_base': '/home/tomoni11/Documents/ROS2/study_ws/build/study_interface', 'catkin_cmake_args': None, 'catkin_skip_building_tests': False, 'cmake_args': None, 'cmake_clean_cache': False, 'cmake_clean_first': False, 'cmake_force_configure': False, 'cmake_target': None, 'cmake_target_skip_unavailable': False, 'install_base': '/home/tomoni11/Documents/ROS2/study_ws/install/study_interface', 'merge_install': False, 'path': '/home/tomoni11/Documents/ROS2/study_ws/src/study_interface', 'symlink_install': False, 'test_result_base': None}
[0.176s] Level 5:colcon.colcon_core.verb:set package 'make_cloud_pkg' build argument 'cmake_args' from command line to 'None'
[0.176s] Level 5:colcon.colcon_core.verb:set package 'make_cloud_pkg' build argument 'cmake_target' from command line to 'None'
[0.176s] Level 5:colcon.colcon_core.verb:set package 'make_cloud_pkg' build argument 'cmake_target_skip_unavailable' from command line to 'False'
[0.176s] Level 5:colcon.colcon_core.verb:set package 'make_cloud_pkg' build argument 'cmake_clean_cache' from command line to 'False'
[0.176s] Level 5:colcon.colcon_core.verb:set package 'make_cloud_pkg' build argument 'cmake_clean_first' from command line to 'False'
[0.176s] Level 5:colcon.colcon_core.verb:set package 'make_cloud_pkg' build argument 'cmake_force_configure' from command line to 'False'
[0.176s] Level 5:colcon.colcon_core.verb:set package 'make_cloud_pkg' build argument 'ament_cmake_args' from command line to 'None'
[0.176s] Level 5:colcon.colcon_core.verb:set package 'make_cloud_pkg' build argument 'catkin_cmake_args' from command line to 'None'
[0.176s] Level 5:colcon.colcon_core.verb:set package 'make_cloud_pkg' build argument 'catkin_skip_building_tests' from command line to 'False'
[0.176s] DEBUG:colcon.colcon_core.verb:Building package 'make_cloud_pkg' with the following arguments: {'ament_cmake_args': None, 'build_base': '/home/tomoni11/Documents/ROS2/study_ws/build/make_cloud_pkg', 'catkin_cmake_args': None, 'catkin_skip_building_tests': False, 'cmake_args': None, 'cmake_clean_cache': False, 'cmake_clean_first': False, 'cmake_force_configure': False, 'cmake_target': None, 'cmake_target_skip_unavailable': False, 'install_base': '/home/tomoni11/Documents/ROS2/study_ws/install/make_cloud_pkg', 'merge_install': False, 'path': '/home/tomoni11/Documents/ROS2/study_ws/src/make_cloud_pkg', 'symlink_install': False, 'test_result_base': None}
[0.176s] Level 5:colcon.colcon_core.verb:set package 'ransac_pkg' build argument 'cmake_args' from command line to 'None'
[0.176s] Level 5:colcon.colcon_core.verb:set package 'ransac_pkg' build argument 'cmake_target' from command line to 'None'
[0.176s] Level 5:colcon.colcon_core.verb:set package 'ransac_pkg' build argument 'cmake_target_skip_unavailable' from command line to 'False'
[0.176s] Level 5:colcon.colcon_core.verb:set package 'ransac_pkg' build argument 'cmake_clean_cache' from command line to 'False'
[0.176s] Level 5:colcon.colcon_core.verb:set package 'ransac_pkg' build argument 'cmake_clean_first' from command line to 'False'
[0.176s] Level 5:colcon.colcon_core.verb:set package 'ransac_pkg' build argument 'cmake_force_configure' from command line to 'False'
[0.176s] Level 5:colcon.colcon_core.verb:set package 'ransac_pkg' build argument 'ament_cmake_args' from command line to 'None'
[0.176s] Level 5:colcon.colcon_core.verb:set package 'ransac_pkg' build argument 'catkin_cmake_args' from command line to 'None'
[0.176s] Level 5:colcon.colcon_core.verb:set package 'ransac_pkg' build argument 'catkin_skip_building_tests' from command line to 'False'
[0.176s] DEBUG:colcon.colcon_core.verb:Building package 'ransac_pkg' with the following arguments: {'ament_cmake_args': None, 'build_base': '/home/tomoni11/Documents/ROS2/study_ws/build/ransac_pkg', 'catkin_cmake_args': None, 'catkin_skip_building_tests': False, 'cmake_args': None, 'cmake_clean_cache': False, 'cmake_clean_first': False, 'cmake_force_configure': False, 'cmake_target': None, 'cmake_target_skip_unavailable': False, 'install_base': '/home/tomoni11/Documents/ROS2/study_ws/install/ransac_pkg', 'merge_install': False, 'path': '/home/tomoni11/Documents/ROS2/study_ws/src/ransac_pkg', 'symlink_install': False, 'test_result_base': None}
[0.177s] INFO:colcon.colcon_core.executor:Executing jobs using 'parallel' executor
[0.177s] DEBUG:colcon.colcon_parallel_executor.executor.parallel:run_until_complete
[0.177s] INFO:colcon.colcon_ros.task.ament_cmake.build:Building ROS package in '/home/tomoni11/Documents/ROS2/study_ws/src/study_interface' with build type 'ament_cmake'
[0.178s] INFO:colcon.colcon_cmake.task.cmake.build:Building CMake package in '/home/tomoni11/Documents/ROS2/study_ws/src/study_interface'
[0.179s] INFO:colcon.colcon_core.plugin_system:Skipping extension 'colcon_core.shell.bat': Not used on non-Windows systems
[0.179s] INFO:colcon.colcon_core.shell:Skip shell extension 'powershell' for command environment: Not usable outside of PowerShell
[0.179s] DEBUG:colcon.colcon_core.shell:Skip shell extension 'dsv' for command environment
[0.182s] INFO:colcon.colcon_ros.task.ament_cmake.build:Building ROS package in '/home/tomoni11/Documents/ROS2/study_ws/src/interface_pkg' with build type 'ament_cmake'
[0.182s] INFO:colcon.colcon_cmake.task.cmake.build:Building CMake package in '/home/tomoni11/Documents/ROS2/study_ws/src/interface_pkg'
[0.182s] INFO:colcon.colcon_core.shell:Skip shell extension 'powershell' for command environment: Not usable outside of PowerShell
[0.182s] DEBUG:colcon.colcon_core.shell:Skip shell extension 'dsv' for command environment
[0.188s] DEBUG:colcon.colcon_core.event_handler.log_command:Invoking command in '/home/tomoni11/Documents/ROS2/study_ws/build/study_interface': CMAKE_PREFIX_PATH=${CMAKE_PREFIX_PATH}:/opt/ros/jazzy DEBUGINFOD_URLS=https://debuginfod.ubuntu.com /usr/bin/cmake --build /home/tomoni11/Documents/ROS2/study_ws/build/study_interface -- -j24 -l24
[0.191s] DEBUG:colcon.colcon_core.event_handler.log_command:Invoking command in '/home/tomoni11/Documents/ROS2/study_ws/build/interface_pkg': CMAKE_PREFIX_PATH=${CMAKE_PREFIX_PATH}:/opt/ros/jazzy DEBUGINFOD_URLS=https://debuginfod.ubuntu.com /usr/bin/cmake --build /home/tomoni11/Documents/ROS2/study_ws/build/interface_pkg -- -j24 -l24
[0.481s] DEBUG:colcon.colcon_core.event_handler.log_command:Invoked command in '/home/tomoni11/Documents/ROS2/study_ws/build/interface_pkg' returned '0': CMAKE_PREFIX_PATH=${CMAKE_PREFIX_PATH}:/opt/ros/jazzy DEBUGINFOD_URLS=https://debuginfod.ubuntu.com /usr/bin/cmake --build /home/tomoni11/Documents/ROS2/study_ws/build/interface_pkg -- -j24 -l24
[0.490s] DEBUG:colcon.colcon_core.event_handler.log_command:Invoking command in '/home/tomoni11/Documents/ROS2/study_ws/build/interface_pkg': CMAKE_PREFIX_PATH=${CMAKE_PREFIX_PATH}:/opt/ros/jazzy DEBUGINFOD_URLS=https://debuginfod.ubuntu.com /usr/bin/cmake --install /home/tomoni11/Documents/ROS2/study_ws/build/interface_pkg
[0.536s] Level 1:colcon.colcon_core.environment:create_environment_scripts_only(interface_pkg)
[0.537s] DEBUG:colcon.colcon_core.event_handler.log_command:Invoked command in '/home/tomoni11/Documents/ROS2/study_ws/build/interface_pkg' returned '0': CMAKE_PREFIX_PATH=${CMAKE_PREFIX_PATH}:/opt/ros/jazzy DEBUGINFOD_URLS=https://debuginfod.ubuntu.com /usr/bin/cmake --install /home/tomoni11/Documents/ROS2/study_ws/build/interface_pkg
[0.538s] Level 1:colcon.colcon_core.environment:checking '/home/tomoni11/Documents/ROS2/study_ws/install/interface_pkg' for CMake module files
[0.539s] Level 1:colcon.colcon_core.environment:checking '/home/tomoni11/Documents/ROS2/study_ws/install/interface_pkg' for CMake config files
[0.539s] Level 1:colcon.colcon_core.shell:create_environment_hook('interface_pkg', 'cmake_prefix_path')
[0.539s] INFO:colcon.colcon_core.shell:Creating environment hook '/home/tomoni11/Documents/ROS2/study_ws/install/interface_pkg/share/interface_pkg/hook/cmake_prefix_path.ps1'
[0.539s] INFO:colcon.colcon_core.shell:Creating environment descriptor '/home/tomoni11/Documents/ROS2/study_ws/install/interface_pkg/share/interface_pkg/hook/cmake_prefix_path.dsv'
[0.540s] INFO:colcon.colcon_core.shell:Creating environment hook '/home/tomoni11/Documents/ROS2/study_ws/install/interface_pkg/share/interface_pkg/hook/cmake_prefix_path.sh'
[0.540s] Level 1:colcon.colcon_core.environment:checking '/home/tomoni11/Documents/ROS2/study_ws/install/interface_pkg/lib'
[0.541s] Level 1:colcon.colcon_core.shell:create_environment_hook('interface_pkg', 'ld_library_path_lib')
[0.541s] INFO:colcon.colcon_core.shell:Creating environment hook '/home/tomoni11/Documents/ROS2/study_ws/install/interface_pkg/share/interface_pkg/hook/ld_library_path_lib.ps1'
[0.541s] INFO:colcon.colcon_core.shell:Creating environment descriptor '/home/tomoni11/Documents/ROS2/study_ws/install/interface_pkg/share/interface_pkg/hook/ld_library_path_lib.dsv'
[0.541s] INFO:colcon.colcon_core.shell:Creating environment hook '/home/tomoni11/Documents/ROS2/study_ws/install/interface_pkg/share/interface_pkg/hook/ld_library_path_lib.sh'
[0.541s] Level 1:colcon.colcon_core.environment:checking '/home/tomoni11/Documents/ROS2/study_ws/install/interface_pkg/bin'
[0.542s] Level 1:colcon.colcon_core.environment:checking '/home/tomoni11/Documents/ROS2/study_ws/install/interface_pkg/lib/pkgconfig/interface_pkg.pc'
[0.542s] Level 1:colcon.colcon_core.environment:checking '/home/tomoni11/Documents/ROS2/study_ws/install/interface_pkg/lib/python3.12/site-packages'
[0.542s] Level 1:colcon.colcon_core.shell:create_environment_hook('interface_pkg', 'pythonpath')
[0.542s] INFO:colcon.colcon_core.shell:Creating environment hook '/home/tomoni11/Documents/ROS2/study_ws/install/interface_pkg/share/interface_pkg/hook/pythonpath.ps1'
[0.542s] INFO:colcon.colcon_core.shell:Creating environment descriptor '/home/tomoni11/Documents/ROS2/study_ws/install/interface_pkg/share/interface_pkg/hook/pythonpath.dsv'
[0.542s] INFO:colcon.colcon_core.shell:Creating environment hook '/home/tomoni11/Documents/ROS2/study_ws/install/interface_pkg/share/interface_pkg/hook/pythonpath.sh'
[0.543s] Level 1:colcon.colcon_core.environment:checking '/home/tomoni11/Documents/ROS2/study_ws/install/interface_pkg/bin'
[0.543s] INFO:colcon.colcon_core.shell:Creating package script '/home/tomoni11/Documents/ROS2/study_ws/install/interface_pkg/share/interface_pkg/package.ps1'
[0.544s] INFO:colcon.colcon_core.shell:Creating package descriptor '/home/tomoni11/Documents/ROS2/study_ws/install/interface_pkg/share/interface_pkg/package.dsv'
[0.544s] INFO:colcon.colcon_core.shell:Creating package script '/home/tomoni11/Documents/ROS2/study_ws/install/interface_pkg/share/interface_pkg/package.sh'
[0.544s] INFO:colcon.colcon_core.shell:Creating package script '/home/tomoni11/Documents/ROS2/study_ws/install/interface_pkg/share/interface_pkg/package.bash'
[0.545s] INFO:colcon.colcon_core.shell:Creating package script '/home/tomoni11/Documents/ROS2/study_ws/install/interface_pkg/share/interface_pkg/package.zsh'
[0.545s] Level 1:colcon.colcon_core.environment:create_file_with_runtime_dependencies(/home/tomoni11/Documents/ROS2/study_ws/install/interface_pkg/share/colcon-core/packages/interface_pkg)
[0.546s] Level 1:colcon.colcon_core.environment:create_environment_scripts_only(interface_pkg)
[0.546s] Level 1:colcon.colcon_core.environment:checking '/home/tomoni11/Documents/ROS2/study_ws/install/interface_pkg' for CMake module files
[0.546s] Level 1:colcon.colcon_core.environment:checking '/home/tomoni11/Documents/ROS2/study_ws/install/interface_pkg' for CMake config files
[0.546s] Level 1:colcon.colcon_core.shell:create_environment_hook('interface_pkg', 'cmake_prefix_path')
[0.546s] INFO:colcon.colcon_core.shell:Creating environment hook '/home/tomoni11/Documents/ROS2/study_ws/install/interface_pkg/share/interface_pkg/hook/cmake_prefix_path.ps1'
[0.547s] INFO:colcon.colcon_core.shell:Creating environment descriptor '/home/tomoni11/Documents/ROS2/study_ws/install/interface_pkg/share/interface_pkg/hook/cmake_prefix_path.dsv'
[0.547s] INFO:colcon.colcon_core.shell:Creating environment hook '/home/tomoni11/Documents/ROS2/study_ws/install/interface_pkg/share/interface_pkg/hook/cmake_prefix_path.sh'
[0.547s] Level 1:colcon.colcon_core.environment:checking '/home/tomoni11/Documents/ROS2/study_ws/install/interface_pkg/lib'
[0.547s] Level 1:colcon.colcon_core.shell:create_environment_hook('interface_pkg', 'ld_library_path_lib')
[0.548s] INFO:colcon.colcon_core.shell:Creating environment hook '/home/tomoni11/Documents/ROS2/study_ws/install/interface_pkg/share/interface_pkg/hook/ld_library_path_lib.ps1'
[0.548s] INFO:colcon.colcon_core.shell:Creating environment descriptor '/home/tomoni11/Documents/ROS2/study_ws/install/interface_pkg/share/interface_pkg/hook/ld_library_path_lib.dsv'
[0.548s] INFO:colcon.colcon_core.shell:Creating environment hook '/home/tomoni11/Documents/ROS2/study_ws/install/interface_pkg/share/interface_pkg/hook/ld_library_path_lib.sh'
[0.548s] Level 1:colcon.colcon_core.environment:checking '/home/tomoni11/Documents/ROS2/study_ws/install/interface_pkg/bin'
[0.548s] Level 1:colcon.colcon_core.environment:checking '/home/tomoni11/Documents/ROS2/study_ws/install/interface_pkg/lib/pkgconfig/interface_pkg.pc'
[0.548s] Level 1:colcon.colcon_core.environment:checking '/home/tomoni11/Documents/ROS2/study_ws/install/interface_pkg/lib/python3.12/site-packages'
[0.549s] Level 1:colcon.colcon_core.shell:create_environment_hook('interface_pkg', 'pythonpath')
[0.549s] INFO:colcon.colcon_core.shell:Creating environment hook '/home/tomoni11/Documents/ROS2/study_ws/install/interface_pkg/share/interface_pkg/hook/pythonpath.ps1'
[0.549s] INFO:colcon.colcon_core.shell:Creating environment descriptor '/home/tomoni11/Documents/ROS2/study_ws/install/interface_pkg/share/interface_pkg/hook/pythonpath.dsv'
[0.549s] INFO:colcon.colcon_core.shell:Creating environment hook '/home/tomoni11/Documents/ROS2/study_ws/install/interface_pkg/share/interface_pkg/hook/pythonpath.sh'
[0.549s] Level 1:colcon.colcon_core.environment:checking '/home/tomoni11/Documents/ROS2/study_ws/install/interface_pkg/bin'
[0.550s] INFO:colcon.colcon_core.shell:Creating package script '/home/tomoni11/Documents/ROS2/study_ws/install/interface_pkg/share/interface_pkg/package.ps1'
[0.550s] INFO:colcon.colcon_core.shell:Creating package descriptor '/home/tomoni11/Documents/ROS2/study_ws/install/interface_pkg/share/interface_pkg/package.dsv'
[0.550s] INFO:colcon.colcon_core.shell:Creating package script '/home/tomoni11/Documents/ROS2/study_ws/install/interface_pkg/share/interface_pkg/package.sh'
[0.550s] INFO:colcon.colcon_core.shell:Creating package script '/home/tomoni11/Documents/ROS2/study_ws/install/interface_pkg/share/interface_pkg/package.bash'
[0.551s] INFO:colcon.colcon_core.shell:Creating package script '/home/tomoni11/Documents/ROS2/study_ws/install/interface_pkg/share/interface_pkg/package.zsh'
[0.551s] Level 1:colcon.colcon_core.environment:create_file_with_runtime_dependencies(/home/tomoni11/Documents/ROS2/study_ws/install/interface_pkg/share/colcon-core/packages/interface_pkg)
[2.760s] DEBUG:colcon.colcon_core.event_handler.log_command:Invoked command in '/home/tomoni11/Documents/ROS2/study_ws/build/study_interface' returned '0': CMAKE_PREFIX_PATH=${CMAKE_PREFIX_PATH}:/opt/ros/jazzy DEBUGINFOD_URLS=https://debuginfod.ubuntu.com /usr/bin/cmake --build /home/tomoni11/Documents/ROS2/study_ws/build/study_interface -- -j24 -l24
[2.761s] DEBUG:colcon.colcon_core.event_handler.log_command:Invoking command in '/home/tomoni11/Documents/ROS2/study_ws/build/study_interface': CMAKE_PREFIX_PATH=${CMAKE_PREFIX_PATH}:/opt/ros/jazzy DEBUGINFOD_URLS=https://debuginfod.ubuntu.com /usr/bin/cmake --install /home/tomoni11/Documents/ROS2/study_ws/build/study_interface
[2.814s] Level 1:colcon.colcon_core.environment:create_environment_scripts_only(study_interface)
[2.814s] Level 1:colcon.colcon_core.environment:checking '/home/tomoni11/Documents/ROS2/study_ws/install/study_interface' for CMake module files
[2.814s] DEBUG:colcon.colcon_core.event_handler.log_command:Invoked command in '/home/tomoni11/Documents/ROS2/study_ws/build/study_interface' returned '0': CMAKE_PREFIX_PATH=${CMAKE_PREFIX_PATH}:/opt/ros/jazzy DEBUGINFOD_URLS=https://debuginfod.ubuntu.com /usr/bin/cmake --install /home/tomoni11/Documents/ROS2/study_ws/build/study_interface
[2.815s] Level 1:colcon.colcon_core.environment:checking '/home/tomoni11/Documents/ROS2/study_ws/install/study_interface' for CMake config files
[2.815s] Level 1:colcon.colcon_core.shell:create_environment_hook('study_interface', 'cmake_prefix_path')
[2.815s] INFO:colcon.colcon_core.shell:Creating environment hook '/home/tomoni11/Documents/ROS2/study_ws/install/study_interface/share/study_interface/hook/cmake_prefix_path.ps1'
[2.815s] INFO:colcon.colcon_core.shell:Creating environment descriptor '/home/tomoni11/Documents/ROS2/study_ws/install/study_interface/share/study_interface/hook/cmake_prefix_path.dsv'
[2.816s] INFO:colcon.colcon_core.shell:Creating environment hook '/home/tomoni11/Documents/ROS2/study_ws/install/study_interface/share/study_interface/hook/cmake_prefix_path.sh'
[2.816s] Level 1:colcon.colcon_core.environment:checking '/home/tomoni11/Documents/ROS2/study_ws/install/study_interface/lib'
[2.816s] Level 1:colcon.colcon_core.shell:create_environment_hook('study_interface', 'ld_library_path_lib')
[2.816s] INFO:colcon.colcon_core.shell:Creating environment hook '/home/tomoni11/Documents/ROS2/study_ws/install/study_interface/share/study_interface/hook/ld_library_path_lib.ps1'
[2.817s] INFO:colcon.colcon_core.shell:Creating environment descriptor '/home/tomoni11/Documents/ROS2/study_ws/install/study_interface/share/study_interface/hook/ld_library_path_lib.dsv'
[2.817s] INFO:colcon.colcon_core.shell:Creating environment hook '/home/tomoni11/Documents/ROS2/study_ws/install/study_interface/share/study_interface/hook/ld_library_path_lib.sh'
[2.817s] Level 1:colcon.colcon_core.environment:checking '/home/tomoni11/Documents/ROS2/study_ws/install/study_interface/bin'
[2.817s] Level 1:colcon.colcon_core.environment:checking '/home/tomoni11/Documents/ROS2/study_ws/install/study_interface/lib/pkgconfig/study_interface.pc'
[2.817s] Level 1:colcon.colcon_core.environment:checking '/home/tomoni11/Documents/ROS2/study_ws/install/study_interface/lib/python3.12/site-packages'
[2.817s] Level 1:colcon.colcon_core.shell:create_environment_hook('study_interface', 'pythonpath')
[2.817s] INFO:colcon.colcon_core.shell:Creating environment hook '/home/tomoni11/Documents/ROS2/study_ws/install/study_interface/share/study_interface/hook/pythonpath.ps1'
[2.818s] INFO:colcon.colcon_core.shell:Creating environment descriptor '/home/tomoni11/Documents/ROS2/study_ws/install/study_interface/share/study_interface/hook/pythonpath.dsv'
[2.818s] INFO:colcon.colcon_core.shell:Creating environment hook '/home/tomoni11/Documents/ROS2/study_ws/install/study_interface/share/study_interface/hook/pythonpath.sh'
[2.818s] Level 1:colcon.colcon_core.environment:checking '/home/tomoni11/Documents/ROS2/study_ws/install/study_interface/bin'
[2.818s] INFO:colcon.colcon_core.shell:Creating package script '/home/tomoni11/Documents/ROS2/study_ws/install/study_interface/share/study_interface/package.ps1'
[2.819s] INFO:colcon.colcon_core.shell:Creating package descriptor '/home/tomoni11/Documents/ROS2/study_ws/install/study_interface/share/study_interface/package.dsv'
[2.819s] INFO:colcon.colcon_core.shell:Creating package script '/home/tomoni11/Documents/ROS2/study_ws/install/study_interface/share/study_interface/package.sh'
[2.819s] INFO:colcon.colcon_core.shell:Creating package script '/home/tomoni11/Documents/ROS2/study_ws/install/study_interface/share/study_interface/package.bash'
[2.819s] INFO:colcon.colcon_core.shell:Creating package script '/home/tomoni11/Documents/ROS2/study_ws/install/study_interface/share/study_interface/package.zsh'
[2.820s] Level 1:colcon.colcon_core.environment:create_file_with_runtime_dependencies(/home/tomoni11/Documents/ROS2/study_ws/install/study_interface/share/colcon-core/packages/study_interface)
[2.820s] Level 1:colcon.colcon_core.environment:create_environment_scripts_only(study_interface)
[2.820s] Level 1:colcon.colcon_core.environment:checking '/home/tomoni11/Documents/ROS2/study_ws/install/study_interface' for CMake module files
[2.820s] Level 1:colcon.colcon_core.environment:checking '/home/tomoni11/Documents/ROS2/study_ws/install/study_interface' for CMake config files
[2.820s] Level 1:colcon.colcon_core.shell:create_environment_hook('study_interface', 'cmake_prefix_path')
[2.821s] INFO:colcon.colcon_core.shell:Creating environment hook '/home/tomoni11/Documents/ROS2/study_ws/install/study_interface/share/study_interface/hook/cmake_prefix_path.ps1'
[2.821s] INFO:colcon.colcon_core.shell:Creating environment descriptor '/home/tomoni11/Documents/ROS2/study_ws/install/study_interface/share/study_interface/hook/cmake_prefix_path.dsv'
[2.821s] INFO:colcon.colcon_core.shell:Creating environment hook '/home/tomoni11/Documents/ROS2/study_ws/install/study_interface/share/study_interface/hook/cmake_prefix_path.sh'
[2.821s] Level 1:colcon.colcon_core.environment:checking '/home/tomoni11/Documents/ROS2/study_ws/install/study_interface/lib'
[2.821s] Level 1:colcon.colcon_core.shell:create_environment_hook('study_interface', 'ld_library_path_lib')
[2.821s] INFO:colcon.colcon_core.shell:Creating environment hook '/home/tomoni11/Documents/ROS2/study_ws/install/study_interface/share/study_interface/hook/ld_library_path_lib.ps1'
[2.822s] INFO:colcon.colcon_core.shell:Creating environment descriptor '/home/tomoni11/Documents/ROS2/study_ws/install/study_interface/share/study_interface/hook/ld_library_path_lib.dsv'
[2.822s] INFO:colcon.colcon_core.shell:Creating environment hook '/home/tomoni11/Documents/ROS2/study_ws/install/study_interface/share/study_interface/hook/ld_library_path_lib.sh'
[2.822s] Level 1:colcon.colcon_core.environment:checking '/home/tomoni11/Documents/ROS2/study_ws/install/study_interface/bin'
[2.822s] Level 1:colcon.colcon_core.environment:checking '/home/tomoni11/Documents/ROS2/study_ws/install/study_interface/lib/pkgconfig/study_interface.pc'
[2.822s] Level 1:colcon.colcon_core.environment:checking '/home/tomoni11/Documents/ROS2/study_ws/install/study_interface/lib/python3.12/site-packages'
[2.822s] Level 1:colcon.colcon_core.shell:create_environment_hook('study_interface', 'pythonpath')
[2.822s] INFO:colcon.colcon_core.shell:Creating environment hook '/home/tomoni11/Documents/ROS2/study_ws/install/study_interface/share/study_interface/hook/pythonpath.ps1'
[2.823s] INFO:colcon.colcon_core.shell:Creating environment descriptor '/home/tomoni11/Documents/ROS2/study_ws/install/study_interface/share/study_interface/hook/pythonpath.dsv'
[2.823s] INFO:colcon.colcon_core.shell:Creating environment hook '/home/tomoni11/Documents/ROS2/study_ws/install/study_interface/share/study_interface/hook/pythonpath.sh'
[2.823s] Level 1:colcon.colcon_core.environment:checking '/home/tomoni11/Documents/ROS2/study_ws/install/study_interface/bin'
[2.823s] INFO:colcon.colcon_core.shell:Creating package script '/home/tomoni11/Documents/ROS2/study_ws/install/study_interface/share/study_interface/package.ps1'
[2.824s] INFO:colcon.colcon_core.shell:Creating package descriptor '/home/tomoni11/Documents/ROS2/study_ws/install/study_interface/share/study_interface/package.dsv'
[2.824s] INFO:colcon.colcon_core.shell:Creating package script '/home/tomoni11/Documents/ROS2/study_ws/install/study_interface/share/study_interface/package.sh'
[2.824s] INFO:colcon.colcon_core.shell:Creating package script '/home/tomoni11/Documents/ROS2/study_ws/install/study_interface/share/study_interface/package.bash'
[2.824s] INFO:colcon.colcon_core.shell:Creating package script '/home/tomoni11/Documents/ROS2/study_ws/install/study_interface/share/study_interface/package.zsh'
[2.825s] Level 1:colcon.colcon_core.environment:create_file_with_runtime_dependencies(/home/tomoni11/Documents/ROS2/study_ws/install/study_interface/share/colcon-core/packages/study_interface)
[2.825s] INFO:colcon.colcon_ros.task.ament_cmake.build:Building ROS package in '/home/tomoni11/Documents/ROS2/study_ws/src/make_cloud_pkg' with build type 'ament_cmake'
[2.825s] INFO:colcon.colcon_cmake.task.cmake.build:Building CMake package in '/home/tomoni11/Documents/ROS2/study_ws/src/make_cloud_pkg'
[2.825s] INFO:colcon.colcon_core.shell:Skip shell extension 'powershell' for command environment: Not usable outside of PowerShell
[2.825s] DEBUG:colcon.colcon_core.shell:Skip shell extension 'dsv' for command environment
[2.828s] INFO:colcon.colcon_ros.task.ament_cmake.build:Building ROS package in '/home/tomoni11/Documents/ROS2/study_ws/src/ransac_pkg' with build type 'ament_cmake'
[2.828s] INFO:colcon.colcon_cmake.task.cmake.build:Building CMake package in '/home/tomoni11/Documents/ROS2/study_ws/src/ransac_pkg'
[2.828s] INFO:colcon.colcon_core.shell:Skip shell extension 'powershell' for command environment: Not usable outside of PowerShell
[2.828s] DEBUG:colcon.colcon_core.shell:Skip shell extension 'dsv' for command environment
[2.833s] DEBUG:colcon.colcon_core.event_handler.log_command:Invoking command in '/home/tomoni11/Documents/ROS2/study_ws/build/make_cloud_pkg': CMAKE_PREFIX_PATH=/home/tomoni11/Documents/ROS2/study_ws/install/study_interface:/home/tomoni11/Documents/ROS2/study_ws/install/ransac_pkg:/home/tomoni11/Documents/ROS2/study_ws/install/make_cloud_pkg:/home/tomoni11/Documents/ROS2/study_ws/install/interface_pkg:/opt/ros/jazzy/opt/gz_sim_vendor:/opt/ros/jazzy/opt/gz_sensors_vendor:/opt/ros/jazzy/opt/gz_physics_vendor:/opt/ros/jazzy/opt/sdformat_vendor:/opt/ros/jazzy/opt/gz_gui_vendor:/opt/ros/jazzy/opt/gz_transport_vendor:/opt/ros/jazzy/opt/gz_rendering_vendor:/opt/ros/jazzy/opt/gz_plugin_vendor:/opt/ros/jazzy/opt/gz_fuel_tools_vendor:/opt/ros/jazzy/opt/gz_msgs_vendor:/opt/ros/jazzy/opt/gz_common_vendor:/opt/ros/jazzy/opt/gz_math_vendor:/opt/ros/jazzy/opt/gz_utils_vendor:/opt/ros/jazzy/opt/gz_tools_vendor:/opt/ros/jazzy/opt/gz_ogre_next_vendor:/opt/ros/jazzy/opt/gz_dartsim_vendor:/opt/ros/jazzy/opt/gz_cmake_vendor:/opt/ros/jazzy DEBUGINFOD_URLS=https://debuginfod.ubuntu.com /usr/bin/cmake --build /home/tomoni11/Documents/ROS2/study_ws/build/make_cloud_pkg -- -j24 -l24
[2.837s] DEBUG:colcon.colcon_core.event_handler.log_command:Invoking command in '/home/tomoni11/Documents/ROS2/study_ws/build/ransac_pkg': CMAKE_PREFIX_PATH=/home/tomoni11/Documents/ROS2/study_ws/install/study_interface:/home/tomoni11/Documents/ROS2/study_ws/install/interface_pkg:/home/tomoni11/Documents/ROS2/study_ws/install/ransac_pkg:/home/tomoni11/Documents/ROS2/study_ws/install/make_cloud_pkg:/opt/ros/jazzy/opt/gz_sim_vendor:/opt/ros/jazzy/opt/gz_sensors_vendor:/opt/ros/jazzy/opt/gz_physics_vendor:/opt/ros/jazzy/opt/sdformat_vendor:/opt/ros/jazzy/opt/gz_gui_vendor:/opt/ros/jazzy/opt/gz_transport_vendor:/opt/ros/jazzy/opt/gz_rendering_vendor:/opt/ros/jazzy/opt/gz_plugin_vendor:/opt/ros/jazzy/opt/gz_fuel_tools_vendor:/opt/ros/jazzy/opt/gz_msgs_vendor:/opt/ros/jazzy/opt/gz_common_vendor:/opt/ros/jazzy/opt/gz_math_vendor:/opt/ros/jazzy/opt/gz_utils_vendor:/opt/ros/jazzy/opt/gz_tools_vendor:/opt/ros/jazzy/opt/gz_ogre_next_vendor:/opt/ros/jazzy/opt/gz_dartsim_vendor:/opt/ros/jazzy/opt/gz_cmake_vendor:/opt/ros/jazzy DEBUGINFOD_URLS=https://debuginfod.ubuntu.com /usr/bin/cmake --build /home/tomoni11/Documents/ROS2/study_ws/build/ransac_pkg -- -j24 -l24
[8.840s] DEBUG:colcon.colcon_core.event_handler.log_command:Invoked command in '/home/tomoni11/Documents/ROS2/study_ws/build/make_cloud_pkg' returned '0': CMAKE_PREFIX_PATH=/home/tomoni11/Documents/ROS2/study_ws/install/study_interface:/home/tomoni11/Documents/ROS2/study_ws/install/ransac_pkg:/home/tomoni11/Documents/ROS2/study_ws/install/make_cloud_pkg:/home/tomoni11/Documents/ROS2/study_ws/install/interface_pkg:/opt/ros/jazzy/opt/gz_sim_vendor:/opt/ros/jazzy/opt/gz_sensors_vendor:/opt/ros/jazzy/opt/gz_physics_vendor:/opt/ros/jazzy/opt/sdformat_vendor:/opt/ros/jazzy/opt/gz_gui_vendor:/opt/ros/jazzy/opt/gz_transport_vendor:/opt/ros/jazzy/opt/gz_rendering_vendor:/opt/ros/jazzy/opt/gz_plugin_vendor:/opt/ros/jazzy/opt/gz_fuel_tools_vendor:/opt/ros/jazzy/opt/gz_msgs_vendor:/opt/ros/jazzy/opt/gz_common_vendor:/opt/ros/jazzy/opt/gz_math_vendor:/opt/ros/jazzy/opt/gz_utils_vendor:/opt/ros/jazzy/opt/gz_tools_vendor:/opt/ros/jazzy/opt/gz_ogre_next_vendor:/opt/ros/jazzy/opt/gz_dartsim_vendor:/opt/ros/jazzy/opt/gz_cmake_vendor:/opt/ros/jazzy DEBUGINFOD_URLS=https://debuginfod.ubuntu.com /usr/bin/cmake --build /home/tomoni11/Documents/ROS2/study_ws/build/make_cloud_pkg -- -j24 -l24
[8.842s] DEBUG:colcon.colcon_core.event_handler.log_command:Invoking command in '/home/tomoni11/Documents/ROS2/study_ws/build/make_cloud_pkg': CMAKE_PREFIX_PATH=/home/tomoni11/Documents/ROS2/study_ws/install/study_interface:/home/tomoni11/Documents/ROS2/study_ws/install/ransac_pkg:/home/tomoni11/Documents/ROS2/study_ws/install/make_cloud_pkg:/home/tomoni11/Documents/ROS2/study_ws/install/interface_pkg:/opt/ros/jazzy/opt/gz_sim_vendor:/opt/ros/jazzy/opt/gz_sensors_vendor:/opt/ros/jazzy/opt/gz_physics_vendor:/opt/ros/jazzy/opt/sdformat_vendor:/opt/ros/jazzy/opt/gz_gui_vendor:/opt/ros/jazzy/opt/gz_transport_vendor:/opt/ros/jazzy/opt/gz_rendering_vendor:/opt/ros/jazzy/opt/gz_plugin_vendor:/opt/ros/jazzy/opt/gz_fuel_tools_vendor:/opt/ros/jazzy/opt/gz_msgs_vendor:/opt/ros/jazzy/opt/gz_common_vendor:/opt/ros/jazzy/opt/gz_math_vendor:/opt/ros/jazzy/opt/gz_utils_vendor:/opt/ros/jazzy/opt/gz_tools_vendor:/opt/ros/jazzy/opt/gz_ogre_next_vendor:/opt/ros/jazzy/opt/gz_dartsim_vendor:/opt/ros/jazzy/opt/gz_cmake_vendor:/opt/ros/jazzy DEBUGINFOD_URLS=https://debuginfod.ubuntu.com /usr/bin/cmake --install /home/tomoni11/Documents/ROS2/study_ws/build/make_cloud_pkg
[8.856s] Level 1:colcon.colcon_core.environment:create_environment_scripts_only(make_cloud_pkg)
[8.857s] Level 1:colcon.colcon_core.environment:checking '/home/tomoni11/Documents/ROS2/study_ws/install/make_cloud_pkg' for CMake module files
[8.857s] DEBUG:colcon.colcon_core.event_handler.log_command:Invoked command in '/home/tomoni11/Documents/ROS2/study_ws/build/make_cloud_pkg' returned '0': CMAKE_PREFIX_PATH=/home/tomoni11/Documents/ROS2/study_ws/install/study_interface:/home/tomoni11/Documents/ROS2/study_ws/install/ransac_pkg:/home/tomoni11/Documents/ROS2/study_ws/install/make_cloud_pkg:/home/tomoni11/Documents/ROS2/study_ws/install/interface_pkg:/opt/ros/jazzy/opt/gz_sim_vendor:/opt/ros/jazzy/opt/gz_sensors_vendor:/opt/ros/jazzy/opt/gz_physics_vendor:/opt/ros/jazzy/opt/sdformat_vendor:/opt/ros/jazzy/opt/gz_gui_vendor:/opt/ros/jazzy/opt/gz_transport_vendor:/opt/ros/jazzy/opt/gz_rendering_vendor:/opt/ros/jazzy/opt/gz_plugin_vendor:/opt/ros/jazzy/opt/gz_fuel_tools_vendor:/opt/ros/jazzy/opt/gz_msgs_vendor:/opt/ros/jazzy/opt/gz_common_vendor:/opt/ros/jazzy/opt/gz_math_vendor:/opt/ros/jazzy/opt/gz_utils_vendor:/opt/ros/jazzy/opt/gz_tools_vendor:/opt/ros/jazzy/opt/gz_ogre_next_vendor:/opt/ros/jazzy/opt/gz_dartsim_vendor:/opt/ros/jazzy/opt/gz_cmake_vendor:/opt/ros/jazzy DEBUGINFOD_URLS=https://debuginfod.ubuntu.com /usr/bin/cmake --install /home/tomoni11/Documents/ROS2/study_ws/build/make_cloud_pkg
[8.857s] Level 1:colcon.colcon_core.environment:checking '/home/tomoni11/Documents/ROS2/study_ws/install/make_cloud_pkg' for CMake config files
[8.857s] Level 1:colcon.colcon_core.shell:create_environment_hook('make_cloud_pkg', 'cmake_prefix_path')
[8.857s] INFO:colcon.colcon_core.shell:Creating environment hook '/home/tomoni11/Documents/ROS2/study_ws/install/make_cloud_pkg/share/make_cloud_pkg/hook/cmake_prefix_path.ps1'
[8.858s] INFO:colcon.colcon_core.shell:Creating environment descriptor '/home/tomoni11/Documents/ROS2/study_ws/install/make_cloud_pkg/share/make_cloud_pkg/hook/cmake_prefix_path.dsv'
[8.858s] INFO:colcon.colcon_core.shell:Creating environment hook '/home/tomoni11/Documents/ROS2/study_ws/install/make_cloud_pkg/share/make_cloud_pkg/hook/cmake_prefix_path.sh'
[8.859s] Level 1:colcon.colcon_core.environment:checking '/home/tomoni11/Documents/ROS2/study_ws/install/make_cloud_pkg/lib'
[8.859s] Level 1:colcon.colcon_core.environment:checking '/home/tomoni11/Documents/ROS2/study_ws/install/make_cloud_pkg/bin'
[8.859s] Level 1:colcon.colcon_core.environment:checking '/home/tomoni11/Documents/ROS2/study_ws/install/make_cloud_pkg/lib/pkgconfig/make_cloud_pkg.pc'
[8.859s] Level 1:colcon.colcon_core.environment:checking '/home/tomoni11/Documents/ROS2/study_ws/install/make_cloud_pkg/lib/python3.12/site-packages'
[8.859s] Level 1:colcon.colcon_core.environment:checking '/home/tomoni11/Documents/ROS2/study_ws/install/make_cloud_pkg/bin'
[8.859s] INFO:colcon.colcon_core.shell:Creating package script '/home/tomoni11/Documents/ROS2/study_ws/install/make_cloud_pkg/share/make_cloud_pkg/package.ps1'
[8.860s] INFO:colcon.colcon_core.shell:Creating package descriptor '/home/tomoni11/Documents/ROS2/study_ws/install/make_cloud_pkg/share/make_cloud_pkg/package.dsv'
[8.860s] INFO:colcon.colcon_core.shell:Creating package script '/home/tomoni11/Documents/ROS2/study_ws/install/make_cloud_pkg/share/make_cloud_pkg/package.sh'
[8.860s] INFO:colcon.colcon_core.shell:Creating package script '/home/tomoni11/Documents/ROS2/study_ws/install/make_cloud_pkg/share/make_cloud_pkg/package.bash'
[8.860s] INFO:colcon.colcon_core.shell:Creating package script '/home/tomoni11/Documents/ROS2/study_ws/install/make_cloud_pkg/share/make_cloud_pkg/package.zsh'
[8.860s] Level 1:colcon.colcon_core.environment:create_file_with_runtime_dependencies(/home/tomoni11/Documents/ROS2/study_ws/install/make_cloud_pkg/share/colcon-core/packages/make_cloud_pkg)
[8.861s] Level 1:colcon.colcon_core.environment:create_environment_scripts_only(make_cloud_pkg)
[8.861s] Level 1:colcon.colcon_core.environment:checking '/home/tomoni11/Documents/ROS2/study_ws/install/make_cloud_pkg' for CMake module files
[8.861s] Level 1:colcon.colcon_core.environment:checking '/home/tomoni11/Documents/ROS2/study_ws/install/make_cloud_pkg' for CMake config files
[8.861s] Level 1:colcon.colcon_core.shell:create_environment_hook('make_cloud_pkg', 'cmake_prefix_path')
[8.861s] INFO:colcon.colcon_core.shell:Creating environment hook '/home/tomoni11/Documents/ROS2/study_ws/install/make_cloud_pkg/share/make_cloud_pkg/hook/cmake_prefix_path.ps1'
[8.862s] INFO:colcon.colcon_core.shell:Creating environment descriptor '/home/tomoni11/Documents/ROS2/study_ws/install/make_cloud_pkg/share/make_cloud_pkg/hook/cmake_prefix_path.dsv'
[8.862s] INFO:colcon.colcon_core.shell:Creating environment hook '/home/tomoni11/Documents/ROS2/study_ws/install/make_cloud_pkg/share/make_cloud_pkg/hook/cmake_prefix_path.sh'
[8.862s] Level 1:colcon.colcon_core.environment:checking '/home/tomoni11/Documents/ROS2/study_ws/install/make_cloud_pkg/lib'
[8.862s] Level 1:colcon.colcon_core.environment:checking '/home/tomoni11/Documents/ROS2/study_ws/install/make_cloud_pkg/bin'
[8.862s] Level 1:colcon.colcon_core.environment:checking '/home/tomoni11/Documents/ROS2/study_ws/install/make_cloud_pkg/lib/pkgconfig/make_cloud_pkg.pc'
[8.862s] Level 1:colcon.colcon_core.environment:checking '/home/tomoni11/Documents/ROS2/study_ws/install/make_cloud_pkg/lib/python3.12/site-packages'
[8.862s] Level 1:colcon.colcon_core.environment:checking '/home/tomoni11/Documents/ROS2/study_ws/install/make_cloud_pkg/bin'
[8.863s] INFO:colcon.colcon_core.shell:Creating package script '/home/tomoni11/Documents/ROS2/study_ws/install/make_cloud_pkg/share/make_cloud_pkg/package.ps1'
[8.863s] INFO:colcon.colcon_core.shell:Creating package descriptor '/home/tomoni11/Documents/ROS2/study_ws/install/make_cloud_pkg/share/make_cloud_pkg/package.dsv'
[8.863s] INFO:colcon.colcon_core.shell:Creating package script '/home/tomoni11/Documents/ROS2/study_ws/install/make_cloud_pkg/share/make_cloud_pkg/package.sh'
[8.863s] INFO:colcon.colcon_core.shell:Creating package script '/home/tomoni11/Documents/ROS2/study_ws/install/make_cloud_pkg/share/make_cloud_pkg/package.bash'
[8.864s] INFO:colcon.colcon_core.shell:Creating package script '/home/tomoni11/Documents/ROS2/study_ws/install/make_cloud_pkg/share/make_cloud_pkg/package.zsh'
[8.864s] Level 1:colcon.colcon_core.environment:create_file_with_runtime_dependencies(/home/tomoni11/Documents/ROS2/study_ws/install/make_cloud_pkg/share/colcon-core/packages/make_cloud_pkg)
[9.022s] DEBUG:colcon.colcon_core.event_handler.log_command:Invoked command in '/home/tomoni11/Documents/ROS2/study_ws/build/ransac_pkg' returned '0': CMAKE_PREFIX_PATH=/home/tomoni11/Documents/ROS2/study_ws/install/study_interface:/home/tomoni11/Documents/ROS2/study_ws/install/interface_pkg:/home/tomoni11/Documents/ROS2/study_ws/install/ransac_pkg:/home/tomoni11/Documents/ROS2/study_ws/install/make_cloud_pkg:/opt/ros/jazzy/opt/gz_sim_vendor:/opt/ros/jazzy/opt/gz_sensors_vendor:/opt/ros/jazzy/opt/gz_physics_vendor:/opt/ros/jazzy/opt/sdformat_vendor:/opt/ros/jazzy/opt/gz_gui_vendor:/opt/ros/jazzy/opt/gz_transport_vendor:/opt/ros/jazzy/opt/gz_rendering_vendor:/opt/ros/jazzy/opt/gz_plugin_vendor:/opt/ros/jazzy/opt/gz_fuel_tools_vendor:/opt/ros/jazzy/opt/gz_msgs_vendor:/opt/ros/jazzy/opt/gz_common_vendor:/opt/ros/jazzy/opt/gz_math_vendor:/opt/ros/jazzy/opt/gz_utils_vendor:/opt/ros/jazzy/opt/gz_tools_vendor:/opt/ros/jazzy/opt/gz_ogre_next_vendor:/opt/ros/jazzy/opt/gz_dartsim_vendor:/opt/ros/jazzy/opt/gz_cmake_vendor:/opt/ros/jazzy DEBUGINFOD_URLS=https://debuginfod.ubuntu.com /usr/bin/cmake --build /home/tomoni11/Documents/ROS2/study_ws/build/ransac_pkg -- -j24 -l24
[9.023s] DEBUG:colcon.colcon_core.event_handler.log_command:Invoking command in '/home/tomoni11/Documents/ROS2/study_ws/build/ransac_pkg': CMAKE_PREFIX_PATH=/home/tomoni11/Documents/ROS2/study_ws/install/study_interface:/home/tomoni11/Documents/ROS2/study_ws/install/interface_pkg:/home/tomoni11/Documents/ROS2/study_ws/install/ransac_pkg:/home/tomoni11/Documents/ROS2/study_ws/install/make_cloud_pkg:/opt/ros/jazzy/opt/gz_sim_vendor:/opt/ros/jazzy/opt/gz_sensors_vendor:/opt/ros/jazzy/opt/gz_physics_vendor:/opt/ros/jazzy/opt/sdformat_vendor:/opt/ros/jazzy/opt/gz_gui_vendor:/opt/ros/jazzy/opt/gz_transport_vendor:/opt/ros/jazzy/opt/gz_rendering_vendor:/opt/ros/jazzy/opt/gz_plugin_vendor:/opt/ros/jazzy/opt/gz_fuel_tools_vendor:/opt/ros/jazzy/opt/gz_msgs_vendor:/opt/ros/jazzy/opt/gz_common_vendor:/opt/ros/jazzy/opt/gz_math_vendor:/opt/ros/jazzy/opt/gz_utils_vendor:/opt/ros/jazzy/opt/gz_tools_vendor:/opt/ros/jazzy/opt/gz_ogre_next_vendor:/opt/ros/jazzy/opt/gz_dartsim_vendor:/opt/ros/jazzy/opt/gz_cmake_vendor:/opt/ros/jazzy DEBUGINFOD_URLS=https://debuginfod.ubuntu.com /usr/bin/cmake --install /home/tomoni11/Documents/ROS2/study_ws/build/ransac_pkg
[9.037s] Level 1:colcon.colcon_core.environment:create_environment_scripts_only(ransac_pkg)
[9.038s] Level 1:colcon.colcon_core.environment:checking '/home/tomoni11/Documents/ROS2/study_ws/install/ransac_pkg' for CMake module files
[9.038s] DEBUG:colcon.colcon_core.event_handler.log_command:Invoked command in '/home/tomoni11/Documents/ROS2/study_ws/build/ransac_pkg' returned '0': CMAKE_PREFIX_PATH=/home/tomoni11/Documents/ROS2/study_ws/install/study_interface:/home/tomoni11/Documents/ROS2/study_ws/install/interface_pkg:/home/tomoni11/Documents/ROS2/study_ws/install/ransac_pkg:/home/tomoni11/Documents/ROS2/study_ws/install/make_cloud_pkg:/opt/ros/jazzy/opt/gz_sim_vendor:/opt/ros/jazzy/opt/gz_sensors_vendor:/opt/ros/jazzy/opt/gz_physics_vendor:/opt/ros/jazzy/opt/sdformat_vendor:/opt/ros/jazzy/opt/gz_gui_vendor:/opt/ros/jazzy/opt/gz_transport_vendor:/opt/ros/jazzy/opt/gz_rendering_vendor:/opt/ros/jazzy/opt/gz_plugin_vendor:/opt/ros/jazzy/opt/gz_fuel_tools_vendor:/opt/ros/jazzy/opt/gz_msgs_vendor:/opt/ros/jazzy/opt/gz_common_vendor:/opt/ros/jazzy/opt/gz_math_vendor:/opt/ros/jazzy/opt/gz_utils_vendor:/opt/ros/jazzy/opt/gz_tools_vendor:/opt/ros/jazzy/opt/gz_ogre_next_vendor:/opt/ros/jazzy/opt/gz_dartsim_vendor:/opt/ros/jazzy/opt/gz_cmake_vendor:/opt/ros/jazzy DEBUGINFOD_URLS=https://debuginfod.ubuntu.com /usr/bin/cmake --install /home/tomoni11/Documents/ROS2/study_ws/build/ransac_pkg
[9.038s] Level 1:colcon.colcon_core.environment:checking '/home/tomoni11/Documents/ROS2/study_ws/install/ransac_pkg' for CMake config files
[9.038s] Level 1:colcon.colcon_core.shell:create_environment_hook('ransac_pkg', 'cmake_prefix_path')
[9.038s] INFO:colcon.colcon_core.shell:Creating environment hook '/home/tomoni11/Documents/ROS2/study_ws/install/ransac_pkg/share/ransac_pkg/hook/cmake_prefix_path.ps1'
[9.039s] INFO:colcon.colcon_core.shell:Creating environment descriptor '/home/tomoni11/Documents/ROS2/study_ws/install/ransac_pkg/share/ransac_pkg/hook/cmake_prefix_path.dsv'
[9.039s] INFO:colcon.colcon_core.shell:Creating environment hook '/home/tomoni11/Documents/ROS2/study_ws/install/ransac_pkg/share/ransac_pkg/hook/cmake_prefix_path.sh'
[9.040s] Level 1:colcon.colcon_core.environment:checking '/home/tomoni11/Documents/ROS2/study_ws/install/ransac_pkg/lib'
[9.040s] Level 1:colcon.colcon_core.environment:checking '/home/tomoni11/Documents/ROS2/study_ws/install/ransac_pkg/bin'
[9.040s] Level 1:colcon.colcon_core.environment:checking '/home/tomoni11/Documents/ROS2/study_ws/install/ransac_pkg/lib/pkgconfig/ransac_pkg.pc'
[9.040s] Level 1:colcon.colcon_core.environment:checking '/home/tomoni11/Documents/ROS2/study_ws/install/ransac_pkg/lib/python3.12/site-packages'
[9.040s] Level 1:colcon.colcon_core.environment:checking '/home/tomoni11/Documents/ROS2/study_ws/install/ransac_pkg/bin'
[9.040s] INFO:colcon.colcon_core.shell:Creating package script '/home/tomoni11/Documents/ROS2/study_ws/install/ransac_pkg/share/ransac_pkg/package.ps1'
[9.040s] INFO:colcon.colcon_core.shell:Creating package descriptor '/home/tomoni11/Documents/ROS2/study_ws/install/ransac_pkg/share/ransac_pkg/package.dsv'
[9.041s] INFO:colcon.colcon_core.shell:Creating package script '/home/tomoni11/Documents/ROS2/study_ws/install/ransac_pkg/share/ransac_pkg/package.sh'
[9.041s] INFO:colcon.colcon_core.shell:Creating package script '/home/tomoni11/Documents/ROS2/study_ws/install/ransac_pkg/share/ransac_pkg/package.bash'
[9.041s] INFO:colcon.colcon_core.shell:Creating package script '/home/tomoni11/Documents/ROS2/study_ws/install/ransac_pkg/share/ransac_pkg/package.zsh'
[9.041s] Level 1:colcon.colcon_core.environment:create_file_with_runtime_dependencies(/home/tomoni11/Documents/ROS2/study_ws/install/ransac_pkg/share/colcon-core/packages/ransac_pkg)
[9.042s] Level 1:colcon.colcon_core.environment:create_environment_scripts_only(ransac_pkg)
[9.042s] Level 1:colcon.colcon_core.environment:checking '/home/tomoni11/Documents/ROS2/study_ws/install/ransac_pkg' for CMake module files
[9.042s] Level 1:colcon.colcon_core.environment:checking '/home/tomoni11/Documents/ROS2/study_ws/install/ransac_pkg' for CMake config files
[9.042s] Level 1:colcon.colcon_core.shell:create_environment_hook('ransac_pkg', 'cmake_prefix_path')
[9.042s] INFO:colcon.colcon_core.shell:Creating environment hook '/home/tomoni11/Documents/ROS2/study_ws/install/ransac_pkg/share/ransac_pkg/hook/cmake_prefix_path.ps1'
[9.042s] INFO:colcon.colcon_core.shell:Creating environment descriptor '/home/tomoni11/Documents/ROS2/study_ws/install/ransac_pkg/share/ransac_pkg/hook/cmake_prefix_path.dsv'
[9.043s] INFO:colcon.colcon_core.shell:Creating environment hook '/home/tomoni11/Documents/ROS2/study_ws/install/ransac_pkg/share/ransac_pkg/hook/cmake_prefix_path.sh'
[9.043s] Level 1:colcon.colcon_core.environment:checking '/home/tomoni11/Documents/ROS2/study_ws/install/ransac_pkg/lib'
[9.043s] Level 1:colcon.colcon_core.environment:checking '/home/tomoni11/Documents/ROS2/study_ws/install/ransac_pkg/bin'
[9.043s] Level 1:colcon.colcon_core.environment:checking '/home/tomoni11/Documents/ROS2/study_ws/install/ransac_pkg/lib/pkgconfig/ransac_pkg.pc'
[9.043s] Level 1:colcon.colcon_core.environment:checking '/home/tomoni11/Documents/ROS2/study_ws/install/ransac_pkg/lib/python3.12/site-packages'
[9.043s] Level 1:colcon.colcon_core.environment:checking '/home/tomoni11/Documents/ROS2/study_ws/install/ransac_pkg/bin'
[9.043s] INFO:colcon.colcon_core.shell:Creating package script '/home/tomoni11/Documents/ROS2/study_ws/install/ransac_pkg/share/ransac_pkg/package.ps1'
[9.044s] INFO:colcon.colcon_core.shell:Creating package descriptor '/home/tomoni11/Documents/ROS2/study_ws/install/ransac_pkg/share/ransac_pkg/package.dsv'
[9.044s] INFO:colcon.colcon_core.shell:Creating package script '/home/tomoni11/Documents/ROS2/study_ws/install/ransac_pkg/share/ransac_pkg/package.sh'
[9.044s] INFO:colcon.colcon_core.shell:Creating package script '/home/tomoni11/Documents/ROS2/study_ws/install/ransac_pkg/share/ransac_pkg/package.bash'
[9.044s] INFO:colcon.colcon_core.shell:Creating package script '/home/tomoni11/Documents/ROS2/study_ws/install/ransac_pkg/share/ransac_pkg/package.zsh'
[9.045s] Level 1:colcon.colcon_core.environment:create_file_with_runtime_dependencies(/home/tomoni11/Documents/ROS2/study_ws/install/ransac_pkg/share/colcon-core/packages/ransac_pkg)
[9.045s] DEBUG:colcon.colcon_parallel_executor.executor.parallel:closing loop
[9.045s] DEBUG:colcon.colcon_parallel_executor.executor.parallel:loop closed
[9.045s] DEBUG:colcon.colcon_parallel_executor.executor.parallel:run_until_complete finished with '0'
[9.045s] DEBUG:colcon.colcon_core.event_reactor:joining thread
[9.049s] INFO:colcon.colcon_core.plugin_system:Skipping extension 'colcon_notification.desktop_notification.terminal_notifier': Not used on non-Darwin systems
[9.049s] INFO:colcon.colcon_core.plugin_system:Skipping extension 'colcon_notification.desktop_notification.win32': Not used on non-Windows systems
[9.049s] INFO:colcon.colcon_notification.desktop_notification:Sending desktop notification using 'notify2'
[9.058s] DEBUG:colcon.colcon_core.event_reactor:joined thread
[9.058s] INFO:colcon.colcon_core.shell:Creating prefix script '/home/tomoni11/Documents/ROS2/study_ws/install/local_setup.ps1'
[9.059s] INFO:colcon.colcon_core.shell:Creating prefix util module '/home/tomoni11/Documents/ROS2/study_ws/install/_local_setup_util_ps1.py'
[9.060s] INFO:colcon.colcon_core.shell:Creating prefix chain script '/home/tomoni11/Documents/ROS2/study_ws/install/setup.ps1'
[9.061s] INFO:colcon.colcon_core.shell:Creating prefix script '/home/tomoni11/Documents/ROS2/study_ws/install/local_setup.sh'
[9.061s] INFO:colcon.colcon_core.shell:Creating prefix util module '/home/tomoni11/Documents/ROS2/study_ws/install/_local_setup_util_sh.py'
[9.062s] INFO:colcon.colcon_core.shell:Creating prefix chain script '/home/tomoni11/Documents/ROS2/study_ws/install/setup.sh'
[9.063s] INFO:colcon.colcon_core.shell:Creating prefix script '/home/tomoni11/Documents/ROS2/study_ws/install/local_setup.bash'
[9.064s] INFO:colcon.colcon_core.shell:Creating prefix chain script '/home/tomoni11/Documents/ROS2/study_ws/install/setup.bash'
[9.064s] INFO:colcon.colcon_core.shell:Creating prefix script '/home/tomoni11/Documents/ROS2/study_ws/install/local_setup.zsh'
[9.065s] INFO:colcon.colcon_core.shell:Creating prefix chain script '/home/tomoni11/Documents/ROS2/study_ws/install/setup.zsh'
