[0.005s] Invoking command in '/home/tomoni11/Documents/ROS2/asobi_ws/build/lider_to_fp': CMAKE_PREFIX_PATH=${CMAKE_PREFIX_PATH}:/opt/ros/jazzy DEBUGINFOD_URLS=https://debuginfod.ubuntu.com /usr/bin/cmake /home/tomoni11/Documents/ROS2/asobi_ws/src/lider_to_fp -DCMAKE_INSTALL_PREFIX=/home/tomoni11/Documents/ROS2/asobi_ws/install/lider_to_fp
[0.016s] -- Found ament_cmake: 2.5.3 (/opt/ros/jazzy/share/ament_cmake/cmake)
[0.196s] -- Found rclcpp: 28.1.6 (/opt/ros/jazzy/share/rclcpp/cmake)
[0.215s] -- Found rosidl_generator_c: 4.6.5 (/opt/ros/jazzy/share/rosidl_generator_c/cmake)
[0.221s] -- Found rosidl_generator_cpp: 4.6.5 (/opt/ros/jazzy/share/rosidl_generator_cpp/cmake)
[0.229s] -- Using all available rosidl_typesupport_c: rosidl_typesupport_fastrtps_c;rosidl_typesupport_introspection_c
[0.238s] -- Using all available rosidl_typesupport_cpp: rosidl_typesupport_fastrtps_cpp;rosidl_typesupport_introspection_cpp
[0.287s] -- Found rmw_implementation_cmake: 7.3.1 (/opt/ros/jazzy/share/rmw_implementation_cmake/cmake)
[0.287s] -- Found rmw_fastrtps_cpp: 8.4.1 (/opt/ros/jazzy/share/rmw_fastrtps_cpp/cmake)
[0.340s] -- Using RMW implementation 'rmw_fastrtps_cpp' as default
[0.391s] -- Found std_msgs: 5.3.5 (/opt/ros/jazzy/share/std_msgs/cmake)
[0.401s] [31mCMake Error at /opt/ros/jazzy/share/ament_cmake_target_dependencies/cmake/ament_target_dependencies.cmake:77 (message):
[0.401s]   ament_target_dependencies() the passed package name 'sensor_msgs' was not
[0.401s]   found before
[0.402s] Call Stack (most recent call first):
[0.402s]   CMakeLists.txt:19 (ament_target_dependencies)
[0.402s] 
[0.402s] [0m
[0.402s] -- Configuring incomplete, errors occurred!
[0.409s] Invoked command in '/home/tomoni11/Documents/ROS2/asobi_ws/build/lider_to_fp' returned '1': CMAKE_PREFIX_PATH=${CMAKE_PREFIX_PATH}:/opt/ros/jazzy DEBUGINFOD_URLS=https://debuginfod.ubuntu.com /usr/bin/cmake /home/tomoni11/Documents/ROS2/asobi_ws/src/lider_to_fp -DCMAKE_INSTALL_PREFIX=/home/tomoni11/Documents/ROS2/asobi_ws/install/lider_to_fp
