[ 50%] Built target drawer
[100%] Built target listener
-- Install configuration: ""
-- Up-to-date: /home/tomoni11/Documents/ROS2/asobi_ws/install/simple_ransac_pkg/lib/simple_ransac_pkg/listener
-- Up-to-date: /home/tomoni11/Documents/ROS2/asobi_ws/install/simple_ransac_pkg/lib/simple_ransac_pkg/drawer
-- Up-to-date: /home/tomoni11/Documents/ROS2/asobi_ws/install/simple_ransac_pkg/share/ament_index/resource_index/package_run_dependencies/simple_ransac_pkg
-- Up-to-date: /home/tomoni11/Documents/ROS2/asobi_ws/install/simple_ransac_pkg/share/ament_index/resource_index/parent_prefix_path/simple_ransac_pkg
-- Up-to-date: /home/tomoni11/Documents/ROS2/asobi_ws/install/simple_ransac_pkg/share/simple_ransac_pkg/environment/ament_prefix_path.sh
-- Up-to-date: /home/tomoni11/Documents/ROS2/asobi_ws/install/simple_ransac_pkg/share/simple_ransac_pkg/environment/ament_prefix_path.dsv
-- Up-to-date: /home/tomoni11/Documents/ROS2/asobi_ws/install/simple_ransac_pkg/share/simple_ransac_pkg/environment/path.sh
-- Up-to-date: /home/tomoni11/Documents/ROS2/asobi_ws/install/simple_ransac_pkg/share/simple_ransac_pkg/environment/path.dsv
-- Up-to-date: /home/tomoni11/Documents/ROS2/asobi_ws/install/simple_ransac_pkg/share/simple_ransac_pkg/local_setup.bash
-- Up-to-date: /home/tomoni11/Documents/ROS2/asobi_ws/install/simple_ransac_pkg/share/simple_ransac_pkg/local_setup.sh
-- Up-to-date: /home/tomoni11/Documents/ROS2/asobi_ws/install/simple_ransac_pkg/share/simple_ransac_pkg/local_setup.zsh
-- Up-to-date: /home/tomoni11/Documents/ROS2/asobi_ws/install/simple_ransac_pkg/share/simple_ransac_pkg/local_setup.dsv
-- Installing: /home/tomoni11/Documents/ROS2/asobi_ws/install/simple_ransac_pkg/share/simple_ransac_pkg/package.dsv
-- Up-to-date: /home/tomoni11/Documents/ROS2/asobi_ws/install/simple_ransac_pkg/share/ament_index/resource_index/packages/simple_ransac_pkg
-- Up-to-date: /home/tomoni11/Documents/ROS2/asobi_ws/install/simple_ransac_pkg/share/simple_ransac_pkg/cmake/simple_ransac_pkgConfig.cmake
-- Up-to-date: /home/tomoni11/Documents/ROS2/asobi_ws/install/simple_ransac_pkg/share/simple_ransac_pkg/cmake/simple_ransac_pkgConfig-version.cmake
-- Up-to-date: /home/tomoni11/Documents/ROS2/asobi_ws/install/simple_ransac_pkg/share/simple_ransac_pkg/package.xml
