[0.008s] Invoking command in '/home/tomoni11/Documents/ROS2/asobi_ws/build/interface_pkg': CMAKE_PREFIX_PATH=${CMAKE_PREFIX_PATH}:/opt/ros/jazzy DEBUGINFOD_URLS=https://debuginfod.ubuntu.com /usr/bin/cmake --build /home/tomoni11/Documents/ROS2/asobi_ws/build/interface_pkg -- -j24 -l24
[0.033s] -- Found ament_cmake: 2.5.3 (/opt/ros/jazzy/share/ament_cmake/cmake)
[0.205s] -- Found geometry_msgs: 5.3.5 (/opt/ros/jazzy/share/geometry_msgs/cmake)
[0.241s] -- Found rosidl_generator_c: 4.6.5 (/opt/ros/jazzy/share/rosidl_generator_c/cmake)
[0.252s] -- Found rosidl_generator_cpp: 4.6.5 (/opt/ros/jazzy/share/rosidl_generator_cpp/cmake)
[0.265s] -- Using all available rosidl_typesupport_c: rosidl_typesupport_fastrtps_c;rosidl_typesupport_introspection_c
[0.279s] -- Using all available rosidl_typesupport_cpp: rosidl_typesupport_fastrtps_cpp;rosidl_typesupport_introspection_cpp
[0.318s] -- Found rosidl_default_generators: 1.6.0 (/opt/ros/jazzy/share/rosidl_default_generators/cmake)
[0.334s] -- Found rosidl_adapter: 4.6.5 (/opt/ros/jazzy/share/rosidl_adapter/cmake)
[0.848s] -- Found ament_cmake_ros: 0.12.0 (/opt/ros/jazzy/share/ament_cmake_ros/cmake)
[1.515s] -- Using all available rosidl_typesupport_c: rosidl_typesupport_fastrtps_c;rosidl_typesupport_introspection_c
[1.774s] -- Using all available rosidl_typesupport_cpp: rosidl_typesupport_fastrtps_cpp;rosidl_typesupport_introspection_cpp
[1.780s] -- Found python_cmake_module: 0.11.1 (/opt/ros/jazzy/share/python_cmake_module/cmake)
[1.889s] -- Found PythonExtra: /usr/bin/python3  
[2.274s] -- Found Python3: /usr/bin/python3 (found version "3.12.3") found components: Interpreter Development NumPy Development.Module Development.Embed 
[2.320s] -- Found ament_lint_auto: 0.17.1 (/opt/ros/jazzy/share/ament_lint_auto/cmake)
[2.329s] -- Added test 'lint_cmake' to check CMake code style
[2.329s] -- Added test 'xmllint' to check XML markup files
[2.331s] -- Configuring done (2.3s)
[2.357s] -- Generating done (0.0s)
[2.365s] -- Build files have been written to: /home/tomoni11/Documents/ROS2/asobi_ws/build/interface_pkg
[2.399s] [  2%] [34m[1mGenerating type hashes for ROS interfaces[0m
[2.406s] [  2%] Built target ament_cmake_python_copy_interface_pkg
[2.556s] running egg_info
[2.557s] creating interface_pkg.egg-info
[2.561s] [  2%] Built target interface_pkg__rosidl_generator_type_description
[2.568s] writing interface_pkg.egg-info/PKG-INFO
[2.568s] writing dependency_links to interface_pkg.egg-info/dependency_links.txt
[2.568s] writing top-level names to interface_pkg.egg-info/top_level.txt
[2.568s] writing manifest file 'interface_pkg.egg-info/SOURCES.txt'
[2.571s] [  5%] [34m[1mGenerating C code for ROS interfaces[0m
[2.580s] [  8%] [34m[1mGenerating C++ code for ROS interfaces[0m
[2.601s] reading manifest file 'interface_pkg.egg-info/SOURCES.txt'
[2.601s] writing manifest file 'interface_pkg.egg-info/SOURCES.txt'
[2.636s] [  8%] Built target ament_cmake_python_build_interface_pkg_egg
[2.768s] [  8%] Built target interface_pkg__cpp
[2.781s] [ 17%] [32mBuilding C object CMakeFiles/interface_pkg__rosidl_generator_c.dir/rosidl_generator_c/interface_pkg/msg/detail/ransac__description.c.o[0m
[2.781s] [ 17%] [32mBuilding C object CMakeFiles/interface_pkg__rosidl_generator_c.dir/rosidl_generator_c/interface_pkg/msg/detail/ransac__functions.c.o[0m
[2.781s] [ 17%] [32mBuilding C object CMakeFiles/interface_pkg__rosidl_generator_c.dir/rosidl_generator_c/interface_pkg/msg/detail/ransac__type_support.c.o[0m
[2.826s] [ 20%] [32m[1mLinking C shared library libinterface_pkg__rosidl_generator_c.so[0m
[2.859s] [ 20%] Built target interface_pkg__rosidl_generator_c
[2.869s] [ 38%] [34m[1mGenerating C type support for eProsima Fast-RTPS[0m
[2.869s] [ 38%] [34m[1mGenerating C++ introspection for ROS interfaces[0m
[2.869s] [ 38%] [34m[1mGenerating C introspection for ROS interfaces[0m
[2.869s] [ 38%] [34m[1mGenerating C++ type support for eProsima Fast-RTPS[0m
[2.869s] [ 38%] [34m[1mGenerating C++ type support dispatch for ROS interfaces[0m
[2.869s] [ 38%] [34m[1mGenerating C type support dispatch for ROS interfaces[0m
[3.058s] [ 41%] [32mBuilding CXX object CMakeFiles/interface_pkg__rosidl_typesupport_cpp.dir/rosidl_typesupport_cpp/interface_pkg/msg/ransac__type_support.cpp.o[0m
[3.063s] [ 44%] [32mBuilding CXX object CMakeFiles/interface_pkg__rosidl_typesupport_c.dir/rosidl_typesupport_c/interface_pkg/msg/ransac__type_support.cpp.o[0m
[3.072s] [ 50%] [32mBuilding C object CMakeFiles/interface_pkg__rosidl_typesupport_introspection_c.dir/rosidl_typesupport_introspection_c/interface_pkg/msg/detail/ransac__type_support.c.o[0m
[3.072s] [ 50%] [32mBuilding CXX object CMakeFiles/interface_pkg__rosidl_typesupport_introspection_cpp.dir/rosidl_typesupport_introspection_cpp/interface_pkg/msg/detail/ransac__type_support.cpp.o[0m
[3.088s] [ 52%] [32mBuilding CXX object CMakeFiles/interface_pkg__rosidl_typesupport_fastrtps_c.dir/rosidl_typesupport_fastrtps_c/interface_pkg/msg/detail/ransac__type_support_c.cpp.o[0m
[3.089s] [ 55%] [32mBuilding CXX object CMakeFiles/interface_pkg__rosidl_typesupport_fastrtps_cpp.dir/rosidl_typesupport_fastrtps_cpp/interface_pkg/msg/detail/dds_fastrtps/ransac__type_support.cpp.o[0m
[3.099s] [ 58%] [32m[1mLinking CXX shared library libinterface_pkg__rosidl_typesupport_c.so[0m
[3.104s] [ 61%] [32m[1mLinking C shared library libinterface_pkg__rosidl_typesupport_introspection_c.so[0m
[3.136s] [ 61%] Built target interface_pkg__rosidl_typesupport_c
[3.138s] [ 61%] Built target interface_pkg__rosidl_typesupport_introspection_c
[3.278s] [ 64%] [32m[1mLinking CXX shared library libinterface_pkg__rosidl_typesupport_cpp.so[0m
[3.298s] [ 67%] [32m[1mLinking CXX shared library libinterface_pkg__rosidl_typesupport_introspection_cpp.so[0m
[3.313s] [ 67%] Built target interface_pkg__rosidl_typesupport_cpp
[3.334s] [ 67%] Built target interface_pkg__rosidl_typesupport_introspection_cpp
[3.336s] [ 70%] [32m[1mLinking CXX shared library libinterface_pkg__rosidl_typesupport_fastrtps_c.so[0m
[3.378s] [ 70%] Built target interface_pkg__rosidl_typesupport_fastrtps_c
[3.422s] [ 73%] [32m[1mLinking CXX shared library libinterface_pkg__rosidl_typesupport_fastrtps_cpp.so[0m
[3.462s] [ 73%] Built target interface_pkg__rosidl_typesupport_fastrtps_cpp
[3.479s] [ 73%] Built target interface_pkg
[3.497s] [ 76%] [34m[1mGenerating Python code for ROS interfaces[0m
[3.706s] [ 76%] Built target interface_pkg__py
[3.725s] [ 79%] [32mBuilding C object CMakeFiles/interface_pkg__rosidl_generator_py.dir/rosidl_generator_py/interface_pkg/msg/_ransac_s.c.o[0m
[3.836s] [ 82%] [32m[1mLinking C shared library libinterface_pkg__rosidl_generator_py.so[0m
[3.873s] [ 82%] Built target interface_pkg__rosidl_generator_py
[3.891s] [ 91%] [32mBuilding C object CMakeFiles/interface_pkg_s__rosidl_typesupport_c.dir/rosidl_generator_py/interface_pkg/_interface_pkg_s.ep.rosidl_typesupport_c.c.o[0m
[3.891s] [ 91%] [32mBuilding C object CMakeFiles/interface_pkg_s__rosidl_typesupport_fastrtps_c.dir/rosidl_generator_py/interface_pkg/_interface_pkg_s.ep.rosidl_typesupport_fastrtps_c.c.o[0m
[3.891s] [ 91%] [32mBuilding C object CMakeFiles/interface_pkg_s__rosidl_typesupport_introspection_c.dir/rosidl_generator_py/interface_pkg/_interface_pkg_s.ep.rosidl_typesupport_introspection_c.c.o[0m
[3.966s] [ 97%] [32m[1mLinking C shared module rosidl_generator_py/interface_pkg/interface_pkg_s__rosidl_typesupport_introspection_c.so[0m
[3.966s] [100%] [32m[1mLinking C shared module rosidl_generator_py/interface_pkg/interface_pkg_s__rosidl_typesupport_fastrtps_c.so[0m
[3.966s] [100%] [32m[1mLinking C shared module rosidl_generator_py/interface_pkg/interface_pkg_s__rosidl_typesupport_c.so[0m
[3.992s] [100%] Built target interface_pkg_s__rosidl_typesupport_c
[3.992s] [100%] Built target interface_pkg_s__rosidl_typesupport_introspection_c
[3.992s] [100%] Built target interface_pkg_s__rosidl_typesupport_fastrtps_c
[4.002s] Invoked command in '/home/tomoni11/Documents/ROS2/asobi_ws/build/interface_pkg' returned '0': CMAKE_PREFIX_PATH=${CMAKE_PREFIX_PATH}:/opt/ros/jazzy DEBUGINFOD_URLS=https://debuginfod.ubuntu.com /usr/bin/cmake --build /home/tomoni11/Documents/ROS2/asobi_ws/build/interface_pkg -- -j24 -l24
[4.011s] Invoking command in '/home/tomoni11/Documents/ROS2/asobi_ws/build/interface_pkg': CMAKE_PREFIX_PATH=${CMAKE_PREFIX_PATH}:/opt/ros/jazzy DEBUGINFOD_URLS=https://debuginfod.ubuntu.com /usr/bin/cmake --install /home/tomoni11/Documents/ROS2/asobi_ws/build/interface_pkg
[4.018s] -- Install configuration: ""
[4.019s] -- Installing: /home/tomoni11/Documents/ROS2/asobi_ws/install/interface_pkg/share/ament_index/resource_index/rosidl_interfaces/interface_pkg
[4.019s] -- Installing: /home/tomoni11/Documents/ROS2/asobi_ws/install/interface_pkg/share/interface_pkg/msg/Ransac.json
[4.019s] -- Installing: /home/tomoni11/Documents/ROS2/asobi_ws/install/interface_pkg/include/interface_pkg/interface_pkg
[4.019s] -- Installing: /home/tomoni11/Documents/ROS2/asobi_ws/install/interface_pkg/include/interface_pkg/interface_pkg/msg
[4.019s] -- Installing: /home/tomoni11/Documents/ROS2/asobi_ws/install/interface_pkg/include/interface_pkg/interface_pkg/msg/rosidl_generator_c__visibility_control.h
[4.019s] -- Installing: /home/tomoni11/Documents/ROS2/asobi_ws/install/interface_pkg/include/interface_pkg/interface_pkg/msg/ransac.h
[4.019s] -- Installing: /home/tomoni11/Documents/ROS2/asobi_ws/install/interface_pkg/include/interface_pkg/interface_pkg/msg/detail
[4.019s] -- Installing: /home/tomoni11/Documents/ROS2/asobi_ws/install/interface_pkg/include/interface_pkg/interface_pkg/msg/detail/ransac__struct.h
[4.019s] -- Installing: /home/tomoni11/Documents/ROS2/asobi_ws/install/interface_pkg/include/interface_pkg/interface_pkg/msg/detail/ransac__description.c
[4.019s] -- Installing: /home/tomoni11/Documents/ROS2/asobi_ws/install/interface_pkg/include/interface_pkg/interface_pkg/msg/detail/ransac__type_support.c
[4.019s] -- Installing: /home/tomoni11/Documents/ROS2/asobi_ws/install/interface_pkg/include/interface_pkg/interface_pkg/msg/detail/ransac__functions.h
[4.019s] -- Installing: /home/tomoni11/Documents/ROS2/asobi_ws/install/interface_pkg/include/interface_pkg/interface_pkg/msg/detail/ransac__functions.c
[4.019s] -- Installing: /home/tomoni11/Documents/ROS2/asobi_ws/install/interface_pkg/include/interface_pkg/interface_pkg/msg/detail/ransac__type_support.h
[4.019s] -- Installing: /home/tomoni11/Documents/ROS2/asobi_ws/install/interface_pkg/share/interface_pkg/environment/library_path.sh
[4.020s] -- Installing: /home/tomoni11/Documents/ROS2/asobi_ws/install/interface_pkg/share/interface_pkg/environment/library_path.dsv
[4.020s] -- Installing: /home/tomoni11/Documents/ROS2/asobi_ws/install/interface_pkg/lib/libinterface_pkg__rosidl_generator_c.so
[4.020s] -- Set non-toolchain portion of runtime path of "/home/tomoni11/Documents/ROS2/asobi_ws/install/interface_pkg/lib/libinterface_pkg__rosidl_generator_c.so" to ""
[4.020s] -- Up-to-date: /home/tomoni11/Documents/ROS2/asobi_ws/install/interface_pkg/include/interface_pkg/interface_pkg
[4.020s] -- Up-to-date: /home/tomoni11/Documents/ROS2/asobi_ws/install/interface_pkg/include/interface_pkg/interface_pkg/msg
[4.020s] -- Installing: /home/tomoni11/Documents/ROS2/asobi_ws/install/interface_pkg/include/interface_pkg/interface_pkg/msg/rosidl_typesupport_fastrtps_c__visibility_control.h
[4.020s] -- Up-to-date: /home/tomoni11/Documents/ROS2/asobi_ws/install/interface_pkg/include/interface_pkg/interface_pkg/msg/detail
[4.020s] -- Installing: /home/tomoni11/Documents/ROS2/asobi_ws/install/interface_pkg/include/interface_pkg/interface_pkg/msg/detail/ransac__rosidl_typesupport_fastrtps_c.h
[4.020s] -- Installing: /home/tomoni11/Documents/ROS2/asobi_ws/install/interface_pkg/lib/libinterface_pkg__rosidl_typesupport_fastrtps_c.so
[4.020s] -- Set non-toolchain portion of runtime path of "/home/tomoni11/Documents/ROS2/asobi_ws/install/interface_pkg/lib/libinterface_pkg__rosidl_typesupport_fastrtps_c.so" to ""
[4.020s] -- Up-to-date: /home/tomoni11/Documents/ROS2/asobi_ws/install/interface_pkg/include/interface_pkg/interface_pkg
[4.020s] -- Up-to-date: /home/tomoni11/Documents/ROS2/asobi_ws/install/interface_pkg/include/interface_pkg/interface_pkg/msg
[4.021s] -- Installing: /home/tomoni11/Documents/ROS2/asobi_ws/install/interface_pkg/include/interface_pkg/interface_pkg/msg/ransac.hpp
[4.021s] -- Up-to-date: /home/tomoni11/Documents/ROS2/asobi_ws/install/interface_pkg/include/interface_pkg/interface_pkg/msg/detail
[4.021s] -- Installing: /home/tomoni11/Documents/ROS2/asobi_ws/install/interface_pkg/include/interface_pkg/interface_pkg/msg/detail/ransac__struct.hpp
[4.021s] -- Installing: /home/tomoni11/Documents/ROS2/asobi_ws/install/interface_pkg/include/interface_pkg/interface_pkg/msg/detail/ransac__builder.hpp
[4.021s] -- Installing: /home/tomoni11/Documents/ROS2/asobi_ws/install/interface_pkg/include/interface_pkg/interface_pkg/msg/detail/ransac__type_support.hpp
[4.021s] -- Installing: /home/tomoni11/Documents/ROS2/asobi_ws/install/interface_pkg/include/interface_pkg/interface_pkg/msg/detail/ransac__traits.hpp
[4.021s] -- Installing: /home/tomoni11/Documents/ROS2/asobi_ws/install/interface_pkg/include/interface_pkg/interface_pkg/msg/rosidl_generator_cpp__visibility_control.hpp
[4.021s] -- Up-to-date: /home/tomoni11/Documents/ROS2/asobi_ws/install/interface_pkg/include/interface_pkg/interface_pkg
[4.021s] -- Up-to-date: /home/tomoni11/Documents/ROS2/asobi_ws/install/interface_pkg/include/interface_pkg/interface_pkg/msg
[4.021s] -- Installing: /home/tomoni11/Documents/ROS2/asobi_ws/install/interface_pkg/include/interface_pkg/interface_pkg/msg/rosidl_typesupport_fastrtps_cpp__visibility_control.h
[4.021s] -- Up-to-date: /home/tomoni11/Documents/ROS2/asobi_ws/install/interface_pkg/include/interface_pkg/interface_pkg/msg/detail
[4.021s] -- Installing: /home/tomoni11/Documents/ROS2/asobi_ws/install/interface_pkg/include/interface_pkg/interface_pkg/msg/detail/dds_fastrtps
[4.021s] -- Installing: /home/tomoni11/Documents/ROS2/asobi_ws/install/interface_pkg/include/interface_pkg/interface_pkg/msg/detail/ransac__rosidl_typesupport_fastrtps_cpp.hpp
[4.023s] -- Installing: /home/tomoni11/Documents/ROS2/asobi_ws/install/interface_pkg/lib/libinterface_pkg__rosidl_typesupport_fastrtps_cpp.so
[4.023s] -- Set non-toolchain portion of runtime path of "/home/tomoni11/Documents/ROS2/asobi_ws/install/interface_pkg/lib/libinterface_pkg__rosidl_typesupport_fastrtps_cpp.so" to ""
[4.023s] -- Up-to-date: /home/tomoni11/Documents/ROS2/asobi_ws/install/interface_pkg/include/interface_pkg/interface_pkg
[4.023s] -- Up-to-date: /home/tomoni11/Documents/ROS2/asobi_ws/install/interface_pkg/include/interface_pkg/interface_pkg/msg
[4.023s] -- Installing: /home/tomoni11/Documents/ROS2/asobi_ws/install/interface_pkg/include/interface_pkg/interface_pkg/msg/rosidl_typesupport_introspection_c__visibility_control.h
[4.023s] -- Up-to-date: /home/tomoni11/Documents/ROS2/asobi_ws/install/interface_pkg/include/interface_pkg/interface_pkg/msg/detail
[4.023s] -- Installing: /home/tomoni11/Documents/ROS2/asobi_ws/install/interface_pkg/include/interface_pkg/interface_pkg/msg/detail/ransac__rosidl_typesupport_introspection_c.h
[4.023s] -- Up-to-date: /home/tomoni11/Documents/ROS2/asobi_ws/install/interface_pkg/include/interface_pkg/interface_pkg/msg/detail/ransac__type_support.c
[4.023s] -- Installing: /home/tomoni11/Documents/ROS2/asobi_ws/install/interface_pkg/lib/libinterface_pkg__rosidl_typesupport_introspection_c.so
[4.023s] -- Set non-toolchain portion of runtime path of "/home/tomoni11/Documents/ROS2/asobi_ws/install/interface_pkg/lib/libinterface_pkg__rosidl_typesupport_introspection_c.so" to ""
[4.023s] -- Installing: /home/tomoni11/Documents/ROS2/asobi_ws/install/interface_pkg/lib/libinterface_pkg__rosidl_typesupport_c.so
[4.023s] -- Set non-toolchain portion of runtime path of "/home/tomoni11/Documents/ROS2/asobi_ws/install/interface_pkg/lib/libinterface_pkg__rosidl_typesupport_c.so" to ""
[4.023s] -- Up-to-date: /home/tomoni11/Documents/ROS2/asobi_ws/install/interface_pkg/include/interface_pkg/interface_pkg
[4.023s] -- Up-to-date: /home/tomoni11/Documents/ROS2/asobi_ws/install/interface_pkg/include/interface_pkg/interface_pkg/msg
[4.023s] -- Up-to-date: /home/tomoni11/Documents/ROS2/asobi_ws/install/interface_pkg/include/interface_pkg/interface_pkg/msg/detail
[4.023s] -- Installing: /home/tomoni11/Documents/ROS2/asobi_ws/install/interface_pkg/include/interface_pkg/interface_pkg/msg/detail/ransac__type_support.cpp
[4.023s] -- Installing: /home/tomoni11/Documents/ROS2/asobi_ws/install/interface_pkg/include/interface_pkg/interface_pkg/msg/detail/ransac__rosidl_typesupport_introspection_cpp.hpp
[4.023s] -- Installing: /home/tomoni11/Documents/ROS2/asobi_ws/install/interface_pkg/lib/libinterface_pkg__rosidl_typesupport_introspection_cpp.so
[4.023s] -- Set non-toolchain portion of runtime path of "/home/tomoni11/Documents/ROS2/asobi_ws/install/interface_pkg/lib/libinterface_pkg__rosidl_typesupport_introspection_cpp.so" to ""
[4.023s] -- Installing: /home/tomoni11/Documents/ROS2/asobi_ws/install/interface_pkg/lib/libinterface_pkg__rosidl_typesupport_cpp.so
[4.023s] -- Set non-toolchain portion of runtime path of "/home/tomoni11/Documents/ROS2/asobi_ws/install/interface_pkg/lib/libinterface_pkg__rosidl_typesupport_cpp.so" to ""
[4.023s] -- Installing: /home/tomoni11/Documents/ROS2/asobi_ws/install/interface_pkg/share/interface_pkg/environment/pythonpath.sh
[4.024s] -- Installing: /home/tomoni11/Documents/ROS2/asobi_ws/install/interface_pkg/share/interface_pkg/environment/pythonpath.dsv
[4.024s] -- Installing: /home/tomoni11/Documents/ROS2/asobi_ws/install/interface_pkg/lib/python3.12/site-packages/interface_pkg-0.0.0-py3.12.egg-info
[4.024s] -- Installing: /home/tomoni11/Documents/ROS2/asobi_ws/install/interface_pkg/lib/python3.12/site-packages/interface_pkg-0.0.0-py3.12.egg-info/top_level.txt
[4.024s] -- Installing: /home/tomoni11/Documents/ROS2/asobi_ws/install/interface_pkg/lib/python3.12/site-packages/interface_pkg-0.0.0-py3.12.egg-info/dependency_links.txt
[4.024s] -- Installing: /home/tomoni11/Documents/ROS2/asobi_ws/install/interface_pkg/lib/python3.12/site-packages/interface_pkg-0.0.0-py3.12.egg-info/SOURCES.txt
[4.024s] -- Installing: /home/tomoni11/Documents/ROS2/asobi_ws/install/interface_pkg/lib/python3.12/site-packages/interface_pkg-0.0.0-py3.12.egg-info/PKG-INFO
[4.024s] -- Installing: /home/tomoni11/Documents/ROS2/asobi_ws/install/interface_pkg/lib/python3.12/site-packages/interface_pkg
[4.024s] -- Installing: /home/tomoni11/Documents/ROS2/asobi_ws/install/interface_pkg/lib/python3.12/site-packages/interface_pkg/_interface_pkg_s.ep.rosidl_typesupport_c.c
[4.024s] -- Installing: /home/tomoni11/Documents/ROS2/asobi_ws/install/interface_pkg/lib/python3.12/site-packages/interface_pkg/_interface_pkg_s.ep.rosidl_typesupport_introspection_c.c
[4.024s] -- Installing: /home/tomoni11/Documents/ROS2/asobi_ws/install/interface_pkg/lib/python3.12/site-packages/interface_pkg/interface_pkg_s__rosidl_typesupport_fastrtps_c.so
[4.024s] -- Installing: /home/tomoni11/Documents/ROS2/asobi_ws/install/interface_pkg/lib/python3.12/site-packages/interface_pkg/_interface_pkg_s.ep.rosidl_typesupport_fastrtps_c.c
[4.024s] -- Installing: /home/tomoni11/Documents/ROS2/asobi_ws/install/interface_pkg/lib/python3.12/site-packages/interface_pkg/interface_pkg_s__rosidl_typesupport_c.so
[4.024s] -- Installing: /home/tomoni11/Documents/ROS2/asobi_ws/install/interface_pkg/lib/python3.12/site-packages/interface_pkg/msg
[4.024s] -- Installing: /home/tomoni11/Documents/ROS2/asobi_ws/install/interface_pkg/lib/python3.12/site-packages/interface_pkg/msg/_ransac.py
[4.024s] -- Installing: /home/tomoni11/Documents/ROS2/asobi_ws/install/interface_pkg/lib/python3.12/site-packages/interface_pkg/msg/_ransac_s.c
[4.024s] -- Installing: /home/tomoni11/Documents/ROS2/asobi_ws/install/interface_pkg/lib/python3.12/site-packages/interface_pkg/msg/__init__.py
[4.024s] -- Installing: /home/tomoni11/Documents/ROS2/asobi_ws/install/interface_pkg/lib/python3.12/site-packages/interface_pkg/__init__.py
[4.024s] -- Installing: /home/tomoni11/Documents/ROS2/asobi_ws/install/interface_pkg/lib/python3.12/site-packages/interface_pkg/interface_pkg_s__rosidl_typesupport_introspection_c.so
[4.055s] Listing '/home/tomoni11/Documents/ROS2/asobi_ws/install/interface_pkg/lib/python3.12/site-packages/interface_pkg'...
[4.055s] Compiling '/home/tomoni11/Documents/ROS2/asobi_ws/install/interface_pkg/lib/python3.12/site-packages/interface_pkg/__init__.py'...
[4.055s] Listing '/home/tomoni11/Documents/ROS2/asobi_ws/install/interface_pkg/lib/python3.12/site-packages/interface_pkg/msg'...
[4.055s] Compiling '/home/tomoni11/Documents/ROS2/asobi_ws/install/interface_pkg/lib/python3.12/site-packages/interface_pkg/msg/__init__.py'...
[4.055s] Compiling '/home/tomoni11/Documents/ROS2/asobi_ws/install/interface_pkg/lib/python3.12/site-packages/interface_pkg/msg/_ransac.py'...
[4.060s] -- Installing: /home/tomoni11/Documents/ROS2/asobi_ws/install/interface_pkg/lib/python3.12/site-packages/interface_pkg/interface_pkg_s__rosidl_typesupport_fastrtps_c.so
[4.060s] -- Set non-toolchain portion of runtime path of "/home/tomoni11/Documents/ROS2/asobi_ws/install/interface_pkg/lib/python3.12/site-packages/interface_pkg/interface_pkg_s__rosidl_typesupport_fastrtps_c.so" to ""
[4.061s] -- Installing: /home/tomoni11/Documents/ROS2/asobi_ws/install/interface_pkg/lib/python3.12/site-packages/interface_pkg/interface_pkg_s__rosidl_typesupport_introspection_c.so
[4.061s] -- Set non-toolchain portion of runtime path of "/home/tomoni11/Documents/ROS2/asobi_ws/install/interface_pkg/lib/python3.12/site-packages/interface_pkg/interface_pkg_s__rosidl_typesupport_introspection_c.so" to ""
[4.061s] -- Installing: /home/tomoni11/Documents/ROS2/asobi_ws/install/interface_pkg/lib/python3.12/site-packages/interface_pkg/interface_pkg_s__rosidl_typesupport_c.so
[4.061s] -- Set non-toolchain portion of runtime path of "/home/tomoni11/Documents/ROS2/asobi_ws/install/interface_pkg/lib/python3.12/site-packages/interface_pkg/interface_pkg_s__rosidl_typesupport_c.so" to ""
[4.061s] -- Installing: /home/tomoni11/Documents/ROS2/asobi_ws/install/interface_pkg/lib/libinterface_pkg__rosidl_generator_py.so
[4.061s] -- Set non-toolchain portion of runtime path of "/home/tomoni11/Documents/ROS2/asobi_ws/install/interface_pkg/lib/libinterface_pkg__rosidl_generator_py.so" to ""
[4.061s] -- Installing: /home/tomoni11/Documents/ROS2/asobi_ws/install/interface_pkg/share/interface_pkg/msg/Ransac.idl
[4.061s] -- Installing: /home/tomoni11/Documents/ROS2/asobi_ws/install/interface_pkg/share/interface_pkg/msg/Ransac.msg
[4.061s] -- Installing: /home/tomoni11/Documents/ROS2/asobi_ws/install/interface_pkg/share/ament_index/resource_index/package_run_dependencies/interface_pkg
[4.062s] -- Installing: /home/tomoni11/Documents/ROS2/asobi_ws/install/interface_pkg/share/ament_index/resource_index/parent_prefix_path/interface_pkg
[4.062s] -- Up-to-date: /home/tomoni11/Documents/ROS2/asobi_ws/install/interface_pkg/share/interface_pkg/environment/ament_prefix_path.sh
[4.062s] -- Up-to-date: /home/tomoni11/Documents/ROS2/asobi_ws/install/interface_pkg/share/interface_pkg/environment/ament_prefix_path.dsv
[4.062s] -- Up-to-date: /home/tomoni11/Documents/ROS2/asobi_ws/install/interface_pkg/share/interface_pkg/environment/path.sh
[4.062s] -- Up-to-date: /home/tomoni11/Documents/ROS2/asobi_ws/install/interface_pkg/share/interface_pkg/environment/path.dsv
[4.062s] -- Up-to-date: /home/tomoni11/Documents/ROS2/asobi_ws/install/interface_pkg/share/interface_pkg/local_setup.bash
[4.063s] -- Installing: /home/tomoni11/Documents/ROS2/asobi_ws/install/interface_pkg/share/interface_pkg/local_setup.sh
[4.063s] -- Up-to-date: /home/tomoni11/Documents/ROS2/asobi_ws/install/interface_pkg/share/interface_pkg/local_setup.zsh
[4.063s] -- Installing: /home/tomoni11/Documents/ROS2/asobi_ws/install/interface_pkg/share/interface_pkg/local_setup.dsv
[4.063s] -- Installing: /home/tomoni11/Documents/ROS2/asobi_ws/install/interface_pkg/share/interface_pkg/package.dsv
[4.063s] -- Up-to-date: /home/tomoni11/Documents/ROS2/asobi_ws/install/interface_pkg/share/ament_index/resource_index/packages/interface_pkg
[4.063s] -- Installing: /home/tomoni11/Documents/ROS2/asobi_ws/install/interface_pkg/share/interface_pkg/cmake/export_interface_pkg__rosidl_generator_cExport.cmake
[4.063s] -- Installing: /home/tomoni11/Documents/ROS2/asobi_ws/install/interface_pkg/share/interface_pkg/cmake/export_interface_pkg__rosidl_generator_cExport-noconfig.cmake
[4.063s] -- Installing: /home/tomoni11/Documents/ROS2/asobi_ws/install/interface_pkg/share/interface_pkg/cmake/export_interface_pkg__rosidl_typesupport_fastrtps_cExport.cmake
[4.063s] -- Installing: /home/tomoni11/Documents/ROS2/asobi_ws/install/interface_pkg/share/interface_pkg/cmake/export_interface_pkg__rosidl_typesupport_fastrtps_cExport-noconfig.cmake
[4.063s] -- Installing: /home/tomoni11/Documents/ROS2/asobi_ws/install/interface_pkg/share/interface_pkg/cmake/export_interface_pkg__rosidl_generator_cppExport.cmake
[4.063s] -- Installing: /home/tomoni11/Documents/ROS2/asobi_ws/install/interface_pkg/share/interface_pkg/cmake/export_interface_pkg__rosidl_typesupport_fastrtps_cppExport.cmake
[4.063s] -- Installing: /home/tomoni11/Documents/ROS2/asobi_ws/install/interface_pkg/share/interface_pkg/cmake/export_interface_pkg__rosidl_typesupport_fastrtps_cppExport-noconfig.cmake
[4.063s] -- Installing: /home/tomoni11/Documents/ROS2/asobi_ws/install/interface_pkg/share/interface_pkg/cmake/interface_pkg__rosidl_typesupport_introspection_cExport.cmake
[4.063s] -- Installing: /home/tomoni11/Documents/ROS2/asobi_ws/install/interface_pkg/share/interface_pkg/cmake/interface_pkg__rosidl_typesupport_introspection_cExport-noconfig.cmake
[4.063s] -- Installing: /home/tomoni11/Documents/ROS2/asobi_ws/install/interface_pkg/share/interface_pkg/cmake/interface_pkg__rosidl_typesupport_cExport.cmake
[4.063s] -- Installing: /home/tomoni11/Documents/ROS2/asobi_ws/install/interface_pkg/share/interface_pkg/cmake/interface_pkg__rosidl_typesupport_cExport-noconfig.cmake
[4.064s] -- Installing: /home/tomoni11/Documents/ROS2/asobi_ws/install/interface_pkg/share/interface_pkg/cmake/interface_pkg__rosidl_typesupport_introspection_cppExport.cmake
[4.064s] -- Installing: /home/tomoni11/Documents/ROS2/asobi_ws/install/interface_pkg/share/interface_pkg/cmake/interface_pkg__rosidl_typesupport_introspection_cppExport-noconfig.cmake
[4.064s] -- Installing: /home/tomoni11/Documents/ROS2/asobi_ws/install/interface_pkg/share/interface_pkg/cmake/interface_pkg__rosidl_typesupport_cppExport.cmake
[4.064s] -- Installing: /home/tomoni11/Documents/ROS2/asobi_ws/install/interface_pkg/share/interface_pkg/cmake/interface_pkg__rosidl_typesupport_cppExport-noconfig.cmake
[4.064s] -- Installing: /home/tomoni11/Documents/ROS2/asobi_ws/install/interface_pkg/share/interface_pkg/cmake/export_interface_pkg__rosidl_generator_pyExport.cmake
[4.064s] -- Installing: /home/tomoni11/Documents/ROS2/asobi_ws/install/interface_pkg/share/interface_pkg/cmake/export_interface_pkg__rosidl_generator_pyExport-noconfig.cmake
[4.064s] -- Installing: /home/tomoni11/Documents/ROS2/asobi_ws/install/interface_pkg/share/interface_pkg/cmake/rosidl_cmake-extras.cmake
[4.064s] -- Installing: /home/tomoni11/Documents/ROS2/asobi_ws/install/interface_pkg/share/interface_pkg/cmake/ament_cmake_export_dependencies-extras.cmake
[4.064s] -- Installing: /home/tomoni11/Documents/ROS2/asobi_ws/install/interface_pkg/share/interface_pkg/cmake/ament_cmake_export_include_directories-extras.cmake
[4.064s] -- Installing: /home/tomoni11/Documents/ROS2/asobi_ws/install/interface_pkg/share/interface_pkg/cmake/ament_cmake_export_libraries-extras.cmake
[4.064s] -- Installing: /home/tomoni11/Documents/ROS2/asobi_ws/install/interface_pkg/share/interface_pkg/cmake/ament_cmake_export_targets-extras.cmake
[4.064s] -- Installing: /home/tomoni11/Documents/ROS2/asobi_ws/install/interface_pkg/share/interface_pkg/cmake/rosidl_cmake_export_typesupport_targets-extras.cmake
[4.064s] -- Installing: /home/tomoni11/Documents/ROS2/asobi_ws/install/interface_pkg/share/interface_pkg/cmake/rosidl_cmake_export_typesupport_libraries-extras.cmake
[4.064s] -- Installing: /home/tomoni11/Documents/ROS2/asobi_ws/install/interface_pkg/share/interface_pkg/cmake/interface_pkgConfig.cmake
[4.065s] -- Up-to-date: /home/tomoni11/Documents/ROS2/asobi_ws/install/interface_pkg/share/interface_pkg/cmake/interface_pkgConfig-version.cmake
[4.065s] -- Installing: /home/tomoni11/Documents/ROS2/asobi_ws/install/interface_pkg/share/interface_pkg/package.xml
[4.067s] Invoked command in '/home/tomoni11/Documents/ROS2/asobi_ws/build/interface_pkg' returned '0': CMAKE_PREFIX_PATH=${CMAKE_PREFIX_PATH}:/opt/ros/jazzy DEBUGINFOD_URLS=https://debuginfod.ubuntu.com /usr/bin/cmake --install /home/tomoni11/Documents/ROS2/asobi_ws/build/interface_pkg
