[ 50%] [32mBuilding CXX object CMakeFiles/circle.dir/src/circle.cpp.o[0m
[100%] [32m[1mLinking CXX executable circle[0m
[100%] Built target circle
-- Install configuration: ""
-- Installing: /home/tomoni11/Documents/ROS2/study_ws/install/make_cloud_pkg/lib/make_cloud_pkg/circle
-- Set non-toolchain portion of runtime path of "/home/tomoni11/Documents/ROS2/study_ws/install/make_cloud_pkg/lib/make_cloud_pkg/circle" to ""
-- Installing: /home/tomoni11/Documents/ROS2/study_ws/install/make_cloud_pkg/share/ament_index/resource_index/package_run_dependencies/make_cloud_pkg
-- Installing: /home/tomoni11/Documents/ROS2/study_ws/install/make_cloud_pkg/share/ament_index/resource_index/parent_prefix_path/make_cloud_pkg
-- Installing: /home/tomoni11/Documents/ROS2/study_ws/install/make_cloud_pkg/share/make_cloud_pkg/environment/ament_prefix_path.sh
-- Installing: /home/tomoni11/Documents/ROS2/study_ws/install/make_cloud_pkg/share/make_cloud_pkg/environment/ament_prefix_path.dsv
-- Installing: /home/tomoni11/Documents/ROS2/study_ws/install/make_cloud_pkg/share/make_cloud_pkg/environment/path.sh
-- Installing: /home/tomoni11/Documents/ROS2/study_ws/install/make_cloud_pkg/share/make_cloud_pkg/environment/path.dsv
-- Installing: /home/tomoni11/Documents/ROS2/study_ws/install/make_cloud_pkg/share/make_cloud_pkg/local_setup.bash
-- Installing: /home/tomoni11/Documents/ROS2/study_ws/install/make_cloud_pkg/share/make_cloud_pkg/local_setup.sh
-- Installing: /home/tomoni11/Documents/ROS2/study_ws/install/make_cloud_pkg/share/make_cloud_pkg/local_setup.zsh
-- Installing: /home/tomoni11/Documents/ROS2/study_ws/install/make_cloud_pkg/share/make_cloud_pkg/local_setup.dsv
-- Up-to-date: /home/tomoni11/Documents/ROS2/study_ws/install/make_cloud_pkg/share/make_cloud_pkg/package.dsv
-- Installing: /home/tomoni11/Documents/ROS2/study_ws/install/make_cloud_pkg/share/ament_index/resource_index/packages/make_cloud_pkg
-- Installing: /home/tomoni11/Documents/ROS2/study_ws/install/make_cloud_pkg/share/make_cloud_pkg/cmake/make_cloud_pkgConfig.cmake
-- Installing: /home/tomoni11/Documents/ROS2/study_ws/install/make_cloud_pkg/share/make_cloud_pkg/cmake/make_cloud_pkgConfig-version.cmake
-- Installing: /home/tomoni11/Documents/ROS2/study_ws/install/make_cloud_pkg/share/make_cloud_pkg/package.xml
