[0.008s] Invoking command in '/home/tomoni11/Documents/ROS2/study_ws/build/make_cloud_pkg': CMAKE_PREFIX_PATH=${CMAKE_PREFIX_PATH}:/opt/ros/jazzy DEBUGINFOD_URLS=https://debuginfod.ubuntu.com /usr/bin/cmake --build /home/tomoni11/Documents/ROS2/study_ws/build/make_cloud_pkg -- -j24 -l24
[0.059s] [ 50%] [32mBuilding CXX object CMakeFiles/circle.dir/src/circle.cpp.o[0m
[2.515s] [100%] [32m[1mLinking CXX executable circle[0m
[2.652s] [100%] Built target circle
[2.663s] Invoked command in '/home/tomoni11/Documents/ROS2/study_ws/build/make_cloud_pkg' returned '0': CMAKE_PREFIX_PATH=${CMAKE_PREFIX_PATH}:/opt/ros/jazzy DEBUGINFOD_URLS=https://debuginfod.ubuntu.com /usr/bin/cmake --build /home/tomoni11/Documents/ROS2/study_ws/build/make_cloud_pkg -- -j24 -l24
[2.672s] Invoking command in '/home/tomoni11/Documents/ROS2/study_ws/build/make_cloud_pkg': CMAKE_PREFIX_PATH=${CMAKE_PREFIX_PATH}:/opt/ros/jazzy DEBUGINFOD_URLS=https://debuginfod.ubuntu.com /usr/bin/cmake --install /home/tomoni11/Documents/ROS2/study_ws/build/make_cloud_pkg
[2.679s] -- Install configuration: ""
[2.679s] -- Installing: /home/tomoni11/Documents/ROS2/study_ws/install/make_cloud_pkg/lib/make_cloud_pkg/circle
[2.680s] -- Set non-toolchain portion of runtime path of "/home/tomoni11/Documents/ROS2/study_ws/install/make_cloud_pkg/lib/make_cloud_pkg/circle" to ""
[2.680s] -- Installing: /home/tomoni11/Documents/ROS2/study_ws/install/make_cloud_pkg/share/ament_index/resource_index/package_run_dependencies/make_cloud_pkg
[2.680s] -- Installing: /home/tomoni11/Documents/ROS2/study_ws/install/make_cloud_pkg/share/ament_index/resource_index/parent_prefix_path/make_cloud_pkg
[2.680s] -- Installing: /home/tomoni11/Documents/ROS2/study_ws/install/make_cloud_pkg/share/make_cloud_pkg/environment/ament_prefix_path.sh
[2.681s] -- Installing: /home/tomoni11/Documents/ROS2/study_ws/install/make_cloud_pkg/share/make_cloud_pkg/environment/ament_prefix_path.dsv
[2.681s] -- Installing: /home/tomoni11/Documents/ROS2/study_ws/install/make_cloud_pkg/share/make_cloud_pkg/environment/path.sh
[2.681s] -- Installing: /home/tomoni11/Documents/ROS2/study_ws/install/make_cloud_pkg/share/make_cloud_pkg/environment/path.dsv
[2.681s] -- Installing: /home/tomoni11/Documents/ROS2/study_ws/install/make_cloud_pkg/share/make_cloud_pkg/local_setup.bash
[2.681s] -- Installing: /home/tomoni11/Documents/ROS2/study_ws/install/make_cloud_pkg/share/make_cloud_pkg/local_setup.sh
[2.681s] -- Installing: /home/tomoni11/Documents/ROS2/study_ws/install/make_cloud_pkg/share/make_cloud_pkg/local_setup.zsh
[2.681s] -- Installing: /home/tomoni11/Documents/ROS2/study_ws/install/make_cloud_pkg/share/make_cloud_pkg/local_setup.dsv
[2.681s] -- Up-to-date: /home/tomoni11/Documents/ROS2/study_ws/install/make_cloud_pkg/share/make_cloud_pkg/package.dsv
[2.681s] -- Installing: /home/tomoni11/Documents/ROS2/study_ws/install/make_cloud_pkg/share/ament_index/resource_index/packages/make_cloud_pkg
[2.681s] -- Installing: /home/tomoni11/Documents/ROS2/study_ws/install/make_cloud_pkg/share/make_cloud_pkg/cmake/make_cloud_pkgConfig.cmake
[2.681s] -- Installing: /home/tomoni11/Documents/ROS2/study_ws/install/make_cloud_pkg/share/make_cloud_pkg/cmake/make_cloud_pkgConfig-version.cmake
[2.681s] -- Installing: /home/tomoni11/Documents/ROS2/study_ws/install/make_cloud_pkg/share/make_cloud_pkg/package.xml
[2.682s] Invoked command in '/home/tomoni11/Documents/ROS2/study_ws/build/make_cloud_pkg' returned '0': CMAKE_PREFIX_PATH=${CMAKE_PREFIX_PATH}:/opt/ros/jazzy DEBUGINFOD_URLS=https://debuginfod.ubuntu.com /usr/bin/cmake --install /home/tomoni11/Documents/ROS2/study_ws/build/make_cloud_pkg
