In file included from [01m[K/opt/ros/jazzy/include/rclcpp/rclcpp/copy_all_parameter_values.hpp:27[m[K,
                 from [01m[K/opt/ros/jazzy/include/rclcpp/rclcpp/rclcpp.hpp:171[m[K,
                 from [01m[K/home/tomoni11/Documents/ROS2/asobi_ws/src/lider_to_fp/src/serial_talker.cpp:3[m[K:
[01m[K/home/tomoni11/Documents/ROS2/asobi_ws/src/lider_to_fp/src/serial_talker.cpp:[m[K In member function ‘[01m[Kvoid serial_talker::[01;32m[Ktopic_callback[m[K(const interface_pkg::msg::Ransac&)[m[K’:
[01m[K/home/tomoni11/Documents/ROS2/asobi_ws/src/lider_to_fp/src/serial_talker.cpp:30:31:[m[K [01;31m[Kerror: [m[K‘[01m[Kclass serial_talker[m[K’ has no member named ‘[01m[Kget_logkgger[m[K’; did you mean ‘[01m[Kget_logger[m[K’?
   30 |             RCLCPP_INFO(this->[01;31m[Kget_logkgger[m[K(), "send:%s", message.c_str());
      |                               [01;31m[K^~~~~~~~~~~~[m[K
[01m[K/home/tomoni11/Documents/ROS2/asobi_ws/src/lider_to_fp/src/serial_talker.cpp:30:31:[m[K [01;31m[Kerror: [m[K‘[01m[Kclass serial_talker[m[K’ has no member named ‘[01m[Kget_logkgger[m[K’; did you mean ‘[01m[Kget_logger[m[K’?
[01m[K/home/tomoni11/Documents/ROS2/asobi_ws/src/lider_to_fp/src/serial_talker.cpp:30:13:[m[K [01;31m[Kerror: [m[Ktemplate argument 1 is invalid
   30 |             [01;31m[KRCLCPP_INFO[m[K(this->get_logkgger(), "send:%s", message.c_str());
      |             [01;31m[K^~~~~~~~~~~[m[K
[01m[K/home/tomoni11/Documents/ROS2/asobi_ws/src/lider_to_fp/src/serial_talker.cpp:30:13:[m[K [01;31m[Kerror: [m[Ktemplate argument 1 is invalid
   30 |             [01;31m[KRCLCPP_INFO[m[K(this->get_logkgger(), "send:%s", message.c_str());
      |             [01;31m[K^~~~~~~~~~~[m[K
[01m[K/home/tomoni11/Documents/ROS2/asobi_ws/src/lider_to_fp/src/serial_talker.cpp:30:13:[m[K [01;31m[Kerror: [m[Ktemplate argument 1 is invalid
   30 |             [01;31m[KRCLCPP_INFO[m[K(this->get_logkgger(), "send:%s", message.c_str());
      |             [01;31m[K^~~~~~~~~~~[m[K
In file included from [01m[K/opt/ros/jazzy/include/rclcpp/rclcpp/logging.hpp:24[m[K:
[01m[K/home/tomoni11/Documents/ROS2/asobi_ws/src/lider_to_fp/src/serial_talker.cpp:30:31:[m[K [01;31m[Kerror: [m[K‘[01m[Kclass serial_talker[m[K’ has no member named ‘[01m[Kget_logkgger[m[K’; did you mean ‘[01m[Kget_logger[m[K’?
   30 |             RCLCPP_INFO(this->[01;31m[Kget_logkgger[m[K(), "send:%s", message.c_str());
      |                               [01;31m[K^~~~~~~~~~~~[m[K
[01m[K/home/tomoni11/Documents/ROS2/asobi_ws/src/lider_to_fp/src/serial_talker.cpp:30:31:[m[K [01;31m[Kerror: [m[K‘[01m[Kclass serial_talker[m[K’ has no member named ‘[01m[Kget_logkgger[m[K’; did you mean ‘[01m[Kget_logger[m[K’?
   30 |             RCLCPP_INFO(this->[01;31m[Kget_logkgger[m[K(), "send:%s", message.c_str());
      |                               [01;31m[K^~~~~~~~~~~~[m[K
gmake[2]: *** [CMakeFiles/serial_talker.dir/build.make:76: CMakeFiles/serial_talker.dir/src/serial_talker.cpp.o] エラー 1
gmake[1]: *** [CMakeFiles/Makefile2:165: CMakeFiles/serial_talker.dir/all] エラー 2
gmake: *** [Makefile:146: all] エラー 2
