[0.010s] Invoking command in '/home/tomoni11/Documents/ROS2/study_ws/build/study_interface': CMAKE_PREFIX_PATH=${CMAKE_PREFIX_PATH}:/opt/ros/jazzy DEBUGINFOD_URLS=https://debuginfod.ubuntu.com /usr/bin/cmake --build /home/tomoni11/Documents/ROS2/study_ws/build/study_interface -- -j24 -l24
[0.061s] [  2%] Built target study_interface__rosidl_generator_type_description
[0.068s] [  2%] Built target ament_cmake_python_copy_study_interface
[0.079s] [ 17%] Built target study_interface__cpp
[0.080s] [ 20%] Built target study_interface__rosidl_generator_c
[0.097s] [ 29%] Built target study_interface__rosidl_typesupport_fastrtps_c
[0.099s] [ 38%] Built target study_interface__rosidl_typesupport_fastrtps_cpp
[0.101s] [ 47%] Built target study_interface__rosidl_typesupport_introspection_cpp
[0.102s] [ 64%] Built target study_interface__rosidl_typesupport_c
[0.102s] [ 64%] Built target study_interface__rosidl_typesupport_introspection_c
[0.102s] [ 73%] Built target study_interface__rosidl_typesupport_cpp
[0.123s] [ 73%] Built target study_interface
[0.142s] [ 76%] Built target study_interface__py
[0.168s] [ 82%] Built target study_interface__rosidl_generator_py
[0.201s] [ 88%] Built target study_interface_s__rosidl_typesupport_introspection_c
[0.201s] [ 94%] Built target study_interface_s__rosidl_typesupport_fastrtps_c
[0.201s] [100%] Built target study_interface_s__rosidl_typesupport_c
[0.242s] running egg_info
[0.255s] writing study_interface.egg-info/PKG-INFO
[0.255s] writing dependency_links to study_interface.egg-info/dependency_links.txt
[0.255s] writing top-level names to study_interface.egg-info/top_level.txt
[0.287s] reading manifest file 'study_interface.egg-info/SOURCES.txt'
[0.287s] writing manifest file 'study_interface.egg-info/SOURCES.txt'
[0.321s] [100%] Built target ament_cmake_python_build_study_interface_egg
[0.331s] Invoked command in '/home/tomoni11/Documents/ROS2/study_ws/build/study_interface' returned '0': CMAKE_PREFIX_PATH=${CMAKE_PREFIX_PATH}:/opt/ros/jazzy DEBUGINFOD_URLS=https://debuginfod.ubuntu.com /usr/bin/cmake --build /home/tomoni11/Documents/ROS2/study_ws/build/study_interface -- -j24 -l24
[0.340s] Invoking command in '/home/tomoni11/Documents/ROS2/study_ws/build/study_interface': CMAKE_PREFIX_PATH=${CMAKE_PREFIX_PATH}:/opt/ros/jazzy DEBUGINFOD_URLS=https://debuginfod.ubuntu.com /usr/bin/cmake --install /home/tomoni11/Documents/ROS2/study_ws/build/study_interface
[0.348s] -- Install configuration: ""
[0.348s] -- Up-to-date: /home/tomoni11/Documents/ROS2/study_ws/install/study_interface/share/ament_index/resource_index/rosidl_interfaces/study_interface
[0.348s] -- Up-to-date: /home/tomoni11/Documents/ROS2/study_ws/install/study_interface/share/study_interface/msg/Cloud.json
[0.348s] -- Up-to-date: /home/tomoni11/Documents/ROS2/study_ws/install/study_interface/include/study_interface/study_interface
[0.348s] -- Up-to-date: /home/tomoni11/Documents/ROS2/study_ws/install/study_interface/include/study_interface/study_interface/msg
[0.348s] -- Up-to-date: /home/tomoni11/Documents/ROS2/study_ws/install/study_interface/include/study_interface/study_interface/msg/cloud.h
[0.348s] -- Up-to-date: /home/tomoni11/Documents/ROS2/study_ws/install/study_interface/include/study_interface/study_interface/msg/rosidl_generator_c__visibility_control.h
[0.348s] -- Up-to-date: /home/tomoni11/Documents/ROS2/study_ws/install/study_interface/include/study_interface/study_interface/msg/detail
[0.348s] -- Up-to-date: /home/tomoni11/Documents/ROS2/study_ws/install/study_interface/include/study_interface/study_interface/msg/detail/cloud__type_support.h
[0.348s] -- Up-to-date: /home/tomoni11/Documents/ROS2/study_ws/install/study_interface/include/study_interface/study_interface/msg/detail/cloud__functions.h
[0.348s] -- Up-to-date: /home/tomoni11/Documents/ROS2/study_ws/install/study_interface/include/study_interface/study_interface/msg/detail/cloud__type_support.c
[0.348s] -- Up-to-date: /home/tomoni11/Documents/ROS2/study_ws/install/study_interface/include/study_interface/study_interface/msg/detail/cloud__struct.h
[0.349s] -- Up-to-date: /home/tomoni11/Documents/ROS2/study_ws/install/study_interface/include/study_interface/study_interface/msg/detail/cloud__functions.c
[0.349s] -- Up-to-date: /home/tomoni11/Documents/ROS2/study_ws/install/study_interface/include/study_interface/study_interface/msg/detail/cloud__description.c
[0.349s] -- Up-to-date: /home/tomoni11/Documents/ROS2/study_ws/install/study_interface/share/study_interface/environment/library_path.sh
[0.349s] -- Up-to-date: /home/tomoni11/Documents/ROS2/study_ws/install/study_interface/share/study_interface/environment/library_path.dsv
[0.350s] -- Up-to-date: /home/tomoni11/Documents/ROS2/study_ws/install/study_interface/lib/libstudy_interface__rosidl_generator_c.so
[0.350s] -- Up-to-date: /home/tomoni11/Documents/ROS2/study_ws/install/study_interface/include/study_interface/study_interface
[0.350s] -- Up-to-date: /home/tomoni11/Documents/ROS2/study_ws/install/study_interface/include/study_interface/study_interface/msg
[0.350s] -- Up-to-date: /home/tomoni11/Documents/ROS2/study_ws/install/study_interface/include/study_interface/study_interface/msg/rosidl_typesupport_fastrtps_c__visibility_control.h
[0.350s] -- Up-to-date: /home/tomoni11/Documents/ROS2/study_ws/install/study_interface/include/study_interface/study_interface/msg/detail
[0.350s] -- Up-to-date: /home/tomoni11/Documents/ROS2/study_ws/install/study_interface/include/study_interface/study_interface/msg/detail/cloud__rosidl_typesupport_fastrtps_c.h
[0.350s] -- Up-to-date: /home/tomoni11/Documents/ROS2/study_ws/install/study_interface/lib/libstudy_interface__rosidl_typesupport_fastrtps_c.so
[0.350s] -- Up-to-date: /home/tomoni11/Documents/ROS2/study_ws/install/study_interface/include/study_interface/study_interface
[0.350s] -- Up-to-date: /home/tomoni11/Documents/ROS2/study_ws/install/study_interface/include/study_interface/study_interface/msg
[0.350s] -- Up-to-date: /home/tomoni11/Documents/ROS2/study_ws/install/study_interface/include/study_interface/study_interface/msg/cloud.hpp
[0.350s] -- Up-to-date: /home/tomoni11/Documents/ROS2/study_ws/install/study_interface/include/study_interface/study_interface/msg/detail
[0.350s] -- Up-to-date: /home/tomoni11/Documents/ROS2/study_ws/install/study_interface/include/study_interface/study_interface/msg/detail/cloud__builder.hpp
[0.350s] -- Up-to-date: /home/tomoni11/Documents/ROS2/study_ws/install/study_interface/include/study_interface/study_interface/msg/detail/cloud__struct.hpp
[0.350s] -- Up-to-date: /home/tomoni11/Documents/ROS2/study_ws/install/study_interface/include/study_interface/study_interface/msg/detail/cloud__type_support.hpp
[0.350s] -- Up-to-date: /home/tomoni11/Documents/ROS2/study_ws/install/study_interface/include/study_interface/study_interface/msg/detail/cloud__traits.hpp
[0.350s] -- Up-to-date: /home/tomoni11/Documents/ROS2/study_ws/install/study_interface/include/study_interface/study_interface/msg/rosidl_generator_cpp__visibility_control.hpp
[0.351s] -- Up-to-date: /home/tomoni11/Documents/ROS2/study_ws/install/study_interface/include/study_interface/study_interface
[0.351s] -- Up-to-date: /home/tomoni11/Documents/ROS2/study_ws/install/study_interface/include/study_interface/study_interface/msg
[0.351s] -- Up-to-date: /home/tomoni11/Documents/ROS2/study_ws/install/study_interface/include/study_interface/study_interface/msg/rosidl_typesupport_fastrtps_cpp__visibility_control.h
[0.351s] -- Up-to-date: /home/tomoni11/Documents/ROS2/study_ws/install/study_interface/include/study_interface/study_interface/msg/detail
[0.351s] -- Up-to-date: /home/tomoni11/Documents/ROS2/study_ws/install/study_interface/include/study_interface/study_interface/msg/detail/dds_fastrtps
[0.351s] -- Up-to-date: /home/tomoni11/Documents/ROS2/study_ws/install/study_interface/include/study_interface/study_interface/msg/detail/cloud__rosidl_typesupport_fastrtps_cpp.hpp
[0.351s] -- Up-to-date: /home/tomoni11/Documents/ROS2/study_ws/install/study_interface/lib/libstudy_interface__rosidl_typesupport_fastrtps_cpp.so
[0.351s] -- Up-to-date: /home/tomoni11/Documents/ROS2/study_ws/install/study_interface/include/study_interface/study_interface
[0.351s] -- Up-to-date: /home/tomoni11/Documents/ROS2/study_ws/install/study_interface/include/study_interface/study_interface/msg
[0.351s] -- Up-to-date: /home/tomoni11/Documents/ROS2/study_ws/install/study_interface/include/study_interface/study_interface/msg/rosidl_typesupport_introspection_c__visibility_control.h
[0.351s] -- Up-to-date: /home/tomoni11/Documents/ROS2/study_ws/install/study_interface/include/study_interface/study_interface/msg/detail
[0.351s] -- Up-to-date: /home/tomoni11/Documents/ROS2/study_ws/install/study_interface/include/study_interface/study_interface/msg/detail/cloud__type_support.c
[0.351s] -- Up-to-date: /home/tomoni11/Documents/ROS2/study_ws/install/study_interface/include/study_interface/study_interface/msg/detail/cloud__rosidl_typesupport_introspection_c.h
[0.351s] -- Up-to-date: /home/tomoni11/Documents/ROS2/study_ws/install/study_interface/lib/libstudy_interface__rosidl_typesupport_introspection_c.so
[0.351s] -- Up-to-date: /home/tomoni11/Documents/ROS2/study_ws/install/study_interface/lib/libstudy_interface__rosidl_typesupport_c.so
[0.351s] -- Up-to-date: /home/tomoni11/Documents/ROS2/study_ws/install/study_interface/include/study_interface/study_interface
[0.351s] -- Up-to-date: /home/tomoni11/Documents/ROS2/study_ws/install/study_interface/include/study_interface/study_interface/msg
[0.351s] -- Up-to-date: /home/tomoni11/Documents/ROS2/study_ws/install/study_interface/include/study_interface/study_interface/msg/detail
[0.351s] -- Up-to-date: /home/tomoni11/Documents/ROS2/study_ws/install/study_interface/include/study_interface/study_interface/msg/detail/cloud__type_support.cpp
[0.351s] -- Up-to-date: /home/tomoni11/Documents/ROS2/study_ws/install/study_interface/include/study_interface/study_interface/msg/detail/cloud__rosidl_typesupport_introspection_cpp.hpp
[0.352s] -- Up-to-date: /home/tomoni11/Documents/ROS2/study_ws/install/study_interface/lib/libstudy_interface__rosidl_typesupport_introspection_cpp.so
[0.352s] -- Up-to-date: /home/tomoni11/Documents/ROS2/study_ws/install/study_interface/lib/libstudy_interface__rosidl_typesupport_cpp.so
[0.352s] -- Up-to-date: /home/tomoni11/Documents/ROS2/study_ws/install/study_interface/share/study_interface/environment/pythonpath.sh
[0.352s] -- Up-to-date: /home/tomoni11/Documents/ROS2/study_ws/install/study_interface/share/study_interface/environment/pythonpath.dsv
[0.352s] -- Up-to-date: /home/tomoni11/Documents/ROS2/study_ws/install/study_interface/lib/python3.12/site-packages/study_interface-0.0.0-py3.12.egg-info
[0.352s] -- Installing: /home/tomoni11/Documents/ROS2/study_ws/install/study_interface/lib/python3.12/site-packages/study_interface-0.0.0-py3.12.egg-info/top_level.txt
[0.352s] -- Installing: /home/tomoni11/Documents/ROS2/study_ws/install/study_interface/lib/python3.12/site-packages/study_interface-0.0.0-py3.12.egg-info/dependency_links.txt
[0.352s] -- Installing: /home/tomoni11/Documents/ROS2/study_ws/install/study_interface/lib/python3.12/site-packages/study_interface-0.0.0-py3.12.egg-info/SOURCES.txt
[0.352s] -- Installing: /home/tomoni11/Documents/ROS2/study_ws/install/study_interface/lib/python3.12/site-packages/study_interface-0.0.0-py3.12.egg-info/PKG-INFO
[0.352s] -- Up-to-date: /home/tomoni11/Documents/ROS2/study_ws/install/study_interface/lib/python3.12/site-packages/study_interface
[0.352s] -- Up-to-date: /home/tomoni11/Documents/ROS2/study_ws/install/study_interface/lib/python3.12/site-packages/study_interface/_study_interface_s.ep.rosidl_typesupport_fastrtps_c.c
[0.352s] -- Up-to-date: /home/tomoni11/Documents/ROS2/study_ws/install/study_interface/lib/python3.12/site-packages/study_interface/study_interface_s__rosidl_typesupport_c.so
[0.352s] -- Up-to-date: /home/tomoni11/Documents/ROS2/study_ws/install/study_interface/lib/python3.12/site-packages/study_interface/msg
[0.352s] -- Up-to-date: /home/tomoni11/Documents/ROS2/study_ws/install/study_interface/lib/python3.12/site-packages/study_interface/msg/_cloud.py
[0.352s] -- Up-to-date: /home/tomoni11/Documents/ROS2/study_ws/install/study_interface/lib/python3.12/site-packages/study_interface/msg/_cloud_s.c
[0.352s] -- Up-to-date: /home/tomoni11/Documents/ROS2/study_ws/install/study_interface/lib/python3.12/site-packages/study_interface/msg/__init__.py
[0.352s] -- Up-to-date: /home/tomoni11/Documents/ROS2/study_ws/install/study_interface/lib/python3.12/site-packages/study_interface/study_interface_s__rosidl_typesupport_introspection_c.so
[0.352s] -- Up-to-date: /home/tomoni11/Documents/ROS2/study_ws/install/study_interface/lib/python3.12/site-packages/study_interface/__init__.py
[0.352s] -- Up-to-date: /home/tomoni11/Documents/ROS2/study_ws/install/study_interface/lib/python3.12/site-packages/study_interface/_study_interface_s.ep.rosidl_typesupport_introspection_c.c
[0.352s] -- Up-to-date: /home/tomoni11/Documents/ROS2/study_ws/install/study_interface/lib/python3.12/site-packages/study_interface/_study_interface_s.ep.rosidl_typesupport_c.c
[0.353s] -- Up-to-date: /home/tomoni11/Documents/ROS2/study_ws/install/study_interface/lib/python3.12/site-packages/study_interface/study_interface_s__rosidl_typesupport_fastrtps_c.so
[0.381s] Listing '/home/tomoni11/Documents/ROS2/study_ws/install/study_interface/lib/python3.12/site-packages/study_interface'...
[0.381s] Listing '/home/tomoni11/Documents/ROS2/study_ws/install/study_interface/lib/python3.12/site-packages/study_interface/msg'...
[0.388s] -- Up-to-date: /home/tomoni11/Documents/ROS2/study_ws/install/study_interface/lib/python3.12/site-packages/study_interface/study_interface_s__rosidl_typesupport_fastrtps_c.so
[0.388s] -- Up-to-date: /home/tomoni11/Documents/ROS2/study_ws/install/study_interface/lib/python3.12/site-packages/study_interface/study_interface_s__rosidl_typesupport_introspection_c.so
[0.389s] -- Up-to-date: /home/tomoni11/Documents/ROS2/study_ws/install/study_interface/lib/python3.12/site-packages/study_interface/study_interface_s__rosidl_typesupport_c.so
[0.389s] -- Up-to-date: /home/tomoni11/Documents/ROS2/study_ws/install/study_interface/lib/libstudy_interface__rosidl_generator_py.so
[0.389s] -- Up-to-date: /home/tomoni11/Documents/ROS2/study_ws/install/study_interface/share/study_interface/msg/Cloud.idl
[0.389s] -- Up-to-date: /home/tomoni11/Documents/ROS2/study_ws/install/study_interface/share/study_interface/msg/Cloud.msg
[0.389s] -- Up-to-date: /home/tomoni11/Documents/ROS2/study_ws/install/study_interface/share/ament_index/resource_index/package_run_dependencies/study_interface
[0.389s] -- Up-to-date: /home/tomoni11/Documents/ROS2/study_ws/install/study_interface/share/ament_index/resource_index/parent_prefix_path/study_interface
[0.389s] -- Up-to-date: /home/tomoni11/Documents/ROS2/study_ws/install/study_interface/share/study_interface/environment/ament_prefix_path.sh
[0.389s] -- Up-to-date: /home/tomoni11/Documents/ROS2/study_ws/install/study_interface/share/study_interface/environment/ament_prefix_path.dsv
[0.389s] -- Up-to-date: /home/tomoni11/Documents/ROS2/study_ws/install/study_interface/share/study_interface/environment/path.sh
[0.389s] -- Up-to-date: /home/tomoni11/Documents/ROS2/study_ws/install/study_interface/share/study_interface/environment/path.dsv
[0.389s] -- Up-to-date: /home/tomoni11/Documents/ROS2/study_ws/install/study_interface/share/study_interface/local_setup.bash
[0.389s] -- Up-to-date: /home/tomoni11/Documents/ROS2/study_ws/install/study_interface/share/study_interface/local_setup.sh
[0.389s] -- Up-to-date: /home/tomoni11/Documents/ROS2/study_ws/install/study_interface/share/study_interface/local_setup.zsh
[0.389s] -- Up-to-date: /home/tomoni11/Documents/ROS2/study_ws/install/study_interface/share/study_interface/local_setup.dsv
[0.389s] -- Installing: /home/tomoni11/Documents/ROS2/study_ws/install/study_interface/share/study_interface/package.dsv
[0.389s] -- Up-to-date: /home/tomoni11/Documents/ROS2/study_ws/install/study_interface/share/ament_index/resource_index/packages/study_interface
[0.389s] -- Up-to-date: /home/tomoni11/Documents/ROS2/study_ws/install/study_interface/share/study_interface/cmake/export_study_interface__rosidl_generator_cExport.cmake
[0.389s] -- Up-to-date: /home/tomoni11/Documents/ROS2/study_ws/install/study_interface/share/study_interface/cmake/export_study_interface__rosidl_generator_cExport-noconfig.cmake
[0.389s] -- Up-to-date: /home/tomoni11/Documents/ROS2/study_ws/install/study_interface/share/study_interface/cmake/export_study_interface__rosidl_typesupport_fastrtps_cExport.cmake
[0.389s] -- Up-to-date: /home/tomoni11/Documents/ROS2/study_ws/install/study_interface/share/study_interface/cmake/export_study_interface__rosidl_typesupport_fastrtps_cExport-noconfig.cmake
[0.389s] -- Up-to-date: /home/tomoni11/Documents/ROS2/study_ws/install/study_interface/share/study_interface/cmake/export_study_interface__rosidl_generator_cppExport.cmake
[0.389s] -- Up-to-date: /home/tomoni11/Documents/ROS2/study_ws/install/study_interface/share/study_interface/cmake/export_study_interface__rosidl_typesupport_fastrtps_cppExport.cmake
[0.389s] -- Up-to-date: /home/tomoni11/Documents/ROS2/study_ws/install/study_interface/share/study_interface/cmake/export_study_interface__rosidl_typesupport_fastrtps_cppExport-noconfig.cmake
[0.389s] -- Up-to-date: /home/tomoni11/Documents/ROS2/study_ws/install/study_interface/share/study_interface/cmake/study_interface__rosidl_typesupport_introspection_cExport.cmake
[0.389s] -- Up-to-date: /home/tomoni11/Documents/ROS2/study_ws/install/study_interface/share/study_interface/cmake/study_interface__rosidl_typesupport_introspection_cExport-noconfig.cmake
[0.389s] -- Up-to-date: /home/tomoni11/Documents/ROS2/study_ws/install/study_interface/share/study_interface/cmake/study_interface__rosidl_typesupport_cExport.cmake
[0.390s] -- Up-to-date: /home/tomoni11/Documents/ROS2/study_ws/install/study_interface/share/study_interface/cmake/study_interface__rosidl_typesupport_cExport-noconfig.cmake
[0.390s] -- Up-to-date: /home/tomoni11/Documents/ROS2/study_ws/install/study_interface/share/study_interface/cmake/study_interface__rosidl_typesupport_introspection_cppExport.cmake
[0.390s] -- Up-to-date: /home/tomoni11/Documents/ROS2/study_ws/install/study_interface/share/study_interface/cmake/study_interface__rosidl_typesupport_introspection_cppExport-noconfig.cmake
[0.390s] -- Up-to-date: /home/tomoni11/Documents/ROS2/study_ws/install/study_interface/share/study_interface/cmake/study_interface__rosidl_typesupport_cppExport.cmake
[0.390s] -- Up-to-date: /home/tomoni11/Documents/ROS2/study_ws/install/study_interface/share/study_interface/cmake/study_interface__rosidl_typesupport_cppExport-noconfig.cmake
[0.390s] -- Up-to-date: /home/tomoni11/Documents/ROS2/study_ws/install/study_interface/share/study_interface/cmake/export_study_interface__rosidl_generator_pyExport.cmake
[0.390s] -- Up-to-date: /home/tomoni11/Documents/ROS2/study_ws/install/study_interface/share/study_interface/cmake/export_study_interface__rosidl_generator_pyExport-noconfig.cmake
[0.390s] -- Up-to-date: /home/tomoni11/Documents/ROS2/study_ws/install/study_interface/share/study_interface/cmake/rosidl_cmake-extras.cmake
[0.390s] -- Up-to-date: /home/tomoni11/Documents/ROS2/study_ws/install/study_interface/share/study_interface/cmake/ament_cmake_export_dependencies-extras.cmake
[0.390s] -- Up-to-date: /home/tomoni11/Documents/ROS2/study_ws/install/study_interface/share/study_interface/cmake/ament_cmake_export_include_directories-extras.cmake
[0.390s] -- Up-to-date: /home/tomoni11/Documents/ROS2/study_ws/install/study_interface/share/study_interface/cmake/ament_cmake_export_libraries-extras.cmake
[0.390s] -- Up-to-date: /home/tomoni11/Documents/ROS2/study_ws/install/study_interface/share/study_interface/cmake/ament_cmake_export_targets-extras.cmake
[0.390s] -- Up-to-date: /home/tomoni11/Documents/ROS2/study_ws/install/study_interface/share/study_interface/cmake/rosidl_cmake_export_typesupport_targets-extras.cmake
[0.390s] -- Up-to-date: /home/tomoni11/Documents/ROS2/study_ws/install/study_interface/share/study_interface/cmake/rosidl_cmake_export_typesupport_libraries-extras.cmake
[0.390s] -- Up-to-date: /home/tomoni11/Documents/ROS2/study_ws/install/study_interface/share/study_interface/cmake/study_interfaceConfig.cmake
[0.390s] -- Up-to-date: /home/tomoni11/Documents/ROS2/study_ws/install/study_interface/share/study_interface/cmake/study_interfaceConfig-version.cmake
[0.390s] -- Up-to-date: /home/tomoni11/Documents/ROS2/study_ws/install/study_interface/share/study_interface/package.xml
[0.407s] Invoked command in '/home/tomoni11/Documents/ROS2/study_ws/build/study_interface' returned '0': CMAKE_PREFIX_PATH=${CMAKE_PREFIX_PATH}:/opt/ros/jazzy DEBUGINFOD_URLS=https://debuginfod.ubuntu.com /usr/bin/cmake --install /home/tomoni11/Documents/ROS2/study_ws/build/study_interface
