[0.095s] DEBUG:colcon:Command line arguments: ['/usr/bin/colcon', 'build']
[0.095s] DEBUG:colcon:Parsed command line arguments: Namespace(log_base=None, log_level=None, verb_name='build', build_base='build', install_base='install', merge_install=False, symlink_install=False, test_result_base=None, continue_on_error=False, executor='parallel', parallel_workers=24, event_handlers=None, ignore_user_meta=False, metas=['./colcon.meta'], base_paths=['.'], packages_ignore=None, packages_ignore_regex=None, paths=None, packages_up_to=None, packages_up_to_regex=None, packages_above=None, packages_above_and_dependencies=None, packages_above_depth=None, packages_select_by_dep=None, packages_skip_by_dep=None, packages_skip_up_to=None, packages_select_build_failed=False, packages_skip_build_finished=False, packages_select_test_failures=False, packages_skip_test_passed=False, packages_select=None, packages_skip=None, packages_select_regex=None, packages_skip_regex=None, packages_start=None, packages_end=None, allow_overriding=[], cmake_args=None, cmake_target=None, cmake_target_skip_unavailable=False, cmake_clean_cache=False, cmake_clean_first=False, cmake_force_configure=False, ament_cmake_args=None, catkin_cmake_args=None, catkin_skip_building_tests=False, mixin_files=None, mixin=None, verb_parser=<colcon_mixin.mixin.mixin_argument.MixinArgumentDecorator object at 0x7bce28577b60>, verb_extension=<colcon_core.verb.build.BuildVerb object at 0x7bce28577800>, main=<bound method BuildVerb.main of <colcon_core.verb.build.BuildVerb object at 0x7bce28577800>>, mixin_verb=('build',))
[0.127s] Level 1:colcon.colcon_core.package_discovery:discover_packages(colcon_meta) check parameters
[0.127s] Level 1:colcon.colcon_core.package_discovery:discover_packages(recursive) check parameters
[0.127s] Level 1:colcon.colcon_core.package_discovery:discover_packages(ignore) check parameters
[0.127s] Level 1:colcon.colcon_core.package_discovery:discover_packages(path) check parameters
[0.127s] Level 1:colcon.colcon_core.package_discovery:discover_packages(colcon_meta) discover
[0.128s] Level 1:colcon.colcon_core.package_discovery:discover_packages(recursive) discover
[0.128s] INFO:colcon.colcon_core.package_discovery:Crawling recursively for packages in '/home/tomoni11/Documents/ROS2/study_ws'
[0.128s] Level 1:colcon.colcon_core.package_identification:_identify(.) by extensions ['ignore', 'ignore_ament_install']
[0.128s] Level 1:colcon.colcon_core.package_identification:_identify(.) by extension 'ignore'
[0.128s] Level 1:colcon.colcon_core.package_identification:_identify(.) by extension 'ignore_ament_install'
[0.128s] Level 1:colcon.colcon_core.package_identification:_identify(.) by extensions ['colcon_pkg']
[0.128s] Level 1:colcon.colcon_core.package_identification:_identify(.) by extension 'colcon_pkg'
[0.128s] Level 1:colcon.colcon_core.package_identification:_identify(.) by extensions ['colcon_meta']
[0.128s] Level 1:colcon.colcon_core.package_identification:_identify(.) by extension 'colcon_meta'
[0.128s] Level 1:colcon.colcon_core.package_identification:_identify(.) by extensions ['ros']
[0.128s] Level 1:colcon.colcon_core.package_identification:_identify(.) by extension 'ros'
[0.152s] Level 1:colcon.colcon_core.package_identification:_identify(.) by extensions ['cmake', 'python']
[0.152s] Level 1:colcon.colcon_core.package_identification:_identify(.) by extension 'cmake'
[0.152s] Level 1:colcon.colcon_core.package_identification:_identify(.) by extension 'python'
[0.153s] Level 1:colcon.colcon_core.package_identification:_identify(.) by extensions ['python_setup_py']
[0.153s] Level 1:colcon.colcon_core.package_identification:_identify(.) by extension 'python_setup_py'
[0.153s] Level 1:colcon.colcon_core.package_identification:_identify(build) by extensions ['ignore', 'ignore_ament_install']
[0.153s] Level 1:colcon.colcon_core.package_identification:_identify(build) by extension 'ignore'
[0.153s] Level 1:colcon.colcon_core.package_identification:_identify(build) ignored
[0.153s] Level 1:colcon.colcon_core.package_identification:_identify(install) by extensions ['ignore', 'ignore_ament_install']
[0.153s] Level 1:colcon.colcon_core.package_identification:_identify(install) by extension 'ignore'
[0.153s] Level 1:colcon.colcon_core.package_identification:_identify(install) ignored
[0.153s] Level 1:colcon.colcon_core.package_identification:_identify(log) by extensions ['ignore', 'ignore_ament_install']
[0.153s] Level 1:colcon.colcon_core.package_identification:_identify(log) by extension 'ignore'
[0.153s] Level 1:colcon.colcon_core.package_identification:_identify(log) ignored
[0.153s] Level 1:colcon.colcon_core.package_identification:_identify(src) by extensions ['ignore', 'ignore_ament_install']
[0.153s] Level 1:colcon.colcon_core.package_identification:_identify(src) by extension 'ignore'
[0.153s] Level 1:colcon.colcon_core.package_identification:_identify(src) by extension 'ignore_ament_install'
[0.153s] Level 1:colcon.colcon_core.package_identification:_identify(src) by extensions ['colcon_pkg']
[0.153s] Level 1:colcon.colcon_core.package_identification:_identify(src) by extension 'colcon_pkg'
[0.154s] Level 1:colcon.colcon_core.package_identification:_identify(src) by extensions ['colcon_meta']
[0.154s] Level 1:colcon.colcon_core.package_identification:_identify(src) by extension 'colcon_meta'
[0.154s] Level 1:colcon.colcon_core.package_identification:_identify(src) by extensions ['ros']
[0.154s] Level 1:colcon.colcon_core.package_identification:_identify(src) by extension 'ros'
[0.154s] Level 1:colcon.colcon_core.package_identification:_identify(src) by extensions ['cmake', 'python']
[0.154s] Level 1:colcon.colcon_core.package_identification:_identify(src) by extension 'cmake'
[0.154s] Level 1:colcon.colcon_core.package_identification:_identify(src) by extension 'python'
[0.154s] Level 1:colcon.colcon_core.package_identification:_identify(src) by extensions ['python_setup_py']
[0.154s] Level 1:colcon.colcon_core.package_identification:_identify(src) by extension 'python_setup_py'
[0.154s] Level 1:colcon.colcon_core.package_identification:_identify(src/make_cloud_pkg) by extensions ['ignore', 'ignore_ament_install']
[0.154s] Level 1:colcon.colcon_core.package_identification:_identify(src/make_cloud_pkg) by extension 'ignore'
[0.154s] Level 1:colcon.colcon_core.package_identification:_identify(src/make_cloud_pkg) by extension 'ignore_ament_install'
[0.154s] Level 1:colcon.colcon_core.package_identification:_identify(src/make_cloud_pkg) by extensions ['colcon_pkg']
[0.154s] Level 1:colcon.colcon_core.package_identification:_identify(src/make_cloud_pkg) by extension 'colcon_pkg'
[0.154s] Level 1:colcon.colcon_core.package_identification:_identify(src/make_cloud_pkg) by extensions ['colcon_meta']
[0.154s] Level 1:colcon.colcon_core.package_identification:_identify(src/make_cloud_pkg) by extension 'colcon_meta'
[0.154s] Level 1:colcon.colcon_core.package_identification:_identify(src/make_cloud_pkg) by extensions ['ros']
[0.154s] Level 1:colcon.colcon_core.package_identification:_identify(src/make_cloud_pkg) by extension 'ros'
[0.157s] DEBUG:colcon.colcon_core.package_identification:Package 'src/make_cloud_pkg' with type 'ros.ament_cmake' and name 'make_cloud_pkg'
[0.157s] Level 1:colcon.colcon_core.package_identification:_identify(src/ransac_pkg) by extensions ['ignore', 'ignore_ament_install']
[0.157s] Level 1:colcon.colcon_core.package_identification:_identify(src/ransac_pkg) by extension 'ignore'
[0.157s] Level 1:colcon.colcon_core.package_identification:_identify(src/ransac_pkg) by extension 'ignore_ament_install'
[0.157s] Level 1:colcon.colcon_core.package_identification:_identify(src/ransac_pkg) by extensions ['colcon_pkg']
[0.157s] Level 1:colcon.colcon_core.package_identification:_identify(src/ransac_pkg) by extension 'colcon_pkg'
[0.157s] Level 1:colcon.colcon_core.package_identification:_identify(src/ransac_pkg) by extensions ['colcon_meta']
[0.157s] Level 1:colcon.colcon_core.package_identification:_identify(src/ransac_pkg) by extension 'colcon_meta'
[0.157s] Level 1:colcon.colcon_core.package_identification:_identify(src/ransac_pkg) by extensions ['ros']
[0.157s] Level 1:colcon.colcon_core.package_identification:_identify(src/ransac_pkg) by extension 'ros'
[0.158s] DEBUG:colcon.colcon_core.package_identification:Package 'src/ransac_pkg' with type 'ros.ament_cmake' and name 'ransac_pkg'
[0.158s] Level 1:colcon.colcon_core.package_identification:_identify(src/study_interface) by extensions ['ignore', 'ignore_ament_install']
[0.158s] Level 1:colcon.colcon_core.package_identification:_identify(src/study_interface) by extension 'ignore'
[0.158s] Level 1:colcon.colcon_core.package_identification:_identify(src/study_interface) by extension 'ignore_ament_install'
[0.158s] Level 1:colcon.colcon_core.package_identification:_identify(src/study_interface) by extensions ['colcon_pkg']
[0.158s] Level 1:colcon.colcon_core.package_identification:_identify(src/study_interface) by extension 'colcon_pkg'
[0.158s] Level 1:colcon.colcon_core.package_identification:_identify(src/study_interface) by extensions ['colcon_meta']
[0.158s] Level 1:colcon.colcon_core.package_identification:_identify(src/study_interface) by extension 'colcon_meta'
[0.158s] Level 1:colcon.colcon_core.package_identification:_identify(src/study_interface) by extensions ['ros']
[0.158s] Level 1:colcon.colcon_core.package_identification:_identify(src/study_interface) by extension 'ros'
[0.159s] DEBUG:colcon.colcon_core.package_identification:Package 'src/study_interface' with type 'ros.ament_cmake' and name 'study_interface'
[0.159s] Level 1:colcon.colcon_core.package_discovery:discover_packages(recursive) using defaults
[0.159s] Level 1:colcon.colcon_core.package_discovery:discover_packages(ignore) discover
[0.159s] Level 1:colcon.colcon_core.package_discovery:discover_packages(ignore) using defaults
[0.159s] Level 1:colcon.colcon_core.package_discovery:discover_packages(path) discover
[0.159s] Level 1:colcon.colcon_core.package_discovery:discover_packages(path) using defaults
[0.178s] Level 1:colcon.colcon_core.package_discovery:discover_packages(prefix_path) check parameters
[0.178s] Level 1:colcon.colcon_core.package_discovery:discover_packages(prefix_path) discover
[0.179s] DEBUG:colcon.colcon_installed_package_information.package_discovery:Found 4 installed packages in /home/tomoni11/Documents/ROS2/study_ws/install
[0.181s] DEBUG:colcon.colcon_installed_package_information.package_discovery:Found 319 installed packages in /opt/ros/jazzy
[0.183s] Level 1:colcon.colcon_core.package_discovery:discover_packages(prefix_path) using defaults
[0.220s] Level 5:colcon.colcon_core.verb:set package 'study_interface' build argument 'cmake_args' from command line to 'None'
[0.221s] Level 5:colcon.colcon_core.verb:set package 'study_interface' build argument 'cmake_target' from command line to 'None'
[0.221s] Level 5:colcon.colcon_core.verb:set package 'study_interface' build argument 'cmake_target_skip_unavailable' from command line to 'False'
[0.221s] Level 5:colcon.colcon_core.verb:set package 'study_interface' build argument 'cmake_clean_cache' from command line to 'False'
[0.221s] Level 5:colcon.colcon_core.verb:set package 'study_interface' build argument 'cmake_clean_first' from command line to 'False'
[0.221s] Level 5:colcon.colcon_core.verb:set package 'study_interface' build argument 'cmake_force_configure' from command line to 'False'
[0.221s] Level 5:colcon.colcon_core.verb:set package 'study_interface' build argument 'ament_cmake_args' from command line to 'None'
[0.221s] Level 5:colcon.colcon_core.verb:set package 'study_interface' build argument 'catkin_cmake_args' from command line to 'None'
[0.221s] Level 5:colcon.colcon_core.verb:set package 'study_interface' build argument 'catkin_skip_building_tests' from command line to 'False'
[0.221s] DEBUG:colcon.colcon_core.verb:Building package 'study_interface' with the following arguments: {'ament_cmake_args': None, 'build_base': '/home/tomoni11/Documents/ROS2/study_ws/build/study_interface', 'catkin_cmake_args': None, 'catkin_skip_building_tests': False, 'cmake_args': None, 'cmake_clean_cache': False, 'cmake_clean_first': False, 'cmake_force_configure': False, 'cmake_target': None, 'cmake_target_skip_unavailable': False, 'install_base': '/home/tomoni11/Documents/ROS2/study_ws/install/study_interface', 'merge_install': False, 'path': '/home/tomoni11/Documents/ROS2/study_ws/src/study_interface', 'symlink_install': False, 'test_result_base': None}
[0.221s] Level 5:colcon.colcon_core.verb:set package 'make_cloud_pkg' build argument 'cmake_args' from command line to 'None'
[0.221s] Level 5:colcon.colcon_core.verb:set package 'make_cloud_pkg' build argument 'cmake_target' from command line to 'None'
[0.221s] Level 5:colcon.colcon_core.verb:set package 'make_cloud_pkg' build argument 'cmake_target_skip_unavailable' from command line to 'False'
[0.221s] Level 5:colcon.colcon_core.verb:set package 'make_cloud_pkg' build argument 'cmake_clean_cache' from command line to 'False'
[0.221s] Level 5:colcon.colcon_core.verb:set package 'make_cloud_pkg' build argument 'cmake_clean_first' from command line to 'False'
[0.221s] Level 5:colcon.colcon_core.verb:set package 'make_cloud_pkg' build argument 'cmake_force_configure' from command line to 'False'
[0.221s] Level 5:colcon.colcon_core.verb:set package 'make_cloud_pkg' build argument 'ament_cmake_args' from command line to 'None'
[0.221s] Level 5:colcon.colcon_core.verb:set package 'make_cloud_pkg' build argument 'catkin_cmake_args' from command line to 'None'
[0.221s] Level 5:colcon.colcon_core.verb:set package 'make_cloud_pkg' build argument 'catkin_skip_building_tests' from command line to 'False'
[0.221s] DEBUG:colcon.colcon_core.verb:Building package 'make_cloud_pkg' with the following arguments: {'ament_cmake_args': None, 'build_base': '/home/tomoni11/Documents/ROS2/study_ws/build/make_cloud_pkg', 'catkin_cmake_args': None, 'catkin_skip_building_tests': False, 'cmake_args': None, 'cmake_clean_cache': False, 'cmake_clean_first': False, 'cmake_force_configure': False, 'cmake_target': None, 'cmake_target_skip_unavailable': False, 'install_base': '/home/tomoni11/Documents/ROS2/study_ws/install/make_cloud_pkg', 'merge_install': False, 'path': '/home/tomoni11/Documents/ROS2/study_ws/src/make_cloud_pkg', 'symlink_install': False, 'test_result_base': None}
[0.221s] Level 5:colcon.colcon_core.verb:set package 'ransac_pkg' build argument 'cmake_args' from command line to 'None'
[0.221s] Level 5:colcon.colcon_core.verb:set package 'ransac_pkg' build argument 'cmake_target' from command line to 'None'
[0.221s] Level 5:colcon.colcon_core.verb:set package 'ransac_pkg' build argument 'cmake_target_skip_unavailable' from command line to 'False'
[0.221s] Level 5:colcon.colcon_core.verb:set package 'ransac_pkg' build argument 'cmake_clean_cache' from command line to 'False'
[0.221s] Level 5:colcon.colcon_core.verb:set package 'ransac_pkg' build argument 'cmake_clean_first' from command line to 'False'
[0.221s] Level 5:colcon.colcon_core.verb:set package 'ransac_pkg' build argument 'cmake_force_configure' from command line to 'False'
[0.221s] Level 5:colcon.colcon_core.verb:set package 'ransac_pkg' build argument 'ament_cmake_args' from command line to 'None'
[0.221s] Level 5:colcon.colcon_core.verb:set package 'ransac_pkg' build argument 'catkin_cmake_args' from command line to 'None'
[0.221s] Level 5:colcon.colcon_core.verb:set package 'ransac_pkg' build argument 'catkin_skip_building_tests' from command line to 'False'
[0.221s] DEBUG:colcon.colcon_core.verb:Building package 'ransac_pkg' with the following arguments: {'ament_cmake_args': None, 'build_base': '/home/tomoni11/Documents/ROS2/study_ws/build/ransac_pkg', 'catkin_cmake_args': None, 'catkin_skip_building_tests': False, 'cmake_args': None, 'cmake_clean_cache': False, 'cmake_clean_first': False, 'cmake_force_configure': False, 'cmake_target': None, 'cmake_target_skip_unavailable': False, 'install_base': '/home/tomoni11/Documents/ROS2/study_ws/install/ransac_pkg', 'merge_install': False, 'path': '/home/tomoni11/Documents/ROS2/study_ws/src/ransac_pkg', 'symlink_install': False, 'test_result_base': None}
[0.221s] INFO:colcon.colcon_core.executor:Executing jobs using 'parallel' executor
[0.222s] DEBUG:colcon.colcon_parallel_executor.executor.parallel:run_until_complete
[0.222s] INFO:colcon.colcon_ros.task.ament_cmake.build:Building ROS package in '/home/tomoni11/Documents/ROS2/study_ws/src/study_interface' with build type 'ament_cmake'
[0.223s] INFO:colcon.colcon_cmake.task.cmake.build:Building CMake package in '/home/tomoni11/Documents/ROS2/study_ws/src/study_interface'
[0.224s] INFO:colcon.colcon_core.plugin_system:Skipping extension 'colcon_core.shell.bat': Not used on non-Windows systems
[0.224s] INFO:colcon.colcon_core.shell:Skip shell extension 'powershell' for command environment: Not usable outside of PowerShell
[0.224s] DEBUG:colcon.colcon_core.shell:Skip shell extension 'dsv' for command environment
[0.231s] DEBUG:colcon.colcon_core.event_handler.log_command:Invoking command in '/home/tomoni11/Documents/ROS2/study_ws/build/study_interface': CMAKE_PREFIX_PATH=${CMAKE_PREFIX_PATH}:/opt/ros/jazzy DEBUGINFOD_URLS=https://debuginfod.ubuntu.com /usr/bin/cmake --build /home/tomoni11/Documents/ROS2/study_ws/build/study_interface -- -j24 -l24
[0.587s] DEBUG:colcon.colcon_core.event_handler.log_command:Invoked command in '/home/tomoni11/Documents/ROS2/study_ws/build/study_interface' returned '0': CMAKE_PREFIX_PATH=${CMAKE_PREFIX_PATH}:/opt/ros/jazzy DEBUGINFOD_URLS=https://debuginfod.ubuntu.com /usr/bin/cmake --build /home/tomoni11/Documents/ROS2/study_ws/build/study_interface -- -j24 -l24
[0.599s] DEBUG:colcon.colcon_core.event_handler.log_command:Invoking command in '/home/tomoni11/Documents/ROS2/study_ws/build/study_interface': CMAKE_PREFIX_PATH=${CMAKE_PREFIX_PATH}:/opt/ros/jazzy DEBUGINFOD_URLS=https://debuginfod.ubuntu.com /usr/bin/cmake --install /home/tomoni11/Documents/ROS2/study_ws/build/study_interface
[0.669s] Level 1:colcon.colcon_core.environment:create_environment_scripts_only(study_interface)
[0.670s] DEBUG:colcon.colcon_core.event_handler.log_command:Invoked command in '/home/tomoni11/Documents/ROS2/study_ws/build/study_interface' returned '0': CMAKE_PREFIX_PATH=${CMAKE_PREFIX_PATH}:/opt/ros/jazzy DEBUGINFOD_URLS=https://debuginfod.ubuntu.com /usr/bin/cmake --install /home/tomoni11/Documents/ROS2/study_ws/build/study_interface
[0.671s] Level 1:colcon.colcon_core.environment:checking '/home/tomoni11/Documents/ROS2/study_ws/install/study_interface' for CMake module files
[0.671s] Level 1:colcon.colcon_core.environment:checking '/home/tomoni11/Documents/ROS2/study_ws/install/study_interface' for CMake config files
[0.672s] Level 1:colcon.colcon_core.shell:create_environment_hook('study_interface', 'cmake_prefix_path')
[0.672s] INFO:colcon.colcon_core.shell:Creating environment hook '/home/tomoni11/Documents/ROS2/study_ws/install/study_interface/share/study_interface/hook/cmake_prefix_path.ps1'
[0.672s] INFO:colcon.colcon_core.shell:Creating environment descriptor '/home/tomoni11/Documents/ROS2/study_ws/install/study_interface/share/study_interface/hook/cmake_prefix_path.dsv'
[0.673s] INFO:colcon.colcon_core.shell:Creating environment hook '/home/tomoni11/Documents/ROS2/study_ws/install/study_interface/share/study_interface/hook/cmake_prefix_path.sh'
[0.673s] Level 1:colcon.colcon_core.environment:checking '/home/tomoni11/Documents/ROS2/study_ws/install/study_interface/lib'
[0.673s] Level 1:colcon.colcon_core.shell:create_environment_hook('study_interface', 'ld_library_path_lib')
[0.673s] INFO:colcon.colcon_core.shell:Creating environment hook '/home/tomoni11/Documents/ROS2/study_ws/install/study_interface/share/study_interface/hook/ld_library_path_lib.ps1'
[0.674s] INFO:colcon.colcon_core.shell:Creating environment descriptor '/home/tomoni11/Documents/ROS2/study_ws/install/study_interface/share/study_interface/hook/ld_library_path_lib.dsv'
[0.674s] INFO:colcon.colcon_core.shell:Creating environment hook '/home/tomoni11/Documents/ROS2/study_ws/install/study_interface/share/study_interface/hook/ld_library_path_lib.sh'
[0.674s] Level 1:colcon.colcon_core.environment:checking '/home/tomoni11/Documents/ROS2/study_ws/install/study_interface/bin'
[0.674s] Level 1:colcon.colcon_core.environment:checking '/home/tomoni11/Documents/ROS2/study_ws/install/study_interface/lib/pkgconfig/study_interface.pc'
[0.674s] Level 1:colcon.colcon_core.environment:checking '/home/tomoni11/Documents/ROS2/study_ws/install/study_interface/lib/python3.12/site-packages'
[0.674s] Level 1:colcon.colcon_core.shell:create_environment_hook('study_interface', 'pythonpath')
[0.674s] INFO:colcon.colcon_core.shell:Creating environment hook '/home/tomoni11/Documents/ROS2/study_ws/install/study_interface/share/study_interface/hook/pythonpath.ps1'
[0.675s] INFO:colcon.colcon_core.shell:Creating environment descriptor '/home/tomoni11/Documents/ROS2/study_ws/install/study_interface/share/study_interface/hook/pythonpath.dsv'
[0.675s] INFO:colcon.colcon_core.shell:Creating environment hook '/home/tomoni11/Documents/ROS2/study_ws/install/study_interface/share/study_interface/hook/pythonpath.sh'
[0.675s] Level 1:colcon.colcon_core.environment:checking '/home/tomoni11/Documents/ROS2/study_ws/install/study_interface/bin'
[0.675s] INFO:colcon.colcon_core.shell:Creating package script '/home/tomoni11/Documents/ROS2/study_ws/install/study_interface/share/study_interface/package.ps1'
[0.676s] INFO:colcon.colcon_core.shell:Creating package descriptor '/home/tomoni11/Documents/ROS2/study_ws/install/study_interface/share/study_interface/package.dsv'
[0.676s] INFO:colcon.colcon_core.shell:Creating package script '/home/tomoni11/Documents/ROS2/study_ws/install/study_interface/share/study_interface/package.sh'
[0.676s] INFO:colcon.colcon_core.shell:Creating package script '/home/tomoni11/Documents/ROS2/study_ws/install/study_interface/share/study_interface/package.bash'
[0.677s] INFO:colcon.colcon_core.shell:Creating package script '/home/tomoni11/Documents/ROS2/study_ws/install/study_interface/share/study_interface/package.zsh'
[0.677s] Level 1:colcon.colcon_core.environment:create_file_with_runtime_dependencies(/home/tomoni11/Documents/ROS2/study_ws/install/study_interface/share/colcon-core/packages/study_interface)
[0.677s] Level 1:colcon.colcon_core.environment:create_environment_scripts_only(study_interface)
[0.678s] Level 1:colcon.colcon_core.environment:checking '/home/tomoni11/Documents/ROS2/study_ws/install/study_interface' for CMake module files
[0.678s] Level 1:colcon.colcon_core.environment:checking '/home/tomoni11/Documents/ROS2/study_ws/install/study_interface' for CMake config files
[0.678s] Level 1:colcon.colcon_core.shell:create_environment_hook('study_interface', 'cmake_prefix_path')
[0.678s] INFO:colcon.colcon_core.shell:Creating environment hook '/home/tomoni11/Documents/ROS2/study_ws/install/study_interface/share/study_interface/hook/cmake_prefix_path.ps1'
[0.679s] INFO:colcon.colcon_core.shell:Creating environment descriptor '/home/tomoni11/Documents/ROS2/study_ws/install/study_interface/share/study_interface/hook/cmake_prefix_path.dsv'
[0.679s] INFO:colcon.colcon_core.shell:Creating environment hook '/home/tomoni11/Documents/ROS2/study_ws/install/study_interface/share/study_interface/hook/cmake_prefix_path.sh'
[0.679s] Level 1:colcon.colcon_core.environment:checking '/home/tomoni11/Documents/ROS2/study_ws/install/study_interface/lib'
[0.679s] Level 1:colcon.colcon_core.shell:create_environment_hook('study_interface', 'ld_library_path_lib')
[0.680s] INFO:colcon.colcon_core.shell:Creating environment hook '/home/tomoni11/Documents/ROS2/study_ws/install/study_interface/share/study_interface/hook/ld_library_path_lib.ps1'
[0.680s] INFO:colcon.colcon_core.shell:Creating environment descriptor '/home/tomoni11/Documents/ROS2/study_ws/install/study_interface/share/study_interface/hook/ld_library_path_lib.dsv'
[0.680s] INFO:colcon.colcon_core.shell:Creating environment hook '/home/tomoni11/Documents/ROS2/study_ws/install/study_interface/share/study_interface/hook/ld_library_path_lib.sh'
[0.680s] Level 1:colcon.colcon_core.environment:checking '/home/tomoni11/Documents/ROS2/study_ws/install/study_interface/bin'
[0.680s] Level 1:colcon.colcon_core.environment:checking '/home/tomoni11/Documents/ROS2/study_ws/install/study_interface/lib/pkgconfig/study_interface.pc'
[0.680s] Level 1:colcon.colcon_core.environment:checking '/home/tomoni11/Documents/ROS2/study_ws/install/study_interface/lib/python3.12/site-packages'
[0.681s] Level 1:colcon.colcon_core.shell:create_environment_hook('study_interface', 'pythonpath')
[0.681s] INFO:colcon.colcon_core.shell:Creating environment hook '/home/tomoni11/Documents/ROS2/study_ws/install/study_interface/share/study_interface/hook/pythonpath.ps1'
[0.681s] INFO:colcon.colcon_core.shell:Creating environment descriptor '/home/tomoni11/Documents/ROS2/study_ws/install/study_interface/share/study_interface/hook/pythonpath.dsv'
[0.681s] INFO:colcon.colcon_core.shell:Creating environment hook '/home/tomoni11/Documents/ROS2/study_ws/install/study_interface/share/study_interface/hook/pythonpath.sh'
[0.681s] Level 1:colcon.colcon_core.environment:checking '/home/tomoni11/Documents/ROS2/study_ws/install/study_interface/bin'
[0.682s] INFO:colcon.colcon_core.shell:Creating package script '/home/tomoni11/Documents/ROS2/study_ws/install/study_interface/share/study_interface/package.ps1'
[0.682s] INFO:colcon.colcon_core.shell:Creating package descriptor '/home/tomoni11/Documents/ROS2/study_ws/install/study_interface/share/study_interface/package.dsv'
[0.682s] INFO:colcon.colcon_core.shell:Creating package script '/home/tomoni11/Documents/ROS2/study_ws/install/study_interface/share/study_interface/package.sh'
[0.682s] INFO:colcon.colcon_core.shell:Creating package script '/home/tomoni11/Documents/ROS2/study_ws/install/study_interface/share/study_interface/package.bash'
[0.683s] INFO:colcon.colcon_core.shell:Creating package script '/home/tomoni11/Documents/ROS2/study_ws/install/study_interface/share/study_interface/package.zsh'
[0.683s] Level 1:colcon.colcon_core.environment:create_file_with_runtime_dependencies(/home/tomoni11/Documents/ROS2/study_ws/install/study_interface/share/colcon-core/packages/study_interface)
[0.683s] INFO:colcon.colcon_ros.task.ament_cmake.build:Building ROS package in '/home/tomoni11/Documents/ROS2/study_ws/src/make_cloud_pkg' with build type 'ament_cmake'
[0.683s] INFO:colcon.colcon_cmake.task.cmake.build:Building CMake package in '/home/tomoni11/Documents/ROS2/study_ws/src/make_cloud_pkg'
[0.683s] INFO:colcon.colcon_core.shell:Skip shell extension 'powershell' for command environment: Not usable outside of PowerShell
[0.683s] DEBUG:colcon.colcon_core.shell:Skip shell extension 'dsv' for command environment
[0.686s] INFO:colcon.colcon_ros.task.ament_cmake.build:Building ROS package in '/home/tomoni11/Documents/ROS2/study_ws/src/ransac_pkg' with build type 'ament_cmake'
[0.686s] INFO:colcon.colcon_cmake.task.cmake.build:Building CMake package in '/home/tomoni11/Documents/ROS2/study_ws/src/ransac_pkg'
[0.687s] INFO:colcon.colcon_core.shell:Skip shell extension 'powershell' for command environment: Not usable outside of PowerShell
[0.687s] DEBUG:colcon.colcon_core.shell:Skip shell extension 'dsv' for command environment
[0.694s] DEBUG:colcon.colcon_core.event_handler.log_command:Invoking command in '/home/tomoni11/Documents/ROS2/study_ws/build/make_cloud_pkg': CMAKE_PREFIX_PATH=/home/tomoni11/Documents/ROS2/study_ws/install/study_interface:/home/tomoni11/Documents/ROS2/study_ws/install/ransac_pkg:/home/tomoni11/Documents/ROS2/study_ws/install/make_cloud_pkg:/home/tomoni11/Documents/ROS2/study_ws/install/interface_pkg:/opt/ros/jazzy/opt/gz_sim_vendor:/opt/ros/jazzy/opt/gz_sensors_vendor:/opt/ros/jazzy/opt/gz_physics_vendor:/opt/ros/jazzy/opt/sdformat_vendor:/opt/ros/jazzy/opt/gz_gui_vendor:/opt/ros/jazzy/opt/gz_transport_vendor:/opt/ros/jazzy/opt/gz_rendering_vendor:/opt/ros/jazzy/opt/gz_plugin_vendor:/opt/ros/jazzy/opt/gz_fuel_tools_vendor:/opt/ros/jazzy/opt/gz_msgs_vendor:/opt/ros/jazzy/opt/gz_common_vendor:/opt/ros/jazzy/opt/gz_math_vendor:/opt/ros/jazzy/opt/gz_utils_vendor:/opt/ros/jazzy/opt/gz_tools_vendor:/opt/ros/jazzy/opt/gz_ogre_next_vendor:/opt/ros/jazzy/opt/gz_dartsim_vendor:/opt/ros/jazzy/opt/gz_cmake_vendor:/opt/ros/jazzy DEBUGINFOD_URLS=https://debuginfod.ubuntu.com /usr/bin/cmake --build /home/tomoni11/Documents/ROS2/study_ws/build/make_cloud_pkg -- -j24 -l24
[0.699s] DEBUG:colcon.colcon_core.event_handler.log_command:Invoking command in '/home/tomoni11/Documents/ROS2/study_ws/build/ransac_pkg': CMAKE_PREFIX_PATH=/home/tomoni11/Documents/ROS2/study_ws/install/study_interface:/home/tomoni11/Documents/ROS2/study_ws/install/ransac_pkg:/home/tomoni11/Documents/ROS2/study_ws/install/make_cloud_pkg:/home/tomoni11/Documents/ROS2/study_ws/install/interface_pkg:/opt/ros/jazzy/opt/gz_sim_vendor:/opt/ros/jazzy/opt/gz_sensors_vendor:/opt/ros/jazzy/opt/gz_physics_vendor:/opt/ros/jazzy/opt/sdformat_vendor:/opt/ros/jazzy/opt/gz_gui_vendor:/opt/ros/jazzy/opt/gz_transport_vendor:/opt/ros/jazzy/opt/gz_rendering_vendor:/opt/ros/jazzy/opt/gz_plugin_vendor:/opt/ros/jazzy/opt/gz_fuel_tools_vendor:/opt/ros/jazzy/opt/gz_msgs_vendor:/opt/ros/jazzy/opt/gz_common_vendor:/opt/ros/jazzy/opt/gz_math_vendor:/opt/ros/jazzy/opt/gz_utils_vendor:/opt/ros/jazzy/opt/gz_tools_vendor:/opt/ros/jazzy/opt/gz_ogre_next_vendor:/opt/ros/jazzy/opt/gz_dartsim_vendor:/opt/ros/jazzy/opt/gz_cmake_vendor:/opt/ros/jazzy DEBUGINFOD_URLS=https://debuginfod.ubuntu.com /usr/bin/cmake --build /home/tomoni11/Documents/ROS2/study_ws/build/ransac_pkg -- -j24 -l24
[0.790s] DEBUG:colcon.colcon_core.event_handler.log_command:Invoked command in '/home/tomoni11/Documents/ROS2/study_ws/build/make_cloud_pkg' returned '0': CMAKE_PREFIX_PATH=/home/tomoni11/Documents/ROS2/study_ws/install/study_interface:/home/tomoni11/Documents/ROS2/study_ws/install/ransac_pkg:/home/tomoni11/Documents/ROS2/study_ws/install/make_cloud_pkg:/home/tomoni11/Documents/ROS2/study_ws/install/interface_pkg:/opt/ros/jazzy/opt/gz_sim_vendor:/opt/ros/jazzy/opt/gz_sensors_vendor:/opt/ros/jazzy/opt/gz_physics_vendor:/opt/ros/jazzy/opt/sdformat_vendor:/opt/ros/jazzy/opt/gz_gui_vendor:/opt/ros/jazzy/opt/gz_transport_vendor:/opt/ros/jazzy/opt/gz_rendering_vendor:/opt/ros/jazzy/opt/gz_plugin_vendor:/opt/ros/jazzy/opt/gz_fuel_tools_vendor:/opt/ros/jazzy/opt/gz_msgs_vendor:/opt/ros/jazzy/opt/gz_common_vendor:/opt/ros/jazzy/opt/gz_math_vendor:/opt/ros/jazzy/opt/gz_utils_vendor:/opt/ros/jazzy/opt/gz_tools_vendor:/opt/ros/jazzy/opt/gz_ogre_next_vendor:/opt/ros/jazzy/opt/gz_dartsim_vendor:/opt/ros/jazzy/opt/gz_cmake_vendor:/opt/ros/jazzy DEBUGINFOD_URLS=https://debuginfod.ubuntu.com /usr/bin/cmake --build /home/tomoni11/Documents/ROS2/study_ws/build/make_cloud_pkg -- -j24 -l24
[0.790s] DEBUG:colcon.colcon_core.event_handler.log_command:Invoking command in '/home/tomoni11/Documents/ROS2/study_ws/build/make_cloud_pkg': CMAKE_PREFIX_PATH=/home/tomoni11/Documents/ROS2/study_ws/install/study_interface:/home/tomoni11/Documents/ROS2/study_ws/install/ransac_pkg:/home/tomoni11/Documents/ROS2/study_ws/install/make_cloud_pkg:/home/tomoni11/Documents/ROS2/study_ws/install/interface_pkg:/opt/ros/jazzy/opt/gz_sim_vendor:/opt/ros/jazzy/opt/gz_sensors_vendor:/opt/ros/jazzy/opt/gz_physics_vendor:/opt/ros/jazzy/opt/sdformat_vendor:/opt/ros/jazzy/opt/gz_gui_vendor:/opt/ros/jazzy/opt/gz_transport_vendor:/opt/ros/jazzy/opt/gz_rendering_vendor:/opt/ros/jazzy/opt/gz_plugin_vendor:/opt/ros/jazzy/opt/gz_fuel_tools_vendor:/opt/ros/jazzy/opt/gz_msgs_vendor:/opt/ros/jazzy/opt/gz_common_vendor:/opt/ros/jazzy/opt/gz_math_vendor:/opt/ros/jazzy/opt/gz_utils_vendor:/opt/ros/jazzy/opt/gz_tools_vendor:/opt/ros/jazzy/opt/gz_ogre_next_vendor:/opt/ros/jazzy/opt/gz_dartsim_vendor:/opt/ros/jazzy/opt/gz_cmake_vendor:/opt/ros/jazzy DEBUGINFOD_URLS=https://debuginfod.ubuntu.com /usr/bin/cmake --install /home/tomoni11/Documents/ROS2/study_ws/build/make_cloud_pkg
[0.804s] Level 1:colcon.colcon_core.environment:create_environment_scripts_only(make_cloud_pkg)
[0.804s] Level 1:colcon.colcon_core.environment:checking '/home/tomoni11/Documents/ROS2/study_ws/install/make_cloud_pkg' for CMake module files
[0.805s] Level 1:colcon.colcon_core.environment:checking '/home/tomoni11/Documents/ROS2/study_ws/install/make_cloud_pkg' for CMake config files
[0.805s] Level 1:colcon.colcon_core.shell:create_environment_hook('make_cloud_pkg', 'cmake_prefix_path')
[0.805s] INFO:colcon.colcon_core.shell:Creating environment hook '/home/tomoni11/Documents/ROS2/study_ws/install/make_cloud_pkg/share/make_cloud_pkg/hook/cmake_prefix_path.ps1'
[0.805s] INFO:colcon.colcon_core.shell:Creating environment descriptor '/home/tomoni11/Documents/ROS2/study_ws/install/make_cloud_pkg/share/make_cloud_pkg/hook/cmake_prefix_path.dsv'
[0.805s] INFO:colcon.colcon_core.shell:Creating environment hook '/home/tomoni11/Documents/ROS2/study_ws/install/make_cloud_pkg/share/make_cloud_pkg/hook/cmake_prefix_path.sh'
[0.806s] Level 1:colcon.colcon_core.environment:checking '/home/tomoni11/Documents/ROS2/study_ws/install/make_cloud_pkg/lib'
[0.806s] Level 1:colcon.colcon_core.environment:checking '/home/tomoni11/Documents/ROS2/study_ws/install/make_cloud_pkg/bin'
[0.806s] Level 1:colcon.colcon_core.environment:checking '/home/tomoni11/Documents/ROS2/study_ws/install/make_cloud_pkg/lib/pkgconfig/make_cloud_pkg.pc'
[0.806s] Level 1:colcon.colcon_core.environment:checking '/home/tomoni11/Documents/ROS2/study_ws/install/make_cloud_pkg/lib/python3.12/site-packages'
[0.806s] Level 1:colcon.colcon_core.environment:checking '/home/tomoni11/Documents/ROS2/study_ws/install/make_cloud_pkg/bin'
[0.806s] INFO:colcon.colcon_core.shell:Creating package script '/home/tomoni11/Documents/ROS2/study_ws/install/make_cloud_pkg/share/make_cloud_pkg/package.ps1'
[0.806s] INFO:colcon.colcon_core.shell:Creating package descriptor '/home/tomoni11/Documents/ROS2/study_ws/install/make_cloud_pkg/share/make_cloud_pkg/package.dsv'
[0.807s] INFO:colcon.colcon_core.shell:Creating package script '/home/tomoni11/Documents/ROS2/study_ws/install/make_cloud_pkg/share/make_cloud_pkg/package.sh'
[0.807s] INFO:colcon.colcon_core.shell:Creating package script '/home/tomoni11/Documents/ROS2/study_ws/install/make_cloud_pkg/share/make_cloud_pkg/package.bash'
[0.807s] INFO:colcon.colcon_core.shell:Creating package script '/home/tomoni11/Documents/ROS2/study_ws/install/make_cloud_pkg/share/make_cloud_pkg/package.zsh'
[0.807s] Level 1:colcon.colcon_core.environment:create_file_with_runtime_dependencies(/home/tomoni11/Documents/ROS2/study_ws/install/make_cloud_pkg/share/colcon-core/packages/make_cloud_pkg)
[0.808s] Level 1:colcon.colcon_core.environment:create_environment_scripts_only(make_cloud_pkg)
[0.808s] Level 1:colcon.colcon_core.environment:checking '/home/tomoni11/Documents/ROS2/study_ws/install/make_cloud_pkg' for CMake module files
[0.808s] DEBUG:colcon.colcon_core.event_handler.log_command:Invoked command in '/home/tomoni11/Documents/ROS2/study_ws/build/make_cloud_pkg' returned '0': CMAKE_PREFIX_PATH=/home/tomoni11/Documents/ROS2/study_ws/install/study_interface:/home/tomoni11/Documents/ROS2/study_ws/install/ransac_pkg:/home/tomoni11/Documents/ROS2/study_ws/install/make_cloud_pkg:/home/tomoni11/Documents/ROS2/study_ws/install/interface_pkg:/opt/ros/jazzy/opt/gz_sim_vendor:/opt/ros/jazzy/opt/gz_sensors_vendor:/opt/ros/jazzy/opt/gz_physics_vendor:/opt/ros/jazzy/opt/sdformat_vendor:/opt/ros/jazzy/opt/gz_gui_vendor:/opt/ros/jazzy/opt/gz_transport_vendor:/opt/ros/jazzy/opt/gz_rendering_vendor:/opt/ros/jazzy/opt/gz_plugin_vendor:/opt/ros/jazzy/opt/gz_fuel_tools_vendor:/opt/ros/jazzy/opt/gz_msgs_vendor:/opt/ros/jazzy/opt/gz_common_vendor:/opt/ros/jazzy/opt/gz_math_vendor:/opt/ros/jazzy/opt/gz_utils_vendor:/opt/ros/jazzy/opt/gz_tools_vendor:/opt/ros/jazzy/opt/gz_ogre_next_vendor:/opt/ros/jazzy/opt/gz_dartsim_vendor:/opt/ros/jazzy/opt/gz_cmake_vendor:/opt/ros/jazzy DEBUGINFOD_URLS=https://debuginfod.ubuntu.com /usr/bin/cmake --install /home/tomoni11/Documents/ROS2/study_ws/build/make_cloud_pkg
[0.808s] Level 1:colcon.colcon_core.environment:checking '/home/tomoni11/Documents/ROS2/study_ws/install/make_cloud_pkg' for CMake config files
[0.808s] Level 1:colcon.colcon_core.shell:create_environment_hook('make_cloud_pkg', 'cmake_prefix_path')
[0.808s] INFO:colcon.colcon_core.shell:Creating environment hook '/home/tomoni11/Documents/ROS2/study_ws/install/make_cloud_pkg/share/make_cloud_pkg/hook/cmake_prefix_path.ps1'
[0.809s] INFO:colcon.colcon_core.shell:Creating environment descriptor '/home/tomoni11/Documents/ROS2/study_ws/install/make_cloud_pkg/share/make_cloud_pkg/hook/cmake_prefix_path.dsv'
[0.809s] INFO:colcon.colcon_core.shell:Creating environment hook '/home/tomoni11/Documents/ROS2/study_ws/install/make_cloud_pkg/share/make_cloud_pkg/hook/cmake_prefix_path.sh'
[0.809s] Level 1:colcon.colcon_core.environment:checking '/home/tomoni11/Documents/ROS2/study_ws/install/make_cloud_pkg/lib'
[0.809s] Level 1:colcon.colcon_core.environment:checking '/home/tomoni11/Documents/ROS2/study_ws/install/make_cloud_pkg/bin'
[0.809s] Level 1:colcon.colcon_core.environment:checking '/home/tomoni11/Documents/ROS2/study_ws/install/make_cloud_pkg/lib/pkgconfig/make_cloud_pkg.pc'
[0.809s] Level 1:colcon.colcon_core.environment:checking '/home/tomoni11/Documents/ROS2/study_ws/install/make_cloud_pkg/lib/python3.12/site-packages'
[0.810s] Level 1:colcon.colcon_core.environment:checking '/home/tomoni11/Documents/ROS2/study_ws/install/make_cloud_pkg/bin'
[0.810s] INFO:colcon.colcon_core.shell:Creating package script '/home/tomoni11/Documents/ROS2/study_ws/install/make_cloud_pkg/share/make_cloud_pkg/package.ps1'
[0.810s] INFO:colcon.colcon_core.shell:Creating package descriptor '/home/tomoni11/Documents/ROS2/study_ws/install/make_cloud_pkg/share/make_cloud_pkg/package.dsv'
[0.810s] INFO:colcon.colcon_core.shell:Creating package script '/home/tomoni11/Documents/ROS2/study_ws/install/make_cloud_pkg/share/make_cloud_pkg/package.sh'
[0.810s] INFO:colcon.colcon_core.shell:Creating package script '/home/tomoni11/Documents/ROS2/study_ws/install/make_cloud_pkg/share/make_cloud_pkg/package.bash'
[0.811s] INFO:colcon.colcon_core.shell:Creating package script '/home/tomoni11/Documents/ROS2/study_ws/install/make_cloud_pkg/share/make_cloud_pkg/package.zsh'
[0.811s] Level 1:colcon.colcon_core.environment:create_file_with_runtime_dependencies(/home/tomoni11/Documents/ROS2/study_ws/install/make_cloud_pkg/share/colcon-core/packages/make_cloud_pkg)
[1.443s] DEBUG:colcon.colcon_core.event_handler.log_command:Invoked command in '/home/tomoni11/Documents/ROS2/study_ws/build/ransac_pkg' returned '2': CMAKE_PREFIX_PATH=/home/tomoni11/Documents/ROS2/study_ws/install/study_interface:/home/tomoni11/Documents/ROS2/study_ws/install/ransac_pkg:/home/tomoni11/Documents/ROS2/study_ws/install/make_cloud_pkg:/home/tomoni11/Documents/ROS2/study_ws/install/interface_pkg:/opt/ros/jazzy/opt/gz_sim_vendor:/opt/ros/jazzy/opt/gz_sensors_vendor:/opt/ros/jazzy/opt/gz_physics_vendor:/opt/ros/jazzy/opt/sdformat_vendor:/opt/ros/jazzy/opt/gz_gui_vendor:/opt/ros/jazzy/opt/gz_transport_vendor:/opt/ros/jazzy/opt/gz_rendering_vendor:/opt/ros/jazzy/opt/gz_plugin_vendor:/opt/ros/jazzy/opt/gz_fuel_tools_vendor:/opt/ros/jazzy/opt/gz_msgs_vendor:/opt/ros/jazzy/opt/gz_common_vendor:/opt/ros/jazzy/opt/gz_math_vendor:/opt/ros/jazzy/opt/gz_utils_vendor:/opt/ros/jazzy/opt/gz_tools_vendor:/opt/ros/jazzy/opt/gz_ogre_next_vendor:/opt/ros/jazzy/opt/gz_dartsim_vendor:/opt/ros/jazzy/opt/gz_cmake_vendor:/opt/ros/jazzy DEBUGINFOD_URLS=https://debuginfod.ubuntu.com /usr/bin/cmake --build /home/tomoni11/Documents/ROS2/study_ws/build/ransac_pkg -- -j24 -l24
[1.443s] Level 1:colcon.colcon_core.environment:create_environment_scripts_only(ransac_pkg)
[1.443s] Level 1:colcon.colcon_core.environment:checking '/home/tomoni11/Documents/ROS2/study_ws/install/ransac_pkg' for CMake module files
[1.443s] Level 1:colcon.colcon_core.environment:checking '/home/tomoni11/Documents/ROS2/study_ws/install/ransac_pkg' for CMake config files
[1.444s] Level 1:colcon.colcon_core.shell:create_environment_hook('ransac_pkg', 'cmake_prefix_path')
[1.444s] INFO:colcon.colcon_core.shell:Creating environment hook '/home/tomoni11/Documents/ROS2/study_ws/install/ransac_pkg/share/ransac_pkg/hook/cmake_prefix_path.ps1'
[1.444s] INFO:colcon.colcon_core.shell:Creating environment descriptor '/home/tomoni11/Documents/ROS2/study_ws/install/ransac_pkg/share/ransac_pkg/hook/cmake_prefix_path.dsv'
[1.444s] INFO:colcon.colcon_core.shell:Creating environment hook '/home/tomoni11/Documents/ROS2/study_ws/install/ransac_pkg/share/ransac_pkg/hook/cmake_prefix_path.sh'
[1.445s] Level 1:colcon.colcon_core.environment:checking '/home/tomoni11/Documents/ROS2/study_ws/install/ransac_pkg/lib'
[1.445s] Level 1:colcon.colcon_core.environment:checking '/home/tomoni11/Documents/ROS2/study_ws/install/ransac_pkg/bin'
[1.445s] Level 1:colcon.colcon_core.environment:checking '/home/tomoni11/Documents/ROS2/study_ws/install/ransac_pkg/lib/pkgconfig/ransac_pkg.pc'
[1.445s] Level 1:colcon.colcon_core.environment:checking '/home/tomoni11/Documents/ROS2/study_ws/install/ransac_pkg/lib/python3.12/site-packages'
[1.445s] Level 1:colcon.colcon_core.environment:checking '/home/tomoni11/Documents/ROS2/study_ws/install/ransac_pkg/bin'
[1.445s] INFO:colcon.colcon_core.shell:Creating package script '/home/tomoni11/Documents/ROS2/study_ws/install/ransac_pkg/share/ransac_pkg/package.ps1'
[1.446s] INFO:colcon.colcon_core.shell:Creating package descriptor '/home/tomoni11/Documents/ROS2/study_ws/install/ransac_pkg/share/ransac_pkg/package.dsv'
[1.446s] INFO:colcon.colcon_core.shell:Creating package script '/home/tomoni11/Documents/ROS2/study_ws/install/ransac_pkg/share/ransac_pkg/package.sh'
[1.446s] INFO:colcon.colcon_core.shell:Creating package script '/home/tomoni11/Documents/ROS2/study_ws/install/ransac_pkg/share/ransac_pkg/package.bash'
[1.446s] INFO:colcon.colcon_core.shell:Creating package script '/home/tomoni11/Documents/ROS2/study_ws/install/ransac_pkg/share/ransac_pkg/package.zsh'
[1.447s] Level 1:colcon.colcon_core.environment:create_file_with_runtime_dependencies(/home/tomoni11/Documents/ROS2/study_ws/install/ransac_pkg/share/colcon-core/packages/ransac_pkg)
[1.458s] DEBUG:colcon.colcon_parallel_executor.executor.parallel:closing loop
[1.458s] DEBUG:colcon.colcon_parallel_executor.executor.parallel:loop closed
[1.458s] DEBUG:colcon.colcon_parallel_executor.executor.parallel:run_until_complete finished with '2'
[1.458s] DEBUG:colcon.colcon_core.event_reactor:joining thread
[1.462s] INFO:colcon.colcon_core.plugin_system:Skipping extension 'colcon_notification.desktop_notification.terminal_notifier': Not used on non-Darwin systems
[1.462s] INFO:colcon.colcon_core.plugin_system:Skipping extension 'colcon_notification.desktop_notification.win32': Not used on non-Windows systems
[1.462s] INFO:colcon.colcon_notification.desktop_notification:Sending desktop notification using 'notify2'
[1.488s] DEBUG:colcon.colcon_core.event_reactor:joined thread
[1.488s] INFO:colcon.colcon_core.shell:Creating prefix script '/home/tomoni11/Documents/ROS2/study_ws/install/local_setup.ps1'
[1.489s] INFO:colcon.colcon_core.shell:Creating prefix util module '/home/tomoni11/Documents/ROS2/study_ws/install/_local_setup_util_ps1.py'
[1.490s] INFO:colcon.colcon_core.shell:Creating prefix chain script '/home/tomoni11/Documents/ROS2/study_ws/install/setup.ps1'
[1.490s] INFO:colcon.colcon_core.shell:Creating prefix script '/home/tomoni11/Documents/ROS2/study_ws/install/local_setup.sh'
[1.491s] INFO:colcon.colcon_core.shell:Creating prefix util module '/home/tomoni11/Documents/ROS2/study_ws/install/_local_setup_util_sh.py'
[1.491s] INFO:colcon.colcon_core.shell:Creating prefix chain script '/home/tomoni11/Documents/ROS2/study_ws/install/setup.sh'
[1.492s] INFO:colcon.colcon_core.shell:Creating prefix script '/home/tomoni11/Documents/ROS2/study_ws/install/local_setup.bash'
[1.492s] INFO:colcon.colcon_core.shell:Creating prefix chain script '/home/tomoni11/Documents/ROS2/study_ws/install/setup.bash'
[1.493s] INFO:colcon.colcon_core.shell:Creating prefix script '/home/tomoni11/Documents/ROS2/study_ws/install/local_setup.zsh'
[1.493s] INFO:colcon.colcon_core.shell:Creating prefix chain script '/home/tomoni11/Documents/ROS2/study_ws/install/setup.zsh'
