[0.009s] Invoking command in '/home/tomoni11/Documents/ROS2/sample_ws/build/sample_subpub': CMAKE_PREFIX_PATH=${CMAKE_PREFIX_PATH}:/opt/ros/jazzy DEBUGINFOD_URLS=https://debuginfod.ubuntu.com /usr/bin/cmake --build /home/tomoni11/Documents/ROS2/sample_ws/build/sample_subpub -- -j24 -l24
[0.035s] -- Found ament_cmake: 2.5.3 (/opt/ros/jazzy/share/ament_cmake/cmake)
[0.201s] -- Override CMake install command with custom implementation using symlinks instead of copying resources
[0.206s] -- Found rclcpp: 28.1.6 (/opt/ros/jazzy/share/rclcpp/cmake)
[0.227s] -- Found rosidl_generator_c: 4.6.5 (/opt/ros/jazzy/share/rosidl_generator_c/cmake)
[0.233s] -- Found rosidl_generator_cpp: 4.6.5 (/opt/ros/jazzy/share/rosidl_generator_cpp/cmake)
[0.241s] -- Using all available rosidl_typesupport_c: rosidl_typesupport_fastrtps_c;rosidl_typesupport_introspection_c
[0.250s] -- Using all available rosidl_typesupport_cpp: rosidl_typesupport_fastrtps_cpp;rosidl_typesupport_introspection_cpp
[0.295s] -- Found rmw_implementation_cmake: 7.3.1 (/opt/ros/jazzy/share/rmw_implementation_cmake/cmake)
[0.296s] -- Found rmw_fastrtps_cpp: 8.4.1 (/opt/ros/jazzy/share/rmw_fastrtps_cpp/cmake)
[0.349s] -- Using RMW implementation 'rmw_fastrtps_cpp' as default
[0.399s] -- Found std_msgs: 5.3.5 (/opt/ros/jazzy/share/std_msgs/cmake)
[0.409s] -- Found sample_subpub: 0.0.0 (/home/tomoni11/Documents/ROS2/sample_ws/install/sample_subpub/share/sample_subpub/cmake)
[0.486s] -- Configuring done (0.5s)
[0.496s] -- Generating done (0.0s)
[0.499s] -- Build files have been written to: /home/tomoni11/Documents/ROS2/sample_ws/build/sample_subpub
[0.542s] [100%] Built target listener
[0.542s] [100%] Built target talker
[0.554s] Invoked command in '/home/tomoni11/Documents/ROS2/sample_ws/build/sample_subpub' returned '0': CMAKE_PREFIX_PATH=${CMAKE_PREFIX_PATH}:/opt/ros/jazzy DEBUGINFOD_URLS=https://debuginfod.ubuntu.com /usr/bin/cmake --build /home/tomoni11/Documents/ROS2/sample_ws/build/sample_subpub -- -j24 -l24
[0.563s] Invoking command in '/home/tomoni11/Documents/ROS2/sample_ws/build/sample_subpub': CMAKE_PREFIX_PATH=${CMAKE_PREFIX_PATH}:/opt/ros/jazzy DEBUGINFOD_URLS=https://debuginfod.ubuntu.com /usr/bin/cmake --install /home/tomoni11/Documents/ROS2/sample_ws/build/sample_subpub
[0.569s] -- Install configuration: ""
[0.570s] -- Execute custom install script
[0.570s] -- Up-to-date symlink: /home/tomoni11/Documents/ROS2/sample_ws/install/sample_subpub/lib/sample_subpub//talker
[0.570s] -- Up-to-date symlink: /home/tomoni11/Documents/ROS2/sample_ws/install/sample_subpub/lib/sample_subpub//listener
[0.570s] -- Up-to-date symlink: /home/tomoni11/Documents/ROS2/sample_ws/install/sample_subpub/share//launch/subpub.launch.py
[0.570s] -- Up-to-date symlink: /home/tomoni11/Documents/ROS2/sample_ws/install/sample_subpub/share/ament_index/resource_index/package_run_dependencies/sample_subpub
[0.570s] -- Up-to-date symlink: /home/tomoni11/Documents/ROS2/sample_ws/install/sample_subpub/share/ament_index/resource_index/parent_prefix_path/sample_subpub
[0.571s] -- Up-to-date symlink: /home/tomoni11/Documents/ROS2/sample_ws/install/sample_subpub/share/sample_subpub/environment/ament_prefix_path.sh
[0.571s] -- Up-to-date symlink: /home/tomoni11/Documents/ROS2/sample_ws/install/sample_subpub/share/sample_subpub/environment/ament_prefix_path.dsv
[0.571s] -- Up-to-date symlink: /home/tomoni11/Documents/ROS2/sample_ws/install/sample_subpub/share/sample_subpub/environment/path.sh
[0.571s] -- Up-to-date symlink: /home/tomoni11/Documents/ROS2/sample_ws/install/sample_subpub/share/sample_subpub/environment/path.dsv
[0.571s] -- Up-to-date symlink: /home/tomoni11/Documents/ROS2/sample_ws/install/sample_subpub/share/sample_subpub/local_setup.bash
[0.571s] -- Up-to-date symlink: /home/tomoni11/Documents/ROS2/sample_ws/install/sample_subpub/share/sample_subpub/local_setup.sh
[0.571s] -- Up-to-date symlink: /home/tomoni11/Documents/ROS2/sample_ws/install/sample_subpub/share/sample_subpub/local_setup.zsh
[0.571s] -- Up-to-date symlink: /home/tomoni11/Documents/ROS2/sample_ws/install/sample_subpub/share/sample_subpub/local_setup.dsv
[0.571s] -- Symlinking: /home/tomoni11/Documents/ROS2/sample_ws/install/sample_subpub/share/sample_subpub/package.dsv
[0.579s] -- Up-to-date symlink: /home/tomoni11/Documents/ROS2/sample_ws/install/sample_subpub/share/ament_index/resource_index/packages/sample_subpub
[0.579s] -- Up-to-date symlink: /home/tomoni11/Documents/ROS2/sample_ws/install/sample_subpub/share/sample_subpub/cmake/sample_subpubConfig.cmake
[0.579s] -- Up-to-date symlink: /home/tomoni11/Documents/ROS2/sample_ws/install/sample_subpub/share/sample_subpub/cmake/sample_subpubConfig-version.cmake
[0.579s] -- Up-to-date symlink: /home/tomoni11/Documents/ROS2/sample_ws/install/sample_subpub/share/sample_subpub/package.xml
[0.580s] Invoked command in '/home/tomoni11/Documents/ROS2/sample_ws/build/sample_subpub' returned '0': CMAKE_PREFIX_PATH=${CMAKE_PREFIX_PATH}:/opt/ros/jazzy DEBUGINFOD_URLS=https://debuginfod.ubuntu.com /usr/bin/cmake --install /home/tomoni11/Documents/ROS2/sample_ws/build/sample_subpub
