[0.017s] Invoking command in '/home/tomoni11/Documents/ROS2/study_ws/build/ransac_pkg': CMAKE_PREFIX_PATH=/home/tomoni11/Documents/ROS2/study_ws/install/study_interface:/home/tomoni11/Documents/ROS2/study_ws/install/ransac_pkg:/home/tomoni11/Documents/ROS2/study_ws/install/make_cloud_pkg:/home/tomoni11/Documents/ROS2/study_ws/install/interface_pkg:/opt/ros/jazzy/opt/gz_sim_vendor:/opt/ros/jazzy/opt/gz_sensors_vendor:/opt/ros/jazzy/opt/gz_physics_vendor:/opt/ros/jazzy/opt/sdformat_vendor:/opt/ros/jazzy/opt/gz_gui_vendor:/opt/ros/jazzy/opt/gz_transport_vendor:/opt/ros/jazzy/opt/gz_rendering_vendor:/opt/ros/jazzy/opt/gz_plugin_vendor:/opt/ros/jazzy/opt/gz_fuel_tools_vendor:/opt/ros/jazzy/opt/gz_msgs_vendor:/opt/ros/jazzy/opt/gz_common_vendor:/opt/ros/jazzy/opt/gz_math_vendor:/opt/ros/jazzy/opt/gz_utils_vendor:/opt/ros/jazzy/opt/gz_tools_vendor:/opt/ros/jazzy/opt/gz_ogre_next_vendor:/opt/ros/jazzy/opt/gz_dartsim_vendor:/opt/ros/jazzy/opt/gz_cmake_vendor:/opt/ros/jazzy DEBUGINFOD_URLS=https://debuginfod.ubuntu.com /usr/bin/cmake --build /home/tomoni11/Documents/ROS2/study_ws/build/ransac_pkg -- -j24 -l24
[0.069s] [ 50%] Built target circle_drower
[0.073s] [ 75%] [32mBuilding CXX object CMakeFiles/circle.dir/src/circle_main.cpp.o[0m
[1.994s] In file included from [01m[K/home/tomoni11/Documents/ROS2/study_ws/src/ransac_pkg/src/circle_main.cpp:7[m[K:
[1.994s] [01m[K/home/tomoni11/Documents/ROS2/study_ws/src/ransac_pkg/include/ransac_pkg/circle_ransac.cpp:[m[K In member function ‘[01m[Kstd::vector<line_segment> RANSAC::[01;32m[Kline_ransac[m[K(int)[m[K’:
[1.994s] [01m[K/home/tomoni11/Documents/ROS2/study_ws/src/ransac_pkg/include/ransac_pkg/circle_ransac.cpp:110:37:[m[K [01;35m[Kwarning: [m[Kcomparison of integer expressions of different signedness: ‘[01m[Kint[m[K’ and ‘[01m[Kstd::vector<double, std::allocator<double> >::size_type[m[K’ {aka ‘[01m[Klong unsigned int[m[K’} [[01;35m[K]8;;https://gcc.gnu.org/onlinedocs/gcc/Warning-Options.html#index-Wsign-compare-Wsign-compare]8;;[m[K]
[1.994s]   110 |                   for (int j = 0; [01;35m[Kj < _x.size()[m[K; j++)
[1.994s]       |                                   [01;35m[K~~^~~~~~~~~~~[m[K
[2.003s] [01m[K/home/tomoni11/Documents/ROS2/study_ws/src/ransac_pkg/include/ransac_pkg/circle_ransac.cpp:112:29:[m[K [01;31m[Kerror: [m[K‘[01m[Kcalculate_error[m[K’ was not declared in this scope
[2.003s]   112 |                         if ([01;31m[Kcalculate_error[m[K(_x[j], _y[j], guess_line) < threshold && !inlier[j])
[2.003s]       |                             [01;31m[K^~~~~~~~~~~~~~~[m[K
[2.013s] [01m[K/home/tomoni11/Documents/ROS2/study_ws/src/ransac_pkg/include/ransac_pkg/circle_ransac.cpp:136:52:[m[K [01;31m[Kerror: [m[K‘[01m[Kget_distance_line[m[K’ was not declared in this scope
[2.013s]   136 |                               best_line.distance = [01;31m[Kget_distance_line[m[K(best_line.low_x, best_line.low_y, best_line.high_x, best_line.high_y);
[2.013s]       |                                                    [01;31m[K^~~~~~~~~~~~~~~~~[m[K
[2.019s] [01m[K/home/tomoni11/Documents/ROS2/study_ws/src/ransac_pkg/include/ransac_pkg/circle_ransac.cpp:137:49:[m[K [01;31m[Kerror: [m[K‘[01m[Kget_theta[m[K’ was not declared in this scope
[2.019s]   137 |                               best_line.theta = [01;31m[Kget_theta[m[K(guess_line.a, guess_line.b, guess_line.c);
[2.019s]       |                                                 [01;31m[K^~~~~~~~~[m[K
[2.020s] [01m[K/home/tomoni11/Documents/ROS2/study_ws/src/ransac_pkg/include/ransac_pkg/circle_ransac.cpp:[m[K At global scope:
[2.020s] [01m[K/home/tomoni11/Documents/ROS2/study_ws/src/ransac_pkg/include/ransac_pkg/circle_ransac.cpp:149:8:[m[K [01;31m[Kerror: [m[Kno declaration matches ‘[01m[Kdouble RANSAC::[01;32m[Kfind_error[m[K(circle&, double&, double&) const[m[K’
[2.020s]   149 | double [01;31m[KRANSAC[m[K::find_error(circle &circle, double &_x, double &_y) const
[2.020s]       |        [01;31m[K^~~~~~[m[K
[2.020s] In file included from [01m[K/home/tomoni11/Documents/ROS2/study_ws/src/ransac_pkg/src/circle_main.cpp:6[m[K:
[2.020s] [01m[K/home/tomoni11/Documents/ROS2/study_ws/src/ransac_pkg/include/ransac_pkg/ransac.hpp:50:14:[m[K [01;36m[Knote: [m[Kcandidates are: ‘[01m[Kdouble RANSAC::[01;32m[Kfind_error[m[K(line_segment, double, double) const[m[K’
[2.020s]    50 |       double [01;36m[Kfind_error[m[K(line_segment line_segment, double _x, double _y) const;
[2.020s]       |              [01;36m[K^~~~~~~~~~[m[K
[2.020s] [01m[K/home/tomoni11/Documents/ROS2/study_ws/src/ransac_pkg/include/ransac_pkg/ransac.hpp:49:14:[m[K [01;36m[Knote: [m[K                ‘[01m[Kdouble RANSAC::[01;32m[Kfind_error[m[K(circle, double, double) const[m[K’
[2.020s]    49 |       double [01;36m[Kfind_error[m[K(circle circle, double _x, double _y) const;
[2.020s]       |              [01;36m[K^~~~~~~~~~[m[K
[2.020s] [01m[K/home/tomoni11/Documents/ROS2/study_ws/src/ransac_pkg/include/ransac_pkg/ransac.hpp:38:7:[m[K [01;36m[Knote: [m[K‘[01m[Kclass RANSAC[m[K’ defined here
[2.020s]    38 | class [01;36m[KRANSAC[m[K
[2.020s]       |       [01;36m[K^~~~~~[m[K
[2.020s] [01m[K/home/tomoni11/Documents/ROS2/study_ws/src/ransac_pkg/include/ransac_pkg/circle_ransac.cpp:154:8:[m[K [01;31m[Kerror: [m[Kno declaration matches ‘[01m[Kdouble RANSAC::[01;32m[Kfind_error[m[K(line&, double&, double&) const[m[K’
[2.020s]   154 | double [01;31m[KRANSAC[m[K::find_error(line &line, double &_x, double &_y) const
[2.020s]       |        [01;31m[K^~~~~~[m[K
[2.020s] [01m[K/home/tomoni11/Documents/ROS2/study_ws/src/ransac_pkg/include/ransac_pkg/ransac.hpp:50:14:[m[K [01;36m[Knote: [m[Kcandidates are: ‘[01m[Kdouble RANSAC::[01;32m[Kfind_error[m[K(line_segment, double, double) const[m[K’
[2.021s]    50 |       double [01;36m[Kfind_error[m[K(line_segment line_segment, double _x, double _y) const;
[2.021s]       |              [01;36m[K^~~~~~~~~~[m[K
[2.021s] [01m[K/home/tomoni11/Documents/ROS2/study_ws/src/ransac_pkg/include/ransac_pkg/ransac.hpp:49:14:[m[K [01;36m[Knote: [m[K                ‘[01m[Kdouble RANSAC::[01;32m[Kfind_error[m[K(circle, double, double) const[m[K’
[2.021s]    49 |       double [01;36m[Kfind_error[m[K(circle circle, double _x, double _y) const;
[2.021s]       |              [01;36m[K^~~~~~~~~~[m[K
[2.021s] [01m[K/home/tomoni11/Documents/ROS2/study_ws/src/ransac_pkg/include/ransac_pkg/ransac.hpp:38:7:[m[K [01;36m[Knote: [m[K‘[01m[Kclass RANSAC[m[K’ defined here
[2.021s]    38 | class [01;36m[KRANSAC[m[K
[2.021s]       |       [01;36m[K^~~~~~[m[K
[2.050s] [01m[K/home/tomoni11/Documents/ROS2/study_ws/src/ransac_pkg/src/circle_main.cpp:[m[K In member function ‘[01m[Kvoid CircleRansac::[01;32m[KtopicCallback[m[K(study_interface::msg::Cloud_<std::allocator<void> >::SharedPtr)[m[K’:
[2.050s] [01m[K/home/tomoni11/Documents/ROS2/study_ws/src/ransac_pkg/src/circle_main.cpp:36:81:[m[K [01;31m[Kerror: [m[Kconversion from ‘[01m[Kvector<[01;32m[Kcircle[m[K>[m[K’ to non-scalar type ‘[01m[Kvector<[01;32m[Kline_segment[m[K>[m[K’ requested
[2.050s]    36 |             std::vector<line_segment> line_answers = [01;31m[Kransac_device.circle_ransac(1)[m[K;
[2.050s]       |                                                      [01;31m[K~~~~~~~~~~~~~~~~~~~~~~~~~~~^~~[m[K
[4.085s] gmake[2]: *** [CMakeFiles/circle.dir/build.make:76: CMakeFiles/circle.dir/src/circle_main.cpp.o] エラー 1
[4.085s] gmake[1]: *** [CMakeFiles/Makefile2:139: CMakeFiles/circle.dir/all] エラー 2
[4.086s] gmake: *** [Makefile:146: all] エラー 2
[4.087s] Invoked command in '/home/tomoni11/Documents/ROS2/study_ws/build/ransac_pkg' returned '2': CMAKE_PREFIX_PATH=/home/tomoni11/Documents/ROS2/study_ws/install/study_interface:/home/tomoni11/Documents/ROS2/study_ws/install/ransac_pkg:/home/tomoni11/Documents/ROS2/study_ws/install/make_cloud_pkg:/home/tomoni11/Documents/ROS2/study_ws/install/interface_pkg:/opt/ros/jazzy/opt/gz_sim_vendor:/opt/ros/jazzy/opt/gz_sensors_vendor:/opt/ros/jazzy/opt/gz_physics_vendor:/opt/ros/jazzy/opt/sdformat_vendor:/opt/ros/jazzy/opt/gz_gui_vendor:/opt/ros/jazzy/opt/gz_transport_vendor:/opt/ros/jazzy/opt/gz_rendering_vendor:/opt/ros/jazzy/opt/gz_plugin_vendor:/opt/ros/jazzy/opt/gz_fuel_tools_vendor:/opt/ros/jazzy/opt/gz_msgs_vendor:/opt/ros/jazzy/opt/gz_common_vendor:/opt/ros/jazzy/opt/gz_math_vendor:/opt/ros/jazzy/opt/gz_utils_vendor:/opt/ros/jazzy/opt/gz_tools_vendor:/opt/ros/jazzy/opt/gz_ogre_next_vendor:/opt/ros/jazzy/opt/gz_dartsim_vendor:/opt/ros/jazzy/opt/gz_cmake_vendor:/opt/ros/jazzy DEBUGINFOD_URLS=https://debuginfod.ubuntu.com /usr/bin/cmake --build /home/tomoni11/Documents/ROS2/study_ws/build/ransac_pkg -- -j24 -l24
