-- Found ament_cmake: 2.5.3 (/opt/ros/jazzy/share/ament_cmake/cmake)
-- Found Python3: /usr/bin/python3 (found version "3.12.3") found components: Interpreter 
-- Found rclcpp: 28.1.6 (/opt/ros/jazzy/share/rclcpp/cmake)
-- Found rosidl_generator_c: 4.6.5 (/opt/ros/jazzy/share/rosidl_generator_c/cmake)
-- Found rosidl_generator_cpp: 4.6.5 (/opt/ros/jazzy/share/rosidl_generator_cpp/cmake)
-- Using all available rosidl_typesupport_c: rosidl_typesupport_fastrtps_c;rosidl_typesupport_introspection_c
-- Using all available rosidl_typesupport_cpp: rosidl_typesupport_fastrtps_cpp;rosidl_typesupport_introspection_cpp
-- Found rmw_implementation_cmake: 7.3.1 (/opt/ros/jazzy/share/rmw_implementation_cmake/cmake)
-- Found rmw_fastrtps_cpp: 8.4.1 (/opt/ros/jazzy/share/rmw_fastrtps_cpp/cmake)
-- Using RMW implementation 'rmw_fastrtps_cpp' as default
-- Found sensor_msgs: 5.3.5 (/opt/ros/jazzy/share/sensor_msgs/cmake)
-- Found interface_pkg: 0.0.0 (/home/tomoni11/Documents/ROS2/asobi_ws/install/interface_pkg/share/interface_pkg/cmake)
-- Found Python3: /usr/include/python3.12 (found version "3.12.3") found components: Development NumPy Interpreter Development.Module Development.Embed 
-- Found ament_lint_auto: 0.17.1 (/opt/ros/jazzy/share/ament_lint_auto/cmake)
-- Added test 'cppcheck' to perform static code analysis on C / C++ code
-- Configured cppcheck include dirs: /home/tomoni11/Documents/ROS2/asobi_ws/src/simple_ransac_pkg/include/simple_ransac_pkg
-- Configured cppcheck exclude dirs and/or files: 
-- Added test 'lint_cmake' to check CMake code style
-- Added test 'uncrustify' to check C / C++ code style
-- Configured uncrustify additional arguments: 
-- Added test 'xmllint' to check XML markup files
-- Configuring done (1.0s)
-- Generating done (0.0s)
-- Build files have been written to: /home/tomoni11/Documents/ROS2/asobi_ws/build/simple_ransac_pkg
[ 50%] [32mBuilding CXX object CMakeFiles/listener.dir/src/ransac_think.cpp.o[0m
[ 50%] [32mBuilding CXX object CMakeFiles/drawer.dir/src/ransac_drower.cpp.o[0m
[ 75%] [32m[1mLinking CXX executable drawer[0m
[ 75%] Built target drawer
[100%] [32m[1mLinking CXX executable listener[0m
[100%] Built target listener
-- Install configuration: ""
-- Installing: /home/tomoni11/Documents/ROS2/asobi_ws/install/simple_ransac_pkg/lib/simple_ransac_pkg/listener
-- Set non-toolchain portion of runtime path of "/home/tomoni11/Documents/ROS2/asobi_ws/install/simple_ransac_pkg/lib/simple_ransac_pkg/listener" to ""
-- Installing: /home/tomoni11/Documents/ROS2/asobi_ws/install/simple_ransac_pkg/lib/simple_ransac_pkg/drawer
-- Set non-toolchain portion of runtime path of "/home/tomoni11/Documents/ROS2/asobi_ws/install/simple_ransac_pkg/lib/simple_ransac_pkg/drawer" to ""
-- Installing: /home/tomoni11/Documents/ROS2/asobi_ws/install/simple_ransac_pkg/share/ament_index/resource_index/package_run_dependencies/simple_ransac_pkg
-- Installing: /home/tomoni11/Documents/ROS2/asobi_ws/install/simple_ransac_pkg/share/ament_index/resource_index/parent_prefix_path/simple_ransac_pkg
-- Installing: /home/tomoni11/Documents/ROS2/asobi_ws/install/simple_ransac_pkg/share/simple_ransac_pkg/environment/ament_prefix_path.sh
-- Installing: /home/tomoni11/Documents/ROS2/asobi_ws/install/simple_ransac_pkg/share/simple_ransac_pkg/environment/ament_prefix_path.dsv
-- Installing: /home/tomoni11/Documents/ROS2/asobi_ws/install/simple_ransac_pkg/share/simple_ransac_pkg/environment/path.sh
-- Installing: /home/tomoni11/Documents/ROS2/asobi_ws/install/simple_ransac_pkg/share/simple_ransac_pkg/environment/path.dsv
-- Installing: /home/tomoni11/Documents/ROS2/asobi_ws/install/simple_ransac_pkg/share/simple_ransac_pkg/local_setup.bash
-- Installing: /home/tomoni11/Documents/ROS2/asobi_ws/install/simple_ransac_pkg/share/simple_ransac_pkg/local_setup.sh
-- Installing: /home/tomoni11/Documents/ROS2/asobi_ws/install/simple_ransac_pkg/share/simple_ransac_pkg/local_setup.zsh
-- Installing: /home/tomoni11/Documents/ROS2/asobi_ws/install/simple_ransac_pkg/share/simple_ransac_pkg/local_setup.dsv
-- Installing: /home/tomoni11/Documents/ROS2/asobi_ws/install/simple_ransac_pkg/share/simple_ransac_pkg/package.dsv
-- Installing: /home/tomoni11/Documents/ROS2/asobi_ws/install/simple_ransac_pkg/share/ament_index/resource_index/packages/simple_ransac_pkg
-- Installing: /home/tomoni11/Documents/ROS2/asobi_ws/install/simple_ransac_pkg/share/simple_ransac_pkg/cmake/simple_ransac_pkgConfig.cmake
-- Installing: /home/tomoni11/Documents/ROS2/asobi_ws/install/simple_ransac_pkg/share/simple_ransac_pkg/cmake/simple_ransac_pkgConfig-version.cmake
-- Installing: /home/tomoni11/Documents/ROS2/asobi_ws/install/simple_ransac_pkg/share/simple_ransac_pkg/package.xml
