[0.073s] DEBUG:colcon:Command line arguments: ['/usr/bin/colcon', 'build']
[0.073s] DEBUG:colcon:Parsed command line arguments: Namespace(log_base=None, log_level=None, verb_name='build', build_base='build', install_base='install', merge_install=False, symlink_install=False, test_result_base=None, continue_on_error=False, executor='parallel', parallel_workers=24, event_handlers=None, ignore_user_meta=False, metas=['./colcon.meta'], base_paths=['.'], packages_ignore=None, packages_ignore_regex=None, paths=None, packages_up_to=None, packages_up_to_regex=None, packages_above=None, packages_above_and_dependencies=None, packages_above_depth=None, packages_select_by_dep=None, packages_skip_by_dep=None, packages_skip_up_to=None, packages_select_build_failed=False, packages_skip_build_finished=False, packages_select_test_failures=False, packages_skip_test_passed=False, packages_select=None, packages_skip=None, packages_select_regex=None, packages_skip_regex=None, packages_start=None, packages_end=None, allow_overriding=[], cmake_args=None, cmake_target=None, cmake_target_skip_unavailable=False, cmake_clean_cache=False, cmake_clean_first=False, cmake_force_configure=False, ament_cmake_args=None, catkin_cmake_args=None, catkin_skip_building_tests=False, mixin_files=None, mixin=None, verb_parser=<colcon_mixin.mixin.mixin_argument.MixinArgumentDecorator object at 0x7e1cccd6f7d0>, verb_extension=<colcon_core.verb.build.BuildVerb object at 0x7e1cccd6f530>, main=<bound method BuildVerb.main of <colcon_core.verb.build.BuildVerb object at 0x7e1cccd6f530>>, mixin_verb=('build',))
[0.107s] Level 1:colcon.colcon_core.package_discovery:discover_packages(colcon_meta) check parameters
[0.108s] Level 1:colcon.colcon_core.package_discovery:discover_packages(recursive) check parameters
[0.108s] Level 1:colcon.colcon_core.package_discovery:discover_packages(ignore) check parameters
[0.108s] Level 1:colcon.colcon_core.package_discovery:discover_packages(path) check parameters
[0.108s] Level 1:colcon.colcon_core.package_discovery:discover_packages(colcon_meta) discover
[0.108s] Level 1:colcon.colcon_core.package_discovery:discover_packages(recursive) discover
[0.108s] INFO:colcon.colcon_core.package_discovery:Crawling recursively for packages in '/home/tomoni11/Documents/ROS2/study_ws'
[0.108s] Level 1:colcon.colcon_core.package_identification:_identify(.) by extensions ['ignore', 'ignore_ament_install']
[0.108s] Level 1:colcon.colcon_core.package_identification:_identify(.) by extension 'ignore'
[0.108s] Level 1:colcon.colcon_core.package_identification:_identify(.) by extension 'ignore_ament_install'
[0.108s] Level 1:colcon.colcon_core.package_identification:_identify(.) by extensions ['colcon_pkg']
[0.108s] Level 1:colcon.colcon_core.package_identification:_identify(.) by extension 'colcon_pkg'
[0.108s] Level 1:colcon.colcon_core.package_identification:_identify(.) by extensions ['colcon_meta']
[0.108s] Level 1:colcon.colcon_core.package_identification:_identify(.) by extension 'colcon_meta'
[0.108s] Level 1:colcon.colcon_core.package_identification:_identify(.) by extensions ['ros']
[0.108s] Level 1:colcon.colcon_core.package_identification:_identify(.) by extension 'ros'
[0.129s] Level 1:colcon.colcon_core.package_identification:_identify(.) by extensions ['cmake', 'python']
[0.129s] Level 1:colcon.colcon_core.package_identification:_identify(.) by extension 'cmake'
[0.130s] Level 1:colcon.colcon_core.package_identification:_identify(.) by extension 'python'
[0.130s] Level 1:colcon.colcon_core.package_identification:_identify(.) by extensions ['python_setup_py']
[0.130s] Level 1:colcon.colcon_core.package_identification:_identify(.) by extension 'python_setup_py'
[0.130s] Level 1:colcon.colcon_core.package_identification:_identify(build) by extensions ['ignore', 'ignore_ament_install']
[0.130s] Level 1:colcon.colcon_core.package_identification:_identify(build) by extension 'ignore'
[0.130s] Level 1:colcon.colcon_core.package_identification:_identify(build) ignored
[0.130s] Level 1:colcon.colcon_core.package_identification:_identify(install) by extensions ['ignore', 'ignore_ament_install']
[0.130s] Level 1:colcon.colcon_core.package_identification:_identify(install) by extension 'ignore'
[0.130s] Level 1:colcon.colcon_core.package_identification:_identify(install) ignored
[0.130s] Level 1:colcon.colcon_core.package_identification:_identify(log) by extensions ['ignore', 'ignore_ament_install']
[0.130s] Level 1:colcon.colcon_core.package_identification:_identify(log) by extension 'ignore'
[0.130s] Level 1:colcon.colcon_core.package_identification:_identify(log) ignored
[0.130s] Level 1:colcon.colcon_core.package_identification:_identify(src) by extensions ['ignore', 'ignore_ament_install']
[0.130s] Level 1:colcon.colcon_core.package_identification:_identify(src) by extension 'ignore'
[0.130s] Level 1:colcon.colcon_core.package_identification:_identify(src) by extension 'ignore_ament_install'
[0.130s] Level 1:colcon.colcon_core.package_identification:_identify(src) by extensions ['colcon_pkg']
[0.130s] Level 1:colcon.colcon_core.package_identification:_identify(src) by extension 'colcon_pkg'
[0.130s] Level 1:colcon.colcon_core.package_identification:_identify(src) by extensions ['colcon_meta']
[0.130s] Level 1:colcon.colcon_core.package_identification:_identify(src) by extension 'colcon_meta'
[0.130s] Level 1:colcon.colcon_core.package_identification:_identify(src) by extensions ['ros']
[0.130s] Level 1:colcon.colcon_core.package_identification:_identify(src) by extension 'ros'
[0.130s] Level 1:colcon.colcon_core.package_identification:_identify(src) by extensions ['cmake', 'python']
[0.130s] Level 1:colcon.colcon_core.package_identification:_identify(src) by extension 'cmake'
[0.130s] Level 1:colcon.colcon_core.package_identification:_identify(src) by extension 'python'
[0.131s] Level 1:colcon.colcon_core.package_identification:_identify(src) by extensions ['python_setup_py']
[0.131s] Level 1:colcon.colcon_core.package_identification:_identify(src) by extension 'python_setup_py'
[0.131s] Level 1:colcon.colcon_core.package_identification:_identify(src/make_cloud_pkg) by extensions ['ignore', 'ignore_ament_install']
[0.131s] Level 1:colcon.colcon_core.package_identification:_identify(src/make_cloud_pkg) by extension 'ignore'
[0.131s] Level 1:colcon.colcon_core.package_identification:_identify(src/make_cloud_pkg) by extension 'ignore_ament_install'
[0.131s] Level 1:colcon.colcon_core.package_identification:_identify(src/make_cloud_pkg) by extensions ['colcon_pkg']
[0.131s] Level 1:colcon.colcon_core.package_identification:_identify(src/make_cloud_pkg) by extension 'colcon_pkg'
[0.131s] Level 1:colcon.colcon_core.package_identification:_identify(src/make_cloud_pkg) by extensions ['colcon_meta']
[0.131s] Level 1:colcon.colcon_core.package_identification:_identify(src/make_cloud_pkg) by extension 'colcon_meta'
[0.131s] Level 1:colcon.colcon_core.package_identification:_identify(src/make_cloud_pkg) by extensions ['ros']
[0.131s] Level 1:colcon.colcon_core.package_identification:_identify(src/make_cloud_pkg) by extension 'ros'
[0.133s] DEBUG:colcon.colcon_core.package_identification:Package 'src/make_cloud_pkg' with type 'ros.ament_cmake' and name 'make_cloud_pkg'
[0.133s] Level 1:colcon.colcon_core.package_identification:_identify(src/ransac_pkg) by extensions ['ignore', 'ignore_ament_install']
[0.133s] Level 1:colcon.colcon_core.package_identification:_identify(src/ransac_pkg) by extension 'ignore'
[0.133s] Level 1:colcon.colcon_core.package_identification:_identify(src/ransac_pkg) by extension 'ignore_ament_install'
[0.133s] Level 1:colcon.colcon_core.package_identification:_identify(src/ransac_pkg) by extensions ['colcon_pkg']
[0.133s] Level 1:colcon.colcon_core.package_identification:_identify(src/ransac_pkg) by extension 'colcon_pkg'
[0.133s] Level 1:colcon.colcon_core.package_identification:_identify(src/ransac_pkg) by extensions ['colcon_meta']
[0.133s] Level 1:colcon.colcon_core.package_identification:_identify(src/ransac_pkg) by extension 'colcon_meta'
[0.133s] Level 1:colcon.colcon_core.package_identification:_identify(src/ransac_pkg) by extensions ['ros']
[0.133s] Level 1:colcon.colcon_core.package_identification:_identify(src/ransac_pkg) by extension 'ros'
[0.134s] DEBUG:colcon.colcon_core.package_identification:Package 'src/ransac_pkg' with type 'ros.ament_cmake' and name 'ransac_pkg'
[0.134s] Level 1:colcon.colcon_core.package_identification:_identify(src/study_interface) by extensions ['ignore', 'ignore_ament_install']
[0.134s] Level 1:colcon.colcon_core.package_identification:_identify(src/study_interface) by extension 'ignore'
[0.134s] Level 1:colcon.colcon_core.package_identification:_identify(src/study_interface) by extension 'ignore_ament_install'
[0.134s] Level 1:colcon.colcon_core.package_identification:_identify(src/study_interface) by extensions ['colcon_pkg']
[0.134s] Level 1:colcon.colcon_core.package_identification:_identify(src/study_interface) by extension 'colcon_pkg'
[0.134s] Level 1:colcon.colcon_core.package_identification:_identify(src/study_interface) by extensions ['colcon_meta']
[0.134s] Level 1:colcon.colcon_core.package_identification:_identify(src/study_interface) by extension 'colcon_meta'
[0.134s] Level 1:colcon.colcon_core.package_identification:_identify(src/study_interface) by extensions ['ros']
[0.134s] Level 1:colcon.colcon_core.package_identification:_identify(src/study_interface) by extension 'ros'
[0.134s] DEBUG:colcon.colcon_core.package_identification:Package 'src/study_interface' with type 'ros.ament_cmake' and name 'study_interface'
[0.134s] Level 1:colcon.colcon_core.package_discovery:discover_packages(recursive) using defaults
[0.134s] Level 1:colcon.colcon_core.package_discovery:discover_packages(ignore) discover
[0.134s] Level 1:colcon.colcon_core.package_discovery:discover_packages(ignore) using defaults
[0.134s] Level 1:colcon.colcon_core.package_discovery:discover_packages(path) discover
[0.134s] Level 1:colcon.colcon_core.package_discovery:discover_packages(path) using defaults
[0.148s] Level 1:colcon.colcon_core.package_discovery:discover_packages(prefix_path) check parameters
[0.148s] Level 1:colcon.colcon_core.package_discovery:discover_packages(prefix_path) discover
[0.149s] DEBUG:colcon.colcon_installed_package_information.package_discovery:Found 4 installed packages in /home/tomoni11/Documents/ROS2/study_ws/install
[0.151s] DEBUG:colcon.colcon_installed_package_information.package_discovery:Found 319 installed packages in /opt/ros/jazzy
[0.152s] Level 1:colcon.colcon_core.package_discovery:discover_packages(prefix_path) using defaults
[0.182s] Level 5:colcon.colcon_core.verb:set package 'study_interface' build argument 'cmake_args' from command line to 'None'
[0.182s] Level 5:colcon.colcon_core.verb:set package 'study_interface' build argument 'cmake_target' from command line to 'None'
[0.182s] Level 5:colcon.colcon_core.verb:set package 'study_interface' build argument 'cmake_target_skip_unavailable' from command line to 'False'
[0.182s] Level 5:colcon.colcon_core.verb:set package 'study_interface' build argument 'cmake_clean_cache' from command line to 'False'
[0.182s] Level 5:colcon.colcon_core.verb:set package 'study_interface' build argument 'cmake_clean_first' from command line to 'False'
[0.182s] Level 5:colcon.colcon_core.verb:set package 'study_interface' build argument 'cmake_force_configure' from command line to 'False'
[0.182s] Level 5:colcon.colcon_core.verb:set package 'study_interface' build argument 'ament_cmake_args' from command line to 'None'
[0.182s] Level 5:colcon.colcon_core.verb:set package 'study_interface' build argument 'catkin_cmake_args' from command line to 'None'
[0.182s] Level 5:colcon.colcon_core.verb:set package 'study_interface' build argument 'catkin_skip_building_tests' from command line to 'False'
[0.182s] DEBUG:colcon.colcon_core.verb:Building package 'study_interface' with the following arguments: {'ament_cmake_args': None, 'build_base': '/home/tomoni11/Documents/ROS2/study_ws/build/study_interface', 'catkin_cmake_args': None, 'catkin_skip_building_tests': False, 'cmake_args': None, 'cmake_clean_cache': False, 'cmake_clean_first': False, 'cmake_force_configure': False, 'cmake_target': None, 'cmake_target_skip_unavailable': False, 'install_base': '/home/tomoni11/Documents/ROS2/study_ws/install/study_interface', 'merge_install': False, 'path': '/home/tomoni11/Documents/ROS2/study_ws/src/study_interface', 'symlink_install': False, 'test_result_base': None}
[0.182s] Level 5:colcon.colcon_core.verb:set package 'make_cloud_pkg' build argument 'cmake_args' from command line to 'None'
[0.182s] Level 5:colcon.colcon_core.verb:set package 'make_cloud_pkg' build argument 'cmake_target' from command line to 'None'
[0.182s] Level 5:colcon.colcon_core.verb:set package 'make_cloud_pkg' build argument 'cmake_target_skip_unavailable' from command line to 'False'
[0.182s] Level 5:colcon.colcon_core.verb:set package 'make_cloud_pkg' build argument 'cmake_clean_cache' from command line to 'False'
[0.182s] Level 5:colcon.colcon_core.verb:set package 'make_cloud_pkg' build argument 'cmake_clean_first' from command line to 'False'
[0.182s] Level 5:colcon.colcon_core.verb:set package 'make_cloud_pkg' build argument 'cmake_force_configure' from command line to 'False'
[0.182s] Level 5:colcon.colcon_core.verb:set package 'make_cloud_pkg' build argument 'ament_cmake_args' from command line to 'None'
[0.182s] Level 5:colcon.colcon_core.verb:set package 'make_cloud_pkg' build argument 'catkin_cmake_args' from command line to 'None'
[0.182s] Level 5:colcon.colcon_core.verb:set package 'make_cloud_pkg' build argument 'catkin_skip_building_tests' from command line to 'False'
[0.182s] DEBUG:colcon.colcon_core.verb:Building package 'make_cloud_pkg' with the following arguments: {'ament_cmake_args': None, 'build_base': '/home/tomoni11/Documents/ROS2/study_ws/build/make_cloud_pkg', 'catkin_cmake_args': None, 'catkin_skip_building_tests': False, 'cmake_args': None, 'cmake_clean_cache': False, 'cmake_clean_first': False, 'cmake_force_configure': False, 'cmake_target': None, 'cmake_target_skip_unavailable': False, 'install_base': '/home/tomoni11/Documents/ROS2/study_ws/install/make_cloud_pkg', 'merge_install': False, 'path': '/home/tomoni11/Documents/ROS2/study_ws/src/make_cloud_pkg', 'symlink_install': False, 'test_result_base': None}
[0.183s] Level 5:colcon.colcon_core.verb:set package 'ransac_pkg' build argument 'cmake_args' from command line to 'None'
[0.183s] Level 5:colcon.colcon_core.verb:set package 'ransac_pkg' build argument 'cmake_target' from command line to 'None'
[0.183s] Level 5:colcon.colcon_core.verb:set package 'ransac_pkg' build argument 'cmake_target_skip_unavailable' from command line to 'False'
[0.183s] Level 5:colcon.colcon_core.verb:set package 'ransac_pkg' build argument 'cmake_clean_cache' from command line to 'False'
[0.183s] Level 5:colcon.colcon_core.verb:set package 'ransac_pkg' build argument 'cmake_clean_first' from command line to 'False'
[0.183s] Level 5:colcon.colcon_core.verb:set package 'ransac_pkg' build argument 'cmake_force_configure' from command line to 'False'
[0.183s] Level 5:colcon.colcon_core.verb:set package 'ransac_pkg' build argument 'ament_cmake_args' from command line to 'None'
[0.183s] Level 5:colcon.colcon_core.verb:set package 'ransac_pkg' build argument 'catkin_cmake_args' from command line to 'None'
[0.183s] Level 5:colcon.colcon_core.verb:set package 'ransac_pkg' build argument 'catkin_skip_building_tests' from command line to 'False'
[0.183s] DEBUG:colcon.colcon_core.verb:Building package 'ransac_pkg' with the following arguments: {'ament_cmake_args': None, 'build_base': '/home/tomoni11/Documents/ROS2/study_ws/build/ransac_pkg', 'catkin_cmake_args': None, 'catkin_skip_building_tests': False, 'cmake_args': None, 'cmake_clean_cache': False, 'cmake_clean_first': False, 'cmake_force_configure': False, 'cmake_target': None, 'cmake_target_skip_unavailable': False, 'install_base': '/home/tomoni11/Documents/ROS2/study_ws/install/ransac_pkg', 'merge_install': False, 'path': '/home/tomoni11/Documents/ROS2/study_ws/src/ransac_pkg', 'symlink_install': False, 'test_result_base': None}
[0.183s] INFO:colcon.colcon_core.executor:Executing jobs using 'parallel' executor
[0.184s] DEBUG:colcon.colcon_parallel_executor.executor.parallel:run_until_complete
[0.184s] INFO:colcon.colcon_ros.task.ament_cmake.build:Building ROS package in '/home/tomoni11/Documents/ROS2/study_ws/src/study_interface' with build type 'ament_cmake'
[0.184s] INFO:colcon.colcon_cmake.task.cmake.build:Building CMake package in '/home/tomoni11/Documents/ROS2/study_ws/src/study_interface'
[0.185s] INFO:colcon.colcon_core.plugin_system:Skipping extension 'colcon_core.shell.bat': Not used on non-Windows systems
[0.185s] INFO:colcon.colcon_core.shell:Skip shell extension 'powershell' for command environment: Not usable outside of PowerShell
[0.185s] DEBUG:colcon.colcon_core.shell:Skip shell extension 'dsv' for command environment
[0.192s] DEBUG:colcon.colcon_core.event_handler.log_command:Invoking command in '/home/tomoni11/Documents/ROS2/study_ws/build/study_interface': CMAKE_PREFIX_PATH=${CMAKE_PREFIX_PATH}:/opt/ros/jazzy DEBUGINFOD_URLS=https://debuginfod.ubuntu.com /usr/bin/cmake --build /home/tomoni11/Documents/ROS2/study_ws/build/study_interface -- -j24 -l24
[0.517s] DEBUG:colcon.colcon_core.event_handler.log_command:Invoked command in '/home/tomoni11/Documents/ROS2/study_ws/build/study_interface' returned '0': CMAKE_PREFIX_PATH=${CMAKE_PREFIX_PATH}:/opt/ros/jazzy DEBUGINFOD_URLS=https://debuginfod.ubuntu.com /usr/bin/cmake --build /home/tomoni11/Documents/ROS2/study_ws/build/study_interface -- -j24 -l24
[0.525s] DEBUG:colcon.colcon_core.event_handler.log_command:Invoking command in '/home/tomoni11/Documents/ROS2/study_ws/build/study_interface': CMAKE_PREFIX_PATH=${CMAKE_PREFIX_PATH}:/opt/ros/jazzy DEBUGINFOD_URLS=https://debuginfod.ubuntu.com /usr/bin/cmake --install /home/tomoni11/Documents/ROS2/study_ws/build/study_interface
[0.582s] Level 1:colcon.colcon_core.environment:create_environment_scripts_only(study_interface)
[0.584s] Level 1:colcon.colcon_core.environment:checking '/home/tomoni11/Documents/ROS2/study_ws/install/study_interface' for CMake module files
[0.585s] Level 1:colcon.colcon_core.environment:checking '/home/tomoni11/Documents/ROS2/study_ws/install/study_interface' for CMake config files
[0.585s] Level 1:colcon.colcon_core.shell:create_environment_hook('study_interface', 'cmake_prefix_path')
[0.585s] INFO:colcon.colcon_core.shell:Creating environment hook '/home/tomoni11/Documents/ROS2/study_ws/install/study_interface/share/study_interface/hook/cmake_prefix_path.ps1'
[0.586s] INFO:colcon.colcon_core.shell:Creating environment descriptor '/home/tomoni11/Documents/ROS2/study_ws/install/study_interface/share/study_interface/hook/cmake_prefix_path.dsv'
[0.586s] INFO:colcon.colcon_core.shell:Creating environment hook '/home/tomoni11/Documents/ROS2/study_ws/install/study_interface/share/study_interface/hook/cmake_prefix_path.sh'
[0.586s] DEBUG:colcon.colcon_core.event_handler.log_command:Invoked command in '/home/tomoni11/Documents/ROS2/study_ws/build/study_interface' returned '0': CMAKE_PREFIX_PATH=${CMAKE_PREFIX_PATH}:/opt/ros/jazzy DEBUGINFOD_URLS=https://debuginfod.ubuntu.com /usr/bin/cmake --install /home/tomoni11/Documents/ROS2/study_ws/build/study_interface
[0.587s] Level 1:colcon.colcon_core.environment:checking '/home/tomoni11/Documents/ROS2/study_ws/install/study_interface/lib'
[0.587s] Level 1:colcon.colcon_core.shell:create_environment_hook('study_interface', 'ld_library_path_lib')
[0.588s] INFO:colcon.colcon_core.shell:Creating environment hook '/home/tomoni11/Documents/ROS2/study_ws/install/study_interface/share/study_interface/hook/ld_library_path_lib.ps1'
[0.588s] INFO:colcon.colcon_core.shell:Creating environment descriptor '/home/tomoni11/Documents/ROS2/study_ws/install/study_interface/share/study_interface/hook/ld_library_path_lib.dsv'
[0.588s] INFO:colcon.colcon_core.shell:Creating environment hook '/home/tomoni11/Documents/ROS2/study_ws/install/study_interface/share/study_interface/hook/ld_library_path_lib.sh'
[0.588s] Level 1:colcon.colcon_core.environment:checking '/home/tomoni11/Documents/ROS2/study_ws/install/study_interface/bin'
[0.588s] Level 1:colcon.colcon_core.environment:checking '/home/tomoni11/Documents/ROS2/study_ws/install/study_interface/lib/pkgconfig/study_interface.pc'
[0.589s] Level 1:colcon.colcon_core.environment:checking '/home/tomoni11/Documents/ROS2/study_ws/install/study_interface/lib/python3.12/site-packages'
[0.589s] Level 1:colcon.colcon_core.shell:create_environment_hook('study_interface', 'pythonpath')
[0.589s] INFO:colcon.colcon_core.shell:Creating environment hook '/home/tomoni11/Documents/ROS2/study_ws/install/study_interface/share/study_interface/hook/pythonpath.ps1'
[0.589s] INFO:colcon.colcon_core.shell:Creating environment descriptor '/home/tomoni11/Documents/ROS2/study_ws/install/study_interface/share/study_interface/hook/pythonpath.dsv'
[0.589s] INFO:colcon.colcon_core.shell:Creating environment hook '/home/tomoni11/Documents/ROS2/study_ws/install/study_interface/share/study_interface/hook/pythonpath.sh'
[0.590s] Level 1:colcon.colcon_core.environment:checking '/home/tomoni11/Documents/ROS2/study_ws/install/study_interface/bin'
[0.590s] INFO:colcon.colcon_core.shell:Creating package script '/home/tomoni11/Documents/ROS2/study_ws/install/study_interface/share/study_interface/package.ps1'
[0.591s] INFO:colcon.colcon_core.shell:Creating package descriptor '/home/tomoni11/Documents/ROS2/study_ws/install/study_interface/share/study_interface/package.dsv'
[0.591s] INFO:colcon.colcon_core.shell:Creating package script '/home/tomoni11/Documents/ROS2/study_ws/install/study_interface/share/study_interface/package.sh'
[0.592s] INFO:colcon.colcon_core.shell:Creating package script '/home/tomoni11/Documents/ROS2/study_ws/install/study_interface/share/study_interface/package.bash'
[0.592s] INFO:colcon.colcon_core.shell:Creating package script '/home/tomoni11/Documents/ROS2/study_ws/install/study_interface/share/study_interface/package.zsh'
[0.592s] Level 1:colcon.colcon_core.environment:create_file_with_runtime_dependencies(/home/tomoni11/Documents/ROS2/study_ws/install/study_interface/share/colcon-core/packages/study_interface)
[0.593s] Level 1:colcon.colcon_core.environment:create_environment_scripts_only(study_interface)
[0.593s] Level 1:colcon.colcon_core.environment:checking '/home/tomoni11/Documents/ROS2/study_ws/install/study_interface' for CMake module files
[0.594s] Level 1:colcon.colcon_core.environment:checking '/home/tomoni11/Documents/ROS2/study_ws/install/study_interface' for CMake config files
[0.594s] Level 1:colcon.colcon_core.shell:create_environment_hook('study_interface', 'cmake_prefix_path')
[0.594s] INFO:colcon.colcon_core.shell:Creating environment hook '/home/tomoni11/Documents/ROS2/study_ws/install/study_interface/share/study_interface/hook/cmake_prefix_path.ps1'
[0.594s] INFO:colcon.colcon_core.shell:Creating environment descriptor '/home/tomoni11/Documents/ROS2/study_ws/install/study_interface/share/study_interface/hook/cmake_prefix_path.dsv'
[0.595s] INFO:colcon.colcon_core.shell:Creating environment hook '/home/tomoni11/Documents/ROS2/study_ws/install/study_interface/share/study_interface/hook/cmake_prefix_path.sh'
[0.595s] Level 1:colcon.colcon_core.environment:checking '/home/tomoni11/Documents/ROS2/study_ws/install/study_interface/lib'
[0.595s] Level 1:colcon.colcon_core.shell:create_environment_hook('study_interface', 'ld_library_path_lib')
[0.596s] INFO:colcon.colcon_core.shell:Creating environment hook '/home/tomoni11/Documents/ROS2/study_ws/install/study_interface/share/study_interface/hook/ld_library_path_lib.ps1'
[0.596s] INFO:colcon.colcon_core.shell:Creating environment descriptor '/home/tomoni11/Documents/ROS2/study_ws/install/study_interface/share/study_interface/hook/ld_library_path_lib.dsv'
[0.597s] INFO:colcon.colcon_core.shell:Creating environment hook '/home/tomoni11/Documents/ROS2/study_ws/install/study_interface/share/study_interface/hook/ld_library_path_lib.sh'
[0.597s] Level 1:colcon.colcon_core.environment:checking '/home/tomoni11/Documents/ROS2/study_ws/install/study_interface/bin'
[0.598s] Level 1:colcon.colcon_core.environment:checking '/home/tomoni11/Documents/ROS2/study_ws/install/study_interface/lib/pkgconfig/study_interface.pc'
[0.598s] Level 1:colcon.colcon_core.environment:checking '/home/tomoni11/Documents/ROS2/study_ws/install/study_interface/lib/python3.12/site-packages'
[0.598s] Level 1:colcon.colcon_core.shell:create_environment_hook('study_interface', 'pythonpath')
[0.598s] INFO:colcon.colcon_core.shell:Creating environment hook '/home/tomoni11/Documents/ROS2/study_ws/install/study_interface/share/study_interface/hook/pythonpath.ps1'
[0.599s] INFO:colcon.colcon_core.shell:Creating environment descriptor '/home/tomoni11/Documents/ROS2/study_ws/install/study_interface/share/study_interface/hook/pythonpath.dsv'
[0.599s] INFO:colcon.colcon_core.shell:Creating environment hook '/home/tomoni11/Documents/ROS2/study_ws/install/study_interface/share/study_interface/hook/pythonpath.sh'
[0.600s] Level 1:colcon.colcon_core.environment:checking '/home/tomoni11/Documents/ROS2/study_ws/install/study_interface/bin'
[0.600s] INFO:colcon.colcon_core.shell:Creating package script '/home/tomoni11/Documents/ROS2/study_ws/install/study_interface/share/study_interface/package.ps1'
[0.601s] INFO:colcon.colcon_core.shell:Creating package descriptor '/home/tomoni11/Documents/ROS2/study_ws/install/study_interface/share/study_interface/package.dsv'
[0.601s] INFO:colcon.colcon_core.shell:Creating package script '/home/tomoni11/Documents/ROS2/study_ws/install/study_interface/share/study_interface/package.sh'
[0.602s] INFO:colcon.colcon_core.shell:Creating package script '/home/tomoni11/Documents/ROS2/study_ws/install/study_interface/share/study_interface/package.bash'
[0.602s] INFO:colcon.colcon_core.shell:Creating package script '/home/tomoni11/Documents/ROS2/study_ws/install/study_interface/share/study_interface/package.zsh'
[0.603s] Level 1:colcon.colcon_core.environment:create_file_with_runtime_dependencies(/home/tomoni11/Documents/ROS2/study_ws/install/study_interface/share/colcon-core/packages/study_interface)
[0.603s] INFO:colcon.colcon_ros.task.ament_cmake.build:Building ROS package in '/home/tomoni11/Documents/ROS2/study_ws/src/make_cloud_pkg' with build type 'ament_cmake'
[0.603s] INFO:colcon.colcon_cmake.task.cmake.build:Building CMake package in '/home/tomoni11/Documents/ROS2/study_ws/src/make_cloud_pkg'
[0.603s] INFO:colcon.colcon_core.shell:Skip shell extension 'powershell' for command environment: Not usable outside of PowerShell
[0.603s] DEBUG:colcon.colcon_core.shell:Skip shell extension 'dsv' for command environment
[0.606s] INFO:colcon.colcon_ros.task.ament_cmake.build:Building ROS package in '/home/tomoni11/Documents/ROS2/study_ws/src/ransac_pkg' with build type 'ament_cmake'
[0.606s] INFO:colcon.colcon_cmake.task.cmake.build:Building CMake package in '/home/tomoni11/Documents/ROS2/study_ws/src/ransac_pkg'
[0.607s] INFO:colcon.colcon_core.shell:Skip shell extension 'powershell' for command environment: Not usable outside of PowerShell
[0.607s] DEBUG:colcon.colcon_core.shell:Skip shell extension 'dsv' for command environment
[0.616s] DEBUG:colcon.colcon_core.event_handler.log_command:Invoking command in '/home/tomoni11/Documents/ROS2/study_ws/build/make_cloud_pkg': CMAKE_PREFIX_PATH=/home/tomoni11/Documents/ROS2/study_ws/install/study_interface:/home/tomoni11/Documents/ROS2/study_ws/install/ransac_pkg:/home/tomoni11/Documents/ROS2/study_ws/install/make_cloud_pkg:/home/tomoni11/Documents/ROS2/study_ws/install/interface_pkg:/opt/ros/jazzy/opt/gz_sim_vendor:/opt/ros/jazzy/opt/gz_sensors_vendor:/opt/ros/jazzy/opt/gz_physics_vendor:/opt/ros/jazzy/opt/sdformat_vendor:/opt/ros/jazzy/opt/gz_gui_vendor:/opt/ros/jazzy/opt/gz_transport_vendor:/opt/ros/jazzy/opt/gz_rendering_vendor:/opt/ros/jazzy/opt/gz_plugin_vendor:/opt/ros/jazzy/opt/gz_fuel_tools_vendor:/opt/ros/jazzy/opt/gz_msgs_vendor:/opt/ros/jazzy/opt/gz_common_vendor:/opt/ros/jazzy/opt/gz_math_vendor:/opt/ros/jazzy/opt/gz_utils_vendor:/opt/ros/jazzy/opt/gz_tools_vendor:/opt/ros/jazzy/opt/gz_ogre_next_vendor:/opt/ros/jazzy/opt/gz_dartsim_vendor:/opt/ros/jazzy/opt/gz_cmake_vendor:/opt/ros/jazzy DEBUGINFOD_URLS=https://debuginfod.ubuntu.com /usr/bin/cmake --build /home/tomoni11/Documents/ROS2/study_ws/build/make_cloud_pkg -- -j24 -l24
[0.624s] DEBUG:colcon.colcon_core.event_handler.log_command:Invoking command in '/home/tomoni11/Documents/ROS2/study_ws/build/ransac_pkg': CMAKE_PREFIX_PATH=/home/tomoni11/Documents/ROS2/study_ws/install/study_interface:/home/tomoni11/Documents/ROS2/study_ws/install/ransac_pkg:/home/tomoni11/Documents/ROS2/study_ws/install/make_cloud_pkg:/home/tomoni11/Documents/ROS2/study_ws/install/interface_pkg:/opt/ros/jazzy/opt/gz_sim_vendor:/opt/ros/jazzy/opt/gz_sensors_vendor:/opt/ros/jazzy/opt/gz_physics_vendor:/opt/ros/jazzy/opt/sdformat_vendor:/opt/ros/jazzy/opt/gz_gui_vendor:/opt/ros/jazzy/opt/gz_transport_vendor:/opt/ros/jazzy/opt/gz_rendering_vendor:/opt/ros/jazzy/opt/gz_plugin_vendor:/opt/ros/jazzy/opt/gz_fuel_tools_vendor:/opt/ros/jazzy/opt/gz_msgs_vendor:/opt/ros/jazzy/opt/gz_common_vendor:/opt/ros/jazzy/opt/gz_math_vendor:/opt/ros/jazzy/opt/gz_utils_vendor:/opt/ros/jazzy/opt/gz_tools_vendor:/opt/ros/jazzy/opt/gz_ogre_next_vendor:/opt/ros/jazzy/opt/gz_dartsim_vendor:/opt/ros/jazzy/opt/gz_cmake_vendor:/opt/ros/jazzy DEBUGINFOD_URLS=https://debuginfod.ubuntu.com /usr/bin/cmake --build /home/tomoni11/Documents/ROS2/study_ws/build/ransac_pkg -- -j24 -l24
[0.679s] DEBUG:colcon.colcon_core.event_handler.log_command:Invoked command in '/home/tomoni11/Documents/ROS2/study_ws/build/make_cloud_pkg' returned '0': CMAKE_PREFIX_PATH=/home/tomoni11/Documents/ROS2/study_ws/install/study_interface:/home/tomoni11/Documents/ROS2/study_ws/install/ransac_pkg:/home/tomoni11/Documents/ROS2/study_ws/install/make_cloud_pkg:/home/tomoni11/Documents/ROS2/study_ws/install/interface_pkg:/opt/ros/jazzy/opt/gz_sim_vendor:/opt/ros/jazzy/opt/gz_sensors_vendor:/opt/ros/jazzy/opt/gz_physics_vendor:/opt/ros/jazzy/opt/sdformat_vendor:/opt/ros/jazzy/opt/gz_gui_vendor:/opt/ros/jazzy/opt/gz_transport_vendor:/opt/ros/jazzy/opt/gz_rendering_vendor:/opt/ros/jazzy/opt/gz_plugin_vendor:/opt/ros/jazzy/opt/gz_fuel_tools_vendor:/opt/ros/jazzy/opt/gz_msgs_vendor:/opt/ros/jazzy/opt/gz_common_vendor:/opt/ros/jazzy/opt/gz_math_vendor:/opt/ros/jazzy/opt/gz_utils_vendor:/opt/ros/jazzy/opt/gz_tools_vendor:/opt/ros/jazzy/opt/gz_ogre_next_vendor:/opt/ros/jazzy/opt/gz_dartsim_vendor:/opt/ros/jazzy/opt/gz_cmake_vendor:/opt/ros/jazzy DEBUGINFOD_URLS=https://debuginfod.ubuntu.com /usr/bin/cmake --build /home/tomoni11/Documents/ROS2/study_ws/build/make_cloud_pkg -- -j24 -l24
[0.680s] DEBUG:colcon.colcon_core.event_handler.log_command:Invoking command in '/home/tomoni11/Documents/ROS2/study_ws/build/make_cloud_pkg': CMAKE_PREFIX_PATH=/home/tomoni11/Documents/ROS2/study_ws/install/study_interface:/home/tomoni11/Documents/ROS2/study_ws/install/ransac_pkg:/home/tomoni11/Documents/ROS2/study_ws/install/make_cloud_pkg:/home/tomoni11/Documents/ROS2/study_ws/install/interface_pkg:/opt/ros/jazzy/opt/gz_sim_vendor:/opt/ros/jazzy/opt/gz_sensors_vendor:/opt/ros/jazzy/opt/gz_physics_vendor:/opt/ros/jazzy/opt/sdformat_vendor:/opt/ros/jazzy/opt/gz_gui_vendor:/opt/ros/jazzy/opt/gz_transport_vendor:/opt/ros/jazzy/opt/gz_rendering_vendor:/opt/ros/jazzy/opt/gz_plugin_vendor:/opt/ros/jazzy/opt/gz_fuel_tools_vendor:/opt/ros/jazzy/opt/gz_msgs_vendor:/opt/ros/jazzy/opt/gz_common_vendor:/opt/ros/jazzy/opt/gz_math_vendor:/opt/ros/jazzy/opt/gz_utils_vendor:/opt/ros/jazzy/opt/gz_tools_vendor:/opt/ros/jazzy/opt/gz_ogre_next_vendor:/opt/ros/jazzy/opt/gz_dartsim_vendor:/opt/ros/jazzy/opt/gz_cmake_vendor:/opt/ros/jazzy DEBUGINFOD_URLS=https://debuginfod.ubuntu.com /usr/bin/cmake --install /home/tomoni11/Documents/ROS2/study_ws/build/make_cloud_pkg
[0.695s] Level 1:colcon.colcon_core.environment:create_environment_scripts_only(make_cloud_pkg)
[0.695s] Level 1:colcon.colcon_core.environment:checking '/home/tomoni11/Documents/ROS2/study_ws/install/make_cloud_pkg' for CMake module files
[0.696s] DEBUG:colcon.colcon_core.event_handler.log_command:Invoked command in '/home/tomoni11/Documents/ROS2/study_ws/build/make_cloud_pkg' returned '0': CMAKE_PREFIX_PATH=/home/tomoni11/Documents/ROS2/study_ws/install/study_interface:/home/tomoni11/Documents/ROS2/study_ws/install/ransac_pkg:/home/tomoni11/Documents/ROS2/study_ws/install/make_cloud_pkg:/home/tomoni11/Documents/ROS2/study_ws/install/interface_pkg:/opt/ros/jazzy/opt/gz_sim_vendor:/opt/ros/jazzy/opt/gz_sensors_vendor:/opt/ros/jazzy/opt/gz_physics_vendor:/opt/ros/jazzy/opt/sdformat_vendor:/opt/ros/jazzy/opt/gz_gui_vendor:/opt/ros/jazzy/opt/gz_transport_vendor:/opt/ros/jazzy/opt/gz_rendering_vendor:/opt/ros/jazzy/opt/gz_plugin_vendor:/opt/ros/jazzy/opt/gz_fuel_tools_vendor:/opt/ros/jazzy/opt/gz_msgs_vendor:/opt/ros/jazzy/opt/gz_common_vendor:/opt/ros/jazzy/opt/gz_math_vendor:/opt/ros/jazzy/opt/gz_utils_vendor:/opt/ros/jazzy/opt/gz_tools_vendor:/opt/ros/jazzy/opt/gz_ogre_next_vendor:/opt/ros/jazzy/opt/gz_dartsim_vendor:/opt/ros/jazzy/opt/gz_cmake_vendor:/opt/ros/jazzy DEBUGINFOD_URLS=https://debuginfod.ubuntu.com /usr/bin/cmake --install /home/tomoni11/Documents/ROS2/study_ws/build/make_cloud_pkg
[0.696s] Level 1:colcon.colcon_core.environment:checking '/home/tomoni11/Documents/ROS2/study_ws/install/make_cloud_pkg' for CMake config files
[0.696s] Level 1:colcon.colcon_core.shell:create_environment_hook('make_cloud_pkg', 'cmake_prefix_path')
[0.696s] INFO:colcon.colcon_core.shell:Creating environment hook '/home/tomoni11/Documents/ROS2/study_ws/install/make_cloud_pkg/share/make_cloud_pkg/hook/cmake_prefix_path.ps1'
[0.696s] INFO:colcon.colcon_core.shell:Creating environment descriptor '/home/tomoni11/Documents/ROS2/study_ws/install/make_cloud_pkg/share/make_cloud_pkg/hook/cmake_prefix_path.dsv'
[0.697s] INFO:colcon.colcon_core.shell:Creating environment hook '/home/tomoni11/Documents/ROS2/study_ws/install/make_cloud_pkg/share/make_cloud_pkg/hook/cmake_prefix_path.sh'
[0.697s] Level 1:colcon.colcon_core.environment:checking '/home/tomoni11/Documents/ROS2/study_ws/install/make_cloud_pkg/lib'
[0.697s] Level 1:colcon.colcon_core.environment:checking '/home/tomoni11/Documents/ROS2/study_ws/install/make_cloud_pkg/bin'
[0.697s] Level 1:colcon.colcon_core.environment:checking '/home/tomoni11/Documents/ROS2/study_ws/install/make_cloud_pkg/lib/pkgconfig/make_cloud_pkg.pc'
[0.697s] Level 1:colcon.colcon_core.environment:checking '/home/tomoni11/Documents/ROS2/study_ws/install/make_cloud_pkg/lib/python3.12/site-packages'
[0.698s] Level 1:colcon.colcon_core.environment:checking '/home/tomoni11/Documents/ROS2/study_ws/install/make_cloud_pkg/bin'
[0.698s] INFO:colcon.colcon_core.shell:Creating package script '/home/tomoni11/Documents/ROS2/study_ws/install/make_cloud_pkg/share/make_cloud_pkg/package.ps1'
[0.698s] INFO:colcon.colcon_core.shell:Creating package descriptor '/home/tomoni11/Documents/ROS2/study_ws/install/make_cloud_pkg/share/make_cloud_pkg/package.dsv'
[0.698s] INFO:colcon.colcon_core.shell:Creating package script '/home/tomoni11/Documents/ROS2/study_ws/install/make_cloud_pkg/share/make_cloud_pkg/package.sh'
[0.699s] INFO:colcon.colcon_core.shell:Creating package script '/home/tomoni11/Documents/ROS2/study_ws/install/make_cloud_pkg/share/make_cloud_pkg/package.bash'
[0.699s] INFO:colcon.colcon_core.shell:Creating package script '/home/tomoni11/Documents/ROS2/study_ws/install/make_cloud_pkg/share/make_cloud_pkg/package.zsh'
[0.699s] Level 1:colcon.colcon_core.environment:create_file_with_runtime_dependencies(/home/tomoni11/Documents/ROS2/study_ws/install/make_cloud_pkg/share/colcon-core/packages/make_cloud_pkg)
[0.699s] Level 1:colcon.colcon_core.environment:create_environment_scripts_only(make_cloud_pkg)
[0.699s] Level 1:colcon.colcon_core.environment:checking '/home/tomoni11/Documents/ROS2/study_ws/install/make_cloud_pkg' for CMake module files
[0.700s] Level 1:colcon.colcon_core.environment:checking '/home/tomoni11/Documents/ROS2/study_ws/install/make_cloud_pkg' for CMake config files
[0.700s] Level 1:colcon.colcon_core.shell:create_environment_hook('make_cloud_pkg', 'cmake_prefix_path')
[0.700s] INFO:colcon.colcon_core.shell:Creating environment hook '/home/tomoni11/Documents/ROS2/study_ws/install/make_cloud_pkg/share/make_cloud_pkg/hook/cmake_prefix_path.ps1'
[0.700s] INFO:colcon.colcon_core.shell:Creating environment descriptor '/home/tomoni11/Documents/ROS2/study_ws/install/make_cloud_pkg/share/make_cloud_pkg/hook/cmake_prefix_path.dsv'
[0.700s] INFO:colcon.colcon_core.shell:Creating environment hook '/home/tomoni11/Documents/ROS2/study_ws/install/make_cloud_pkg/share/make_cloud_pkg/hook/cmake_prefix_path.sh'
[0.701s] Level 1:colcon.colcon_core.environment:checking '/home/tomoni11/Documents/ROS2/study_ws/install/make_cloud_pkg/lib'
[0.701s] Level 1:colcon.colcon_core.environment:checking '/home/tomoni11/Documents/ROS2/study_ws/install/make_cloud_pkg/bin'
[0.701s] Level 1:colcon.colcon_core.environment:checking '/home/tomoni11/Documents/ROS2/study_ws/install/make_cloud_pkg/lib/pkgconfig/make_cloud_pkg.pc'
[0.701s] Level 1:colcon.colcon_core.environment:checking '/home/tomoni11/Documents/ROS2/study_ws/install/make_cloud_pkg/lib/python3.12/site-packages'
[0.701s] Level 1:colcon.colcon_core.environment:checking '/home/tomoni11/Documents/ROS2/study_ws/install/make_cloud_pkg/bin'
[0.701s] INFO:colcon.colcon_core.shell:Creating package script '/home/tomoni11/Documents/ROS2/study_ws/install/make_cloud_pkg/share/make_cloud_pkg/package.ps1'
[0.702s] INFO:colcon.colcon_core.shell:Creating package descriptor '/home/tomoni11/Documents/ROS2/study_ws/install/make_cloud_pkg/share/make_cloud_pkg/package.dsv'
[0.702s] INFO:colcon.colcon_core.shell:Creating package script '/home/tomoni11/Documents/ROS2/study_ws/install/make_cloud_pkg/share/make_cloud_pkg/package.sh'
[0.702s] INFO:colcon.colcon_core.shell:Creating package script '/home/tomoni11/Documents/ROS2/study_ws/install/make_cloud_pkg/share/make_cloud_pkg/package.bash'
[0.702s] INFO:colcon.colcon_core.shell:Creating package script '/home/tomoni11/Documents/ROS2/study_ws/install/make_cloud_pkg/share/make_cloud_pkg/package.zsh'
[0.703s] Level 1:colcon.colcon_core.environment:create_file_with_runtime_dependencies(/home/tomoni11/Documents/ROS2/study_ws/install/make_cloud_pkg/share/colcon-core/packages/make_cloud_pkg)
[4.694s] DEBUG:colcon.colcon_core.event_handler.log_command:Invoked command in '/home/tomoni11/Documents/ROS2/study_ws/build/ransac_pkg' returned '2': CMAKE_PREFIX_PATH=/home/tomoni11/Documents/ROS2/study_ws/install/study_interface:/home/tomoni11/Documents/ROS2/study_ws/install/ransac_pkg:/home/tomoni11/Documents/ROS2/study_ws/install/make_cloud_pkg:/home/tomoni11/Documents/ROS2/study_ws/install/interface_pkg:/opt/ros/jazzy/opt/gz_sim_vendor:/opt/ros/jazzy/opt/gz_sensors_vendor:/opt/ros/jazzy/opt/gz_physics_vendor:/opt/ros/jazzy/opt/sdformat_vendor:/opt/ros/jazzy/opt/gz_gui_vendor:/opt/ros/jazzy/opt/gz_transport_vendor:/opt/ros/jazzy/opt/gz_rendering_vendor:/opt/ros/jazzy/opt/gz_plugin_vendor:/opt/ros/jazzy/opt/gz_fuel_tools_vendor:/opt/ros/jazzy/opt/gz_msgs_vendor:/opt/ros/jazzy/opt/gz_common_vendor:/opt/ros/jazzy/opt/gz_math_vendor:/opt/ros/jazzy/opt/gz_utils_vendor:/opt/ros/jazzy/opt/gz_tools_vendor:/opt/ros/jazzy/opt/gz_ogre_next_vendor:/opt/ros/jazzy/opt/gz_dartsim_vendor:/opt/ros/jazzy/opt/gz_cmake_vendor:/opt/ros/jazzy DEBUGINFOD_URLS=https://debuginfod.ubuntu.com /usr/bin/cmake --build /home/tomoni11/Documents/ROS2/study_ws/build/ransac_pkg -- -j24 -l24
[4.695s] Level 1:colcon.colcon_core.environment:create_environment_scripts_only(ransac_pkg)
[4.695s] Level 1:colcon.colcon_core.environment:checking '/home/tomoni11/Documents/ROS2/study_ws/install/ransac_pkg' for CMake module files
[4.695s] Level 1:colcon.colcon_core.environment:checking '/home/tomoni11/Documents/ROS2/study_ws/install/ransac_pkg' for CMake config files
[4.695s] Level 1:colcon.colcon_core.shell:create_environment_hook('ransac_pkg', 'cmake_prefix_path')
[4.695s] INFO:colcon.colcon_core.shell:Creating environment hook '/home/tomoni11/Documents/ROS2/study_ws/install/ransac_pkg/share/ransac_pkg/hook/cmake_prefix_path.ps1'
[4.696s] INFO:colcon.colcon_core.shell:Creating environment descriptor '/home/tomoni11/Documents/ROS2/study_ws/install/ransac_pkg/share/ransac_pkg/hook/cmake_prefix_path.dsv'
[4.696s] INFO:colcon.colcon_core.shell:Creating environment hook '/home/tomoni11/Documents/ROS2/study_ws/install/ransac_pkg/share/ransac_pkg/hook/cmake_prefix_path.sh'
[4.697s] Level 1:colcon.colcon_core.environment:checking '/home/tomoni11/Documents/ROS2/study_ws/install/ransac_pkg/lib'
[4.697s] Level 1:colcon.colcon_core.environment:checking '/home/tomoni11/Documents/ROS2/study_ws/install/ransac_pkg/bin'
[4.697s] Level 1:colcon.colcon_core.environment:checking '/home/tomoni11/Documents/ROS2/study_ws/install/ransac_pkg/lib/pkgconfig/ransac_pkg.pc'
[4.697s] Level 1:colcon.colcon_core.environment:checking '/home/tomoni11/Documents/ROS2/study_ws/install/ransac_pkg/lib/python3.12/site-packages'
[4.697s] Level 1:colcon.colcon_core.environment:checking '/home/tomoni11/Documents/ROS2/study_ws/install/ransac_pkg/bin'
[4.697s] INFO:colcon.colcon_core.shell:Creating package script '/home/tomoni11/Documents/ROS2/study_ws/install/ransac_pkg/share/ransac_pkg/package.ps1'
[4.698s] INFO:colcon.colcon_core.shell:Creating package descriptor '/home/tomoni11/Documents/ROS2/study_ws/install/ransac_pkg/share/ransac_pkg/package.dsv'
[4.698s] INFO:colcon.colcon_core.shell:Creating package script '/home/tomoni11/Documents/ROS2/study_ws/install/ransac_pkg/share/ransac_pkg/package.sh'
[4.698s] INFO:colcon.colcon_core.shell:Creating package script '/home/tomoni11/Documents/ROS2/study_ws/install/ransac_pkg/share/ransac_pkg/package.bash'
[4.698s] INFO:colcon.colcon_core.shell:Creating package script '/home/tomoni11/Documents/ROS2/study_ws/install/ransac_pkg/share/ransac_pkg/package.zsh'
[4.698s] Level 1:colcon.colcon_core.environment:create_file_with_runtime_dependencies(/home/tomoni11/Documents/ROS2/study_ws/install/ransac_pkg/share/colcon-core/packages/ransac_pkg)
[4.709s] DEBUG:colcon.colcon_parallel_executor.executor.parallel:closing loop
[4.709s] DEBUG:colcon.colcon_parallel_executor.executor.parallel:loop closed
[4.709s] DEBUG:colcon.colcon_parallel_executor.executor.parallel:run_until_complete finished with '2'
[4.709s] DEBUG:colcon.colcon_core.event_reactor:joining thread
[4.713s] INFO:colcon.colcon_core.plugin_system:Skipping extension 'colcon_notification.desktop_notification.terminal_notifier': Not used on non-Darwin systems
[4.713s] INFO:colcon.colcon_core.plugin_system:Skipping extension 'colcon_notification.desktop_notification.win32': Not used on non-Windows systems
[4.713s] INFO:colcon.colcon_notification.desktop_notification:Sending desktop notification using 'notify2'
[4.721s] DEBUG:colcon.colcon_core.event_reactor:joined thread
[4.721s] INFO:colcon.colcon_core.shell:Creating prefix script '/home/tomoni11/Documents/ROS2/study_ws/install/local_setup.ps1'
[4.722s] INFO:colcon.colcon_core.shell:Creating prefix util module '/home/tomoni11/Documents/ROS2/study_ws/install/_local_setup_util_ps1.py'
[4.723s] INFO:colcon.colcon_core.shell:Creating prefix chain script '/home/tomoni11/Documents/ROS2/study_ws/install/setup.ps1'
[4.724s] INFO:colcon.colcon_core.shell:Creating prefix script '/home/tomoni11/Documents/ROS2/study_ws/install/local_setup.sh'
[4.724s] INFO:colcon.colcon_core.shell:Creating prefix util module '/home/tomoni11/Documents/ROS2/study_ws/install/_local_setup_util_sh.py'
[4.725s] INFO:colcon.colcon_core.shell:Creating prefix chain script '/home/tomoni11/Documents/ROS2/study_ws/install/setup.sh'
[4.726s] INFO:colcon.colcon_core.shell:Creating prefix script '/home/tomoni11/Documents/ROS2/study_ws/install/local_setup.bash'
[4.726s] INFO:colcon.colcon_core.shell:Creating prefix chain script '/home/tomoni11/Documents/ROS2/study_ws/install/setup.bash'
[4.727s] INFO:colcon.colcon_core.shell:Creating prefix script '/home/tomoni11/Documents/ROS2/study_ws/install/local_setup.zsh'
[4.727s] INFO:colcon.colcon_core.shell:Creating prefix chain script '/home/tomoni11/Documents/ROS2/study_ws/install/setup.zsh'
