[0.008s] Invoking command in '/home/tomoni11/Documents/ROS2/gz_ws/build/my_gz_pkg': CMAKE_PREFIX_PATH=${CMAKE_PREFIX_PATH}:/opt/ros/jazzy DEBUGINFOD_URLS=https://debuginfod.ubuntu.com /usr/bin/cmake --build /home/tomoni11/Documents/ROS2/gz_ws/build/my_gz_pkg -- -j24 -l24
[0.026s] -- Found ament_cmake: 2.5.3 (/opt/ros/jazzy/share/ament_cmake/cmake)
[0.197s] -- Found ament_lint_auto: 0.17.1 (/opt/ros/jazzy/share/ament_lint_auto/cmake)
[0.272s] -- Added test 'lint_cmake' to check CMake code style
[0.272s] -- Added test 'xmllint' to check XML markup files
[0.273s] -- Configuring done (0.2s)
[0.275s] -- Generating done (0.0s)
[0.276s] -- Build files have been written to: /home/tomoni11/Documents/ROS2/gz_ws/build/my_gz_pkg
[0.294s] Invoked command in '/home/tomoni11/Documents/ROS2/gz_ws/build/my_gz_pkg' returned '0': CMAKE_PREFIX_PATH=${CMAKE_PREFIX_PATH}:/opt/ros/jazzy DEBUGINFOD_URLS=https://debuginfod.ubuntu.com /usr/bin/cmake --build /home/tomoni11/Documents/ROS2/gz_ws/build/my_gz_pkg -- -j24 -l24
[0.295s] Invoking command in '/home/tomoni11/Documents/ROS2/gz_ws/build/my_gz_pkg': CMAKE_PREFIX_PATH=${CMAKE_PREFIX_PATH}:/opt/ros/jazzy DEBUGINFOD_URLS=https://debuginfod.ubuntu.com /usr/bin/cmake --install /home/tomoni11/Documents/ROS2/gz_ws/build/my_gz_pkg
[0.302s] -- Install configuration: ""
[0.302s] -- Installing: /home/tomoni11/Documents/ROS2/gz_ws/install/my_gz_pkg/share/my_gz_pkg/launch
[0.302s] -- Installing: /home/tomoni11/Documents/ROS2/gz_ws/install/my_gz_pkg/share/ament_index/resource_index/package_run_dependencies/my_gz_pkg
[0.302s] -- Up-to-date: /home/tomoni11/Documents/ROS2/gz_ws/install/my_gz_pkg/share/ament_index/resource_index/parent_prefix_path/my_gz_pkg
[0.302s] -- Up-to-date: /home/tomoni11/Documents/ROS2/gz_ws/install/my_gz_pkg/share/my_gz_pkg/environment/ament_prefix_path.sh
[0.302s] -- Up-to-date: /home/tomoni11/Documents/ROS2/gz_ws/install/my_gz_pkg/share/my_gz_pkg/environment/ament_prefix_path.dsv
[0.302s] -- Up-to-date: /home/tomoni11/Documents/ROS2/gz_ws/install/my_gz_pkg/share/my_gz_pkg/environment/path.sh
[0.302s] -- Up-to-date: /home/tomoni11/Documents/ROS2/gz_ws/install/my_gz_pkg/share/my_gz_pkg/environment/path.dsv
[0.302s] -- Up-to-date: /home/tomoni11/Documents/ROS2/gz_ws/install/my_gz_pkg/share/my_gz_pkg/local_setup.bash
[0.302s] -- Up-to-date: /home/tomoni11/Documents/ROS2/gz_ws/install/my_gz_pkg/share/my_gz_pkg/local_setup.sh
[0.302s] -- Up-to-date: /home/tomoni11/Documents/ROS2/gz_ws/install/my_gz_pkg/share/my_gz_pkg/local_setup.zsh
[0.302s] -- Up-to-date: /home/tomoni11/Documents/ROS2/gz_ws/install/my_gz_pkg/share/my_gz_pkg/local_setup.dsv
[0.302s] -- Up-to-date: /home/tomoni11/Documents/ROS2/gz_ws/install/my_gz_pkg/share/my_gz_pkg/package.dsv
[0.302s] -- Up-to-date: /home/tomoni11/Documents/ROS2/gz_ws/install/my_gz_pkg/share/ament_index/resource_index/packages/my_gz_pkg
[0.302s] -- Up-to-date: /home/tomoni11/Documents/ROS2/gz_ws/install/my_gz_pkg/share/my_gz_pkg/cmake/my_gz_pkgConfig.cmake
[0.302s] -- Up-to-date: /home/tomoni11/Documents/ROS2/gz_ws/install/my_gz_pkg/share/my_gz_pkg/cmake/my_gz_pkgConfig-version.cmake
[0.302s] -- Installing: /home/tomoni11/Documents/ROS2/gz_ws/install/my_gz_pkg/share/my_gz_pkg/package.xml
[0.304s] Invoked command in '/home/tomoni11/Documents/ROS2/gz_ws/build/my_gz_pkg' returned '0': CMAKE_PREFIX_PATH=${CMAKE_PREFIX_PATH}:/opt/ros/jazzy DEBUGINFOD_URLS=https://debuginfod.ubuntu.com /usr/bin/cmake --install /home/tomoni11/Documents/ROS2/gz_ws/build/my_gz_pkg
