[0.096s] DEBUG:colcon:Command line arguments: ['/usr/bin/colcon', 'build']
[0.097s] DEBUG:colcon:Parsed command line arguments: Namespace(log_base=None, log_level=None, verb_name='build', build_base='build', install_base='install', merge_install=False, symlink_install=False, test_result_base=None, continue_on_error=False, executor='parallel', parallel_workers=24, event_handlers=None, ignore_user_meta=False, metas=['./colcon.meta'], base_paths=['.'], packages_ignore=None, packages_ignore_regex=None, paths=None, packages_up_to=None, packages_up_to_regex=None, packages_above=None, packages_above_and_dependencies=None, packages_above_depth=None, packages_select_by_dep=None, packages_skip_by_dep=None, packages_skip_up_to=None, packages_select_build_failed=False, packages_skip_build_finished=False, packages_select_test_failures=False, packages_skip_test_passed=False, packages_select=None, packages_skip=None, packages_select_regex=None, packages_skip_regex=None, packages_start=None, packages_end=None, allow_overriding=[], cmake_args=None, cmake_target=None, cmake_target_skip_unavailable=False, cmake_clean_cache=False, cmake_clean_first=False, cmake_force_configure=False, ament_cmake_args=None, catkin_cmake_args=None, catkin_skip_building_tests=False, mixin_files=None, mixin=None, verb_parser=<colcon_mixin.mixin.mixin_argument.MixinArgumentDecorator object at 0x78192927f710>, verb_extension=<colcon_core.verb.build.BuildVerb object at 0x78192927f380>, main=<bound method BuildVerb.main of <colcon_core.verb.build.BuildVerb object at 0x78192927f380>>, mixin_verb=('build',))
[0.138s] Level 1:colcon.colcon_core.package_discovery:discover_packages(colcon_meta) check parameters
[0.138s] Level 1:colcon.colcon_core.package_discovery:discover_packages(recursive) check parameters
[0.138s] Level 1:colcon.colcon_core.package_discovery:discover_packages(ignore) check parameters
[0.138s] Level 1:colcon.colcon_core.package_discovery:discover_packages(path) check parameters
[0.138s] Level 1:colcon.colcon_core.package_discovery:discover_packages(colcon_meta) discover
[0.138s] Level 1:colcon.colcon_core.package_discovery:discover_packages(recursive) discover
[0.138s] INFO:colcon.colcon_core.package_discovery:Crawling recursively for packages in '/home/tomoni11/Documents/ROS2/study_ws'
[0.138s] Level 1:colcon.colcon_core.package_identification:_identify(.) by extensions ['ignore', 'ignore_ament_install']
[0.138s] Level 1:colcon.colcon_core.package_identification:_identify(.) by extension 'ignore'
[0.138s] Level 1:colcon.colcon_core.package_identification:_identify(.) by extension 'ignore_ament_install'
[0.138s] Level 1:colcon.colcon_core.package_identification:_identify(.) by extensions ['colcon_pkg']
[0.138s] Level 1:colcon.colcon_core.package_identification:_identify(.) by extension 'colcon_pkg'
[0.138s] Level 1:colcon.colcon_core.package_identification:_identify(.) by extensions ['colcon_meta']
[0.138s] Level 1:colcon.colcon_core.package_identification:_identify(.) by extension 'colcon_meta'
[0.138s] Level 1:colcon.colcon_core.package_identification:_identify(.) by extensions ['ros']
[0.138s] Level 1:colcon.colcon_core.package_identification:_identify(.) by extension 'ros'
[0.165s] Level 1:colcon.colcon_core.package_identification:_identify(.) by extensions ['cmake', 'python']
[0.166s] Level 1:colcon.colcon_core.package_identification:_identify(.) by extension 'cmake'
[0.166s] Level 1:colcon.colcon_core.package_identification:_identify(.) by extension 'python'
[0.166s] Level 1:colcon.colcon_core.package_identification:_identify(.) by extensions ['python_setup_py']
[0.166s] Level 1:colcon.colcon_core.package_identification:_identify(.) by extension 'python_setup_py'
[0.166s] Level 1:colcon.colcon_core.package_identification:_identify(build) by extensions ['ignore', 'ignore_ament_install']
[0.166s] Level 1:colcon.colcon_core.package_identification:_identify(build) by extension 'ignore'
[0.166s] Level 1:colcon.colcon_core.package_identification:_identify(build) ignored
[0.166s] Level 1:colcon.colcon_core.package_identification:_identify(install) by extensions ['ignore', 'ignore_ament_install']
[0.166s] Level 1:colcon.colcon_core.package_identification:_identify(install) by extension 'ignore'
[0.166s] Level 1:colcon.colcon_core.package_identification:_identify(install) ignored
[0.166s] Level 1:colcon.colcon_core.package_identification:_identify(log) by extensions ['ignore', 'ignore_ament_install']
[0.166s] Level 1:colcon.colcon_core.package_identification:_identify(log) by extension 'ignore'
[0.166s] Level 1:colcon.colcon_core.package_identification:_identify(log) ignored
[0.166s] Level 1:colcon.colcon_core.package_identification:_identify(src) by extensions ['ignore', 'ignore_ament_install']
[0.167s] Level 1:colcon.colcon_core.package_identification:_identify(src) by extension 'ignore'
[0.167s] Level 1:colcon.colcon_core.package_identification:_identify(src) by extension 'ignore_ament_install'
[0.167s] Level 1:colcon.colcon_core.package_identification:_identify(src) by extensions ['colcon_pkg']
[0.167s] Level 1:colcon.colcon_core.package_identification:_identify(src) by extension 'colcon_pkg'
[0.167s] Level 1:colcon.colcon_core.package_identification:_identify(src) by extensions ['colcon_meta']
[0.167s] Level 1:colcon.colcon_core.package_identification:_identify(src) by extension 'colcon_meta'
[0.167s] Level 1:colcon.colcon_core.package_identification:_identify(src) by extensions ['ros']
[0.167s] Level 1:colcon.colcon_core.package_identification:_identify(src) by extension 'ros'
[0.167s] Level 1:colcon.colcon_core.package_identification:_identify(src) by extensions ['cmake', 'python']
[0.167s] Level 1:colcon.colcon_core.package_identification:_identify(src) by extension 'cmake'
[0.167s] Level 1:colcon.colcon_core.package_identification:_identify(src) by extension 'python'
[0.167s] Level 1:colcon.colcon_core.package_identification:_identify(src) by extensions ['python_setup_py']
[0.167s] Level 1:colcon.colcon_core.package_identification:_identify(src) by extension 'python_setup_py'
[0.167s] Level 1:colcon.colcon_core.package_identification:_identify(src/make_cloud_pkg) by extensions ['ignore', 'ignore_ament_install']
[0.167s] Level 1:colcon.colcon_core.package_identification:_identify(src/make_cloud_pkg) by extension 'ignore'
[0.167s] Level 1:colcon.colcon_core.package_identification:_identify(src/make_cloud_pkg) by extension 'ignore_ament_install'
[0.167s] Level 1:colcon.colcon_core.package_identification:_identify(src/make_cloud_pkg) by extensions ['colcon_pkg']
[0.167s] Level 1:colcon.colcon_core.package_identification:_identify(src/make_cloud_pkg) by extension 'colcon_pkg'
[0.167s] Level 1:colcon.colcon_core.package_identification:_identify(src/make_cloud_pkg) by extensions ['colcon_meta']
[0.167s] Level 1:colcon.colcon_core.package_identification:_identify(src/make_cloud_pkg) by extension 'colcon_meta'
[0.167s] Level 1:colcon.colcon_core.package_identification:_identify(src/make_cloud_pkg) by extensions ['ros']
[0.167s] Level 1:colcon.colcon_core.package_identification:_identify(src/make_cloud_pkg) by extension 'ros'
[0.170s] DEBUG:colcon.colcon_core.package_identification:Package 'src/make_cloud_pkg' with type 'ros.ament_cmake' and name 'make_cloud_pkg'
[0.170s] Level 1:colcon.colcon_core.package_identification:_identify(src/ransac_pkg) by extensions ['ignore', 'ignore_ament_install']
[0.170s] Level 1:colcon.colcon_core.package_identification:_identify(src/ransac_pkg) by extension 'ignore'
[0.170s] Level 1:colcon.colcon_core.package_identification:_identify(src/ransac_pkg) by extension 'ignore_ament_install'
[0.170s] Level 1:colcon.colcon_core.package_identification:_identify(src/ransac_pkg) by extensions ['colcon_pkg']
[0.170s] Level 1:colcon.colcon_core.package_identification:_identify(src/ransac_pkg) by extension 'colcon_pkg'
[0.170s] Level 1:colcon.colcon_core.package_identification:_identify(src/ransac_pkg) by extensions ['colcon_meta']
[0.170s] Level 1:colcon.colcon_core.package_identification:_identify(src/ransac_pkg) by extension 'colcon_meta'
[0.170s] Level 1:colcon.colcon_core.package_identification:_identify(src/ransac_pkg) by extensions ['ros']
[0.170s] Level 1:colcon.colcon_core.package_identification:_identify(src/ransac_pkg) by extension 'ros'
[0.171s] DEBUG:colcon.colcon_core.package_identification:Package 'src/ransac_pkg' with type 'ros.ament_cmake' and name 'ransac_pkg'
[0.171s] Level 1:colcon.colcon_core.package_identification:_identify(src/study_interface) by extensions ['ignore', 'ignore_ament_install']
[0.171s] Level 1:colcon.colcon_core.package_identification:_identify(src/study_interface) by extension 'ignore'
[0.171s] Level 1:colcon.colcon_core.package_identification:_identify(src/study_interface) by extension 'ignore_ament_install'
[0.171s] Level 1:colcon.colcon_core.package_identification:_identify(src/study_interface) by extensions ['colcon_pkg']
[0.171s] Level 1:colcon.colcon_core.package_identification:_identify(src/study_interface) by extension 'colcon_pkg'
[0.171s] Level 1:colcon.colcon_core.package_identification:_identify(src/study_interface) by extensions ['colcon_meta']
[0.171s] Level 1:colcon.colcon_core.package_identification:_identify(src/study_interface) by extension 'colcon_meta'
[0.171s] Level 1:colcon.colcon_core.package_identification:_identify(src/study_interface) by extensions ['ros']
[0.171s] Level 1:colcon.colcon_core.package_identification:_identify(src/study_interface) by extension 'ros'
[0.172s] DEBUG:colcon.colcon_core.package_identification:Package 'src/study_interface' with type 'ros.ament_cmake' and name 'study_interface'
[0.172s] Level 1:colcon.colcon_core.package_discovery:discover_packages(recursive) using defaults
[0.172s] Level 1:colcon.colcon_core.package_discovery:discover_packages(ignore) discover
[0.172s] Level 1:colcon.colcon_core.package_discovery:discover_packages(ignore) using defaults
[0.172s] Level 1:colcon.colcon_core.package_discovery:discover_packages(path) discover
[0.172s] Level 1:colcon.colcon_core.package_discovery:discover_packages(path) using defaults
[0.191s] Level 1:colcon.colcon_core.package_discovery:discover_packages(prefix_path) check parameters
[0.191s] Level 1:colcon.colcon_core.package_discovery:discover_packages(prefix_path) discover
[0.192s] DEBUG:colcon.colcon_installed_package_information.package_discovery:Found 4 installed packages in /home/tomoni11/Documents/ROS2/study_ws/install
[0.194s] DEBUG:colcon.colcon_installed_package_information.package_discovery:Found 319 installed packages in /opt/ros/jazzy
[0.195s] Level 1:colcon.colcon_core.package_discovery:discover_packages(prefix_path) using defaults
[0.235s] Level 5:colcon.colcon_core.verb:set package 'study_interface' build argument 'cmake_args' from command line to 'None'
[0.235s] Level 5:colcon.colcon_core.verb:set package 'study_interface' build argument 'cmake_target' from command line to 'None'
[0.235s] Level 5:colcon.colcon_core.verb:set package 'study_interface' build argument 'cmake_target_skip_unavailable' from command line to 'False'
[0.235s] Level 5:colcon.colcon_core.verb:set package 'study_interface' build argument 'cmake_clean_cache' from command line to 'False'
[0.235s] Level 5:colcon.colcon_core.verb:set package 'study_interface' build argument 'cmake_clean_first' from command line to 'False'
[0.235s] Level 5:colcon.colcon_core.verb:set package 'study_interface' build argument 'cmake_force_configure' from command line to 'False'
[0.235s] Level 5:colcon.colcon_core.verb:set package 'study_interface' build argument 'ament_cmake_args' from command line to 'None'
[0.235s] Level 5:colcon.colcon_core.verb:set package 'study_interface' build argument 'catkin_cmake_args' from command line to 'None'
[0.235s] Level 5:colcon.colcon_core.verb:set package 'study_interface' build argument 'catkin_skip_building_tests' from command line to 'False'
[0.235s] DEBUG:colcon.colcon_core.verb:Building package 'study_interface' with the following arguments: {'ament_cmake_args': None, 'build_base': '/home/tomoni11/Documents/ROS2/study_ws/build/study_interface', 'catkin_cmake_args': None, 'catkin_skip_building_tests': False, 'cmake_args': None, 'cmake_clean_cache': False, 'cmake_clean_first': False, 'cmake_force_configure': False, 'cmake_target': None, 'cmake_target_skip_unavailable': False, 'install_base': '/home/tomoni11/Documents/ROS2/study_ws/install/study_interface', 'merge_install': False, 'path': '/home/tomoni11/Documents/ROS2/study_ws/src/study_interface', 'symlink_install': False, 'test_result_base': None}
[0.235s] Level 5:colcon.colcon_core.verb:set package 'make_cloud_pkg' build argument 'cmake_args' from command line to 'None'
[0.235s] Level 5:colcon.colcon_core.verb:set package 'make_cloud_pkg' build argument 'cmake_target' from command line to 'None'
[0.235s] Level 5:colcon.colcon_core.verb:set package 'make_cloud_pkg' build argument 'cmake_target_skip_unavailable' from command line to 'False'
[0.235s] Level 5:colcon.colcon_core.verb:set package 'make_cloud_pkg' build argument 'cmake_clean_cache' from command line to 'False'
[0.235s] Level 5:colcon.colcon_core.verb:set package 'make_cloud_pkg' build argument 'cmake_clean_first' from command line to 'False'
[0.235s] Level 5:colcon.colcon_core.verb:set package 'make_cloud_pkg' build argument 'cmake_force_configure' from command line to 'False'
[0.235s] Level 5:colcon.colcon_core.verb:set package 'make_cloud_pkg' build argument 'ament_cmake_args' from command line to 'None'
[0.235s] Level 5:colcon.colcon_core.verb:set package 'make_cloud_pkg' build argument 'catkin_cmake_args' from command line to 'None'
[0.236s] Level 5:colcon.colcon_core.verb:set package 'make_cloud_pkg' build argument 'catkin_skip_building_tests' from command line to 'False'
[0.236s] DEBUG:colcon.colcon_core.verb:Building package 'make_cloud_pkg' with the following arguments: {'ament_cmake_args': None, 'build_base': '/home/tomoni11/Documents/ROS2/study_ws/build/make_cloud_pkg', 'catkin_cmake_args': None, 'catkin_skip_building_tests': False, 'cmake_args': None, 'cmake_clean_cache': False, 'cmake_clean_first': False, 'cmake_force_configure': False, 'cmake_target': None, 'cmake_target_skip_unavailable': False, 'install_base': '/home/tomoni11/Documents/ROS2/study_ws/install/make_cloud_pkg', 'merge_install': False, 'path': '/home/tomoni11/Documents/ROS2/study_ws/src/make_cloud_pkg', 'symlink_install': False, 'test_result_base': None}
[0.236s] Level 5:colcon.colcon_core.verb:set package 'ransac_pkg' build argument 'cmake_args' from command line to 'None'
[0.236s] Level 5:colcon.colcon_core.verb:set package 'ransac_pkg' build argument 'cmake_target' from command line to 'None'
[0.236s] Level 5:colcon.colcon_core.verb:set package 'ransac_pkg' build argument 'cmake_target_skip_unavailable' from command line to 'False'
[0.236s] Level 5:colcon.colcon_core.verb:set package 'ransac_pkg' build argument 'cmake_clean_cache' from command line to 'False'
[0.236s] Level 5:colcon.colcon_core.verb:set package 'ransac_pkg' build argument 'cmake_clean_first' from command line to 'False'
[0.236s] Level 5:colcon.colcon_core.verb:set package 'ransac_pkg' build argument 'cmake_force_configure' from command line to 'False'
[0.236s] Level 5:colcon.colcon_core.verb:set package 'ransac_pkg' build argument 'ament_cmake_args' from command line to 'None'
[0.236s] Level 5:colcon.colcon_core.verb:set package 'ransac_pkg' build argument 'catkin_cmake_args' from command line to 'None'
[0.236s] Level 5:colcon.colcon_core.verb:set package 'ransac_pkg' build argument 'catkin_skip_building_tests' from command line to 'False'
[0.236s] DEBUG:colcon.colcon_core.verb:Building package 'ransac_pkg' with the following arguments: {'ament_cmake_args': None, 'build_base': '/home/tomoni11/Documents/ROS2/study_ws/build/ransac_pkg', 'catkin_cmake_args': None, 'catkin_skip_building_tests': False, 'cmake_args': None, 'cmake_clean_cache': False, 'cmake_clean_first': False, 'cmake_force_configure': False, 'cmake_target': None, 'cmake_target_skip_unavailable': False, 'install_base': '/home/tomoni11/Documents/ROS2/study_ws/install/ransac_pkg', 'merge_install': False, 'path': '/home/tomoni11/Documents/ROS2/study_ws/src/ransac_pkg', 'symlink_install': False, 'test_result_base': None}
[0.236s] INFO:colcon.colcon_core.executor:Executing jobs using 'parallel' executor
[0.237s] DEBUG:colcon.colcon_parallel_executor.executor.parallel:run_until_complete
[0.237s] INFO:colcon.colcon_ros.task.ament_cmake.build:Building ROS package in '/home/tomoni11/Documents/ROS2/study_ws/src/study_interface' with build type 'ament_cmake'
[0.237s] INFO:colcon.colcon_cmake.task.cmake.build:Building CMake package in '/home/tomoni11/Documents/ROS2/study_ws/src/study_interface'
[0.239s] INFO:colcon.colcon_core.plugin_system:Skipping extension 'colcon_core.shell.bat': Not used on non-Windows systems
[0.239s] INFO:colcon.colcon_core.shell:Skip shell extension 'powershell' for command environment: Not usable outside of PowerShell
[0.239s] DEBUG:colcon.colcon_core.shell:Skip shell extension 'dsv' for command environment
[0.248s] DEBUG:colcon.colcon_core.event_handler.log_command:Invoking command in '/home/tomoni11/Documents/ROS2/study_ws/build/study_interface': CMAKE_PREFIX_PATH=${CMAKE_PREFIX_PATH}:/opt/ros/jazzy DEBUGINFOD_URLS=https://debuginfod.ubuntu.com /usr/bin/cmake --build /home/tomoni11/Documents/ROS2/study_ws/build/study_interface -- -j24 -l24
[3.503s] DEBUG:colcon.colcon_core.event_handler.log_command:Invoked command in '/home/tomoni11/Documents/ROS2/study_ws/build/study_interface' returned '0': CMAKE_PREFIX_PATH=${CMAKE_PREFIX_PATH}:/opt/ros/jazzy DEBUGINFOD_URLS=https://debuginfod.ubuntu.com /usr/bin/cmake --build /home/tomoni11/Documents/ROS2/study_ws/build/study_interface -- -j24 -l24
[3.513s] DEBUG:colcon.colcon_core.event_handler.log_command:Invoking command in '/home/tomoni11/Documents/ROS2/study_ws/build/study_interface': CMAKE_PREFIX_PATH=${CMAKE_PREFIX_PATH}:/opt/ros/jazzy DEBUGINFOD_URLS=https://debuginfod.ubuntu.com /usr/bin/cmake --install /home/tomoni11/Documents/ROS2/study_ws/build/study_interface
[3.583s] Level 1:colcon.colcon_core.environment:create_environment_scripts_only(study_interface)
[3.585s] Level 1:colcon.colcon_core.environment:checking '/home/tomoni11/Documents/ROS2/study_ws/install/study_interface' for CMake module files
[3.585s] Level 1:colcon.colcon_core.environment:checking '/home/tomoni11/Documents/ROS2/study_ws/install/study_interface' for CMake config files
[3.586s] Level 1:colcon.colcon_core.shell:create_environment_hook('study_interface', 'cmake_prefix_path')
[3.586s] INFO:colcon.colcon_core.shell:Creating environment hook '/home/tomoni11/Documents/ROS2/study_ws/install/study_interface/share/study_interface/hook/cmake_prefix_path.ps1'
[3.589s] DEBUG:colcon.colcon_core.event_handler.log_command:Invoked command in '/home/tomoni11/Documents/ROS2/study_ws/build/study_interface' returned '0': CMAKE_PREFIX_PATH=${CMAKE_PREFIX_PATH}:/opt/ros/jazzy DEBUGINFOD_URLS=https://debuginfod.ubuntu.com /usr/bin/cmake --install /home/tomoni11/Documents/ROS2/study_ws/build/study_interface
[3.590s] INFO:colcon.colcon_core.shell:Creating environment descriptor '/home/tomoni11/Documents/ROS2/study_ws/install/study_interface/share/study_interface/hook/cmake_prefix_path.dsv'
[3.590s] INFO:colcon.colcon_core.shell:Creating environment hook '/home/tomoni11/Documents/ROS2/study_ws/install/study_interface/share/study_interface/hook/cmake_prefix_path.sh'
[3.591s] Level 1:colcon.colcon_core.environment:checking '/home/tomoni11/Documents/ROS2/study_ws/install/study_interface/lib'
[3.591s] Level 1:colcon.colcon_core.shell:create_environment_hook('study_interface', 'ld_library_path_lib')
[3.591s] INFO:colcon.colcon_core.shell:Creating environment hook '/home/tomoni11/Documents/ROS2/study_ws/install/study_interface/share/study_interface/hook/ld_library_path_lib.ps1'
[3.592s] INFO:colcon.colcon_core.shell:Creating environment descriptor '/home/tomoni11/Documents/ROS2/study_ws/install/study_interface/share/study_interface/hook/ld_library_path_lib.dsv'
[3.592s] INFO:colcon.colcon_core.shell:Creating environment hook '/home/tomoni11/Documents/ROS2/study_ws/install/study_interface/share/study_interface/hook/ld_library_path_lib.sh'
[3.592s] Level 1:colcon.colcon_core.environment:checking '/home/tomoni11/Documents/ROS2/study_ws/install/study_interface/bin'
[3.592s] Level 1:colcon.colcon_core.environment:checking '/home/tomoni11/Documents/ROS2/study_ws/install/study_interface/lib/pkgconfig/study_interface.pc'
[3.593s] Level 1:colcon.colcon_core.environment:checking '/home/tomoni11/Documents/ROS2/study_ws/install/study_interface/lib/python3.12/site-packages'
[3.593s] Level 1:colcon.colcon_core.shell:create_environment_hook('study_interface', 'pythonpath')
[3.593s] INFO:colcon.colcon_core.shell:Creating environment hook '/home/tomoni11/Documents/ROS2/study_ws/install/study_interface/share/study_interface/hook/pythonpath.ps1'
[3.593s] INFO:colcon.colcon_core.shell:Creating environment descriptor '/home/tomoni11/Documents/ROS2/study_ws/install/study_interface/share/study_interface/hook/pythonpath.dsv'
[3.593s] INFO:colcon.colcon_core.shell:Creating environment hook '/home/tomoni11/Documents/ROS2/study_ws/install/study_interface/share/study_interface/hook/pythonpath.sh'
[3.594s] Level 1:colcon.colcon_core.environment:checking '/home/tomoni11/Documents/ROS2/study_ws/install/study_interface/bin'
[3.594s] INFO:colcon.colcon_core.shell:Creating package script '/home/tomoni11/Documents/ROS2/study_ws/install/study_interface/share/study_interface/package.ps1'
[3.595s] INFO:colcon.colcon_core.shell:Creating package descriptor '/home/tomoni11/Documents/ROS2/study_ws/install/study_interface/share/study_interface/package.dsv'
[3.595s] INFO:colcon.colcon_core.shell:Creating package script '/home/tomoni11/Documents/ROS2/study_ws/install/study_interface/share/study_interface/package.sh'
[3.596s] INFO:colcon.colcon_core.shell:Creating package script '/home/tomoni11/Documents/ROS2/study_ws/install/study_interface/share/study_interface/package.bash'
[3.596s] INFO:colcon.colcon_core.shell:Creating package script '/home/tomoni11/Documents/ROS2/study_ws/install/study_interface/share/study_interface/package.zsh'
[3.597s] Level 1:colcon.colcon_core.environment:create_file_with_runtime_dependencies(/home/tomoni11/Documents/ROS2/study_ws/install/study_interface/share/colcon-core/packages/study_interface)
[3.598s] Level 1:colcon.colcon_core.environment:create_environment_scripts_only(study_interface)
[3.598s] Level 1:colcon.colcon_core.environment:checking '/home/tomoni11/Documents/ROS2/study_ws/install/study_interface' for CMake module files
[3.598s] Level 1:colcon.colcon_core.environment:checking '/home/tomoni11/Documents/ROS2/study_ws/install/study_interface' for CMake config files
[3.599s] Level 1:colcon.colcon_core.shell:create_environment_hook('study_interface', 'cmake_prefix_path')
[3.599s] INFO:colcon.colcon_core.shell:Creating environment hook '/home/tomoni11/Documents/ROS2/study_ws/install/study_interface/share/study_interface/hook/cmake_prefix_path.ps1'
[3.599s] INFO:colcon.colcon_core.shell:Creating environment descriptor '/home/tomoni11/Documents/ROS2/study_ws/install/study_interface/share/study_interface/hook/cmake_prefix_path.dsv'
[3.599s] INFO:colcon.colcon_core.shell:Creating environment hook '/home/tomoni11/Documents/ROS2/study_ws/install/study_interface/share/study_interface/hook/cmake_prefix_path.sh'
[3.600s] Level 1:colcon.colcon_core.environment:checking '/home/tomoni11/Documents/ROS2/study_ws/install/study_interface/lib'
[3.600s] Level 1:colcon.colcon_core.shell:create_environment_hook('study_interface', 'ld_library_path_lib')
[3.600s] INFO:colcon.colcon_core.shell:Creating environment hook '/home/tomoni11/Documents/ROS2/study_ws/install/study_interface/share/study_interface/hook/ld_library_path_lib.ps1'
[3.600s] INFO:colcon.colcon_core.shell:Creating environment descriptor '/home/tomoni11/Documents/ROS2/study_ws/install/study_interface/share/study_interface/hook/ld_library_path_lib.dsv'
[3.601s] INFO:colcon.colcon_core.shell:Creating environment hook '/home/tomoni11/Documents/ROS2/study_ws/install/study_interface/share/study_interface/hook/ld_library_path_lib.sh'
[3.601s] Level 1:colcon.colcon_core.environment:checking '/home/tomoni11/Documents/ROS2/study_ws/install/study_interface/bin'
[3.601s] Level 1:colcon.colcon_core.environment:checking '/home/tomoni11/Documents/ROS2/study_ws/install/study_interface/lib/pkgconfig/study_interface.pc'
[3.601s] Level 1:colcon.colcon_core.environment:checking '/home/tomoni11/Documents/ROS2/study_ws/install/study_interface/lib/python3.12/site-packages'
[3.601s] Level 1:colcon.colcon_core.shell:create_environment_hook('study_interface', 'pythonpath')
[3.601s] INFO:colcon.colcon_core.shell:Creating environment hook '/home/tomoni11/Documents/ROS2/study_ws/install/study_interface/share/study_interface/hook/pythonpath.ps1'
[3.602s] INFO:colcon.colcon_core.shell:Creating environment descriptor '/home/tomoni11/Documents/ROS2/study_ws/install/study_interface/share/study_interface/hook/pythonpath.dsv'
[3.602s] INFO:colcon.colcon_core.shell:Creating environment hook '/home/tomoni11/Documents/ROS2/study_ws/install/study_interface/share/study_interface/hook/pythonpath.sh'
[3.602s] Level 1:colcon.colcon_core.environment:checking '/home/tomoni11/Documents/ROS2/study_ws/install/study_interface/bin'
[3.603s] INFO:colcon.colcon_core.shell:Creating package script '/home/tomoni11/Documents/ROS2/study_ws/install/study_interface/share/study_interface/package.ps1'
[3.603s] INFO:colcon.colcon_core.shell:Creating package descriptor '/home/tomoni11/Documents/ROS2/study_ws/install/study_interface/share/study_interface/package.dsv'
[3.603s] INFO:colcon.colcon_core.shell:Creating package script '/home/tomoni11/Documents/ROS2/study_ws/install/study_interface/share/study_interface/package.sh'
[3.604s] INFO:colcon.colcon_core.shell:Creating package script '/home/tomoni11/Documents/ROS2/study_ws/install/study_interface/share/study_interface/package.bash'
[3.604s] INFO:colcon.colcon_core.shell:Creating package script '/home/tomoni11/Documents/ROS2/study_ws/install/study_interface/share/study_interface/package.zsh'
[3.604s] Level 1:colcon.colcon_core.environment:create_file_with_runtime_dependencies(/home/tomoni11/Documents/ROS2/study_ws/install/study_interface/share/colcon-core/packages/study_interface)
[3.605s] INFO:colcon.colcon_ros.task.ament_cmake.build:Building ROS package in '/home/tomoni11/Documents/ROS2/study_ws/src/make_cloud_pkg' with build type 'ament_cmake'
[3.605s] INFO:colcon.colcon_cmake.task.cmake.build:Building CMake package in '/home/tomoni11/Documents/ROS2/study_ws/src/make_cloud_pkg'
[3.605s] INFO:colcon.colcon_core.shell:Skip shell extension 'powershell' for command environment: Not usable outside of PowerShell
[3.605s] DEBUG:colcon.colcon_core.shell:Skip shell extension 'dsv' for command environment
[3.609s] INFO:colcon.colcon_ros.task.ament_cmake.build:Building ROS package in '/home/tomoni11/Documents/ROS2/study_ws/src/ransac_pkg' with build type 'ament_cmake'
[3.609s] INFO:colcon.colcon_cmake.task.cmake.build:Building CMake package in '/home/tomoni11/Documents/ROS2/study_ws/src/ransac_pkg'
[3.610s] INFO:colcon.colcon_core.shell:Skip shell extension 'powershell' for command environment: Not usable outside of PowerShell
[3.610s] DEBUG:colcon.colcon_core.shell:Skip shell extension 'dsv' for command environment
[3.617s] DEBUG:colcon.colcon_core.event_handler.log_command:Invoking command in '/home/tomoni11/Documents/ROS2/study_ws/build/make_cloud_pkg': CMAKE_PREFIX_PATH=/home/tomoni11/Documents/ROS2/study_ws/install/study_interface:/home/tomoni11/Documents/ROS2/study_ws/install/ransac_pkg:/home/tomoni11/Documents/ROS2/study_ws/install/make_cloud_pkg:/home/tomoni11/Documents/ROS2/study_ws/install/interface_pkg:/opt/ros/jazzy/opt/gz_sim_vendor:/opt/ros/jazzy/opt/gz_sensors_vendor:/opt/ros/jazzy/opt/gz_physics_vendor:/opt/ros/jazzy/opt/sdformat_vendor:/opt/ros/jazzy/opt/gz_gui_vendor:/opt/ros/jazzy/opt/gz_transport_vendor:/opt/ros/jazzy/opt/gz_rendering_vendor:/opt/ros/jazzy/opt/gz_plugin_vendor:/opt/ros/jazzy/opt/gz_fuel_tools_vendor:/opt/ros/jazzy/opt/gz_msgs_vendor:/opt/ros/jazzy/opt/gz_common_vendor:/opt/ros/jazzy/opt/gz_math_vendor:/opt/ros/jazzy/opt/gz_utils_vendor:/opt/ros/jazzy/opt/gz_tools_vendor:/opt/ros/jazzy/opt/gz_ogre_next_vendor:/opt/ros/jazzy/opt/gz_dartsim_vendor:/opt/ros/jazzy/opt/gz_cmake_vendor:/opt/ros/jazzy DEBUGINFOD_URLS=https://debuginfod.ubuntu.com /usr/bin/cmake --build /home/tomoni11/Documents/ROS2/study_ws/build/make_cloud_pkg -- -j24 -l24
[3.620s] DEBUG:colcon.colcon_core.event_handler.log_command:Invoking command in '/home/tomoni11/Documents/ROS2/study_ws/build/ransac_pkg': CMAKE_PREFIX_PATH=/home/tomoni11/Documents/ROS2/study_ws/install/study_interface:/home/tomoni11/Documents/ROS2/study_ws/install/ransac_pkg:/home/tomoni11/Documents/ROS2/study_ws/install/make_cloud_pkg:/home/tomoni11/Documents/ROS2/study_ws/install/interface_pkg:/opt/ros/jazzy/opt/gz_sim_vendor:/opt/ros/jazzy/opt/gz_sensors_vendor:/opt/ros/jazzy/opt/gz_physics_vendor:/opt/ros/jazzy/opt/sdformat_vendor:/opt/ros/jazzy/opt/gz_gui_vendor:/opt/ros/jazzy/opt/gz_transport_vendor:/opt/ros/jazzy/opt/gz_rendering_vendor:/opt/ros/jazzy/opt/gz_plugin_vendor:/opt/ros/jazzy/opt/gz_fuel_tools_vendor:/opt/ros/jazzy/opt/gz_msgs_vendor:/opt/ros/jazzy/opt/gz_common_vendor:/opt/ros/jazzy/opt/gz_math_vendor:/opt/ros/jazzy/opt/gz_utils_vendor:/opt/ros/jazzy/opt/gz_tools_vendor:/opt/ros/jazzy/opt/gz_ogre_next_vendor:/opt/ros/jazzy/opt/gz_dartsim_vendor:/opt/ros/jazzy/opt/gz_cmake_vendor:/opt/ros/jazzy DEBUGINFOD_URLS=https://debuginfod.ubuntu.com /usr/bin/cmake --build /home/tomoni11/Documents/ROS2/study_ws/build/ransac_pkg -- -j24 -l24
[9.269s] Level 1:colcon.colcon_core.environment:create_environment_scripts_only(make_cloud_pkg)
[9.269s] Level 1:colcon.colcon_core.environment:checking '/home/tomoni11/Documents/ROS2/study_ws/install/make_cloud_pkg' for CMake module files
[9.270s] DEBUG:colcon.colcon_core.event_handler.log_command:Invoked command in '/home/tomoni11/Documents/ROS2/study_ws/build/make_cloud_pkg' returned '2': CMAKE_PREFIX_PATH=/home/tomoni11/Documents/ROS2/study_ws/install/study_interface:/home/tomoni11/Documents/ROS2/study_ws/install/ransac_pkg:/home/tomoni11/Documents/ROS2/study_ws/install/make_cloud_pkg:/home/tomoni11/Documents/ROS2/study_ws/install/interface_pkg:/opt/ros/jazzy/opt/gz_sim_vendor:/opt/ros/jazzy/opt/gz_sensors_vendor:/opt/ros/jazzy/opt/gz_physics_vendor:/opt/ros/jazzy/opt/sdformat_vendor:/opt/ros/jazzy/opt/gz_gui_vendor:/opt/ros/jazzy/opt/gz_transport_vendor:/opt/ros/jazzy/opt/gz_rendering_vendor:/opt/ros/jazzy/opt/gz_plugin_vendor:/opt/ros/jazzy/opt/gz_fuel_tools_vendor:/opt/ros/jazzy/opt/gz_msgs_vendor:/opt/ros/jazzy/opt/gz_common_vendor:/opt/ros/jazzy/opt/gz_math_vendor:/opt/ros/jazzy/opt/gz_utils_vendor:/opt/ros/jazzy/opt/gz_tools_vendor:/opt/ros/jazzy/opt/gz_ogre_next_vendor:/opt/ros/jazzy/opt/gz_dartsim_vendor:/opt/ros/jazzy/opt/gz_cmake_vendor:/opt/ros/jazzy DEBUGINFOD_URLS=https://debuginfod.ubuntu.com /usr/bin/cmake --build /home/tomoni11/Documents/ROS2/study_ws/build/make_cloud_pkg -- -j24 -l24
[9.270s] Level 1:colcon.colcon_core.environment:checking '/home/tomoni11/Documents/ROS2/study_ws/install/make_cloud_pkg' for CMake config files
[9.270s] Level 1:colcon.colcon_core.shell:create_environment_hook('make_cloud_pkg', 'cmake_prefix_path')
[9.270s] INFO:colcon.colcon_core.shell:Creating environment hook '/home/tomoni11/Documents/ROS2/study_ws/install/make_cloud_pkg/share/make_cloud_pkg/hook/cmake_prefix_path.ps1'
[9.271s] INFO:colcon.colcon_core.shell:Creating environment descriptor '/home/tomoni11/Documents/ROS2/study_ws/install/make_cloud_pkg/share/make_cloud_pkg/hook/cmake_prefix_path.dsv'
[9.271s] INFO:colcon.colcon_core.shell:Creating environment hook '/home/tomoni11/Documents/ROS2/study_ws/install/make_cloud_pkg/share/make_cloud_pkg/hook/cmake_prefix_path.sh'
[9.271s] Level 1:colcon.colcon_core.environment:checking '/home/tomoni11/Documents/ROS2/study_ws/install/make_cloud_pkg/lib'
[9.271s] Level 1:colcon.colcon_core.environment:checking '/home/tomoni11/Documents/ROS2/study_ws/install/make_cloud_pkg/bin'
[9.271s] Level 1:colcon.colcon_core.environment:checking '/home/tomoni11/Documents/ROS2/study_ws/install/make_cloud_pkg/lib/pkgconfig/make_cloud_pkg.pc'
[9.272s] Level 1:colcon.colcon_core.environment:checking '/home/tomoni11/Documents/ROS2/study_ws/install/make_cloud_pkg/lib/python3.12/site-packages'
[9.272s] Level 1:colcon.colcon_core.environment:checking '/home/tomoni11/Documents/ROS2/study_ws/install/make_cloud_pkg/bin'
[9.272s] INFO:colcon.colcon_core.shell:Creating package script '/home/tomoni11/Documents/ROS2/study_ws/install/make_cloud_pkg/share/make_cloud_pkg/package.ps1'
[9.272s] INFO:colcon.colcon_core.shell:Creating package descriptor '/home/tomoni11/Documents/ROS2/study_ws/install/make_cloud_pkg/share/make_cloud_pkg/package.dsv'
[9.273s] INFO:colcon.colcon_core.shell:Creating package script '/home/tomoni11/Documents/ROS2/study_ws/install/make_cloud_pkg/share/make_cloud_pkg/package.sh'
[9.273s] INFO:colcon.colcon_core.shell:Creating package script '/home/tomoni11/Documents/ROS2/study_ws/install/make_cloud_pkg/share/make_cloud_pkg/package.bash'
[9.273s] INFO:colcon.colcon_core.shell:Creating package script '/home/tomoni11/Documents/ROS2/study_ws/install/make_cloud_pkg/share/make_cloud_pkg/package.zsh'
[9.273s] Level 1:colcon.colcon_core.environment:create_file_with_runtime_dependencies(/home/tomoni11/Documents/ROS2/study_ws/install/make_cloud_pkg/share/colcon-core/packages/make_cloud_pkg)
[11.061s] DEBUG:colcon.colcon_parallel_executor.executor.parallel:closing loop
[11.061s] DEBUG:colcon.colcon_parallel_executor.executor.parallel:loop closed
[11.062s] DEBUG:colcon.colcon_parallel_executor.executor.parallel:run_until_complete finished with '2'
[11.062s] DEBUG:colcon.colcon_core.event_reactor:joining thread
[11.066s] INFO:colcon.colcon_core.plugin_system:Skipping extension 'colcon_notification.desktop_notification.terminal_notifier': Not used on non-Darwin systems
[11.066s] INFO:colcon.colcon_core.plugin_system:Skipping extension 'colcon_notification.desktop_notification.win32': Not used on non-Windows systems
[11.066s] INFO:colcon.colcon_notification.desktop_notification:Sending desktop notification using 'notify2'
[11.078s] DEBUG:colcon.colcon_core.event_reactor:joined thread
[11.078s] INFO:colcon.colcon_core.shell:Creating prefix script '/home/tomoni11/Documents/ROS2/study_ws/install/local_setup.ps1'
[11.079s] INFO:colcon.colcon_core.shell:Creating prefix util module '/home/tomoni11/Documents/ROS2/study_ws/install/_local_setup_util_ps1.py'
[11.080s] INFO:colcon.colcon_core.shell:Creating prefix chain script '/home/tomoni11/Documents/ROS2/study_ws/install/setup.ps1'
[11.081s] INFO:colcon.colcon_core.shell:Creating prefix script '/home/tomoni11/Documents/ROS2/study_ws/install/local_setup.sh'
[11.081s] INFO:colcon.colcon_core.shell:Creating prefix util module '/home/tomoni11/Documents/ROS2/study_ws/install/_local_setup_util_sh.py'
[11.082s] INFO:colcon.colcon_core.shell:Creating prefix chain script '/home/tomoni11/Documents/ROS2/study_ws/install/setup.sh'
[11.083s] INFO:colcon.colcon_core.shell:Creating prefix script '/home/tomoni11/Documents/ROS2/study_ws/install/local_setup.bash'
[11.083s] INFO:colcon.colcon_core.shell:Creating prefix chain script '/home/tomoni11/Documents/ROS2/study_ws/install/setup.bash'
[11.084s] INFO:colcon.colcon_core.shell:Creating prefix script '/home/tomoni11/Documents/ROS2/study_ws/install/local_setup.zsh'
[11.085s] INFO:colcon.colcon_core.shell:Creating prefix chain script '/home/tomoni11/Documents/ROS2/study_ws/install/setup.zsh'
