[0.008s] Invoking command in '/home/tomoni11/Documents/ROS2/study_ws/build/study_interface': CMAKE_PREFIX_PATH=${CMAKE_PREFIX_PATH}:/opt/ros/jazzy DEBUGINFOD_URLS=https://debuginfod.ubuntu.com /usr/bin/cmake --build /home/tomoni11/Documents/ROS2/study_ws/build/study_interface -- -j24 -l24
[0.031s] -- Found ament_cmake: 2.5.3 (/opt/ros/jazzy/share/ament_cmake/cmake)
[0.052s] -- Found Python3: /usr/bin/python3 (found version "3.12.3") found components: Interpreter 
[0.113s] -- Found geometry_msgs: 5.3.5 (/opt/ros/jazzy/share/geometry_msgs/cmake)
[0.134s] -- Found rosidl_generator_c: 4.6.5 (/opt/ros/jazzy/share/rosidl_generator_c/cmake)
[0.139s] -- Found rosidl_generator_cpp: 4.6.5 (/opt/ros/jazzy/share/rosidl_generator_cpp/cmake)
[0.147s] -- Using all available rosidl_typesupport_c: rosidl_typesupport_fastrtps_c;rosidl_typesupport_introspection_c
[0.156s] -- Using all available rosidl_typesupport_cpp: rosidl_typesupport_fastrtps_cpp;rosidl_typesupport_introspection_cpp
[0.187s] -- Found rosidl_default_generators: 1.6.0 (/opt/ros/jazzy/share/rosidl_default_generators/cmake)
[0.192s] -- Found rosidl_adapter: 4.6.5 (/opt/ros/jazzy/share/rosidl_adapter/cmake)
[0.320s] [31mCMake Error at /opt/ros/jazzy/share/rosidl_adapter/cmake/rosidl_adapt_interfaces.cmake:57 (message):
[0.320s]   execute_process(/usr/bin/python3 -m rosidl_adapter --package-name
[0.320s]   study_interface --arguments-file
[0.320s]   /home/tomoni11/Documents/ROS2/study_ws/build/study_interface/rosidl_adapter__arguments__study_interface.json
[0.320s]   --output-dir
[0.320s]   /home/tomoni11/Documents/ROS2/study_ws/build/study_interface/rosidl_adapter/study_interface
[0.320s]   --output-file
[0.320s]   /home/tomoni11/Documents/ROS2/study_ws/build/study_interface/rosidl_adapter/study_interface.idls)
[0.320s]   returned error code 1:
[0.320s] 
[0.320s]   Error processing 'float64[750] _x' of 'study_interface/Cloud': ''_x' is an
[0.320s]   invalid field name.  It should have the pattern
[0.320s]   '^(?!.*__)(?!.*_$)[a-z][a-z0-9_]*$''
[0.320s] 
[0.320s]   Traceback (most recent call last):
[0.320s] 
[0.320s]     File "<frozen runpy>", line 198, in _run_module_as_main
[0.320s]     File "<frozen runpy>", line 88, in _run_code
[0.321s]     File "/opt/ros/jazzy/lib/python3.12/site-packages/rosidl_adapter/__main__.py", line 19, in <module>
[0.321s]       sys.exit(main())
[0.321s]                ^^^^^^
[0.321s]     File "/opt/ros/jazzy/lib/python3.12/site-packages/rosidl_adapter/main.py", line 53, in main
[0.321s]       abs_idl_file = convert_to_idl(
[0.321s]                      ^^^^^^^^^^^^^^^
[0.321s]     File "/opt/ros/jazzy/lib/python3.12/site-packages/rosidl_adapter/__init__.py", line 19, in convert_to_idl
[0.321s]       return convert_msg_to_idl(
[0.321s]              ^^^^^^^^^^^^^^^^^^^
[0.321s]     File "/opt/ros/jazzy/lib/python3.12/site-packages/rosidl_adapter/msg/__init__.py", line 28, in convert_msg_to_idl
[0.321s]       msg = parse_message_string(package_name, input_file.stem, content)
[0.321s]             ^^^^^^^^^^^^^^^^^^^^^^^^^^^^^^^^^^^^^^^^^^^^^^^^^^^^^^^^^^^^
[0.321s]     File "/opt/ros/jazzy/lib/python3.12/site-packages/rosidl_adapter/parser.py", line 520, in parse_message_string
[0.321s]       fields.append(Field(
[0.321s]                     ^^^^^^
[0.321s]     File "/opt/ros/jazzy/lib/python3.12/site-packages/rosidl_adapter/parser.py", line 355, in __init__
[0.321s]       raise NameError(
[0.321s] 
[0.321s]   NameError: '_x' is an invalid field name.  It should have the pattern
[0.321s]   '^(?!.*__)(?!.*_$)[a-z][a-z0-9_]*$'
[0.321s] 
[0.321s] Call Stack (most recent call first):
[0.321s]   /opt/ros/jazzy/share/rosidl_cmake/cmake/rosidl_generate_interfaces.cmake:132 (rosidl_adapt_interfaces)
[0.321s]   CMakeLists.txt:16 (rosidl_generate_interfaces)
[0.321s] 
[0.321s] [0m
[0.321s] -- Configuring incomplete, errors occurred!
[0.326s] gmake: *** [Makefile:815: cmake_check_build_system] エラー 1
[0.328s] Invoked command in '/home/tomoni11/Documents/ROS2/study_ws/build/study_interface' returned '2': CMAKE_PREFIX_PATH=${CMAKE_PREFIX_PATH}:/opt/ros/jazzy DEBUGINFOD_URLS=https://debuginfod.ubuntu.com /usr/bin/cmake --build /home/tomoni11/Documents/ROS2/study_ws/build/study_interface -- -j24 -l24
