[0.009s] Invoking command in '/home/tomoni11/Documents/ROS2/study_ws/build/interface_pkg': CMAKE_PREFIX_PATH=${CMAKE_PREFIX_PATH}:/opt/ros/jazzy DEBUGINFOD_URLS=https://debuginfod.ubuntu.com /usr/bin/cmake --build /home/tomoni11/Documents/ROS2/study_ws/build/interface_pkg -- -j24 -l24
[0.053s] [  2%] Built target interface_pkg__rosidl_generator_type_description
[0.063s] [  2%] Built target ament_cmake_python_copy_interface_pkg
[0.072s] [  8%] Built target interface_pkg__cpp
[0.072s] [ 20%] Built target interface_pkg__rosidl_generator_c
[0.091s] [ 29%] Built target interface_pkg__rosidl_typesupport_fastrtps_c
[0.093s] [ 38%] Built target interface_pkg__rosidl_typesupport_introspection_c
[0.095s] [ 61%] Built target interface_pkg__rosidl_typesupport_cpp
[0.095s] [ 61%] Built target interface_pkg__rosidl_typesupport_c
[0.095s] [ 64%] Built target interface_pkg__rosidl_typesupport_introspection_cpp
[0.095s] [ 73%] Built target interface_pkg__rosidl_typesupport_fastrtps_cpp
[0.116s] [ 73%] Built target interface_pkg
[0.136s] [ 76%] Built target interface_pkg__py
[0.167s] [ 82%] Built target interface_pkg__rosidl_generator_py
[0.189s] [ 88%] Built target interface_pkg_s__rosidl_typesupport_fastrtps_c
[0.197s] [ 94%] Built target interface_pkg_s__rosidl_typesupport_c
[0.197s] [100%] Built target interface_pkg_s__rosidl_typesupport_introspection_c
[0.240s] running egg_info
[0.252s] writing interface_pkg.egg-info/PKG-INFO
[0.252s] writing dependency_links to interface_pkg.egg-info/dependency_links.txt
[0.252s] writing top-level names to interface_pkg.egg-info/top_level.txt
[0.284s] reading manifest file 'interface_pkg.egg-info/SOURCES.txt'
[0.285s] writing manifest file 'interface_pkg.egg-info/SOURCES.txt'
[0.324s] [100%] Built target ament_cmake_python_build_interface_pkg_egg
[0.337s] Invoked command in '/home/tomoni11/Documents/ROS2/study_ws/build/interface_pkg' returned '0': CMAKE_PREFIX_PATH=${CMAKE_PREFIX_PATH}:/opt/ros/jazzy DEBUGINFOD_URLS=https://debuginfod.ubuntu.com /usr/bin/cmake --build /home/tomoni11/Documents/ROS2/study_ws/build/interface_pkg -- -j24 -l24
[0.338s] Invoking command in '/home/tomoni11/Documents/ROS2/study_ws/build/interface_pkg': CMAKE_PREFIX_PATH=${CMAKE_PREFIX_PATH}:/opt/ros/jazzy DEBUGINFOD_URLS=https://debuginfod.ubuntu.com /usr/bin/cmake --install /home/tomoni11/Documents/ROS2/study_ws/build/interface_pkg
[0.345s] -- Install configuration: ""
[0.345s] -- Up-to-date: /home/tomoni11/Documents/ROS2/study_ws/install/interface_pkg/share/ament_index/resource_index/rosidl_interfaces/interface_pkg
[0.345s] -- Up-to-date: /home/tomoni11/Documents/ROS2/study_ws/install/interface_pkg/share/interface_pkg/msg/Ransac.json
[0.345s] -- Up-to-date: /home/tomoni11/Documents/ROS2/study_ws/install/interface_pkg/include/interface_pkg/interface_pkg
[0.345s] -- Up-to-date: /home/tomoni11/Documents/ROS2/study_ws/install/interface_pkg/include/interface_pkg/interface_pkg/msg
[0.345s] -- Up-to-date: /home/tomoni11/Documents/ROS2/study_ws/install/interface_pkg/include/interface_pkg/interface_pkg/msg/rosidl_generator_c__visibility_control.h
[0.345s] -- Up-to-date: /home/tomoni11/Documents/ROS2/study_ws/install/interface_pkg/include/interface_pkg/interface_pkg/msg/ransac.h
[0.345s] -- Up-to-date: /home/tomoni11/Documents/ROS2/study_ws/install/interface_pkg/include/interface_pkg/interface_pkg/msg/detail
[0.345s] -- Up-to-date: /home/tomoni11/Documents/ROS2/study_ws/install/interface_pkg/include/interface_pkg/interface_pkg/msg/detail/ransac__struct.h
[0.345s] -- Up-to-date: /home/tomoni11/Documents/ROS2/study_ws/install/interface_pkg/include/interface_pkg/interface_pkg/msg/detail/ransac__description.c
[0.345s] -- Up-to-date: /home/tomoni11/Documents/ROS2/study_ws/install/interface_pkg/include/interface_pkg/interface_pkg/msg/detail/ransac__type_support.c
[0.345s] -- Up-to-date: /home/tomoni11/Documents/ROS2/study_ws/install/interface_pkg/include/interface_pkg/interface_pkg/msg/detail/ransac__functions.h
[0.345s] -- Up-to-date: /home/tomoni11/Documents/ROS2/study_ws/install/interface_pkg/include/interface_pkg/interface_pkg/msg/detail/ransac__functions.c
[0.345s] -- Up-to-date: /home/tomoni11/Documents/ROS2/study_ws/install/interface_pkg/include/interface_pkg/interface_pkg/msg/detail/ransac__type_support.h
[0.346s] -- Up-to-date: /home/tomoni11/Documents/ROS2/study_ws/install/interface_pkg/share/interface_pkg/environment/library_path.sh
[0.346s] -- Up-to-date: /home/tomoni11/Documents/ROS2/study_ws/install/interface_pkg/share/interface_pkg/environment/library_path.dsv
[0.346s] -- Up-to-date: /home/tomoni11/Documents/ROS2/study_ws/install/interface_pkg/lib/libinterface_pkg__rosidl_generator_c.so
[0.346s] -- Up-to-date: /home/tomoni11/Documents/ROS2/study_ws/install/interface_pkg/include/interface_pkg/interface_pkg
[0.346s] -- Up-to-date: /home/tomoni11/Documents/ROS2/study_ws/install/interface_pkg/include/interface_pkg/interface_pkg/msg
[0.346s] -- Up-to-date: /home/tomoni11/Documents/ROS2/study_ws/install/interface_pkg/include/interface_pkg/interface_pkg/msg/rosidl_typesupport_fastrtps_c__visibility_control.h
[0.346s] -- Up-to-date: /home/tomoni11/Documents/ROS2/study_ws/install/interface_pkg/include/interface_pkg/interface_pkg/msg/detail
[0.346s] -- Up-to-date: /home/tomoni11/Documents/ROS2/study_ws/install/interface_pkg/include/interface_pkg/interface_pkg/msg/detail/ransac__rosidl_typesupport_fastrtps_c.h
[0.346s] -- Up-to-date: /home/tomoni11/Documents/ROS2/study_ws/install/interface_pkg/lib/libinterface_pkg__rosidl_typesupport_fastrtps_c.so
[0.346s] -- Up-to-date: /home/tomoni11/Documents/ROS2/study_ws/install/interface_pkg/include/interface_pkg/interface_pkg
[0.346s] -- Up-to-date: /home/tomoni11/Documents/ROS2/study_ws/install/interface_pkg/include/interface_pkg/interface_pkg/msg
[0.346s] -- Up-to-date: /home/tomoni11/Documents/ROS2/study_ws/install/interface_pkg/include/interface_pkg/interface_pkg/msg/ransac.hpp
[0.346s] -- Up-to-date: /home/tomoni11/Documents/ROS2/study_ws/install/interface_pkg/include/interface_pkg/interface_pkg/msg/detail
[0.346s] -- Up-to-date: /home/tomoni11/Documents/ROS2/study_ws/install/interface_pkg/include/interface_pkg/interface_pkg/msg/detail/ransac__struct.hpp
[0.346s] -- Up-to-date: /home/tomoni11/Documents/ROS2/study_ws/install/interface_pkg/include/interface_pkg/interface_pkg/msg/detail/ransac__builder.hpp
[0.346s] -- Up-to-date: /home/tomoni11/Documents/ROS2/study_ws/install/interface_pkg/include/interface_pkg/interface_pkg/msg/detail/ransac__type_support.hpp
[0.346s] -- Up-to-date: /home/tomoni11/Documents/ROS2/study_ws/install/interface_pkg/include/interface_pkg/interface_pkg/msg/detail/ransac__traits.hpp
[0.346s] -- Up-to-date: /home/tomoni11/Documents/ROS2/study_ws/install/interface_pkg/include/interface_pkg/interface_pkg/msg/rosidl_generator_cpp__visibility_control.hpp
[0.347s] -- Up-to-date: /home/tomoni11/Documents/ROS2/study_ws/install/interface_pkg/include/interface_pkg/interface_pkg
[0.347s] -- Up-to-date: /home/tomoni11/Documents/ROS2/study_ws/install/interface_pkg/include/interface_pkg/interface_pkg/msg
[0.347s] -- Up-to-date: /home/tomoni11/Documents/ROS2/study_ws/install/interface_pkg/include/interface_pkg/interface_pkg/msg/rosidl_typesupport_fastrtps_cpp__visibility_control.h
[0.347s] -- Up-to-date: /home/tomoni11/Documents/ROS2/study_ws/install/interface_pkg/include/interface_pkg/interface_pkg/msg/detail
[0.347s] -- Up-to-date: /home/tomoni11/Documents/ROS2/study_ws/install/interface_pkg/include/interface_pkg/interface_pkg/msg/detail/dds_fastrtps
[0.347s] -- Up-to-date: /home/tomoni11/Documents/ROS2/study_ws/install/interface_pkg/include/interface_pkg/interface_pkg/msg/detail/ransac__rosidl_typesupport_fastrtps_cpp.hpp
[0.347s] -- Up-to-date: /home/tomoni11/Documents/ROS2/study_ws/install/interface_pkg/lib/libinterface_pkg__rosidl_typesupport_fastrtps_cpp.so
[0.347s] -- Up-to-date: /home/tomoni11/Documents/ROS2/study_ws/install/interface_pkg/include/interface_pkg/interface_pkg
[0.347s] -- Up-to-date: /home/tomoni11/Documents/ROS2/study_ws/install/interface_pkg/include/interface_pkg/interface_pkg/msg
[0.347s] -- Up-to-date: /home/tomoni11/Documents/ROS2/study_ws/install/interface_pkg/include/interface_pkg/interface_pkg/msg/rosidl_typesupport_introspection_c__visibility_control.h
[0.348s] -- Up-to-date: /home/tomoni11/Documents/ROS2/study_ws/install/interface_pkg/include/interface_pkg/interface_pkg/msg/detail
[0.348s] -- Up-to-date: /home/tomoni11/Documents/ROS2/study_ws/install/interface_pkg/include/interface_pkg/interface_pkg/msg/detail/ransac__rosidl_typesupport_introspection_c.h
[0.348s] -- Up-to-date: /home/tomoni11/Documents/ROS2/study_ws/install/interface_pkg/include/interface_pkg/interface_pkg/msg/detail/ransac__type_support.c
[0.348s] -- Up-to-date: /home/tomoni11/Documents/ROS2/study_ws/install/interface_pkg/lib/libinterface_pkg__rosidl_typesupport_introspection_c.so
[0.348s] -- Up-to-date: /home/tomoni11/Documents/ROS2/study_ws/install/interface_pkg/lib/libinterface_pkg__rosidl_typesupport_c.so
[0.348s] -- Up-to-date: /home/tomoni11/Documents/ROS2/study_ws/install/interface_pkg/include/interface_pkg/interface_pkg
[0.348s] -- Up-to-date: /home/tomoni11/Documents/ROS2/study_ws/install/interface_pkg/include/interface_pkg/interface_pkg/msg
[0.348s] -- Up-to-date: /home/tomoni11/Documents/ROS2/study_ws/install/interface_pkg/include/interface_pkg/interface_pkg/msg/detail
[0.348s] -- Up-to-date: /home/tomoni11/Documents/ROS2/study_ws/install/interface_pkg/include/interface_pkg/interface_pkg/msg/detail/ransac__type_support.cpp
[0.348s] -- Up-to-date: /home/tomoni11/Documents/ROS2/study_ws/install/interface_pkg/include/interface_pkg/interface_pkg/msg/detail/ransac__rosidl_typesupport_introspection_cpp.hpp
[0.348s] -- Up-to-date: /home/tomoni11/Documents/ROS2/study_ws/install/interface_pkg/lib/libinterface_pkg__rosidl_typesupport_introspection_cpp.so
[0.348s] -- Up-to-date: /home/tomoni11/Documents/ROS2/study_ws/install/interface_pkg/lib/libinterface_pkg__rosidl_typesupport_cpp.so
[0.348s] -- Up-to-date: /home/tomoni11/Documents/ROS2/study_ws/install/interface_pkg/share/interface_pkg/environment/pythonpath.sh
[0.348s] -- Up-to-date: /home/tomoni11/Documents/ROS2/study_ws/install/interface_pkg/share/interface_pkg/environment/pythonpath.dsv
[0.348s] -- Up-to-date: /home/tomoni11/Documents/ROS2/study_ws/install/interface_pkg/lib/python3.12/site-packages/interface_pkg-0.0.0-py3.12.egg-info
[0.348s] -- Installing: /home/tomoni11/Documents/ROS2/study_ws/install/interface_pkg/lib/python3.12/site-packages/interface_pkg-0.0.0-py3.12.egg-info/top_level.txt
[0.348s] -- Installing: /home/tomoni11/Documents/ROS2/study_ws/install/interface_pkg/lib/python3.12/site-packages/interface_pkg-0.0.0-py3.12.egg-info/dependency_links.txt
[0.348s] -- Installing: /home/tomoni11/Documents/ROS2/study_ws/install/interface_pkg/lib/python3.12/site-packages/interface_pkg-0.0.0-py3.12.egg-info/SOURCES.txt
[0.348s] -- Installing: /home/tomoni11/Documents/ROS2/study_ws/install/interface_pkg/lib/python3.12/site-packages/interface_pkg-0.0.0-py3.12.egg-info/PKG-INFO
[0.348s] -- Up-to-date: /home/tomoni11/Documents/ROS2/study_ws/install/interface_pkg/lib/python3.12/site-packages/interface_pkg
[0.348s] -- Up-to-date: /home/tomoni11/Documents/ROS2/study_ws/install/interface_pkg/lib/python3.12/site-packages/interface_pkg/_interface_pkg_s.ep.rosidl_typesupport_c.c
[0.348s] -- Up-to-date: /home/tomoni11/Documents/ROS2/study_ws/install/interface_pkg/lib/python3.12/site-packages/interface_pkg/_interface_pkg_s.ep.rosidl_typesupport_introspection_c.c
[0.348s] -- Up-to-date: /home/tomoni11/Documents/ROS2/study_ws/install/interface_pkg/lib/python3.12/site-packages/interface_pkg/interface_pkg_s__rosidl_typesupport_fastrtps_c.so
[0.348s] -- Up-to-date: /home/tomoni11/Documents/ROS2/study_ws/install/interface_pkg/lib/python3.12/site-packages/interface_pkg/_interface_pkg_s.ep.rosidl_typesupport_fastrtps_c.c
[0.348s] -- Up-to-date: /home/tomoni11/Documents/ROS2/study_ws/install/interface_pkg/lib/python3.12/site-packages/interface_pkg/interface_pkg_s__rosidl_typesupport_c.so
[0.348s] -- Up-to-date: /home/tomoni11/Documents/ROS2/study_ws/install/interface_pkg/lib/python3.12/site-packages/interface_pkg/msg
[0.348s] -- Up-to-date: /home/tomoni11/Documents/ROS2/study_ws/install/interface_pkg/lib/python3.12/site-packages/interface_pkg/msg/_ransac.py
[0.348s] -- Up-to-date: /home/tomoni11/Documents/ROS2/study_ws/install/interface_pkg/lib/python3.12/site-packages/interface_pkg/msg/_ransac_s.c
[0.348s] -- Up-to-date: /home/tomoni11/Documents/ROS2/study_ws/install/interface_pkg/lib/python3.12/site-packages/interface_pkg/msg/__init__.py
[0.348s] -- Up-to-date: /home/tomoni11/Documents/ROS2/study_ws/install/interface_pkg/lib/python3.12/site-packages/interface_pkg/__init__.py
[0.348s] -- Up-to-date: /home/tomoni11/Documents/ROS2/study_ws/install/interface_pkg/lib/python3.12/site-packages/interface_pkg/interface_pkg_s__rosidl_typesupport_introspection_c.so
[0.376s] Listing '/home/tomoni11/Documents/ROS2/study_ws/install/interface_pkg/lib/python3.12/site-packages/interface_pkg'...
[0.376s] Listing '/home/tomoni11/Documents/ROS2/study_ws/install/interface_pkg/lib/python3.12/site-packages/interface_pkg/msg'...
[0.383s] -- Up-to-date: /home/tomoni11/Documents/ROS2/study_ws/install/interface_pkg/lib/python3.12/site-packages/interface_pkg/interface_pkg_s__rosidl_typesupport_fastrtps_c.so
[0.383s] -- Up-to-date: /home/tomoni11/Documents/ROS2/study_ws/install/interface_pkg/lib/python3.12/site-packages/interface_pkg/interface_pkg_s__rosidl_typesupport_introspection_c.so
[0.383s] -- Up-to-date: /home/tomoni11/Documents/ROS2/study_ws/install/interface_pkg/lib/python3.12/site-packages/interface_pkg/interface_pkg_s__rosidl_typesupport_c.so
[0.383s] -- Up-to-date: /home/tomoni11/Documents/ROS2/study_ws/install/interface_pkg/lib/libinterface_pkg__rosidl_generator_py.so
[0.383s] -- Up-to-date: /home/tomoni11/Documents/ROS2/study_ws/install/interface_pkg/share/interface_pkg/msg/Ransac.idl
[0.383s] -- Up-to-date: /home/tomoni11/Documents/ROS2/study_ws/install/interface_pkg/share/interface_pkg/msg/Ransac.msg
[0.383s] -- Up-to-date: /home/tomoni11/Documents/ROS2/study_ws/install/interface_pkg/share/ament_index/resource_index/package_run_dependencies/interface_pkg
[0.383s] -- Up-to-date: /home/tomoni11/Documents/ROS2/study_ws/install/interface_pkg/share/ament_index/resource_index/parent_prefix_path/interface_pkg
[0.383s] -- Up-to-date: /home/tomoni11/Documents/ROS2/study_ws/install/interface_pkg/share/interface_pkg/environment/ament_prefix_path.sh
[0.383s] -- Up-to-date: /home/tomoni11/Documents/ROS2/study_ws/install/interface_pkg/share/interface_pkg/environment/ament_prefix_path.dsv
[0.383s] -- Up-to-date: /home/tomoni11/Documents/ROS2/study_ws/install/interface_pkg/share/interface_pkg/environment/path.sh
[0.383s] -- Up-to-date: /home/tomoni11/Documents/ROS2/study_ws/install/interface_pkg/share/interface_pkg/environment/path.dsv
[0.383s] -- Up-to-date: /home/tomoni11/Documents/ROS2/study_ws/install/interface_pkg/share/interface_pkg/local_setup.bash
[0.383s] -- Up-to-date: /home/tomoni11/Documents/ROS2/study_ws/install/interface_pkg/share/interface_pkg/local_setup.sh
[0.383s] -- Up-to-date: /home/tomoni11/Documents/ROS2/study_ws/install/interface_pkg/share/interface_pkg/local_setup.zsh
[0.384s] -- Up-to-date: /home/tomoni11/Documents/ROS2/study_ws/install/interface_pkg/share/interface_pkg/local_setup.dsv
[0.384s] -- Installing: /home/tomoni11/Documents/ROS2/study_ws/install/interface_pkg/share/interface_pkg/package.dsv
[0.384s] -- Up-to-date: /home/tomoni11/Documents/ROS2/study_ws/install/interface_pkg/share/ament_index/resource_index/packages/interface_pkg
[0.384s] -- Up-to-date: /home/tomoni11/Documents/ROS2/study_ws/install/interface_pkg/share/interface_pkg/cmake/export_interface_pkg__rosidl_generator_cExport.cmake
[0.384s] -- Up-to-date: /home/tomoni11/Documents/ROS2/study_ws/install/interface_pkg/share/interface_pkg/cmake/export_interface_pkg__rosidl_generator_cExport-noconfig.cmake
[0.384s] -- Up-to-date: /home/tomoni11/Documents/ROS2/study_ws/install/interface_pkg/share/interface_pkg/cmake/export_interface_pkg__rosidl_typesupport_fastrtps_cExport.cmake
[0.384s] -- Up-to-date: /home/tomoni11/Documents/ROS2/study_ws/install/interface_pkg/share/interface_pkg/cmake/export_interface_pkg__rosidl_typesupport_fastrtps_cExport-noconfig.cmake
[0.384s] -- Up-to-date: /home/tomoni11/Documents/ROS2/study_ws/install/interface_pkg/share/interface_pkg/cmake/export_interface_pkg__rosidl_generator_cppExport.cmake
[0.384s] -- Up-to-date: /home/tomoni11/Documents/ROS2/study_ws/install/interface_pkg/share/interface_pkg/cmake/export_interface_pkg__rosidl_typesupport_fastrtps_cppExport.cmake
[0.384s] -- Up-to-date: /home/tomoni11/Documents/ROS2/study_ws/install/interface_pkg/share/interface_pkg/cmake/export_interface_pkg__rosidl_typesupport_fastrtps_cppExport-noconfig.cmake
[0.384s] -- Up-to-date: /home/tomoni11/Documents/ROS2/study_ws/install/interface_pkg/share/interface_pkg/cmake/interface_pkg__rosidl_typesupport_introspection_cExport.cmake
[0.384s] -- Up-to-date: /home/tomoni11/Documents/ROS2/study_ws/install/interface_pkg/share/interface_pkg/cmake/interface_pkg__rosidl_typesupport_introspection_cExport-noconfig.cmake
[0.384s] -- Up-to-date: /home/tomoni11/Documents/ROS2/study_ws/install/interface_pkg/share/interface_pkg/cmake/interface_pkg__rosidl_typesupport_cExport.cmake
[0.384s] -- Up-to-date: /home/tomoni11/Documents/ROS2/study_ws/install/interface_pkg/share/interface_pkg/cmake/interface_pkg__rosidl_typesupport_cExport-noconfig.cmake
[0.384s] -- Up-to-date: /home/tomoni11/Documents/ROS2/study_ws/install/interface_pkg/share/interface_pkg/cmake/interface_pkg__rosidl_typesupport_introspection_cppExport.cmake
[0.384s] -- Up-to-date: /home/tomoni11/Documents/ROS2/study_ws/install/interface_pkg/share/interface_pkg/cmake/interface_pkg__rosidl_typesupport_introspection_cppExport-noconfig.cmake
[0.384s] -- Up-to-date: /home/tomoni11/Documents/ROS2/study_ws/install/interface_pkg/share/interface_pkg/cmake/interface_pkg__rosidl_typesupport_cppExport.cmake
[0.384s] -- Up-to-date: /home/tomoni11/Documents/ROS2/study_ws/install/interface_pkg/share/interface_pkg/cmake/interface_pkg__rosidl_typesupport_cppExport-noconfig.cmake
[0.384s] -- Up-to-date: /home/tomoni11/Documents/ROS2/study_ws/install/interface_pkg/share/interface_pkg/cmake/export_interface_pkg__rosidl_generator_pyExport.cmake
[0.384s] -- Up-to-date: /home/tomoni11/Documents/ROS2/study_ws/install/interface_pkg/share/interface_pkg/cmake/export_interface_pkg__rosidl_generator_pyExport-noconfig.cmake
[0.384s] -- Up-to-date: /home/tomoni11/Documents/ROS2/study_ws/install/interface_pkg/share/interface_pkg/cmake/rosidl_cmake-extras.cmake
[0.384s] -- Up-to-date: /home/tomoni11/Documents/ROS2/study_ws/install/interface_pkg/share/interface_pkg/cmake/ament_cmake_export_dependencies-extras.cmake
[0.384s] -- Up-to-date: /home/tomoni11/Documents/ROS2/study_ws/install/interface_pkg/share/interface_pkg/cmake/ament_cmake_export_include_directories-extras.cmake
[0.384s] -- Up-to-date: /home/tomoni11/Documents/ROS2/study_ws/install/interface_pkg/share/interface_pkg/cmake/ament_cmake_export_libraries-extras.cmake
[0.385s] -- Up-to-date: /home/tomoni11/Documents/ROS2/study_ws/install/interface_pkg/share/interface_pkg/cmake/ament_cmake_export_targets-extras.cmake
[0.385s] -- Up-to-date: /home/tomoni11/Documents/ROS2/study_ws/install/interface_pkg/share/interface_pkg/cmake/rosidl_cmake_export_typesupport_targets-extras.cmake
[0.385s] -- Up-to-date: /home/tomoni11/Documents/ROS2/study_ws/install/interface_pkg/share/interface_pkg/cmake/rosidl_cmake_export_typesupport_libraries-extras.cmake
[0.385s] -- Up-to-date: /home/tomoni11/Documents/ROS2/study_ws/install/interface_pkg/share/interface_pkg/cmake/interface_pkgConfig.cmake
[0.385s] -- Up-to-date: /home/tomoni11/Documents/ROS2/study_ws/install/interface_pkg/share/interface_pkg/cmake/interface_pkgConfig-version.cmake
[0.385s] -- Up-to-date: /home/tomoni11/Documents/ROS2/study_ws/install/interface_pkg/share/interface_pkg/package.xml
[0.387s] Invoked command in '/home/tomoni11/Documents/ROS2/study_ws/build/interface_pkg' returned '0': CMAKE_PREFIX_PATH=${CMAKE_PREFIX_PATH}:/opt/ros/jazzy DEBUGINFOD_URLS=https://debuginfod.ubuntu.com /usr/bin/cmake --install /home/tomoni11/Documents/ROS2/study_ws/build/interface_pkg
