-- Found ament_cmake: 2.5.3 (/opt/ros/jazzy/share/ament_cmake/cmake)
-- Found Python3: /usr/bin/python3 (found version "3.12.3") found components: Interpreter 
-- Found rclcpp: 28.1.6 (/opt/ros/jazzy/share/rclcpp/cmake)
-- Found rosidl_generator_c: 4.6.5 (/opt/ros/jazzy/share/rosidl_generator_c/cmake)
-- Found rosidl_generator_cpp: 4.6.5 (/opt/ros/jazzy/share/rosidl_generator_cpp/cmake)
-- Using all available rosidl_typesupport_c: rosidl_typesupport_fastrtps_c;rosidl_typesupport_introspection_c
-- Using all available rosidl_typesupport_cpp: rosidl_typesupport_fastrtps_cpp;rosidl_typesupport_introspection_cpp
-- Found rmw_implementation_cmake: 7.3.1 (/opt/ros/jazzy/share/rmw_implementation_cmake/cmake)
-- Found rmw_fastrtps_cpp: 8.4.1 (/opt/ros/jazzy/share/rmw_fastrtps_cpp/cmake)
-- Using RMW implementation 'rmw_fastrtps_cpp' as default
-- Found study_interface: 0.0.0 (/home/tomoni11/Documents/ROS2/study_ws/install/study_interface/share/study_interface/cmake)
-- Found Python3: /usr/include/python3.12 (found version "3.12.3") found components: Development NumPy Interpreter Development.Module Development.Embed 
-- Found ament_lint_auto: 0.17.1 (/opt/ros/jazzy/share/ament_lint_auto/cmake)
-- Added test 'cppcheck' to perform static code analysis on C / C++ code
-- Configured cppcheck include dirs: /home/tomoni11/Documents/ROS2/study_ws/src/ransac_pkg/include/ransac_pkg
-- Configured cppcheck exclude dirs and/or files: 
-- Added test 'flake8' to check Python code syntax and style conventions
-- Configured 'flake8' exclude dirs and/or files: 
-- Added test 'lint_cmake' to check CMake code style
-- Added test 'pep257' to check Python code against some of the docstring style conventions in PEP 257
-- Added test 'uncrustify' to check C / C++ code style
-- Configured uncrustify additional arguments: 
-- Added test 'xmllint' to check XML markup files
-- Configuring done (0.9s)
-- Generating done (0.0s)
-- Build files have been written to: /home/tomoni11/Documents/ROS2/study_ws/build/ransac_pkg
[100%] Built target circle
[100%] Built target circle_drower
[100%] Built target line_drower
-- Install configuration: ""
-- Up-to-date: /home/tomoni11/Documents/ROS2/study_ws/install/ransac_pkg/lib/ransac_pkg/circle
-- Up-to-date: /home/tomoni11/Documents/ROS2/study_ws/install/ransac_pkg/lib/ransac_pkg/circle_drower
-- Up-to-date: /home/tomoni11/Documents/ROS2/study_ws/install/ransac_pkg/lib/ransac_pkg/line_drower
-- Up-to-date: /home/tomoni11/Documents/ROS2/study_ws/install/ransac_pkg/share/ransac_pkg/launch
-- Up-to-date: /home/tomoni11/Documents/ROS2/study_ws/install/ransac_pkg/share/ransac_pkg/launch/circle.launch.py
-- Installing: /home/tomoni11/Documents/ROS2/study_ws/install/ransac_pkg/share/ament_index/resource_index/package_run_dependencies/ransac_pkg
-- Up-to-date: /home/tomoni11/Documents/ROS2/study_ws/install/ransac_pkg/share/ament_index/resource_index/parent_prefix_path/ransac_pkg
-- Up-to-date: /home/tomoni11/Documents/ROS2/study_ws/install/ransac_pkg/share/ransac_pkg/environment/ament_prefix_path.sh
-- Up-to-date: /home/tomoni11/Documents/ROS2/study_ws/install/ransac_pkg/share/ransac_pkg/environment/ament_prefix_path.dsv
-- Up-to-date: /home/tomoni11/Documents/ROS2/study_ws/install/ransac_pkg/share/ransac_pkg/environment/path.sh
-- Up-to-date: /home/tomoni11/Documents/ROS2/study_ws/install/ransac_pkg/share/ransac_pkg/environment/path.dsv
-- Up-to-date: /home/tomoni11/Documents/ROS2/study_ws/install/ransac_pkg/share/ransac_pkg/local_setup.bash
-- Up-to-date: /home/tomoni11/Documents/ROS2/study_ws/install/ransac_pkg/share/ransac_pkg/local_setup.sh
-- Up-to-date: /home/tomoni11/Documents/ROS2/study_ws/install/ransac_pkg/share/ransac_pkg/local_setup.zsh
-- Up-to-date: /home/tomoni11/Documents/ROS2/study_ws/install/ransac_pkg/share/ransac_pkg/local_setup.dsv
-- Installing: /home/tomoni11/Documents/ROS2/study_ws/install/ransac_pkg/share/ransac_pkg/package.dsv
-- Up-to-date: /home/tomoni11/Documents/ROS2/study_ws/install/ransac_pkg/share/ament_index/resource_index/packages/ransac_pkg
-- Up-to-date: /home/tomoni11/Documents/ROS2/study_ws/install/ransac_pkg/share/ransac_pkg/cmake/ransac_pkgConfig.cmake
-- Up-to-date: /home/tomoni11/Documents/ROS2/study_ws/install/ransac_pkg/share/ransac_pkg/cmake/ransac_pkgConfig-version.cmake
-- Installing: /home/tomoni11/Documents/ROS2/study_ws/install/ransac_pkg/share/ransac_pkg/package.xml
