[0.007s] Invoking command in '/home/tomoni11/Documents/ROS2/asobi_ws/build/simple_ransac_pkg': CMAKE_PREFIX_PATH=/home/tomoni11/Documents/ROS2/asobi_ws/install/interface_pkg:/home/tomoni11/Documents/ROS2/asobi_ws/install/simple_ransac_pkg:/home/tomoni11/Documents/ROS2/asobi_ws/install/lider_to_fp:/opt/ros/jazzy/opt/gz_sim_vendor:/opt/ros/jazzy/opt/gz_sensors_vendor:/opt/ros/jazzy/opt/gz_physics_vendor:/opt/ros/jazzy/opt/sdformat_vendor:/opt/ros/jazzy/opt/gz_gui_vendor:/opt/ros/jazzy/opt/gz_transport_vendor:/opt/ros/jazzy/opt/gz_rendering_vendor:/opt/ros/jazzy/opt/gz_plugin_vendor:/opt/ros/jazzy/opt/gz_fuel_tools_vendor:/opt/ros/jazzy/opt/gz_msgs_vendor:/opt/ros/jazzy/opt/gz_common_vendor:/opt/ros/jazzy/opt/gz_math_vendor:/opt/ros/jazzy/opt/gz_utils_vendor:/opt/ros/jazzy/opt/gz_tools_vendor:/opt/ros/jazzy/opt/gz_ogre_next_vendor:/opt/ros/jazzy/opt/gz_dartsim_vendor:/opt/ros/jazzy/opt/gz_cmake_vendor:/opt/ros/jazzy DEBUGINFOD_URLS=https://debuginfod.ubuntu.com /usr/bin/cmake --build /home/tomoni11/Documents/ROS2/asobi_ws/build/simple_ransac_pkg -- -j24 -l24
[0.055s] [ 50%] Built target drawer
[0.061s] [100%] Built target listener
[0.069s] Invoked command in '/home/tomoni11/Documents/ROS2/asobi_ws/build/simple_ransac_pkg' returned '0': CMAKE_PREFIX_PATH=/home/tomoni11/Documents/ROS2/asobi_ws/install/interface_pkg:/home/tomoni11/Documents/ROS2/asobi_ws/install/simple_ransac_pkg:/home/tomoni11/Documents/ROS2/asobi_ws/install/lider_to_fp:/opt/ros/jazzy/opt/gz_sim_vendor:/opt/ros/jazzy/opt/gz_sensors_vendor:/opt/ros/jazzy/opt/gz_physics_vendor:/opt/ros/jazzy/opt/sdformat_vendor:/opt/ros/jazzy/opt/gz_gui_vendor:/opt/ros/jazzy/opt/gz_transport_vendor:/opt/ros/jazzy/opt/gz_rendering_vendor:/opt/ros/jazzy/opt/gz_plugin_vendor:/opt/ros/jazzy/opt/gz_fuel_tools_vendor:/opt/ros/jazzy/opt/gz_msgs_vendor:/opt/ros/jazzy/opt/gz_common_vendor:/opt/ros/jazzy/opt/gz_math_vendor:/opt/ros/jazzy/opt/gz_utils_vendor:/opt/ros/jazzy/opt/gz_tools_vendor:/opt/ros/jazzy/opt/gz_ogre_next_vendor:/opt/ros/jazzy/opt/gz_dartsim_vendor:/opt/ros/jazzy/opt/gz_cmake_vendor:/opt/ros/jazzy DEBUGINFOD_URLS=https://debuginfod.ubuntu.com /usr/bin/cmake --build /home/tomoni11/Documents/ROS2/asobi_ws/build/simple_ransac_pkg -- -j24 -l24
[0.070s] Invoking command in '/home/tomoni11/Documents/ROS2/asobi_ws/build/simple_ransac_pkg': CMAKE_PREFIX_PATH=/home/tomoni11/Documents/ROS2/asobi_ws/install/interface_pkg:/home/tomoni11/Documents/ROS2/asobi_ws/install/simple_ransac_pkg:/home/tomoni11/Documents/ROS2/asobi_ws/install/lider_to_fp:/opt/ros/jazzy/opt/gz_sim_vendor:/opt/ros/jazzy/opt/gz_sensors_vendor:/opt/ros/jazzy/opt/gz_physics_vendor:/opt/ros/jazzy/opt/sdformat_vendor:/opt/ros/jazzy/opt/gz_gui_vendor:/opt/ros/jazzy/opt/gz_transport_vendor:/opt/ros/jazzy/opt/gz_rendering_vendor:/opt/ros/jazzy/opt/gz_plugin_vendor:/opt/ros/jazzy/opt/gz_fuel_tools_vendor:/opt/ros/jazzy/opt/gz_msgs_vendor:/opt/ros/jazzy/opt/gz_common_vendor:/opt/ros/jazzy/opt/gz_math_vendor:/opt/ros/jazzy/opt/gz_utils_vendor:/opt/ros/jazzy/opt/gz_tools_vendor:/opt/ros/jazzy/opt/gz_ogre_next_vendor:/opt/ros/jazzy/opt/gz_dartsim_vendor:/opt/ros/jazzy/opt/gz_cmake_vendor:/opt/ros/jazzy DEBUGINFOD_URLS=https://debuginfod.ubuntu.com /usr/bin/cmake --install /home/tomoni11/Documents/ROS2/asobi_ws/build/simple_ransac_pkg
[0.077s] -- Install configuration: ""
[0.077s] -- Up-to-date: /home/tomoni11/Documents/ROS2/asobi_ws/install/simple_ransac_pkg/lib/simple_ransac_pkg/listener
[0.077s] -- Up-to-date: /home/tomoni11/Documents/ROS2/asobi_ws/install/simple_ransac_pkg/lib/simple_ransac_pkg/drawer
[0.078s] -- Up-to-date: /home/tomoni11/Documents/ROS2/asobi_ws/install/simple_ransac_pkg/share/ament_index/resource_index/package_run_dependencies/simple_ransac_pkg
[0.078s] -- Up-to-date: /home/tomoni11/Documents/ROS2/asobi_ws/install/simple_ransac_pkg/share/ament_index/resource_index/parent_prefix_path/simple_ransac_pkg
[0.078s] -- Up-to-date: /home/tomoni11/Documents/ROS2/asobi_ws/install/simple_ransac_pkg/share/simple_ransac_pkg/environment/ament_prefix_path.sh
[0.078s] -- Up-to-date: /home/tomoni11/Documents/ROS2/asobi_ws/install/simple_ransac_pkg/share/simple_ransac_pkg/environment/ament_prefix_path.dsv
[0.078s] -- Up-to-date: /home/tomoni11/Documents/ROS2/asobi_ws/install/simple_ransac_pkg/share/simple_ransac_pkg/environment/path.sh
[0.078s] -- Up-to-date: /home/tomoni11/Documents/ROS2/asobi_ws/install/simple_ransac_pkg/share/simple_ransac_pkg/environment/path.dsv
[0.078s] -- Up-to-date: /home/tomoni11/Documents/ROS2/asobi_ws/install/simple_ransac_pkg/share/simple_ransac_pkg/local_setup.bash
[0.078s] -- Up-to-date: /home/tomoni11/Documents/ROS2/asobi_ws/install/simple_ransac_pkg/share/simple_ransac_pkg/local_setup.sh
[0.078s] -- Up-to-date: /home/tomoni11/Documents/ROS2/asobi_ws/install/simple_ransac_pkg/share/simple_ransac_pkg/local_setup.zsh
[0.078s] -- Up-to-date: /home/tomoni11/Documents/ROS2/asobi_ws/install/simple_ransac_pkg/share/simple_ransac_pkg/local_setup.dsv
[0.078s] -- Installing: /home/tomoni11/Documents/ROS2/asobi_ws/install/simple_ransac_pkg/share/simple_ransac_pkg/package.dsv
[0.078s] -- Up-to-date: /home/tomoni11/Documents/ROS2/asobi_ws/install/simple_ransac_pkg/share/ament_index/resource_index/packages/simple_ransac_pkg
[0.078s] -- Up-to-date: /home/tomoni11/Documents/ROS2/asobi_ws/install/simple_ransac_pkg/share/simple_ransac_pkg/cmake/simple_ransac_pkgConfig.cmake
[0.078s] -- Up-to-date: /home/tomoni11/Documents/ROS2/asobi_ws/install/simple_ransac_pkg/share/simple_ransac_pkg/cmake/simple_ransac_pkgConfig-version.cmake
[0.078s] -- Up-to-date: /home/tomoni11/Documents/ROS2/asobi_ws/install/simple_ransac_pkg/share/simple_ransac_pkg/package.xml
[0.080s] Invoked command in '/home/tomoni11/Documents/ROS2/asobi_ws/build/simple_ransac_pkg' returned '0': CMAKE_PREFIX_PATH=/home/tomoni11/Documents/ROS2/asobi_ws/install/interface_pkg:/home/tomoni11/Documents/ROS2/asobi_ws/install/simple_ransac_pkg:/home/tomoni11/Documents/ROS2/asobi_ws/install/lider_to_fp:/opt/ros/jazzy/opt/gz_sim_vendor:/opt/ros/jazzy/opt/gz_sensors_vendor:/opt/ros/jazzy/opt/gz_physics_vendor:/opt/ros/jazzy/opt/sdformat_vendor:/opt/ros/jazzy/opt/gz_gui_vendor:/opt/ros/jazzy/opt/gz_transport_vendor:/opt/ros/jazzy/opt/gz_rendering_vendor:/opt/ros/jazzy/opt/gz_plugin_vendor:/opt/ros/jazzy/opt/gz_fuel_tools_vendor:/opt/ros/jazzy/opt/gz_msgs_vendor:/opt/ros/jazzy/opt/gz_common_vendor:/opt/ros/jazzy/opt/gz_math_vendor:/opt/ros/jazzy/opt/gz_utils_vendor:/opt/ros/jazzy/opt/gz_tools_vendor:/opt/ros/jazzy/opt/gz_ogre_next_vendor:/opt/ros/jazzy/opt/gz_dartsim_vendor:/opt/ros/jazzy/opt/gz_cmake_vendor:/opt/ros/jazzy DEBUGINFOD_URLS=https://debuginfod.ubuntu.com /usr/bin/cmake --install /home/tomoni11/Documents/ROS2/asobi_ws/build/simple_ransac_pkg
