[0.008s] Invoking command in '/home/tomoni11/Documents/ROS2/study_ws/build/make_cloud_pkg': CMAKE_PREFIX_PATH=/home/tomoni11/Documents/ROS2/study_ws/install/study_interface:/home/tomoni11/Documents/ROS2/study_ws/install/ransac_pkg:/home/tomoni11/Documents/ROS2/study_ws/install/make_cloud_pkg:/home/tomoni11/Documents/ROS2/study_ws/install/interface_pkg:/opt/ros/jazzy/opt/gz_sim_vendor:/opt/ros/jazzy/opt/gz_sensors_vendor:/opt/ros/jazzy/opt/gz_physics_vendor:/opt/ros/jazzy/opt/sdformat_vendor:/opt/ros/jazzy/opt/gz_gui_vendor:/opt/ros/jazzy/opt/gz_transport_vendor:/opt/ros/jazzy/opt/gz_rendering_vendor:/opt/ros/jazzy/opt/gz_plugin_vendor:/opt/ros/jazzy/opt/gz_fuel_tools_vendor:/opt/ros/jazzy/opt/gz_msgs_vendor:/opt/ros/jazzy/opt/gz_common_vendor:/opt/ros/jazzy/opt/gz_math_vendor:/opt/ros/jazzy/opt/gz_utils_vendor:/opt/ros/jazzy/opt/gz_tools_vendor:/opt/ros/jazzy/opt/gz_ogre_next_vendor:/opt/ros/jazzy/opt/gz_dartsim_vendor:/opt/ros/jazzy/opt/gz_cmake_vendor:/opt/ros/jazzy DEBUGINFOD_URLS=https://debuginfod.ubuntu.com /usr/bin/cmake --build /home/tomoni11/Documents/ROS2/study_ws/build/make_cloud_pkg -- -j24 -l24
[0.032s] -- Found ament_cmake: 2.5.3 (/opt/ros/jazzy/share/ament_cmake/cmake)
[0.056s] -- Found Python3: /usr/bin/python3 (found version "3.12.3") found components: Interpreter 
[0.123s] -- Found rclcpp: 28.1.6 (/opt/ros/jazzy/share/rclcpp/cmake)
[0.147s] -- Found rosidl_generator_c: 4.6.5 (/opt/ros/jazzy/share/rosidl_generator_c/cmake)
[0.158s] -- Found rosidl_generator_cpp: 4.6.5 (/opt/ros/jazzy/share/rosidl_generator_cpp/cmake)
[0.165s] -- Using all available rosidl_typesupport_c: rosidl_typesupport_fastrtps_c;rosidl_typesupport_introspection_c
[0.175s] -- Using all available rosidl_typesupport_cpp: rosidl_typesupport_fastrtps_cpp;rosidl_typesupport_introspection_cpp
[0.222s] -- Found rmw_implementation_cmake: 7.3.1 (/opt/ros/jazzy/share/rmw_implementation_cmake/cmake)
[0.222s] -- Found rmw_fastrtps_cpp: 8.4.1 (/opt/ros/jazzy/share/rmw_fastrtps_cpp/cmake)
[0.284s] -- Using RMW implementation 'rmw_fastrtps_cpp' as default
[0.339s] -- Found study_interface: 0.0.0 (/home/tomoni11/Documents/ROS2/study_ws/install/study_interface/share/study_interface/cmake)
[0.607s] -- Found Python3: /usr/include/python3.12 (found version "3.12.3") found components: Development NumPy Interpreter Development.Module Development.Embed 
[0.608s] -- Found ament_lint_auto: 0.17.1 (/opt/ros/jazzy/share/ament_lint_auto/cmake)
[0.691s] -- Added test 'cppcheck' to perform static code analysis on C / C++ code
[0.691s] -- Configured cppcheck include dirs: /home/tomoni11/Documents/ROS2/study_ws/src/make_cloud_pkg/include/make_cloud_pkg
[0.691s] -- Configured cppcheck exclude dirs and/or files: 
[0.691s] -- Added test 'flake8' to check Python code syntax and style conventions
[0.691s] -- Configured 'flake8' exclude dirs and/or files: 
[0.692s] -- Added test 'lint_cmake' to check CMake code style
[0.692s] -- Added test 'pep257' to check Python code against some of the docstring style conventions in PEP 257
[0.693s] -- Added test 'uncrustify' to check C / C++ code style
[0.693s] -- Configured uncrustify additional arguments: 
[0.693s] -- Added test 'xmllint' to check XML markup files
[0.694s] -- Configuring done (0.7s)
[0.705s] -- Generating done (0.0s)
[0.708s] -- Build files have been written to: /home/tomoni11/Documents/ROS2/study_ws/build/make_cloud_pkg
[0.748s] [100%] Built target circle
[0.748s] [100%] Built target drower
[0.757s] Invoked command in '/home/tomoni11/Documents/ROS2/study_ws/build/make_cloud_pkg' returned '0': CMAKE_PREFIX_PATH=/home/tomoni11/Documents/ROS2/study_ws/install/study_interface:/home/tomoni11/Documents/ROS2/study_ws/install/ransac_pkg:/home/tomoni11/Documents/ROS2/study_ws/install/make_cloud_pkg:/home/tomoni11/Documents/ROS2/study_ws/install/interface_pkg:/opt/ros/jazzy/opt/gz_sim_vendor:/opt/ros/jazzy/opt/gz_sensors_vendor:/opt/ros/jazzy/opt/gz_physics_vendor:/opt/ros/jazzy/opt/sdformat_vendor:/opt/ros/jazzy/opt/gz_gui_vendor:/opt/ros/jazzy/opt/gz_transport_vendor:/opt/ros/jazzy/opt/gz_rendering_vendor:/opt/ros/jazzy/opt/gz_plugin_vendor:/opt/ros/jazzy/opt/gz_fuel_tools_vendor:/opt/ros/jazzy/opt/gz_msgs_vendor:/opt/ros/jazzy/opt/gz_common_vendor:/opt/ros/jazzy/opt/gz_math_vendor:/opt/ros/jazzy/opt/gz_utils_vendor:/opt/ros/jazzy/opt/gz_tools_vendor:/opt/ros/jazzy/opt/gz_ogre_next_vendor:/opt/ros/jazzy/opt/gz_dartsim_vendor:/opt/ros/jazzy/opt/gz_cmake_vendor:/opt/ros/jazzy DEBUGINFOD_URLS=https://debuginfod.ubuntu.com /usr/bin/cmake --build /home/tomoni11/Documents/ROS2/study_ws/build/make_cloud_pkg -- -j24 -l24
[0.759s] Invoking command in '/home/tomoni11/Documents/ROS2/study_ws/build/make_cloud_pkg': CMAKE_PREFIX_PATH=/home/tomoni11/Documents/ROS2/study_ws/install/study_interface:/home/tomoni11/Documents/ROS2/study_ws/install/ransac_pkg:/home/tomoni11/Documents/ROS2/study_ws/install/make_cloud_pkg:/home/tomoni11/Documents/ROS2/study_ws/install/interface_pkg:/opt/ros/jazzy/opt/gz_sim_vendor:/opt/ros/jazzy/opt/gz_sensors_vendor:/opt/ros/jazzy/opt/gz_physics_vendor:/opt/ros/jazzy/opt/sdformat_vendor:/opt/ros/jazzy/opt/gz_gui_vendor:/opt/ros/jazzy/opt/gz_transport_vendor:/opt/ros/jazzy/opt/gz_rendering_vendor:/opt/ros/jazzy/opt/gz_plugin_vendor:/opt/ros/jazzy/opt/gz_fuel_tools_vendor:/opt/ros/jazzy/opt/gz_msgs_vendor:/opt/ros/jazzy/opt/gz_common_vendor:/opt/ros/jazzy/opt/gz_math_vendor:/opt/ros/jazzy/opt/gz_utils_vendor:/opt/ros/jazzy/opt/gz_tools_vendor:/opt/ros/jazzy/opt/gz_ogre_next_vendor:/opt/ros/jazzy/opt/gz_dartsim_vendor:/opt/ros/jazzy/opt/gz_cmake_vendor:/opt/ros/jazzy DEBUGINFOD_URLS=https://debuginfod.ubuntu.com /usr/bin/cmake --install /home/tomoni11/Documents/ROS2/study_ws/build/make_cloud_pkg
[0.765s] -- Install configuration: ""
[0.765s] -- Up-to-date: /home/tomoni11/Documents/ROS2/study_ws/install/make_cloud_pkg/lib/make_cloud_pkg/circle
[0.766s] -- Up-to-date: /home/tomoni11/Documents/ROS2/study_ws/install/make_cloud_pkg/lib/make_cloud_pkg/drower
[0.766s] -- Installing: /home/tomoni11/Documents/ROS2/study_ws/install/make_cloud_pkg/share/make_cloud_pkg/launch
[0.766s] -- Installing: /home/tomoni11/Documents/ROS2/study_ws/install/make_cloud_pkg/share/make_cloud_pkg/launch/circle.launch.py
[0.766s] -- Installing: /home/tomoni11/Documents/ROS2/study_ws/install/make_cloud_pkg/share/ament_index/resource_index/package_run_dependencies/make_cloud_pkg
[0.766s] -- Up-to-date: /home/tomoni11/Documents/ROS2/study_ws/install/make_cloud_pkg/share/ament_index/resource_index/parent_prefix_path/make_cloud_pkg
[0.766s] -- Up-to-date: /home/tomoni11/Documents/ROS2/study_ws/install/make_cloud_pkg/share/make_cloud_pkg/environment/ament_prefix_path.sh
[0.766s] -- Up-to-date: /home/tomoni11/Documents/ROS2/study_ws/install/make_cloud_pkg/share/make_cloud_pkg/environment/ament_prefix_path.dsv
[0.766s] -- Up-to-date: /home/tomoni11/Documents/ROS2/study_ws/install/make_cloud_pkg/share/make_cloud_pkg/environment/path.sh
[0.766s] -- Up-to-date: /home/tomoni11/Documents/ROS2/study_ws/install/make_cloud_pkg/share/make_cloud_pkg/environment/path.dsv
[0.766s] -- Up-to-date: /home/tomoni11/Documents/ROS2/study_ws/install/make_cloud_pkg/share/make_cloud_pkg/local_setup.bash
[0.766s] -- Up-to-date: /home/tomoni11/Documents/ROS2/study_ws/install/make_cloud_pkg/share/make_cloud_pkg/local_setup.sh
[0.766s] -- Up-to-date: /home/tomoni11/Documents/ROS2/study_ws/install/make_cloud_pkg/share/make_cloud_pkg/local_setup.zsh
[0.766s] -- Up-to-date: /home/tomoni11/Documents/ROS2/study_ws/install/make_cloud_pkg/share/make_cloud_pkg/local_setup.dsv
[0.766s] -- Installing: /home/tomoni11/Documents/ROS2/study_ws/install/make_cloud_pkg/share/make_cloud_pkg/package.dsv
[0.766s] -- Up-to-date: /home/tomoni11/Documents/ROS2/study_ws/install/make_cloud_pkg/share/ament_index/resource_index/packages/make_cloud_pkg
[0.766s] -- Up-to-date: /home/tomoni11/Documents/ROS2/study_ws/install/make_cloud_pkg/share/make_cloud_pkg/cmake/make_cloud_pkgConfig.cmake
[0.766s] -- Up-to-date: /home/tomoni11/Documents/ROS2/study_ws/install/make_cloud_pkg/share/make_cloud_pkg/cmake/make_cloud_pkgConfig-version.cmake
[0.766s] -- Installing: /home/tomoni11/Documents/ROS2/study_ws/install/make_cloud_pkg/share/make_cloud_pkg/package.xml
[0.768s] Invoked command in '/home/tomoni11/Documents/ROS2/study_ws/build/make_cloud_pkg' returned '0': CMAKE_PREFIX_PATH=/home/tomoni11/Documents/ROS2/study_ws/install/study_interface:/home/tomoni11/Documents/ROS2/study_ws/install/ransac_pkg:/home/tomoni11/Documents/ROS2/study_ws/install/make_cloud_pkg:/home/tomoni11/Documents/ROS2/study_ws/install/interface_pkg:/opt/ros/jazzy/opt/gz_sim_vendor:/opt/ros/jazzy/opt/gz_sensors_vendor:/opt/ros/jazzy/opt/gz_physics_vendor:/opt/ros/jazzy/opt/sdformat_vendor:/opt/ros/jazzy/opt/gz_gui_vendor:/opt/ros/jazzy/opt/gz_transport_vendor:/opt/ros/jazzy/opt/gz_rendering_vendor:/opt/ros/jazzy/opt/gz_plugin_vendor:/opt/ros/jazzy/opt/gz_fuel_tools_vendor:/opt/ros/jazzy/opt/gz_msgs_vendor:/opt/ros/jazzy/opt/gz_common_vendor:/opt/ros/jazzy/opt/gz_math_vendor:/opt/ros/jazzy/opt/gz_utils_vendor:/opt/ros/jazzy/opt/gz_tools_vendor:/opt/ros/jazzy/opt/gz_ogre_next_vendor:/opt/ros/jazzy/opt/gz_dartsim_vendor:/opt/ros/jazzy/opt/gz_cmake_vendor:/opt/ros/jazzy DEBUGINFOD_URLS=https://debuginfod.ubuntu.com /usr/bin/cmake --install /home/tomoni11/Documents/ROS2/study_ws/build/make_cloud_pkg
