[0.008s] Invoking command in '/home/tomoni11/Documents/ROS2/asobi_ws/build/interface_pkg': CMAKE_PREFIX_PATH=${CMAKE_PREFIX_PATH}:/opt/ros/jazzy DEBUGINFOD_URLS=https://debuginfod.ubuntu.com /usr/bin/cmake --build /home/tomoni11/Documents/ROS2/asobi_ws/build/interface_pkg -- -j24 -l24
[0.043s] Invoked command in '/home/tomoni11/Documents/ROS2/asobi_ws/build/interface_pkg' returned '0': CMAKE_PREFIX_PATH=${CMAKE_PREFIX_PATH}:/opt/ros/jazzy DEBUGINFOD_URLS=https://debuginfod.ubuntu.com /usr/bin/cmake --build /home/tomoni11/Documents/ROS2/asobi_ws/build/interface_pkg -- -j24 -l24
[0.052s] Invoking command in '/home/tomoni11/Documents/ROS2/asobi_ws/build/interface_pkg': CMAKE_PREFIX_PATH=${CMAKE_PREFIX_PATH}:/opt/ros/jazzy DEBUGINFOD_URLS=https://debuginfod.ubuntu.com /usr/bin/cmake --install /home/tomoni11/Documents/ROS2/asobi_ws/build/interface_pkg
[0.059s] -- Install configuration: ""
[0.059s] -- Up-to-date: /home/tomoni11/Documents/ROS2/asobi_ws/install/interface_pkg/share/ament_index/resource_index/package_run_dependencies/interface_pkg
[0.059s] -- Up-to-date: /home/tomoni11/Documents/ROS2/asobi_ws/install/interface_pkg/share/ament_index/resource_index/parent_prefix_path/interface_pkg
[0.059s] -- Up-to-date: /home/tomoni11/Documents/ROS2/asobi_ws/install/interface_pkg/share/interface_pkg/environment/ament_prefix_path.sh
[0.059s] -- Up-to-date: /home/tomoni11/Documents/ROS2/asobi_ws/install/interface_pkg/share/interface_pkg/environment/ament_prefix_path.dsv
[0.059s] -- Up-to-date: /home/tomoni11/Documents/ROS2/asobi_ws/install/interface_pkg/share/interface_pkg/environment/path.sh
[0.059s] -- Up-to-date: /home/tomoni11/Documents/ROS2/asobi_ws/install/interface_pkg/share/interface_pkg/environment/path.dsv
[0.059s] -- Up-to-date: /home/tomoni11/Documents/ROS2/asobi_ws/install/interface_pkg/share/interface_pkg/local_setup.bash
[0.059s] -- Up-to-date: /home/tomoni11/Documents/ROS2/asobi_ws/install/interface_pkg/share/interface_pkg/local_setup.sh
[0.059s] -- Up-to-date: /home/tomoni11/Documents/ROS2/asobi_ws/install/interface_pkg/share/interface_pkg/local_setup.zsh
[0.059s] -- Up-to-date: /home/tomoni11/Documents/ROS2/asobi_ws/install/interface_pkg/share/interface_pkg/local_setup.dsv
[0.059s] -- Installing: /home/tomoni11/Documents/ROS2/asobi_ws/install/interface_pkg/share/interface_pkg/package.dsv
[0.060s] -- Up-to-date: /home/tomoni11/Documents/ROS2/asobi_ws/install/interface_pkg/share/ament_index/resource_index/packages/interface_pkg
[0.060s] -- Up-to-date: /home/tomoni11/Documents/ROS2/asobi_ws/install/interface_pkg/share/interface_pkg/cmake/interface_pkgConfig.cmake
[0.060s] -- Up-to-date: /home/tomoni11/Documents/ROS2/asobi_ws/install/interface_pkg/share/interface_pkg/cmake/interface_pkgConfig-version.cmake
[0.060s] -- Up-to-date: /home/tomoni11/Documents/ROS2/asobi_ws/install/interface_pkg/share/interface_pkg/package.xml
[0.061s] Invoked command in '/home/tomoni11/Documents/ROS2/asobi_ws/build/interface_pkg' returned '0': CMAKE_PREFIX_PATH=${CMAKE_PREFIX_PATH}:/opt/ros/jazzy DEBUGINFOD_URLS=https://debuginfod.ubuntu.com /usr/bin/cmake --install /home/tomoni11/Documents/ROS2/asobi_ws/build/interface_pkg
