[0.011s] Invoking command in '/home/tomoni11/Documents/ROS2/study_ws/build/study_interface': CMAKE_PREFIX_PATH=${CMAKE_PREFIX_PATH}:/opt/ros/jazzy DEBUGINFOD_URLS=https://debuginfod.ubuntu.com /usr/bin/cmake --build /home/tomoni11/Documents/ROS2/study_ws/build/study_interface -- -j24 -l24
[0.037s] -- Found ament_cmake: 2.5.3 (/opt/ros/jazzy/share/ament_cmake/cmake)
[0.066s] -- Found Python3: /usr/bin/python3 (found version "3.12.3") found components: Interpreter 
[0.158s] -- Found geometry_msgs: 5.3.5 (/opt/ros/jazzy/share/geometry_msgs/cmake)
[0.184s] -- Found rosidl_generator_c: 4.6.5 (/opt/ros/jazzy/share/rosidl_generator_c/cmake)
[0.193s] -- Found rosidl_generator_cpp: 4.6.5 (/opt/ros/jazzy/share/rosidl_generator_cpp/cmake)
[0.203s] -- Using all available rosidl_typesupport_c: rosidl_typesupport_fastrtps_c;rosidl_typesupport_introspection_c
[0.217s] -- Using all available rosidl_typesupport_cpp: rosidl_typesupport_fastrtps_cpp;rosidl_typesupport_introspection_cpp
[0.260s] -- Found rosidl_default_generators: 1.6.0 (/opt/ros/jazzy/share/rosidl_default_generators/cmake)
[0.267s] -- Found rosidl_adapter: 4.6.5 (/opt/ros/jazzy/share/rosidl_adapter/cmake)
[0.577s] -- Found ament_cmake_ros: 0.12.0 (/opt/ros/jazzy/share/ament_cmake_ros/cmake)
[0.867s] -- Using all available rosidl_typesupport_c: rosidl_typesupport_fastrtps_c;rosidl_typesupport_introspection_c
[0.975s] -- Using all available rosidl_typesupport_cpp: rosidl_typesupport_fastrtps_cpp;rosidl_typesupport_introspection_cpp
[0.976s] -- Found python_cmake_module: 0.11.1 (/opt/ros/jazzy/share/python_cmake_module/cmake)
[1.236s] -- Found Python3: /usr/bin/python3 (found version "3.12.3") found components: Interpreter Development NumPy Development.Module Development.Embed 
[1.263s] -- Found ament_lint_auto: 0.17.1 (/opt/ros/jazzy/share/ament_lint_auto/cmake)
[1.268s] -- Added test 'lint_cmake' to check CMake code style
[1.269s] -- Added test 'xmllint' to check XML markup files
[1.270s] -- Configuring done (1.2s)
[1.296s] -- Generating done (0.0s)
[1.304s] -- Build files have been written to: /home/tomoni11/Documents/ROS2/study_ws/build/study_interface
[1.340s] [  2%] [34m[1mGenerating type hashes for ROS interfaces[0m
[1.348s] [  2%] Built target ament_cmake_python_copy_study_interface
[1.496s] running egg_info
[1.503s] [  2%] Built target study_interface__rosidl_generator_type_description
[1.507s] writing study_interface.egg-info/PKG-INFO
[1.507s] writing dependency_links to study_interface.egg-info/dependency_links.txt
[1.508s] writing top-level names to study_interface.egg-info/top_level.txt
[1.512s] [  4%] [34m[1mGenerating C code for ROS interfaces[0m
[1.522s] [  6%] [34m[1mGenerating C++ code for ROS interfaces[0m
[1.541s] reading manifest file 'study_interface.egg-info/SOURCES.txt'
[1.542s] writing manifest file 'study_interface.egg-info/SOURCES.txt'
[1.574s] [  6%] Built target ament_cmake_python_build_study_interface_egg
[1.724s] [ 18%] [32mBuilding C object CMakeFiles/study_interface__rosidl_generator_c.dir/rosidl_generator_c/study_interface/msg/detail/cloud__functions.c.o[0m
[1.725s] [ 13%] [32mBuilding C object CMakeFiles/study_interface__rosidl_generator_c.dir/rosidl_generator_c/study_interface/msg/detail/cloud__type_support.c.o[0m
[1.725s] [ 20%] [32mBuilding C object CMakeFiles/study_interface__rosidl_generator_c.dir/rosidl_generator_c/study_interface/msg/detail/circle__functions.c.o[0m
[1.725s] [ 20%] [32mBuilding C object CMakeFiles/study_interface__rosidl_generator_c.dir/rosidl_generator_c/study_interface/msg/detail/circle__description.c.o[0m
[1.725s] [ 20%] [32mBuilding C object CMakeFiles/study_interface__rosidl_generator_c.dir/rosidl_generator_c/study_interface/msg/detail/cloud__description.c.o[0m
[1.725s] [ 13%] [32mBuilding C object CMakeFiles/study_interface__rosidl_generator_c.dir/rosidl_generator_c/study_interface/msg/detail/circle__type_support.c.o[0m
[1.736s] [ 20%] Built target study_interface__cpp
[1.766s] [ 22%] [32m[1mLinking C shared library libstudy_interface__rosidl_generator_c.so[0m
[1.796s] [ 22%] Built target study_interface__rosidl_generator_c
[1.806s] [ 29%] [34m[1mGenerating C++ type support dispatch for ROS interfaces[0m
[1.806s] [ 29%] [34m[1mGenerating C type support dispatch for ROS interfaces[0m
[1.806s] [ 31%] [34m[1mGenerating C++ introspection for ROS interfaces[0m
[1.806s] [ 36%] [34m[1mGenerating C type support for eProsima Fast-RTPS[0m
[1.806s] [ 36%] [34m[1mGenerating C introspection for ROS interfaces[0m
[1.806s] [ 36%] [34m[1mGenerating C++ type support for eProsima Fast-RTPS[0m
[1.986s] [ 40%] [32mBuilding CXX object CMakeFiles/study_interface__rosidl_typesupport_introspection_cpp.dir/rosidl_typesupport_introspection_cpp/study_interface/msg/detail/circle__type_support.cpp.o[0m
[1.986s] [ 40%] [32mBuilding CXX object CMakeFiles/study_interface__rosidl_typesupport_introspection_cpp.dir/rosidl_typesupport_introspection_cpp/study_interface/msg/detail/cloud__type_support.cpp.o[0m
[1.995s] [ 45%] [32mBuilding CXX object CMakeFiles/study_interface__rosidl_typesupport_c.dir/rosidl_typesupport_c/study_interface/msg/cloud__type_support.cpp.o[0m
[1.995s] [ 45%] [32mBuilding CXX object CMakeFiles/study_interface__rosidl_typesupport_c.dir/rosidl_typesupport_c/study_interface/msg/circle__type_support.cpp.o[0m
[2.022s] [ 47%] [32mBuilding CXX object CMakeFiles/study_interface__rosidl_typesupport_cpp.dir/rosidl_typesupport_cpp/study_interface/msg/circle__type_support.cpp.o[0m
[2.023s] [ 50%] [32mBuilding CXX object CMakeFiles/study_interface__rosidl_typesupport_cpp.dir/rosidl_typesupport_cpp/study_interface/msg/cloud__type_support.cpp.o[0m
[2.033s] [ 52%] [32mBuilding C object CMakeFiles/study_interface__rosidl_typesupport_introspection_c.dir/rosidl_typesupport_introspection_c/study_interface/msg/detail/cloud__type_support.c.o[0m
[2.033s] [ 56%] [32m[1mLinking CXX shared library libstudy_interface__rosidl_typesupport_c.so[0m
[2.034s] [ 56%] [32mBuilding C object CMakeFiles/study_interface__rosidl_typesupport_introspection_c.dir/rosidl_typesupport_introspection_c/study_interface/msg/detail/circle__type_support.c.o[0m
[2.053s] [ 59%] [32mBuilding CXX object CMakeFiles/study_interface__rosidl_typesupport_fastrtps_c.dir/rosidl_typesupport_fastrtps_c/study_interface/msg/detail/cloud__type_support_c.cpp.o[0m
[2.054s] [ 61%] [32mBuilding CXX object CMakeFiles/study_interface__rosidl_typesupport_fastrtps_c.dir/rosidl_typesupport_fastrtps_c/study_interface/msg/detail/circle__type_support_c.cpp.o[0m
[2.055s] [ 63%] [32mBuilding CXX object CMakeFiles/study_interface__rosidl_typesupport_fastrtps_cpp.dir/rosidl_typesupport_fastrtps_cpp/study_interface/msg/detail/dds_fastrtps/cloud__type_support.cpp.o[0m
[2.056s] [ 65%] [32mBuilding CXX object CMakeFiles/study_interface__rosidl_typesupport_fastrtps_cpp.dir/rosidl_typesupport_fastrtps_cpp/study_interface/msg/detail/dds_fastrtps/circle__type_support.cpp.o[0m
[2.068s] [ 68%] [32m[1mLinking C shared library libstudy_interface__rosidl_typesupport_introspection_c.so[0m
[2.069s] [ 68%] Built target study_interface__rosidl_typesupport_c
[2.100s] [ 68%] Built target study_interface__rosidl_typesupport_introspection_c
[2.252s] [ 70%] [32m[1mLinking CXX shared library libstudy_interface__rosidl_typesupport_introspection_cpp.so[0m
[2.269s] [ 72%] [32m[1mLinking CXX shared library libstudy_interface__rosidl_typesupport_cpp.so[0m
[2.306s] [ 72%] Built target study_interface__rosidl_typesupport_cpp
[2.324s] [ 72%] Built target study_interface__rosidl_typesupport_introspection_cpp
[2.399s] [ 75%] [32m[1mLinking CXX shared library libstudy_interface__rosidl_typesupport_fastrtps_c.so[0m
[2.416s] [ 77%] [32m[1mLinking CXX shared library libstudy_interface__rosidl_typesupport_fastrtps_cpp.so[0m
[2.440s] [ 77%] Built target study_interface__rosidl_typesupport_fastrtps_c
[2.480s] [ 77%] Built target study_interface__rosidl_typesupport_fastrtps_cpp
[2.498s] [ 77%] Built target study_interface
[2.516s] [ 79%] [34m[1mGenerating Python code for ROS interfaces[0m
[2.758s] [ 79%] Built target study_interface__py
[2.779s] [ 84%] [32mBuilding C object CMakeFiles/study_interface__rosidl_generator_py.dir/rosidl_generator_py/study_interface/msg/_circle_s.c.o[0m
[2.779s] [ 84%] [32mBuilding C object CMakeFiles/study_interface__rosidl_generator_py.dir/rosidl_generator_py/study_interface/msg/_cloud_s.c.o[0m
[2.872s] [ 86%] [32m[1mLinking C shared library libstudy_interface__rosidl_generator_py.so[0m
[2.907s] [ 86%] Built target study_interface__rosidl_generator_py
[2.929s] [ 90%] [32mBuilding C object CMakeFiles/study_interface_s__rosidl_typesupport_introspection_c.dir/rosidl_generator_py/study_interface/_study_interface_s.ep.rosidl_typesupport_introspection_c.c.o[0m
[2.929s] [ 90%] [32mBuilding C object CMakeFiles/study_interface_s__rosidl_typesupport_c.dir/rosidl_generator_py/study_interface/_study_interface_s.ep.rosidl_typesupport_c.c.o[0m
[2.929s] [ 93%] [32mBuilding C object CMakeFiles/study_interface_s__rosidl_typesupport_fastrtps_c.dir/rosidl_generator_py/study_interface/_study_interface_s.ep.rosidl_typesupport_fastrtps_c.c.o[0m
[3.005s] [100%] [32m[1mLinking C shared module rosidl_generator_py/study_interface/study_interface_s__rosidl_typesupport_fastrtps_c.so[0m
[3.005s] [100%] [32m[1mLinking C shared module rosidl_generator_py/study_interface/study_interface_s__rosidl_typesupport_introspection_c.so[0m
[3.005s] [100%] [32m[1mLinking C shared module rosidl_generator_py/study_interface/study_interface_s__rosidl_typesupport_c.so[0m
[3.032s] [100%] Built target study_interface_s__rosidl_typesupport_fastrtps_c
[3.032s] [100%] Built target study_interface_s__rosidl_typesupport_introspection_c
[3.032s] [100%] Built target study_interface_s__rosidl_typesupport_c
[3.043s] Invoked command in '/home/tomoni11/Documents/ROS2/study_ws/build/study_interface' returned '0': CMAKE_PREFIX_PATH=${CMAKE_PREFIX_PATH}:/opt/ros/jazzy DEBUGINFOD_URLS=https://debuginfod.ubuntu.com /usr/bin/cmake --build /home/tomoni11/Documents/ROS2/study_ws/build/study_interface -- -j24 -l24
[3.051s] Invoking command in '/home/tomoni11/Documents/ROS2/study_ws/build/study_interface': CMAKE_PREFIX_PATH=${CMAKE_PREFIX_PATH}:/opt/ros/jazzy DEBUGINFOD_URLS=https://debuginfod.ubuntu.com /usr/bin/cmake --install /home/tomoni11/Documents/ROS2/study_ws/build/study_interface
[3.059s] -- Install configuration: ""
[3.059s] -- Up-to-date: /home/tomoni11/Documents/ROS2/study_ws/install/study_interface/share/ament_index/resource_index/rosidl_interfaces/study_interface
[3.059s] -- Installing: /home/tomoni11/Documents/ROS2/study_ws/install/study_interface/share/study_interface/msg/Cloud.json
[3.059s] -- Installing: /home/tomoni11/Documents/ROS2/study_ws/install/study_interface/share/study_interface/msg/Circle.json
[3.059s] -- Up-to-date: /home/tomoni11/Documents/ROS2/study_ws/install/study_interface/include/study_interface/study_interface
[3.059s] -- Up-to-date: /home/tomoni11/Documents/ROS2/study_ws/install/study_interface/include/study_interface/study_interface/msg
[3.059s] -- Installing: /home/tomoni11/Documents/ROS2/study_ws/install/study_interface/include/study_interface/study_interface/msg/cloud.h
[3.059s] -- Up-to-date: /home/tomoni11/Documents/ROS2/study_ws/install/study_interface/include/study_interface/study_interface/msg/rosidl_generator_c__visibility_control.h
[3.059s] -- Installing: /home/tomoni11/Documents/ROS2/study_ws/install/study_interface/include/study_interface/study_interface/msg/circle.h
[3.059s] -- Up-to-date: /home/tomoni11/Documents/ROS2/study_ws/install/study_interface/include/study_interface/study_interface/msg/detail
[3.059s] -- Installing: /home/tomoni11/Documents/ROS2/study_ws/install/study_interface/include/study_interface/study_interface/msg/detail/cloud__type_support.h
[3.059s] -- Installing: /home/tomoni11/Documents/ROS2/study_ws/install/study_interface/include/study_interface/study_interface/msg/detail/circle__functions.c
[3.059s] -- Installing: /home/tomoni11/Documents/ROS2/study_ws/install/study_interface/include/study_interface/study_interface/msg/detail/cloud__functions.h
[3.059s] -- Installing: /home/tomoni11/Documents/ROS2/study_ws/install/study_interface/include/study_interface/study_interface/msg/detail/cloud__type_support.c
[3.060s] -- Installing: /home/tomoni11/Documents/ROS2/study_ws/install/study_interface/include/study_interface/study_interface/msg/detail/cloud__struct.h
[3.060s] -- Installing: /home/tomoni11/Documents/ROS2/study_ws/install/study_interface/include/study_interface/study_interface/msg/detail/cloud__functions.c
[3.060s] -- Installing: /home/tomoni11/Documents/ROS2/study_ws/install/study_interface/include/study_interface/study_interface/msg/detail/circle__functions.h
[3.060s] -- Installing: /home/tomoni11/Documents/ROS2/study_ws/install/study_interface/include/study_interface/study_interface/msg/detail/circle__type_support.c
[3.060s] -- Installing: /home/tomoni11/Documents/ROS2/study_ws/install/study_interface/include/study_interface/study_interface/msg/detail/circle__struct.h
[3.060s] -- Installing: /home/tomoni11/Documents/ROS2/study_ws/install/study_interface/include/study_interface/study_interface/msg/detail/cloud__description.c
[3.060s] -- Installing: /home/tomoni11/Documents/ROS2/study_ws/install/study_interface/include/study_interface/study_interface/msg/detail/circle__description.c
[3.060s] -- Installing: /home/tomoni11/Documents/ROS2/study_ws/install/study_interface/include/study_interface/study_interface/msg/detail/circle__type_support.h
[3.060s] -- Up-to-date: /home/tomoni11/Documents/ROS2/study_ws/install/study_interface/share/study_interface/environment/library_path.sh
[3.060s] -- Up-to-date: /home/tomoni11/Documents/ROS2/study_ws/install/study_interface/share/study_interface/environment/library_path.dsv
[3.060s] -- Installing: /home/tomoni11/Documents/ROS2/study_ws/install/study_interface/lib/libstudy_interface__rosidl_generator_c.so
[3.060s] -- Set non-toolchain portion of runtime path of "/home/tomoni11/Documents/ROS2/study_ws/install/study_interface/lib/libstudy_interface__rosidl_generator_c.so" to ""
[3.060s] -- Up-to-date: /home/tomoni11/Documents/ROS2/study_ws/install/study_interface/include/study_interface/study_interface
[3.060s] -- Up-to-date: /home/tomoni11/Documents/ROS2/study_ws/install/study_interface/include/study_interface/study_interface/msg
[3.060s] -- Up-to-date: /home/tomoni11/Documents/ROS2/study_ws/install/study_interface/include/study_interface/study_interface/msg/rosidl_typesupport_fastrtps_c__visibility_control.h
[3.061s] -- Up-to-date: /home/tomoni11/Documents/ROS2/study_ws/install/study_interface/include/study_interface/study_interface/msg/detail
[3.061s] -- Installing: /home/tomoni11/Documents/ROS2/study_ws/install/study_interface/include/study_interface/study_interface/msg/detail/cloud__rosidl_typesupport_fastrtps_c.h
[3.061s] -- Installing: /home/tomoni11/Documents/ROS2/study_ws/install/study_interface/include/study_interface/study_interface/msg/detail/circle__rosidl_typesupport_fastrtps_c.h
[3.061s] -- Installing: /home/tomoni11/Documents/ROS2/study_ws/install/study_interface/lib/libstudy_interface__rosidl_typesupport_fastrtps_c.so
[3.061s] -- Set non-toolchain portion of runtime path of "/home/tomoni11/Documents/ROS2/study_ws/install/study_interface/lib/libstudy_interface__rosidl_typesupport_fastrtps_c.so" to ""
[3.061s] -- Up-to-date: /home/tomoni11/Documents/ROS2/study_ws/install/study_interface/include/study_interface/study_interface
[3.061s] -- Up-to-date: /home/tomoni11/Documents/ROS2/study_ws/install/study_interface/include/study_interface/study_interface/msg
[3.061s] -- Installing: /home/tomoni11/Documents/ROS2/study_ws/install/study_interface/include/study_interface/study_interface/msg/cloud.hpp
[3.061s] -- Installing: /home/tomoni11/Documents/ROS2/study_ws/install/study_interface/include/study_interface/study_interface/msg/circle.hpp
[3.061s] -- Up-to-date: /home/tomoni11/Documents/ROS2/study_ws/install/study_interface/include/study_interface/study_interface/msg/detail
[3.061s] -- Installing: /home/tomoni11/Documents/ROS2/study_ws/install/study_interface/include/study_interface/study_interface/msg/detail/circle__type_support.hpp
[3.061s] -- Installing: /home/tomoni11/Documents/ROS2/study_ws/install/study_interface/include/study_interface/study_interface/msg/detail/cloud__builder.hpp
[3.061s] -- Installing: /home/tomoni11/Documents/ROS2/study_ws/install/study_interface/include/study_interface/study_interface/msg/detail/cloud__struct.hpp
[3.061s] -- Installing: /home/tomoni11/Documents/ROS2/study_ws/install/study_interface/include/study_interface/study_interface/msg/detail/circle__builder.hpp
[3.061s] -- Installing: /home/tomoni11/Documents/ROS2/study_ws/install/study_interface/include/study_interface/study_interface/msg/detail/cloud__type_support.hpp
[3.061s] -- Installing: /home/tomoni11/Documents/ROS2/study_ws/install/study_interface/include/study_interface/study_interface/msg/detail/cloud__traits.hpp
[3.062s] -- Installing: /home/tomoni11/Documents/ROS2/study_ws/install/study_interface/include/study_interface/study_interface/msg/detail/circle__traits.hpp
[3.062s] -- Installing: /home/tomoni11/Documents/ROS2/study_ws/install/study_interface/include/study_interface/study_interface/msg/detail/circle__struct.hpp
[3.062s] -- Installing: /home/tomoni11/Documents/ROS2/study_ws/install/study_interface/include/study_interface/study_interface/msg/rosidl_generator_cpp__visibility_control.hpp
[3.062s] -- Up-to-date: /home/tomoni11/Documents/ROS2/study_ws/install/study_interface/include/study_interface/study_interface
[3.062s] -- Up-to-date: /home/tomoni11/Documents/ROS2/study_ws/install/study_interface/include/study_interface/study_interface/msg
[3.062s] -- Up-to-date: /home/tomoni11/Documents/ROS2/study_ws/install/study_interface/include/study_interface/study_interface/msg/rosidl_typesupport_fastrtps_cpp__visibility_control.h
[3.062s] -- Up-to-date: /home/tomoni11/Documents/ROS2/study_ws/install/study_interface/include/study_interface/study_interface/msg/detail
[3.062s] -- Up-to-date: /home/tomoni11/Documents/ROS2/study_ws/install/study_interface/include/study_interface/study_interface/msg/detail/dds_fastrtps
[3.062s] -- Installing: /home/tomoni11/Documents/ROS2/study_ws/install/study_interface/include/study_interface/study_interface/msg/detail/circle__rosidl_typesupport_fastrtps_cpp.hpp
[3.062s] -- Installing: /home/tomoni11/Documents/ROS2/study_ws/install/study_interface/include/study_interface/study_interface/msg/detail/cloud__rosidl_typesupport_fastrtps_cpp.hpp
[3.062s] -- Installing: /home/tomoni11/Documents/ROS2/study_ws/install/study_interface/lib/libstudy_interface__rosidl_typesupport_fastrtps_cpp.so
[3.062s] -- Set non-toolchain portion of runtime path of "/home/tomoni11/Documents/ROS2/study_ws/install/study_interface/lib/libstudy_interface__rosidl_typesupport_fastrtps_cpp.so" to ""
[3.062s] -- Up-to-date: /home/tomoni11/Documents/ROS2/study_ws/install/study_interface/include/study_interface/study_interface
[3.062s] -- Up-to-date: /home/tomoni11/Documents/ROS2/study_ws/install/study_interface/include/study_interface/study_interface/msg
[3.062s] -- Up-to-date: /home/tomoni11/Documents/ROS2/study_ws/install/study_interface/include/study_interface/study_interface/msg/rosidl_typesupport_introspection_c__visibility_control.h
[3.062s] -- Up-to-date: /home/tomoni11/Documents/ROS2/study_ws/install/study_interface/include/study_interface/study_interface/msg/detail
[3.062s] -- Up-to-date: /home/tomoni11/Documents/ROS2/study_ws/install/study_interface/include/study_interface/study_interface/msg/detail/cloud__type_support.c
[3.062s] -- Installing: /home/tomoni11/Documents/ROS2/study_ws/install/study_interface/include/study_interface/study_interface/msg/detail/cloud__rosidl_typesupport_introspection_c.h
[3.062s] -- Installing: /home/tomoni11/Documents/ROS2/study_ws/install/study_interface/include/study_interface/study_interface/msg/detail/circle__rosidl_typesupport_introspection_c.h
[3.062s] -- Up-to-date: /home/tomoni11/Documents/ROS2/study_ws/install/study_interface/include/study_interface/study_interface/msg/detail/circle__type_support.c
[3.062s] -- Installing: /home/tomoni11/Documents/ROS2/study_ws/install/study_interface/lib/libstudy_interface__rosidl_typesupport_introspection_c.so
[3.063s] -- Set non-toolchain portion of runtime path of "/home/tomoni11/Documents/ROS2/study_ws/install/study_interface/lib/libstudy_interface__rosidl_typesupport_introspection_c.so" to ""
[3.063s] -- Installing: /home/tomoni11/Documents/ROS2/study_ws/install/study_interface/lib/libstudy_interface__rosidl_typesupport_c.so
[3.063s] -- Set non-toolchain portion of runtime path of "/home/tomoni11/Documents/ROS2/study_ws/install/study_interface/lib/libstudy_interface__rosidl_typesupport_c.so" to ""
[3.063s] -- Up-to-date: /home/tomoni11/Documents/ROS2/study_ws/install/study_interface/include/study_interface/study_interface
[3.063s] -- Up-to-date: /home/tomoni11/Documents/ROS2/study_ws/install/study_interface/include/study_interface/study_interface/msg
[3.063s] -- Up-to-date: /home/tomoni11/Documents/ROS2/study_ws/install/study_interface/include/study_interface/study_interface/msg/detail
[3.063s] -- Installing: /home/tomoni11/Documents/ROS2/study_ws/install/study_interface/include/study_interface/study_interface/msg/detail/circle__type_support.cpp
[3.063s] -- Installing: /home/tomoni11/Documents/ROS2/study_ws/install/study_interface/include/study_interface/study_interface/msg/detail/cloud__type_support.cpp
[3.063s] -- Installing: /home/tomoni11/Documents/ROS2/study_ws/install/study_interface/include/study_interface/study_interface/msg/detail/circle__rosidl_typesupport_introspection_cpp.hpp
[3.063s] -- Installing: /home/tomoni11/Documents/ROS2/study_ws/install/study_interface/include/study_interface/study_interface/msg/detail/cloud__rosidl_typesupport_introspection_cpp.hpp
[3.063s] -- Installing: /home/tomoni11/Documents/ROS2/study_ws/install/study_interface/lib/libstudy_interface__rosidl_typesupport_introspection_cpp.so
[3.063s] -- Set non-toolchain portion of runtime path of "/home/tomoni11/Documents/ROS2/study_ws/install/study_interface/lib/libstudy_interface__rosidl_typesupport_introspection_cpp.so" to ""
[3.064s] -- Installing: /home/tomoni11/Documents/ROS2/study_ws/install/study_interface/lib/libstudy_interface__rosidl_typesupport_cpp.so
[3.064s] -- Set non-toolchain portion of runtime path of "/home/tomoni11/Documents/ROS2/study_ws/install/study_interface/lib/libstudy_interface__rosidl_typesupport_cpp.so" to ""
[3.064s] -- Up-to-date: /home/tomoni11/Documents/ROS2/study_ws/install/study_interface/share/study_interface/environment/pythonpath.sh
[3.064s] -- Up-to-date: /home/tomoni11/Documents/ROS2/study_ws/install/study_interface/share/study_interface/environment/pythonpath.dsv
[3.064s] -- Up-to-date: /home/tomoni11/Documents/ROS2/study_ws/install/study_interface/lib/python3.12/site-packages/study_interface-0.0.0-py3.12.egg-info
[3.064s] -- Installing: /home/tomoni11/Documents/ROS2/study_ws/install/study_interface/lib/python3.12/site-packages/study_interface-0.0.0-py3.12.egg-info/top_level.txt
[3.064s] -- Installing: /home/tomoni11/Documents/ROS2/study_ws/install/study_interface/lib/python3.12/site-packages/study_interface-0.0.0-py3.12.egg-info/dependency_links.txt
[3.064s] -- Installing: /home/tomoni11/Documents/ROS2/study_ws/install/study_interface/lib/python3.12/site-packages/study_interface-0.0.0-py3.12.egg-info/SOURCES.txt
[3.064s] -- Installing: /home/tomoni11/Documents/ROS2/study_ws/install/study_interface/lib/python3.12/site-packages/study_interface-0.0.0-py3.12.egg-info/PKG-INFO
[3.064s] -- Up-to-date: /home/tomoni11/Documents/ROS2/study_ws/install/study_interface/lib/python3.12/site-packages/study_interface
[3.064s] -- Installing: /home/tomoni11/Documents/ROS2/study_ws/install/study_interface/lib/python3.12/site-packages/study_interface/_study_interface_s.ep.rosidl_typesupport_fastrtps_c.c
[3.064s] -- Installing: /home/tomoni11/Documents/ROS2/study_ws/install/study_interface/lib/python3.12/site-packages/study_interface/study_interface_s__rosidl_typesupport_c.so
[3.064s] -- Up-to-date: /home/tomoni11/Documents/ROS2/study_ws/install/study_interface/lib/python3.12/site-packages/study_interface/msg
[3.064s] -- Installing: /home/tomoni11/Documents/ROS2/study_ws/install/study_interface/lib/python3.12/site-packages/study_interface/msg/_cloud.py
[3.064s] -- Installing: /home/tomoni11/Documents/ROS2/study_ws/install/study_interface/lib/python3.12/site-packages/study_interface/msg/_cloud_s.c
[3.064s] -- Installing: /home/tomoni11/Documents/ROS2/study_ws/install/study_interface/lib/python3.12/site-packages/study_interface/msg/_circle.py
[3.064s] -- Installing: /home/tomoni11/Documents/ROS2/study_ws/install/study_interface/lib/python3.12/site-packages/study_interface/msg/_circle_s.c
[3.065s] -- Installing: /home/tomoni11/Documents/ROS2/study_ws/install/study_interface/lib/python3.12/site-packages/study_interface/msg/__init__.py
[3.065s] -- Installing: /home/tomoni11/Documents/ROS2/study_ws/install/study_interface/lib/python3.12/site-packages/study_interface/study_interface_s__rosidl_typesupport_introspection_c.so
[3.065s] -- Installing: /home/tomoni11/Documents/ROS2/study_ws/install/study_interface/lib/python3.12/site-packages/study_interface/__init__.py
[3.065s] -- Installing: /home/tomoni11/Documents/ROS2/study_ws/install/study_interface/lib/python3.12/site-packages/study_interface/_study_interface_s.ep.rosidl_typesupport_introspection_c.c
[3.065s] -- Installing: /home/tomoni11/Documents/ROS2/study_ws/install/study_interface/lib/python3.12/site-packages/study_interface/_study_interface_s.ep.rosidl_typesupport_c.c
[3.065s] -- Installing: /home/tomoni11/Documents/ROS2/study_ws/install/study_interface/lib/python3.12/site-packages/study_interface/study_interface_s__rosidl_typesupport_fastrtps_c.so
[3.096s] Listing '/home/tomoni11/Documents/ROS2/study_ws/install/study_interface/lib/python3.12/site-packages/study_interface'...
[3.096s] Compiling '/home/tomoni11/Documents/ROS2/study_ws/install/study_interface/lib/python3.12/site-packages/study_interface/__init__.py'...
[3.096s] Listing '/home/tomoni11/Documents/ROS2/study_ws/install/study_interface/lib/python3.12/site-packages/study_interface/msg'...
[3.096s] Compiling '/home/tomoni11/Documents/ROS2/study_ws/install/study_interface/lib/python3.12/site-packages/study_interface/msg/__init__.py'...
[3.096s] Compiling '/home/tomoni11/Documents/ROS2/study_ws/install/study_interface/lib/python3.12/site-packages/study_interface/msg/_circle.py'...
[3.096s] Compiling '/home/tomoni11/Documents/ROS2/study_ws/install/study_interface/lib/python3.12/site-packages/study_interface/msg/_cloud.py'...
[3.101s] -- Installing: /home/tomoni11/Documents/ROS2/study_ws/install/study_interface/lib/python3.12/site-packages/study_interface/study_interface_s__rosidl_typesupport_fastrtps_c.so
[3.102s] -- Set non-toolchain portion of runtime path of "/home/tomoni11/Documents/ROS2/study_ws/install/study_interface/lib/python3.12/site-packages/study_interface/study_interface_s__rosidl_typesupport_fastrtps_c.so" to ""
[3.102s] -- Installing: /home/tomoni11/Documents/ROS2/study_ws/install/study_interface/lib/python3.12/site-packages/study_interface/study_interface_s__rosidl_typesupport_introspection_c.so
[3.102s] -- Set non-toolchain portion of runtime path of "/home/tomoni11/Documents/ROS2/study_ws/install/study_interface/lib/python3.12/site-packages/study_interface/study_interface_s__rosidl_typesupport_introspection_c.so" to ""
[3.102s] -- Installing: /home/tomoni11/Documents/ROS2/study_ws/install/study_interface/lib/python3.12/site-packages/study_interface/study_interface_s__rosidl_typesupport_c.so
[3.102s] -- Set non-toolchain portion of runtime path of "/home/tomoni11/Documents/ROS2/study_ws/install/study_interface/lib/python3.12/site-packages/study_interface/study_interface_s__rosidl_typesupport_c.so" to ""
[3.102s] -- Installing: /home/tomoni11/Documents/ROS2/study_ws/install/study_interface/lib/libstudy_interface__rosidl_generator_py.so
[3.102s] -- Set non-toolchain portion of runtime path of "/home/tomoni11/Documents/ROS2/study_ws/install/study_interface/lib/libstudy_interface__rosidl_generator_py.so" to ""
[3.102s] -- Up-to-date: /home/tomoni11/Documents/ROS2/study_ws/install/study_interface/share/study_interface/msg/Cloud.idl
[3.102s] -- Installing: /home/tomoni11/Documents/ROS2/study_ws/install/study_interface/share/study_interface/msg/Circle.idl
[3.102s] -- Up-to-date: /home/tomoni11/Documents/ROS2/study_ws/install/study_interface/share/study_interface/msg/Cloud.msg
[3.102s] -- Installing: /home/tomoni11/Documents/ROS2/study_ws/install/study_interface/share/study_interface/msg/Circle.msg
[3.102s] -- Up-to-date: /home/tomoni11/Documents/ROS2/study_ws/install/study_interface/share/ament_index/resource_index/package_run_dependencies/study_interface
[3.102s] -- Up-to-date: /home/tomoni11/Documents/ROS2/study_ws/install/study_interface/share/ament_index/resource_index/parent_prefix_path/study_interface
[3.103s] -- Up-to-date: /home/tomoni11/Documents/ROS2/study_ws/install/study_interface/share/study_interface/environment/ament_prefix_path.sh
[3.103s] -- Up-to-date: /home/tomoni11/Documents/ROS2/study_ws/install/study_interface/share/study_interface/environment/ament_prefix_path.dsv
[3.103s] -- Up-to-date: /home/tomoni11/Documents/ROS2/study_ws/install/study_interface/share/study_interface/environment/path.sh
[3.103s] -- Up-to-date: /home/tomoni11/Documents/ROS2/study_ws/install/study_interface/share/study_interface/environment/path.dsv
[3.103s] -- Up-to-date: /home/tomoni11/Documents/ROS2/study_ws/install/study_interface/share/study_interface/local_setup.bash
[3.103s] -- Up-to-date: /home/tomoni11/Documents/ROS2/study_ws/install/study_interface/share/study_interface/local_setup.sh
[3.103s] -- Up-to-date: /home/tomoni11/Documents/ROS2/study_ws/install/study_interface/share/study_interface/local_setup.zsh
[3.103s] -- Up-to-date: /home/tomoni11/Documents/ROS2/study_ws/install/study_interface/share/study_interface/local_setup.dsv
[3.103s] -- Installing: /home/tomoni11/Documents/ROS2/study_ws/install/study_interface/share/study_interface/package.dsv
[3.103s] -- Up-to-date: /home/tomoni11/Documents/ROS2/study_ws/install/study_interface/share/ament_index/resource_index/packages/study_interface
[3.103s] -- Up-to-date: /home/tomoni11/Documents/ROS2/study_ws/install/study_interface/share/study_interface/cmake/export_study_interface__rosidl_generator_cExport.cmake
[3.103s] -- Up-to-date: /home/tomoni11/Documents/ROS2/study_ws/install/study_interface/share/study_interface/cmake/export_study_interface__rosidl_generator_cExport-noconfig.cmake
[3.103s] -- Up-to-date: /home/tomoni11/Documents/ROS2/study_ws/install/study_interface/share/study_interface/cmake/export_study_interface__rosidl_typesupport_fastrtps_cExport.cmake
[3.103s] -- Up-to-date: /home/tomoni11/Documents/ROS2/study_ws/install/study_interface/share/study_interface/cmake/export_study_interface__rosidl_typesupport_fastrtps_cExport-noconfig.cmake
[3.103s] -- Up-to-date: /home/tomoni11/Documents/ROS2/study_ws/install/study_interface/share/study_interface/cmake/export_study_interface__rosidl_generator_cppExport.cmake
[3.103s] -- Up-to-date: /home/tomoni11/Documents/ROS2/study_ws/install/study_interface/share/study_interface/cmake/export_study_interface__rosidl_typesupport_fastrtps_cppExport.cmake
[3.103s] -- Up-to-date: /home/tomoni11/Documents/ROS2/study_ws/install/study_interface/share/study_interface/cmake/export_study_interface__rosidl_typesupport_fastrtps_cppExport-noconfig.cmake
[3.103s] -- Up-to-date: /home/tomoni11/Documents/ROS2/study_ws/install/study_interface/share/study_interface/cmake/study_interface__rosidl_typesupport_introspection_cExport.cmake
[3.103s] -- Up-to-date: /home/tomoni11/Documents/ROS2/study_ws/install/study_interface/share/study_interface/cmake/study_interface__rosidl_typesupport_introspection_cExport-noconfig.cmake
[3.103s] -- Up-to-date: /home/tomoni11/Documents/ROS2/study_ws/install/study_interface/share/study_interface/cmake/study_interface__rosidl_typesupport_cExport.cmake
[3.103s] -- Up-to-date: /home/tomoni11/Documents/ROS2/study_ws/install/study_interface/share/study_interface/cmake/study_interface__rosidl_typesupport_cExport-noconfig.cmake
[3.103s] -- Up-to-date: /home/tomoni11/Documents/ROS2/study_ws/install/study_interface/share/study_interface/cmake/study_interface__rosidl_typesupport_introspection_cppExport.cmake
[3.103s] -- Up-to-date: /home/tomoni11/Documents/ROS2/study_ws/install/study_interface/share/study_interface/cmake/study_interface__rosidl_typesupport_introspection_cppExport-noconfig.cmake
[3.103s] -- Up-to-date: /home/tomoni11/Documents/ROS2/study_ws/install/study_interface/share/study_interface/cmake/study_interface__rosidl_typesupport_cppExport.cmake
[3.104s] -- Up-to-date: /home/tomoni11/Documents/ROS2/study_ws/install/study_interface/share/study_interface/cmake/study_interface__rosidl_typesupport_cppExport-noconfig.cmake
[3.104s] -- Up-to-date: /home/tomoni11/Documents/ROS2/study_ws/install/study_interface/share/study_interface/cmake/export_study_interface__rosidl_generator_pyExport.cmake
[3.104s] -- Up-to-date: /home/tomoni11/Documents/ROS2/study_ws/install/study_interface/share/study_interface/cmake/export_study_interface__rosidl_generator_pyExport-noconfig.cmake
[3.104s] -- Up-to-date: /home/tomoni11/Documents/ROS2/study_ws/install/study_interface/share/study_interface/cmake/rosidl_cmake-extras.cmake
[3.104s] -- Up-to-date: /home/tomoni11/Documents/ROS2/study_ws/install/study_interface/share/study_interface/cmake/ament_cmake_export_dependencies-extras.cmake
[3.104s] -- Up-to-date: /home/tomoni11/Documents/ROS2/study_ws/install/study_interface/share/study_interface/cmake/ament_cmake_export_include_directories-extras.cmake
[3.104s] -- Up-to-date: /home/tomoni11/Documents/ROS2/study_ws/install/study_interface/share/study_interface/cmake/ament_cmake_export_libraries-extras.cmake
[3.104s] -- Up-to-date: /home/tomoni11/Documents/ROS2/study_ws/install/study_interface/share/study_interface/cmake/ament_cmake_export_targets-extras.cmake
[3.104s] -- Up-to-date: /home/tomoni11/Documents/ROS2/study_ws/install/study_interface/share/study_interface/cmake/rosidl_cmake_export_typesupport_targets-extras.cmake
[3.104s] -- Up-to-date: /home/tomoni11/Documents/ROS2/study_ws/install/study_interface/share/study_interface/cmake/rosidl_cmake_export_typesupport_libraries-extras.cmake
[3.104s] -- Up-to-date: /home/tomoni11/Documents/ROS2/study_ws/install/study_interface/share/study_interface/cmake/study_interfaceConfig.cmake
[3.104s] -- Up-to-date: /home/tomoni11/Documents/ROS2/study_ws/install/study_interface/share/study_interface/cmake/study_interfaceConfig-version.cmake
[3.104s] -- Up-to-date: /home/tomoni11/Documents/ROS2/study_ws/install/study_interface/share/study_interface/package.xml
[3.106s] Invoked command in '/home/tomoni11/Documents/ROS2/study_ws/build/study_interface' returned '0': CMAKE_PREFIX_PATH=${CMAKE_PREFIX_PATH}:/opt/ros/jazzy DEBUGINFOD_URLS=https://debuginfod.ubuntu.com /usr/bin/cmake --install /home/tomoni11/Documents/ROS2/study_ws/build/study_interface
