[0.012s] Invoking command in '/home/tomoni11/Documents/ROS2/study_ws/build/ransac_pkg': CMAKE_PREFIX_PATH=/home/tomoni11/Documents/ROS2/study_ws/install/study_interface:/home/tomoni11/Documents/ROS2/study_ws/install/ransac_pkg:/home/tomoni11/Documents/ROS2/study_ws/install/make_cloud_pkg:/home/tomoni11/Documents/ROS2/study_ws/install/interface_pkg:/opt/ros/jazzy/opt/gz_sim_vendor:/opt/ros/jazzy/opt/gz_sensors_vendor:/opt/ros/jazzy/opt/gz_physics_vendor:/opt/ros/jazzy/opt/sdformat_vendor:/opt/ros/jazzy/opt/gz_gui_vendor:/opt/ros/jazzy/opt/gz_transport_vendor:/opt/ros/jazzy/opt/gz_rendering_vendor:/opt/ros/jazzy/opt/gz_plugin_vendor:/opt/ros/jazzy/opt/gz_fuel_tools_vendor:/opt/ros/jazzy/opt/gz_msgs_vendor:/opt/ros/jazzy/opt/gz_common_vendor:/opt/ros/jazzy/opt/gz_math_vendor:/opt/ros/jazzy/opt/gz_utils_vendor:/opt/ros/jazzy/opt/gz_tools_vendor:/opt/ros/jazzy/opt/gz_ogre_next_vendor:/opt/ros/jazzy/opt/gz_dartsim_vendor:/opt/ros/jazzy/opt/gz_cmake_vendor:/opt/ros/jazzy DEBUGINFOD_URLS=https://debuginfod.ubuntu.com /usr/bin/cmake --build /home/tomoni11/Documents/ROS2/study_ws/build/ransac_pkg -- -j24 -l24
[0.073s] [ 25%] [32mBuilding CXX object CMakeFiles/circle.dir/src/circle_main.cpp.o[0m
[0.073s] [ 50%] [32mBuilding CXX object CMakeFiles/drower.dir/src/circle_main.cpp.o[0m
[2.022s] [01m[K/home/tomoni11/Documents/ROS2/study_ws/src/ransac_pkg/src/circle_main.cpp:[m[K In member function ‘[01m[Kvoid CircleRansac::[01;32m[KtopicCallback[m[K(study_interface::msg::Cloud_<std::allocator<void> >::SharedPtr)[m[K’:
[2.022s] [01m[K/home/tomoni11/Documents/ROS2/study_ws/src/ransac_pkg/src/circle_main.cpp:31:40:[m[K [01;31m[Kerror: [m[K‘[01m[Kconst study_interface::msg::Cloud_<std::allocator<void> >::SharedPtr[m[K’ {aka ‘[01m[Kconst class std::shared_ptr<study_interface::msg::Cloud_<std::allocator<void> > >[m[K’} has no member named ‘[01m[Kcloudx[m[K’
[2.022s]    31 |             for (size_t i = 0; i < msg.[01;31m[Kcloudx[m[K.size(); i++)
[2.022s]       |                                        [01;31m[K^~~~~~[m[K
[2.023s] [01m[K/home/tomoni11/Documents/ROS2/study_ws/src/ransac_pkg/src/circle_main.cpp:33:36:[m[K [01;31m[Kerror: [m[K‘[01m[Kconst study_interface::msg::Cloud_<std::allocator<void> >::SharedPtr[m[K’ {aka ‘[01m[Kconst class std::shared_ptr<study_interface::msg::Cloud_<std::allocator<void> > >[m[K’} has no member named ‘[01m[Kcloudx[m[K’
[2.023s]    33 |                   _x.push_back(msg.[01;31m[Kcloudx[m[K[i]);
[2.023s]       |                                    [01;31m[K^~~~~~[m[K
[2.023s] [01m[K/home/tomoni11/Documents/ROS2/study_ws/src/ransac_pkg/src/circle_main.cpp:34:36:[m[K [01;31m[Kerror: [m[K‘[01m[Kconst study_interface::msg::Cloud_<std::allocator<void> >::SharedPtr[m[K’ {aka ‘[01m[Kconst class std::shared_ptr<study_interface::msg::Cloud_<std::allocator<void> > >[m[K’} has no member named ‘[01m[Kcloudy[m[K’
[2.023s]    34 |                   _y.push_back(msg.[01;31m[Kcloudy[m[K[i]);
[2.023s]       |                                    [01;31m[K^~~~~~[m[K
[2.026s] [01m[K/home/tomoni11/Documents/ROS2/study_ws/src/ransac_pkg/src/circle_main.cpp:[m[K In member function ‘[01m[Kvoid CircleRansac::[01;32m[KtopicCallback[m[K(study_interface::msg::Cloud_<std::allocator<void> >::SharedPtr)[m[K’:
[2.026s] [01m[K/home/tomoni11/Documents/ROS2/study_ws/src/ransac_pkg/src/circle_main.cpp:31:40:[m[K [01;31m[Kerror: [m[K‘[01m[Kconst study_interface::msg::Cloud_<std::allocator<void> >::SharedPtr[m[K’ {aka ‘[01m[Kconst class std::shared_ptr<study_interface::msg::Cloud_<std::allocator<void> > >[m[K’} has no member named ‘[01m[Kcloudx[m[K’
[2.026s]    31 |             for (size_t i = 0; i < msg.[01;31m[Kcloudx[m[K.size(); i++)
[2.027s]       |                                        [01;31m[K^~~~~~[m[K
[2.027s] [01m[K/home/tomoni11/Documents/ROS2/study_ws/src/ransac_pkg/src/circle_main.cpp:33:36:[m[K [01;31m[Kerror: [m[K‘[01m[Kconst study_interface::msg::Cloud_<std::allocator<void> >::SharedPtr[m[K’ {aka ‘[01m[Kconst class std::shared_ptr<study_interface::msg::Cloud_<std::allocator<void> > >[m[K’} has no member named ‘[01m[Kcloudx[m[K’
[2.027s]    33 |                   _x.push_back(msg.[01;31m[Kcloudx[m[K[i]);
[2.027s]       |                                    [01;31m[K^~~~~~[m[K
[2.027s] [01m[K/home/tomoni11/Documents/ROS2/study_ws/src/ransac_pkg/src/circle_main.cpp:34:36:[m[K [01;31m[Kerror: [m[K‘[01m[Kconst study_interface::msg::Cloud_<std::allocator<void> >::SharedPtr[m[K’ {aka ‘[01m[Kconst class std::shared_ptr<study_interface::msg::Cloud_<std::allocator<void> > >[m[K’} has no member named ‘[01m[Kcloudy[m[K’
[2.027s]    34 |                   _y.push_back(msg.[01;31m[Kcloudy[m[K[i]);
[2.027s]       |                                    [01;31m[K^~~~~~[m[K
[4.060s] gmake[2]: *** [CMakeFiles/circle.dir/build.make:76: CMakeFiles/circle.dir/src/circle_main.cpp.o] エラー 1
[4.060s] gmake[1]: *** [CMakeFiles/Makefile2:139: CMakeFiles/circle.dir/all] エラー 2
[4.060s] gmake[1]: *** 未完了のジョブを待っています....
[4.071s] gmake[2]: *** [CMakeFiles/drower.dir/build.make:76: CMakeFiles/drower.dir/src/circle_main.cpp.o] エラー 1
[4.072s] gmake[1]: *** [CMakeFiles/Makefile2:165: CMakeFiles/drower.dir/all] エラー 2
[4.072s] gmake: *** [Makefile:146: all] エラー 2
[4.073s] Invoked command in '/home/tomoni11/Documents/ROS2/study_ws/build/ransac_pkg' returned '2': CMAKE_PREFIX_PATH=/home/tomoni11/Documents/ROS2/study_ws/install/study_interface:/home/tomoni11/Documents/ROS2/study_ws/install/ransac_pkg:/home/tomoni11/Documents/ROS2/study_ws/install/make_cloud_pkg:/home/tomoni11/Documents/ROS2/study_ws/install/interface_pkg:/opt/ros/jazzy/opt/gz_sim_vendor:/opt/ros/jazzy/opt/gz_sensors_vendor:/opt/ros/jazzy/opt/gz_physics_vendor:/opt/ros/jazzy/opt/sdformat_vendor:/opt/ros/jazzy/opt/gz_gui_vendor:/opt/ros/jazzy/opt/gz_transport_vendor:/opt/ros/jazzy/opt/gz_rendering_vendor:/opt/ros/jazzy/opt/gz_plugin_vendor:/opt/ros/jazzy/opt/gz_fuel_tools_vendor:/opt/ros/jazzy/opt/gz_msgs_vendor:/opt/ros/jazzy/opt/gz_common_vendor:/opt/ros/jazzy/opt/gz_math_vendor:/opt/ros/jazzy/opt/gz_utils_vendor:/opt/ros/jazzy/opt/gz_tools_vendor:/opt/ros/jazzy/opt/gz_ogre_next_vendor:/opt/ros/jazzy/opt/gz_dartsim_vendor:/opt/ros/jazzy/opt/gz_cmake_vendor:/opt/ros/jazzy DEBUGINFOD_URLS=https://debuginfod.ubuntu.com /usr/bin/cmake --build /home/tomoni11/Documents/ROS2/study_ws/build/ransac_pkg -- -j24 -l24
