[0.010s] Invoking command in '/home/tomoni11/Documents/ROS2/study_ws/build/ransac_pkg': CMAKE_PREFIX_PATH=/home/tomoni11/Documents/ROS2/study_ws/install/study_interface:/home/tomoni11/Documents/ROS2/study_ws/install/ransac_pkg:/home/tomoni11/Documents/ROS2/study_ws/install/make_cloud_pkg:/home/tomoni11/Documents/ROS2/study_ws/install/interface_pkg:/opt/ros/jazzy/opt/gz_sim_vendor:/opt/ros/jazzy/opt/gz_sensors_vendor:/opt/ros/jazzy/opt/gz_physics_vendor:/opt/ros/jazzy/opt/sdformat_vendor:/opt/ros/jazzy/opt/gz_gui_vendor:/opt/ros/jazzy/opt/gz_transport_vendor:/opt/ros/jazzy/opt/gz_rendering_vendor:/opt/ros/jazzy/opt/gz_plugin_vendor:/opt/ros/jazzy/opt/gz_fuel_tools_vendor:/opt/ros/jazzy/opt/gz_msgs_vendor:/opt/ros/jazzy/opt/gz_common_vendor:/opt/ros/jazzy/opt/gz_math_vendor:/opt/ros/jazzy/opt/gz_utils_vendor:/opt/ros/jazzy/opt/gz_tools_vendor:/opt/ros/jazzy/opt/gz_ogre_next_vendor:/opt/ros/jazzy/opt/gz_dartsim_vendor:/opt/ros/jazzy/opt/gz_cmake_vendor:/opt/ros/jazzy DEBUGINFOD_URLS=https://debuginfod.ubuntu.com /usr/bin/cmake --build /home/tomoni11/Documents/ROS2/study_ws/build/ransac_pkg -- -j24 -l24
[0.065s] [ 50%] Built target circle
[0.073s] [ 75%] [32mBuilding CXX object CMakeFiles/circle_drower.dir/src/circle_drower.cpp.o[0m
[0.611s] In file included from [01m[K/home/tomoni11/Documents/ROS2/study_ws/src/ransac_pkg/src/circle_drower.cpp:2[m[K:
[0.611s] [01m[K/home/tomoni11/Documents/ROS2/study_ws/src/ransac_pkg/include/ransac_pkg/matplotlibcpp.h:[m[K In constructor ‘[01m[Kmatplotlibcpp::detail::_interpreter::[01;32m[K_interpreter[m[K()[m[K’:
[0.611s] [01m[K/home/tomoni11/Documents/ROS2/study_ws/src/ransac_pkg/include/ransac_pkg/matplotlibcpp.h:182:42:[m[K [01;35m[Kwarning: [m[K‘[01m[Kvoid[01;32m[K Py_SetProgramName[m[K(const wchar_t*)[m[K’ is deprecated [[01;35m[K]8;;https://gcc.gnu.org/onlinedocs/gcc/Warning-Options.html#index-Wdeprecated-declarations-Wdeprecated-declarations]8;;[m[K]
[0.611s]   182 |                         [01;35m[KPy_SetProgramName(name)[m[K;
[0.611s]       |                         [01;35m[K~~~~~~~~~~~~~~~~~^~~~~~[m[K
[0.611s] In file included from [01m[K/usr/include/python3.12/Python.h:94[m[K,
[0.611s]                  from [01m[K/home/tomoni11/Documents/ROS2/study_ws/src/ransac_pkg/include/ransac_pkg/matplotlibcpp.h:5[m[K:
[0.611s] [01m[K/usr/include/python3.12/pylifecycle.h:37:38:[m[K [01;36m[Knote: [m[Kdeclared here
[0.611s]    37 | Py_DEPRECATED(3.11) PyAPI_FUNC(void) [01;36m[KPy_SetProgramName[m[K(const wchar_t *);
[0.611s]       |                                      [01;36m[K^~~~~~~~~~~~~~~~~[m[K
[0.611s] [01m[K/home/tomoni11/Documents/ROS2/study_ws/src/ransac_pkg/include/ransac_pkg/matplotlibcpp.h:190:38:[m[K [01;35m[Kwarning: [m[K‘[01m[Kvoid[01;32m[K PySys_SetArgv[m[K(int, wchar_t**)[m[K’ is deprecated [[01;35m[K]8;;https://gcc.gnu.org/onlinedocs/gcc/Warning-Options.html#index-Wdeprecated-declarations-Wdeprecated-declarations]8;;[m[K]
[0.611s]   190 |                         [01;35m[KPySys_SetArgv(argc, const_cast<wchar_t **>(argv))[m[K;
[0.612s]       |                         [01;35m[K~~~~~~~~~~~~~^~~~~~~~~~~~~~~~~~~~~~~~~~~~~~~~~~~~[m[K
[0.612s] In file included from [01m[K/usr/include/python3.12/Python.h:96[m[K:
[0.612s] [01m[K/usr/include/python3.12/sysmodule.h:13:38:[m[K [01;36m[Knote: [m[Kdeclared here
[0.612s]    13 | Py_DEPRECATED(3.11) PyAPI_FUNC(void) [01;36m[KPySys_SetArgv[m[K(int, wchar_t **);
[0.612s]       |                                      [01;36m[K^~~~~~~~~~~~~[m[K
[6.328s] [100%] [32m[1mLinking CXX executable circle_drower[0m
[6.562s] [100%] Built target circle_drower
[6.572s] Invoked command in '/home/tomoni11/Documents/ROS2/study_ws/build/ransac_pkg' returned '0': CMAKE_PREFIX_PATH=/home/tomoni11/Documents/ROS2/study_ws/install/study_interface:/home/tomoni11/Documents/ROS2/study_ws/install/ransac_pkg:/home/tomoni11/Documents/ROS2/study_ws/install/make_cloud_pkg:/home/tomoni11/Documents/ROS2/study_ws/install/interface_pkg:/opt/ros/jazzy/opt/gz_sim_vendor:/opt/ros/jazzy/opt/gz_sensors_vendor:/opt/ros/jazzy/opt/gz_physics_vendor:/opt/ros/jazzy/opt/sdformat_vendor:/opt/ros/jazzy/opt/gz_gui_vendor:/opt/ros/jazzy/opt/gz_transport_vendor:/opt/ros/jazzy/opt/gz_rendering_vendor:/opt/ros/jazzy/opt/gz_plugin_vendor:/opt/ros/jazzy/opt/gz_fuel_tools_vendor:/opt/ros/jazzy/opt/gz_msgs_vendor:/opt/ros/jazzy/opt/gz_common_vendor:/opt/ros/jazzy/opt/gz_math_vendor:/opt/ros/jazzy/opt/gz_utils_vendor:/opt/ros/jazzy/opt/gz_tools_vendor:/opt/ros/jazzy/opt/gz_ogre_next_vendor:/opt/ros/jazzy/opt/gz_dartsim_vendor:/opt/ros/jazzy/opt/gz_cmake_vendor:/opt/ros/jazzy DEBUGINFOD_URLS=https://debuginfod.ubuntu.com /usr/bin/cmake --build /home/tomoni11/Documents/ROS2/study_ws/build/ransac_pkg -- -j24 -l24
[6.573s] Invoking command in '/home/tomoni11/Documents/ROS2/study_ws/build/ransac_pkg': CMAKE_PREFIX_PATH=/home/tomoni11/Documents/ROS2/study_ws/install/study_interface:/home/tomoni11/Documents/ROS2/study_ws/install/ransac_pkg:/home/tomoni11/Documents/ROS2/study_ws/install/make_cloud_pkg:/home/tomoni11/Documents/ROS2/study_ws/install/interface_pkg:/opt/ros/jazzy/opt/gz_sim_vendor:/opt/ros/jazzy/opt/gz_sensors_vendor:/opt/ros/jazzy/opt/gz_physics_vendor:/opt/ros/jazzy/opt/sdformat_vendor:/opt/ros/jazzy/opt/gz_gui_vendor:/opt/ros/jazzy/opt/gz_transport_vendor:/opt/ros/jazzy/opt/gz_rendering_vendor:/opt/ros/jazzy/opt/gz_plugin_vendor:/opt/ros/jazzy/opt/gz_fuel_tools_vendor:/opt/ros/jazzy/opt/gz_msgs_vendor:/opt/ros/jazzy/opt/gz_common_vendor:/opt/ros/jazzy/opt/gz_math_vendor:/opt/ros/jazzy/opt/gz_utils_vendor:/opt/ros/jazzy/opt/gz_tools_vendor:/opt/ros/jazzy/opt/gz_ogre_next_vendor:/opt/ros/jazzy/opt/gz_dartsim_vendor:/opt/ros/jazzy/opt/gz_cmake_vendor:/opt/ros/jazzy DEBUGINFOD_URLS=https://debuginfod.ubuntu.com /usr/bin/cmake --install /home/tomoni11/Documents/ROS2/study_ws/build/ransac_pkg
[6.580s] -- Install configuration: ""
[6.580s] -- Up-to-date: /home/tomoni11/Documents/ROS2/study_ws/install/ransac_pkg/lib/ransac_pkg/circle
[6.580s] -- Installing: /home/tomoni11/Documents/ROS2/study_ws/install/ransac_pkg/lib/ransac_pkg/circle_drower
[6.584s] -- Set non-toolchain portion of runtime path of "/home/tomoni11/Documents/ROS2/study_ws/install/ransac_pkg/lib/ransac_pkg/circle_drower" to ""
[6.584s] -- Up-to-date: /home/tomoni11/Documents/ROS2/study_ws/install/ransac_pkg/share/ransac_pkg/launch
[6.584s] -- Up-to-date: /home/tomoni11/Documents/ROS2/study_ws/install/ransac_pkg/share/ransac_pkg/launch/circle.launch.py
[6.584s] -- Up-to-date: /home/tomoni11/Documents/ROS2/study_ws/install/ransac_pkg/share/ament_index/resource_index/package_run_dependencies/ransac_pkg
[6.584s] -- Up-to-date: /home/tomoni11/Documents/ROS2/study_ws/install/ransac_pkg/share/ament_index/resource_index/parent_prefix_path/ransac_pkg
[6.584s] -- Up-to-date: /home/tomoni11/Documents/ROS2/study_ws/install/ransac_pkg/share/ransac_pkg/environment/ament_prefix_path.sh
[6.585s] -- Up-to-date: /home/tomoni11/Documents/ROS2/study_ws/install/ransac_pkg/share/ransac_pkg/environment/ament_prefix_path.dsv
[6.585s] -- Up-to-date: /home/tomoni11/Documents/ROS2/study_ws/install/ransac_pkg/share/ransac_pkg/environment/path.sh
[6.585s] -- Up-to-date: /home/tomoni11/Documents/ROS2/study_ws/install/ransac_pkg/share/ransac_pkg/environment/path.dsv
[6.585s] -- Up-to-date: /home/tomoni11/Documents/ROS2/study_ws/install/ransac_pkg/share/ransac_pkg/local_setup.bash
[6.585s] -- Up-to-date: /home/tomoni11/Documents/ROS2/study_ws/install/ransac_pkg/share/ransac_pkg/local_setup.sh
[6.585s] -- Up-to-date: /home/tomoni11/Documents/ROS2/study_ws/install/ransac_pkg/share/ransac_pkg/local_setup.zsh
[6.585s] -- Up-to-date: /home/tomoni11/Documents/ROS2/study_ws/install/ransac_pkg/share/ransac_pkg/local_setup.dsv
[6.585s] -- Installing: /home/tomoni11/Documents/ROS2/study_ws/install/ransac_pkg/share/ransac_pkg/package.dsv
[6.585s] -- Up-to-date: /home/tomoni11/Documents/ROS2/study_ws/install/ransac_pkg/share/ament_index/resource_index/packages/ransac_pkg
[6.585s] -- Up-to-date: /home/tomoni11/Documents/ROS2/study_ws/install/ransac_pkg/share/ransac_pkg/cmake/ransac_pkgConfig.cmake
[6.585s] -- Up-to-date: /home/tomoni11/Documents/ROS2/study_ws/install/ransac_pkg/share/ransac_pkg/cmake/ransac_pkgConfig-version.cmake
[6.585s] -- Up-to-date: /home/tomoni11/Documents/ROS2/study_ws/install/ransac_pkg/share/ransac_pkg/package.xml
[6.586s] Invoked command in '/home/tomoni11/Documents/ROS2/study_ws/build/ransac_pkg' returned '0': CMAKE_PREFIX_PATH=/home/tomoni11/Documents/ROS2/study_ws/install/study_interface:/home/tomoni11/Documents/ROS2/study_ws/install/ransac_pkg:/home/tomoni11/Documents/ROS2/study_ws/install/make_cloud_pkg:/home/tomoni11/Documents/ROS2/study_ws/install/interface_pkg:/opt/ros/jazzy/opt/gz_sim_vendor:/opt/ros/jazzy/opt/gz_sensors_vendor:/opt/ros/jazzy/opt/gz_physics_vendor:/opt/ros/jazzy/opt/sdformat_vendor:/opt/ros/jazzy/opt/gz_gui_vendor:/opt/ros/jazzy/opt/gz_transport_vendor:/opt/ros/jazzy/opt/gz_rendering_vendor:/opt/ros/jazzy/opt/gz_plugin_vendor:/opt/ros/jazzy/opt/gz_fuel_tools_vendor:/opt/ros/jazzy/opt/gz_msgs_vendor:/opt/ros/jazzy/opt/gz_common_vendor:/opt/ros/jazzy/opt/gz_math_vendor:/opt/ros/jazzy/opt/gz_utils_vendor:/opt/ros/jazzy/opt/gz_tools_vendor:/opt/ros/jazzy/opt/gz_ogre_next_vendor:/opt/ros/jazzy/opt/gz_dartsim_vendor:/opt/ros/jazzy/opt/gz_cmake_vendor:/opt/ros/jazzy DEBUGINFOD_URLS=https://debuginfod.ubuntu.com /usr/bin/cmake --install /home/tomoni11/Documents/ROS2/study_ws/build/ransac_pkg
