[0.007s] Invoking command in '/home/tomoni11/Documents/ROS2/study_ws/build/ransac_pkg': AMENT_PREFIX_PATH=/home/tomoni11/Documents/ROS2/study_ws/install/interface_pkg:${AMENT_PREFIX_PATH} CMAKE_PREFIX_PATH=/home/tomoni11/Documents/ROS2/study_ws/install/study_interface:/home/tomoni11/Documents/ROS2/study_ws/install/interface_pkg:/home/tomoni11/Documents/ROS2/study_ws/install/make_cloud_pkg:/opt/ros/jazzy/opt/gz_sim_vendor:/opt/ros/jazzy/opt/gz_sensors_vendor:/opt/ros/jazzy/opt/gz_physics_vendor:/opt/ros/jazzy/opt/sdformat_vendor:/opt/ros/jazzy/opt/gz_gui_vendor:/opt/ros/jazzy/opt/gz_transport_vendor:/opt/ros/jazzy/opt/gz_rendering_vendor:/opt/ros/jazzy/opt/gz_plugin_vendor:/opt/ros/jazzy/opt/gz_fuel_tools_vendor:/opt/ros/jazzy/opt/gz_msgs_vendor:/opt/ros/jazzy/opt/gz_common_vendor:/opt/ros/jazzy/opt/gz_math_vendor:/opt/ros/jazzy/opt/gz_utils_vendor:/opt/ros/jazzy/opt/gz_tools_vendor:/opt/ros/jazzy/opt/gz_ogre_next_vendor:/opt/ros/jazzy/opt/gz_dartsim_vendor:/opt/ros/jazzy/opt/gz_cmake_vendor:/opt/ros/jazzy DEBUGINFOD_URLS=https://debuginfod.ubuntu.com LD_LIBRARY_PATH=/home/tomoni11/Documents/ROS2/study_ws/install/study_interface/lib:/home/tomoni11/Documents/ROS2/study_ws/install/interface_pkg/lib:/opt/ros/jazzy/opt/gz_sim_vendor/lib:/opt/ros/jazzy/opt/gz_sensors_vendor/lib:/opt/ros/jazzy/opt/gz_physics_vendor/lib:/opt/ros/jazzy/opt/sdformat_vendor/lib:/opt/ros/jazzy/opt/rviz_ogre_vendor/lib:/opt/ros/jazzy/lib/x86_64-linux-gnu:/opt/ros/jazzy/opt/gz_gui_vendor/lib:/opt/ros/jazzy/opt/gz_transport_vendor/lib:/opt/ros/jazzy/opt/gz_rendering_vendor/lib:/opt/ros/jazzy/opt/gz_plugin_vendor/lib:/opt/ros/jazzy/opt/gz_fuel_tools_vendor/lib:/opt/ros/jazzy/opt/gz_msgs_vendor/lib:/opt/ros/jazzy/opt/gz_common_vendor/lib:/opt/ros/jazzy/opt/gz_math_vendor/lib:/opt/ros/jazzy/opt/gz_utils_vendor/lib:/opt/ros/jazzy/opt/gz_tools_vendor/lib:/opt/ros/jazzy/opt/gz_ogre_next_vendor/lib:/opt/ros/jazzy/opt/gz_dartsim_vendor/lib:/opt/ros/jazzy/opt/gz_cmake_vendor/lib:/opt/ros/jazzy/lib PYTHONPATH=/home/tomoni11/Documents/ROS2/study_ws/install/study_interface/lib/python3.12/site-packages:/home/tomoni11/Documents/ROS2/study_ws/install/interface_pkg/lib/python3.12/site-packages:/opt/ros/jazzy/lib/python3.12/site-packages /usr/bin/cmake --build /home/tomoni11/Documents/ROS2/study_ws/build/ransac_pkg -- -j24 -l24
[0.031s] -- Found ament_cmake: 2.5.3 (/opt/ros/jazzy/share/ament_cmake/cmake)
[0.214s] -- Found rclcpp: 28.1.6 (/opt/ros/jazzy/share/rclcpp/cmake)
[0.233s] -- Found rosidl_generator_c: 4.6.5 (/opt/ros/jazzy/share/rosidl_generator_c/cmake)
[0.239s] -- Found rosidl_generator_cpp: 4.6.5 (/opt/ros/jazzy/share/rosidl_generator_cpp/cmake)
[0.248s] -- Using all available rosidl_typesupport_c: rosidl_typesupport_fastrtps_c;rosidl_typesupport_introspection_c
[0.256s] -- Using all available rosidl_typesupport_cpp: rosidl_typesupport_fastrtps_cpp;rosidl_typesupport_introspection_cpp
[0.301s] -- Found rmw_implementation_cmake: 7.3.1 (/opt/ros/jazzy/share/rmw_implementation_cmake/cmake)
[0.302s] -- Found rmw_fastrtps_cpp: 8.4.1 (/opt/ros/jazzy/share/rmw_fastrtps_cpp/cmake)
[0.355s] -- Using RMW implementation 'rmw_fastrtps_cpp' as default
[0.405s] -- Found study_interface: 0.0.0 (/home/tomoni11/Documents/ROS2/study_ws/install/study_interface/share/study_interface/cmake)
[0.447s] -- Found interface_pkg: 0.0.0 (/home/tomoni11/Documents/ROS2/study_ws/install/interface_pkg/share/interface_pkg/cmake)
[0.460s] -- Found ament_lint_auto: 0.17.1 (/opt/ros/jazzy/share/ament_lint_auto/cmake)
[0.536s] -- Added test 'cppcheck' to perform static code analysis on C / C++ code
[0.536s] -- Configured cppcheck include dirs: 
[0.536s] -- Configured cppcheck exclude dirs and/or files: 
[0.536s] -- Added test 'lint_cmake' to check CMake code style
[0.536s] -- Added test 'uncrustify' to check C / C++ code style
[0.537s] -- Configured uncrustify additional arguments: 
[0.537s] -- Added test 'xmllint' to check XML markup files
[0.537s] -- Configuring done (0.5s)
[0.547s] -- Generating done (0.0s)
[0.550s] -- Build files have been written to: /home/tomoni11/Documents/ROS2/study_ws/build/ransac_pkg
[0.587s] [ 50%] [32mBuilding CXX object CMakeFiles/circle.dir/src/circle_main.cpp.o[0m
[6.081s] [100%] [32m[1mLinking CXX executable circle[0m
[6.309s] [100%] Built target circle
[6.318s] Invoked command in '/home/tomoni11/Documents/ROS2/study_ws/build/ransac_pkg' returned '0': AMENT_PREFIX_PATH=/home/tomoni11/Documents/ROS2/study_ws/install/interface_pkg:${AMENT_PREFIX_PATH} CMAKE_PREFIX_PATH=/home/tomoni11/Documents/ROS2/study_ws/install/study_interface:/home/tomoni11/Documents/ROS2/study_ws/install/interface_pkg:/home/tomoni11/Documents/ROS2/study_ws/install/make_cloud_pkg:/opt/ros/jazzy/opt/gz_sim_vendor:/opt/ros/jazzy/opt/gz_sensors_vendor:/opt/ros/jazzy/opt/gz_physics_vendor:/opt/ros/jazzy/opt/sdformat_vendor:/opt/ros/jazzy/opt/gz_gui_vendor:/opt/ros/jazzy/opt/gz_transport_vendor:/opt/ros/jazzy/opt/gz_rendering_vendor:/opt/ros/jazzy/opt/gz_plugin_vendor:/opt/ros/jazzy/opt/gz_fuel_tools_vendor:/opt/ros/jazzy/opt/gz_msgs_vendor:/opt/ros/jazzy/opt/gz_common_vendor:/opt/ros/jazzy/opt/gz_math_vendor:/opt/ros/jazzy/opt/gz_utils_vendor:/opt/ros/jazzy/opt/gz_tools_vendor:/opt/ros/jazzy/opt/gz_ogre_next_vendor:/opt/ros/jazzy/opt/gz_dartsim_vendor:/opt/ros/jazzy/opt/gz_cmake_vendor:/opt/ros/jazzy DEBUGINFOD_URLS=https://debuginfod.ubuntu.com LD_LIBRARY_PATH=/home/tomoni11/Documents/ROS2/study_ws/install/study_interface/lib:/home/tomoni11/Documents/ROS2/study_ws/install/interface_pkg/lib:/opt/ros/jazzy/opt/gz_sim_vendor/lib:/opt/ros/jazzy/opt/gz_sensors_vendor/lib:/opt/ros/jazzy/opt/gz_physics_vendor/lib:/opt/ros/jazzy/opt/sdformat_vendor/lib:/opt/ros/jazzy/opt/rviz_ogre_vendor/lib:/opt/ros/jazzy/lib/x86_64-linux-gnu:/opt/ros/jazzy/opt/gz_gui_vendor/lib:/opt/ros/jazzy/opt/gz_transport_vendor/lib:/opt/ros/jazzy/opt/gz_rendering_vendor/lib:/opt/ros/jazzy/opt/gz_plugin_vendor/lib:/opt/ros/jazzy/opt/gz_fuel_tools_vendor/lib:/opt/ros/jazzy/opt/gz_msgs_vendor/lib:/opt/ros/jazzy/opt/gz_common_vendor/lib:/opt/ros/jazzy/opt/gz_math_vendor/lib:/opt/ros/jazzy/opt/gz_utils_vendor/lib:/opt/ros/jazzy/opt/gz_tools_vendor/lib:/opt/ros/jazzy/opt/gz_ogre_next_vendor/lib:/opt/ros/jazzy/opt/gz_dartsim_vendor/lib:/opt/ros/jazzy/opt/gz_cmake_vendor/lib:/opt/ros/jazzy/lib PYTHONPATH=/home/tomoni11/Documents/ROS2/study_ws/install/study_interface/lib/python3.12/site-packages:/home/tomoni11/Documents/ROS2/study_ws/install/interface_pkg/lib/python3.12/site-packages:/opt/ros/jazzy/lib/python3.12/site-packages /usr/bin/cmake --build /home/tomoni11/Documents/ROS2/study_ws/build/ransac_pkg -- -j24 -l24
[6.319s] Invoking command in '/home/tomoni11/Documents/ROS2/study_ws/build/ransac_pkg': AMENT_PREFIX_PATH=/home/tomoni11/Documents/ROS2/study_ws/install/interface_pkg:${AMENT_PREFIX_PATH} CMAKE_PREFIX_PATH=/home/tomoni11/Documents/ROS2/study_ws/install/study_interface:/home/tomoni11/Documents/ROS2/study_ws/install/interface_pkg:/home/tomoni11/Documents/ROS2/study_ws/install/make_cloud_pkg:/opt/ros/jazzy/opt/gz_sim_vendor:/opt/ros/jazzy/opt/gz_sensors_vendor:/opt/ros/jazzy/opt/gz_physics_vendor:/opt/ros/jazzy/opt/sdformat_vendor:/opt/ros/jazzy/opt/gz_gui_vendor:/opt/ros/jazzy/opt/gz_transport_vendor:/opt/ros/jazzy/opt/gz_rendering_vendor:/opt/ros/jazzy/opt/gz_plugin_vendor:/opt/ros/jazzy/opt/gz_fuel_tools_vendor:/opt/ros/jazzy/opt/gz_msgs_vendor:/opt/ros/jazzy/opt/gz_common_vendor:/opt/ros/jazzy/opt/gz_math_vendor:/opt/ros/jazzy/opt/gz_utils_vendor:/opt/ros/jazzy/opt/gz_tools_vendor:/opt/ros/jazzy/opt/gz_ogre_next_vendor:/opt/ros/jazzy/opt/gz_dartsim_vendor:/opt/ros/jazzy/opt/gz_cmake_vendor:/opt/ros/jazzy DEBUGINFOD_URLS=https://debuginfod.ubuntu.com LD_LIBRARY_PATH=/home/tomoni11/Documents/ROS2/study_ws/install/study_interface/lib:/home/tomoni11/Documents/ROS2/study_ws/install/interface_pkg/lib:/opt/ros/jazzy/opt/gz_sim_vendor/lib:/opt/ros/jazzy/opt/gz_sensors_vendor/lib:/opt/ros/jazzy/opt/gz_physics_vendor/lib:/opt/ros/jazzy/opt/sdformat_vendor/lib:/opt/ros/jazzy/opt/rviz_ogre_vendor/lib:/opt/ros/jazzy/lib/x86_64-linux-gnu:/opt/ros/jazzy/opt/gz_gui_vendor/lib:/opt/ros/jazzy/opt/gz_transport_vendor/lib:/opt/ros/jazzy/opt/gz_rendering_vendor/lib:/opt/ros/jazzy/opt/gz_plugin_vendor/lib:/opt/ros/jazzy/opt/gz_fuel_tools_vendor/lib:/opt/ros/jazzy/opt/gz_msgs_vendor/lib:/opt/ros/jazzy/opt/gz_common_vendor/lib:/opt/ros/jazzy/opt/gz_math_vendor/lib:/opt/ros/jazzy/opt/gz_utils_vendor/lib:/opt/ros/jazzy/opt/gz_tools_vendor/lib:/opt/ros/jazzy/opt/gz_ogre_next_vendor/lib:/opt/ros/jazzy/opt/gz_dartsim_vendor/lib:/opt/ros/jazzy/opt/gz_cmake_vendor/lib:/opt/ros/jazzy/lib PYTHONPATH=/home/tomoni11/Documents/ROS2/study_ws/install/study_interface/lib/python3.12/site-packages:/home/tomoni11/Documents/ROS2/study_ws/install/interface_pkg/lib/python3.12/site-packages:/opt/ros/jazzy/lib/python3.12/site-packages /usr/bin/cmake --install /home/tomoni11/Documents/ROS2/study_ws/build/ransac_pkg
[6.326s] -- Install configuration: ""
[6.326s] -- Installing: /home/tomoni11/Documents/ROS2/study_ws/install/ransac_pkg/lib/ransac_pkg/circle
[6.330s] -- Set non-toolchain portion of runtime path of "/home/tomoni11/Documents/ROS2/study_ws/install/ransac_pkg/lib/ransac_pkg/circle" to ""
[6.330s] -- Installing: /home/tomoni11/Documents/ROS2/study_ws/install/ransac_pkg/share/ament_index/resource_index/package_run_dependencies/ransac_pkg
[6.330s] -- Up-to-date: /home/tomoni11/Documents/ROS2/study_ws/install/ransac_pkg/share/ament_index/resource_index/parent_prefix_path/ransac_pkg
[6.330s] -- Up-to-date: /home/tomoni11/Documents/ROS2/study_ws/install/ransac_pkg/share/ransac_pkg/environment/ament_prefix_path.sh
[6.330s] -- Up-to-date: /home/tomoni11/Documents/ROS2/study_ws/install/ransac_pkg/share/ransac_pkg/environment/ament_prefix_path.dsv
[6.330s] -- Up-to-date: /home/tomoni11/Documents/ROS2/study_ws/install/ransac_pkg/share/ransac_pkg/environment/path.sh
[6.330s] -- Up-to-date: /home/tomoni11/Documents/ROS2/study_ws/install/ransac_pkg/share/ransac_pkg/environment/path.dsv
[6.330s] -- Up-to-date: /home/tomoni11/Documents/ROS2/study_ws/install/ransac_pkg/share/ransac_pkg/local_setup.bash
[6.330s] -- Up-to-date: /home/tomoni11/Documents/ROS2/study_ws/install/ransac_pkg/share/ransac_pkg/local_setup.sh
[6.330s] -- Up-to-date: /home/tomoni11/Documents/ROS2/study_ws/install/ransac_pkg/share/ransac_pkg/local_setup.zsh
[6.330s] -- Up-to-date: /home/tomoni11/Documents/ROS2/study_ws/install/ransac_pkg/share/ransac_pkg/local_setup.dsv
[6.330s] -- Installing: /home/tomoni11/Documents/ROS2/study_ws/install/ransac_pkg/share/ransac_pkg/package.dsv
[6.330s] -- Up-to-date: /home/tomoni11/Documents/ROS2/study_ws/install/ransac_pkg/share/ament_index/resource_index/packages/ransac_pkg
[6.330s] -- Up-to-date: /home/tomoni11/Documents/ROS2/study_ws/install/ransac_pkg/share/ransac_pkg/cmake/ransac_pkgConfig.cmake
[6.330s] -- Up-to-date: /home/tomoni11/Documents/ROS2/study_ws/install/ransac_pkg/share/ransac_pkg/cmake/ransac_pkgConfig-version.cmake
[6.330s] -- Installing: /home/tomoni11/Documents/ROS2/study_ws/install/ransac_pkg/share/ransac_pkg/package.xml
[6.332s] Invoked command in '/home/tomoni11/Documents/ROS2/study_ws/build/ransac_pkg' returned '0': AMENT_PREFIX_PATH=/home/tomoni11/Documents/ROS2/study_ws/install/interface_pkg:${AMENT_PREFIX_PATH} CMAKE_PREFIX_PATH=/home/tomoni11/Documents/ROS2/study_ws/install/study_interface:/home/tomoni11/Documents/ROS2/study_ws/install/interface_pkg:/home/tomoni11/Documents/ROS2/study_ws/install/make_cloud_pkg:/opt/ros/jazzy/opt/gz_sim_vendor:/opt/ros/jazzy/opt/gz_sensors_vendor:/opt/ros/jazzy/opt/gz_physics_vendor:/opt/ros/jazzy/opt/sdformat_vendor:/opt/ros/jazzy/opt/gz_gui_vendor:/opt/ros/jazzy/opt/gz_transport_vendor:/opt/ros/jazzy/opt/gz_rendering_vendor:/opt/ros/jazzy/opt/gz_plugin_vendor:/opt/ros/jazzy/opt/gz_fuel_tools_vendor:/opt/ros/jazzy/opt/gz_msgs_vendor:/opt/ros/jazzy/opt/gz_common_vendor:/opt/ros/jazzy/opt/gz_math_vendor:/opt/ros/jazzy/opt/gz_utils_vendor:/opt/ros/jazzy/opt/gz_tools_vendor:/opt/ros/jazzy/opt/gz_ogre_next_vendor:/opt/ros/jazzy/opt/gz_dartsim_vendor:/opt/ros/jazzy/opt/gz_cmake_vendor:/opt/ros/jazzy DEBUGINFOD_URLS=https://debuginfod.ubuntu.com LD_LIBRARY_PATH=/home/tomoni11/Documents/ROS2/study_ws/install/study_interface/lib:/home/tomoni11/Documents/ROS2/study_ws/install/interface_pkg/lib:/opt/ros/jazzy/opt/gz_sim_vendor/lib:/opt/ros/jazzy/opt/gz_sensors_vendor/lib:/opt/ros/jazzy/opt/gz_physics_vendor/lib:/opt/ros/jazzy/opt/sdformat_vendor/lib:/opt/ros/jazzy/opt/rviz_ogre_vendor/lib:/opt/ros/jazzy/lib/x86_64-linux-gnu:/opt/ros/jazzy/opt/gz_gui_vendor/lib:/opt/ros/jazzy/opt/gz_transport_vendor/lib:/opt/ros/jazzy/opt/gz_rendering_vendor/lib:/opt/ros/jazzy/opt/gz_plugin_vendor/lib:/opt/ros/jazzy/opt/gz_fuel_tools_vendor/lib:/opt/ros/jazzy/opt/gz_msgs_vendor/lib:/opt/ros/jazzy/opt/gz_common_vendor/lib:/opt/ros/jazzy/opt/gz_math_vendor/lib:/opt/ros/jazzy/opt/gz_utils_vendor/lib:/opt/ros/jazzy/opt/gz_tools_vendor/lib:/opt/ros/jazzy/opt/gz_ogre_next_vendor/lib:/opt/ros/jazzy/opt/gz_dartsim_vendor/lib:/opt/ros/jazzy/opt/gz_cmake_vendor/lib:/opt/ros/jazzy/lib PYTHONPATH=/home/tomoni11/Documents/ROS2/study_ws/install/study_interface/lib/python3.12/site-packages:/home/tomoni11/Documents/ROS2/study_ws/install/interface_pkg/lib/python3.12/site-packages:/opt/ros/jazzy/lib/python3.12/site-packages /usr/bin/cmake --install /home/tomoni11/Documents/ROS2/study_ws/build/ransac_pkg
