[0.007s] Invoking command in '/home/tomoni11/Documents/ROS2/asobi_ws/build/lider_to_fp': CMAKE_PREFIX_PATH=${CMAKE_PREFIX_PATH}:/opt/ros/jazzy DEBUGINFOD_URLS=https://debuginfod.ubuntu.com LD_LIBRARY_PATH=/home/tomoni11/Documents/ROS2/asobi_ws/install/interface_pkg/lib:${LD_LIBRARY_PATH} PYTHONPATH=/home/tomoni11/Documents/ROS2/asobi_ws/install/interface_pkg/lib/python3.12/site-packages:${PYTHONPATH} /usr/bin/cmake --build /home/tomoni11/Documents/ROS2/asobi_ws/build/lider_to_fp -- -j24 -l24
[0.030s] -- Found ament_cmake: 2.5.3 (/opt/ros/jazzy/share/ament_cmake/cmake)
[0.210s] -- Found rclcpp: 28.1.6 (/opt/ros/jazzy/share/rclcpp/cmake)
[0.229s] -- Found rosidl_generator_c: 4.6.5 (/opt/ros/jazzy/share/rosidl_generator_c/cmake)
[0.236s] -- Found rosidl_generator_cpp: 4.6.5 (/opt/ros/jazzy/share/rosidl_generator_cpp/cmake)
[0.244s] -- Using all available rosidl_typesupport_c: rosidl_typesupport_fastrtps_c;rosidl_typesupport_introspection_c
[0.253s] -- Using all available rosidl_typesupport_cpp: rosidl_typesupport_fastrtps_cpp;rosidl_typesupport_introspection_cpp
[0.301s] -- Found rmw_implementation_cmake: 7.3.1 (/opt/ros/jazzy/share/rmw_implementation_cmake/cmake)
[0.302s] -- Found rmw_fastrtps_cpp: 8.4.1 (/opt/ros/jazzy/share/rmw_fastrtps_cpp/cmake)
[0.356s] -- Using RMW implementation 'rmw_fastrtps_cpp' as default
[0.407s] -- Found std_msgs: 5.3.5 (/opt/ros/jazzy/share/std_msgs/cmake)
[0.416s] -- Found sensor_msgs: 5.3.5 (/opt/ros/jazzy/share/sensor_msgs/cmake)
[0.449s] -- Found interface_pkg: 0.0.0 (/home/tomoni11/Documents/ROS2/asobi_ws/install/interface_pkg/share/interface_pkg/cmake)
[0.463s] -- Found ament_lint_auto: 0.17.1 (/opt/ros/jazzy/share/ament_lint_auto/cmake)
[0.553s] -- Added test 'cppcheck' to perform static code analysis on C / C++ code
[0.553s] -- Configured cppcheck include dirs: /home/tomoni11/Documents/ROS2/asobi_ws/src/lider_to_fp/include/lider_to_FP
[0.553s] -- Configured cppcheck exclude dirs and/or files: 
[0.553s] -- Added test 'lint_cmake' to check CMake code style
[0.554s] -- Added test 'uncrustify' to check C / C++ code style
[0.554s] -- Configured uncrustify additional arguments: 
[0.554s] -- Added test 'xmllint' to check XML markup files
[0.554s] -- Configuring done (0.5s)
[0.567s] -- Generating done (0.0s)
[0.571s] -- Build files have been written to: /home/tomoni11/Documents/ROS2/asobi_ws/build/lider_to_fp
[0.605s] [ 50%] [32mBuilding CXX object CMakeFiles/ransac_unit.dir/src/ransac_main.cpp.o[0m
[0.606s] [ 50%] [32mBuilding CXX object CMakeFiles/serial_talker.dir/src/serial_talker.cpp.o[0m
[1.279s] [01m[K/home/tomoni11/Documents/ROS2/asobi_ws/src/lider_to_fp/src/ransac_main.cpp:11:10:[m[K [01;31m[Kfatal error: [m[Kransac.cpp: そのようなファイルやディレクトリはありません
[1.279s]    11 | #include [01;31m[K"ransac.cpp"[m[K
[1.280s]       |          [01;31m[K^~~~~~~~~~~~[m[K
[1.280s] compilation terminated.
[1.284s] gmake[2]: *** [CMakeFiles/ransac_unit.dir/build.make:76: CMakeFiles/ransac_unit.dir/src/ransac_main.cpp.o] エラー 1
[1.284s] gmake[1]: *** [CMakeFiles/Makefile2:139: CMakeFiles/ransac_unit.dir/all] エラー 2
[1.284s] gmake[1]: *** 未完了のジョブを待っています....
[6.187s] [ 75%] [32m[1mLinking CXX executable serial_talker[0m
[6.455s] [ 75%] Built target serial_talker
[6.456s] gmake: *** [Makefile:146: all] エラー 2
[6.457s] Invoked command in '/home/tomoni11/Documents/ROS2/asobi_ws/build/lider_to_fp' returned '2': CMAKE_PREFIX_PATH=${CMAKE_PREFIX_PATH}:/opt/ros/jazzy DEBUGINFOD_URLS=https://debuginfod.ubuntu.com LD_LIBRARY_PATH=/home/tomoni11/Documents/ROS2/asobi_ws/install/interface_pkg/lib:${LD_LIBRARY_PATH} PYTHONPATH=/home/tomoni11/Documents/ROS2/asobi_ws/install/interface_pkg/lib/python3.12/site-packages:${PYTHONPATH} /usr/bin/cmake --build /home/tomoni11/Documents/ROS2/asobi_ws/build/lider_to_fp -- -j24 -l24
