[0.007s] Invoking command in '/home/tomoni11/Documents/ROS2/asobi_ws/build/lider_to_fp': AMENT_PREFIX_PATH=/home/tomoni11/Documents/ROS2/asobi_ws/install/interface_pkg:${AMENT_PREFIX_PATH} CMAKE_PREFIX_PATH=/home/tomoni11/Documents/ROS2/asobi_ws/install/interface_pkg:/opt/ros/jazzy/opt/gz_sim_vendor:/opt/ros/jazzy/opt/gz_sensors_vendor:/opt/ros/jazzy/opt/gz_physics_vendor:/opt/ros/jazzy/opt/sdformat_vendor:/opt/ros/jazzy/opt/gz_gui_vendor:/opt/ros/jazzy/opt/gz_transport_vendor:/opt/ros/jazzy/opt/gz_rendering_vendor:/opt/ros/jazzy/opt/gz_plugin_vendor:/opt/ros/jazzy/opt/gz_fuel_tools_vendor:/opt/ros/jazzy/opt/gz_msgs_vendor:/opt/ros/jazzy/opt/gz_common_vendor:/opt/ros/jazzy/opt/gz_math_vendor:/opt/ros/jazzy/opt/gz_utils_vendor:/opt/ros/jazzy/opt/gz_tools_vendor:/opt/ros/jazzy/opt/gz_ogre_next_vendor:/opt/ros/jazzy/opt/gz_dartsim_vendor:/opt/ros/jazzy/opt/gz_cmake_vendor:/opt/ros/jazzy DEBUGINFOD_URLS=https://debuginfod.ubuntu.com LD_LIBRARY_PATH=/home/tomoni11/Documents/ROS2/asobi_ws/install/interface_pkg/lib:${LD_LIBRARY_PATH} PYTHONPATH=/home/tomoni11/Documents/ROS2/asobi_ws/install/interface_pkg/lib/python3.12/site-packages:${PYTHONPATH} /usr/bin/cmake --build /home/tomoni11/Documents/ROS2/asobi_ws/build/lider_to_fp -- -j24 -l24
[0.070s] [ 25%] [32mBuilding CXX object CMakeFiles/serial_talker.dir/src/serial_talker.cpp.o[0m
[0.070s] [ 75%] Built target ransac_unit
[7.704s] [100%] [32m[1mLinking CXX executable serial_talker[0m
[7.954s] [100%] Built target serial_talker
[7.964s] Invoked command in '/home/tomoni11/Documents/ROS2/asobi_ws/build/lider_to_fp' returned '0': AMENT_PREFIX_PATH=/home/tomoni11/Documents/ROS2/asobi_ws/install/interface_pkg:${AMENT_PREFIX_PATH} CMAKE_PREFIX_PATH=/home/tomoni11/Documents/ROS2/asobi_ws/install/interface_pkg:/opt/ros/jazzy/opt/gz_sim_vendor:/opt/ros/jazzy/opt/gz_sensors_vendor:/opt/ros/jazzy/opt/gz_physics_vendor:/opt/ros/jazzy/opt/sdformat_vendor:/opt/ros/jazzy/opt/gz_gui_vendor:/opt/ros/jazzy/opt/gz_transport_vendor:/opt/ros/jazzy/opt/gz_rendering_vendor:/opt/ros/jazzy/opt/gz_plugin_vendor:/opt/ros/jazzy/opt/gz_fuel_tools_vendor:/opt/ros/jazzy/opt/gz_msgs_vendor:/opt/ros/jazzy/opt/gz_common_vendor:/opt/ros/jazzy/opt/gz_math_vendor:/opt/ros/jazzy/opt/gz_utils_vendor:/opt/ros/jazzy/opt/gz_tools_vendor:/opt/ros/jazzy/opt/gz_ogre_next_vendor:/opt/ros/jazzy/opt/gz_dartsim_vendor:/opt/ros/jazzy/opt/gz_cmake_vendor:/opt/ros/jazzy DEBUGINFOD_URLS=https://debuginfod.ubuntu.com LD_LIBRARY_PATH=/home/tomoni11/Documents/ROS2/asobi_ws/install/interface_pkg/lib:${LD_LIBRARY_PATH} PYTHONPATH=/home/tomoni11/Documents/ROS2/asobi_ws/install/interface_pkg/lib/python3.12/site-packages:${PYTHONPATH} /usr/bin/cmake --build /home/tomoni11/Documents/ROS2/asobi_ws/build/lider_to_fp -- -j24 -l24
[7.965s] Invoking command in '/home/tomoni11/Documents/ROS2/asobi_ws/build/lider_to_fp': AMENT_PREFIX_PATH=/home/tomoni11/Documents/ROS2/asobi_ws/install/interface_pkg:${AMENT_PREFIX_PATH} CMAKE_PREFIX_PATH=/home/tomoni11/Documents/ROS2/asobi_ws/install/interface_pkg:/opt/ros/jazzy/opt/gz_sim_vendor:/opt/ros/jazzy/opt/gz_sensors_vendor:/opt/ros/jazzy/opt/gz_physics_vendor:/opt/ros/jazzy/opt/sdformat_vendor:/opt/ros/jazzy/opt/gz_gui_vendor:/opt/ros/jazzy/opt/gz_transport_vendor:/opt/ros/jazzy/opt/gz_rendering_vendor:/opt/ros/jazzy/opt/gz_plugin_vendor:/opt/ros/jazzy/opt/gz_fuel_tools_vendor:/opt/ros/jazzy/opt/gz_msgs_vendor:/opt/ros/jazzy/opt/gz_common_vendor:/opt/ros/jazzy/opt/gz_math_vendor:/opt/ros/jazzy/opt/gz_utils_vendor:/opt/ros/jazzy/opt/gz_tools_vendor:/opt/ros/jazzy/opt/gz_ogre_next_vendor:/opt/ros/jazzy/opt/gz_dartsim_vendor:/opt/ros/jazzy/opt/gz_cmake_vendor:/opt/ros/jazzy DEBUGINFOD_URLS=https://debuginfod.ubuntu.com LD_LIBRARY_PATH=/home/tomoni11/Documents/ROS2/asobi_ws/install/interface_pkg/lib:${LD_LIBRARY_PATH} PYTHONPATH=/home/tomoni11/Documents/ROS2/asobi_ws/install/interface_pkg/lib/python3.12/site-packages:${PYTHONPATH} /usr/bin/cmake --install /home/tomoni11/Documents/ROS2/asobi_ws/build/lider_to_fp
[7.972s] -- Install configuration: ""
[7.973s] -- Up-to-date: /home/tomoni11/Documents/ROS2/asobi_ws/install/lider_to_fp/lib/lider_to_fp/ransac_unit
[7.973s] -- Installing: /home/tomoni11/Documents/ROS2/asobi_ws/install/lider_to_fp/lib/lider_to_fp/serial_talker
[7.978s] -- Set non-toolchain portion of runtime path of "/home/tomoni11/Documents/ROS2/asobi_ws/install/lider_to_fp/lib/lider_to_fp/serial_talker" to ""
[7.978s] -- Up-to-date: /home/tomoni11/Documents/ROS2/asobi_ws/install/lider_to_fp/share/lider_to_fp/launch
[7.978s] -- Up-to-date: /home/tomoni11/Documents/ROS2/asobi_ws/install/lider_to_fp/share/lider_to_fp/launch/lider_to_fp.launch.py
[7.978s] -- Up-to-date: /home/tomoni11/Documents/ROS2/asobi_ws/install/lider_to_fp/share/ament_index/resource_index/package_run_dependencies/lider_to_fp
[7.978s] -- Up-to-date: /home/tomoni11/Documents/ROS2/asobi_ws/install/lider_to_fp/share/ament_index/resource_index/parent_prefix_path/lider_to_fp
[7.978s] -- Up-to-date: /home/tomoni11/Documents/ROS2/asobi_ws/install/lider_to_fp/share/lider_to_fp/environment/ament_prefix_path.sh
[7.978s] -- Up-to-date: /home/tomoni11/Documents/ROS2/asobi_ws/install/lider_to_fp/share/lider_to_fp/environment/ament_prefix_path.dsv
[7.978s] -- Up-to-date: /home/tomoni11/Documents/ROS2/asobi_ws/install/lider_to_fp/share/lider_to_fp/environment/path.sh
[7.978s] -- Up-to-date: /home/tomoni11/Documents/ROS2/asobi_ws/install/lider_to_fp/share/lider_to_fp/environment/path.dsv
[7.978s] -- Up-to-date: /home/tomoni11/Documents/ROS2/asobi_ws/install/lider_to_fp/share/lider_to_fp/local_setup.bash
[7.978s] -- Up-to-date: /home/tomoni11/Documents/ROS2/asobi_ws/install/lider_to_fp/share/lider_to_fp/local_setup.sh
[7.978s] -- Up-to-date: /home/tomoni11/Documents/ROS2/asobi_ws/install/lider_to_fp/share/lider_to_fp/local_setup.zsh
[7.978s] -- Up-to-date: /home/tomoni11/Documents/ROS2/asobi_ws/install/lider_to_fp/share/lider_to_fp/local_setup.dsv
[7.978s] -- Installing: /home/tomoni11/Documents/ROS2/asobi_ws/install/lider_to_fp/share/lider_to_fp/package.dsv
[7.978s] -- Up-to-date: /home/tomoni11/Documents/ROS2/asobi_ws/install/lider_to_fp/share/ament_index/resource_index/packages/lider_to_fp
[7.978s] -- Up-to-date: /home/tomoni11/Documents/ROS2/asobi_ws/install/lider_to_fp/share/lider_to_fp/cmake/lider_to_fpConfig.cmake
[7.978s] -- Up-to-date: /home/tomoni11/Documents/ROS2/asobi_ws/install/lider_to_fp/share/lider_to_fp/cmake/lider_to_fpConfig-version.cmake
[7.978s] -- Up-to-date: /home/tomoni11/Documents/ROS2/asobi_ws/install/lider_to_fp/share/lider_to_fp/package.xml
[7.980s] Invoked command in '/home/tomoni11/Documents/ROS2/asobi_ws/build/lider_to_fp' returned '0': AMENT_PREFIX_PATH=/home/tomoni11/Documents/ROS2/asobi_ws/install/interface_pkg:${AMENT_PREFIX_PATH} CMAKE_PREFIX_PATH=/home/tomoni11/Documents/ROS2/asobi_ws/install/interface_pkg:/opt/ros/jazzy/opt/gz_sim_vendor:/opt/ros/jazzy/opt/gz_sensors_vendor:/opt/ros/jazzy/opt/gz_physics_vendor:/opt/ros/jazzy/opt/sdformat_vendor:/opt/ros/jazzy/opt/gz_gui_vendor:/opt/ros/jazzy/opt/gz_transport_vendor:/opt/ros/jazzy/opt/gz_rendering_vendor:/opt/ros/jazzy/opt/gz_plugin_vendor:/opt/ros/jazzy/opt/gz_fuel_tools_vendor:/opt/ros/jazzy/opt/gz_msgs_vendor:/opt/ros/jazzy/opt/gz_common_vendor:/opt/ros/jazzy/opt/gz_math_vendor:/opt/ros/jazzy/opt/gz_utils_vendor:/opt/ros/jazzy/opt/gz_tools_vendor:/opt/ros/jazzy/opt/gz_ogre_next_vendor:/opt/ros/jazzy/opt/gz_dartsim_vendor:/opt/ros/jazzy/opt/gz_cmake_vendor:/opt/ros/jazzy DEBUGINFOD_URLS=https://debuginfod.ubuntu.com LD_LIBRARY_PATH=/home/tomoni11/Documents/ROS2/asobi_ws/install/interface_pkg/lib:${LD_LIBRARY_PATH} PYTHONPATH=/home/tomoni11/Documents/ROS2/asobi_ws/install/interface_pkg/lib/python3.12/site-packages:${PYTHONPATH} /usr/bin/cmake --install /home/tomoni11/Documents/ROS2/asobi_ws/build/lider_to_fp
