In file included from [01m[K/home/tomoni11/Documents/ROS2/study_ws/src/make_cloud_pkg/src/drower.cpp:5[m[K:
[01m[K/home/tomoni11/Documents/ROS2/study_ws/src/make_cloud_pkg/include/make_cloud_pkg/matplotlibcpp.h:[m[K In constructor ‘[01m[Kmatplotlibcpp::detail::_interpreter::[01;32m[K_interpreter[m[K()[m[K’:
[01m[K/home/tomoni11/Documents/ROS2/study_ws/src/make_cloud_pkg/include/make_cloud_pkg/matplotlibcpp.h:182:42:[m[K [01;35m[Kwarning: [m[K‘[01m[Kvoid[01;32m[K Py_SetProgramName[m[K(const wchar_t*)[m[K’ is deprecated [[01;35m[K]8;;https://gcc.gnu.org/onlinedocs/gcc/Warning-Options.html#index-Wdeprecated-declarations-Wdeprecated-declarations]8;;[m[K]
  182 |                         [01;35m[KPy_SetProgramName(name)[m[K;
      |                         [01;35m[K~~~~~~~~~~~~~~~~~^~~~~~[m[K
In file included from [01m[K/usr/include/python3.12/Python.h:94[m[K,
                 from [01m[K/home/tomoni11/Documents/ROS2/study_ws/src/make_cloud_pkg/include/make_cloud_pkg/matplotlibcpp.h:5[m[K:
[01m[K/usr/include/python3.12/pylifecycle.h:37:38:[m[K [01;36m[Knote: [m[Kdeclared here
   37 | Py_DEPRECATED(3.11) PyAPI_FUNC(void) [01;36m[KPy_SetProgramName[m[K(const wchar_t *);
      |                                      [01;36m[K^~~~~~~~~~~~~~~~~[m[K
[01m[K/home/tomoni11/Documents/ROS2/study_ws/src/make_cloud_pkg/include/make_cloud_pkg/matplotlibcpp.h:190:38:[m[K [01;35m[Kwarning: [m[K‘[01m[Kvoid[01;32m[K PySys_SetArgv[m[K(int, wchar_t**)[m[K’ is deprecated [[01;35m[K]8;;https://gcc.gnu.org/onlinedocs/gcc/Warning-Options.html#index-Wdeprecated-declarations-Wdeprecated-declarations]8;;[m[K]
  190 |                         [01;35m[KPySys_SetArgv(argc, const_cast<wchar_t **>(argv))[m[K;
      |                         [01;35m[K~~~~~~~~~~~~~^~~~~~~~~~~~~~~~~~~~~~~~~~~~~~~~~~~~[m[K
In file included from [01m[K/usr/include/python3.12/Python.h:96[m[K:
[01m[K/usr/include/python3.12/sysmodule.h:13:38:[m[K [01;36m[Knote: [m[Kdeclared here
   13 | Py_DEPRECATED(3.11) PyAPI_FUNC(void) [01;36m[KPySys_SetArgv[m[K(int, wchar_t **);
      |                                      [01;36m[K^~~~~~~~~~~~~[m[K
[01m[K/home/tomoni11/Documents/ROS2/study_ws/src/make_cloud_pkg/src/drower.cpp:[m[K In member function ‘[01m[Kvoid Drower::[01;32m[Kchatter_callback[m[K(study_interface::msg::Cloud_<std::allocator<void> >::SharedPtr) const[m[K’:
[01m[K/home/tomoni11/Documents/ROS2/study_ws/src/make_cloud_pkg/src/drower.cpp:41:31:[m[K [01;31m[Kerror: [m[Kno matching function for call to ‘[01m[Kscatter(std::array<double, 750>::value_type&, std::array<double, 750>::value_type&)[m[K’
   41 |                   [01;31m[Kplt::scatter(msg->cloudx[i], msg->cloudy[i])[m[K;
      |                   [01;31m[K~~~~~~~~~~~~^~~~~~~~~~~~~~~~~~~~~~~~~~~~~~~~[m[K
[01m[K/home/tomoni11/Documents/ROS2/study_ws/src/make_cloud_pkg/include/make_cloud_pkg/matplotlibcpp.h:1133:12:[m[K [01;36m[Knote: [m[Kcandidate: ‘[01m[Ktemplate<class NumericX, class NumericY> bool matplotlibcpp::[01;32m[Kscatter[m[K(const std::vector<BufferT>&, const std::vector<_ValT>&, double, const std::map<std::__cxx11::basic_string<char>, std::__cxx11::basic_string<char> >&)[m[K’
 1133 |       bool [01;36m[Kscatter[m[K(const std::vector<NumericX> &x,
      |            [01;36m[K^~~~~~~[m[K
[01m[K/home/tomoni11/Documents/ROS2/study_ws/src/make_cloud_pkg/include/make_cloud_pkg/matplotlibcpp.h:1133:12:[m[K [01;36m[Knote: [m[K  template argument deduction/substitution failed:
[01m[K/home/tomoni11/Documents/ROS2/study_ws/src/make_cloud_pkg/src/drower.cpp:41:31:[m[K [01;36m[Knote: [m[K  mismatched types ‘[01m[Kconst std::vector<BufferT>[m[K’ and ‘[01m[Kstd::array<double, 750>::value_type[m[K’ {aka ‘[01m[Kdouble[m[K’}
   41 |                   [01;36m[Kplt::scatter(msg->cloudx[i], msg->cloudy[i])[m[K;
      |                   [01;36m[K~~~~~~~~~~~~^~~~~~~~~~~~~~~~~~~~~~~~~~~~~~~~[m[K
[01m[K/home/tomoni11/Documents/ROS2/study_ws/src/make_cloud_pkg/include/make_cloud_pkg/matplotlibcpp.h:1205:12:[m[K [01;36m[Knote: [m[Kcandidate: ‘[01m[Ktemplate<class NumericX, class NumericY, class NumericZ> bool matplotlibcpp::[01;32m[Kscatter[m[K(const std::vector<BufferT>&, const std::vector<_ValT>&, const std::vector<NumericColors>&, double, const std::map<std::__cxx11::basic_string<char>, std::__cxx11::basic_string<char> >&, long int)[m[K’
 1205 |       bool [01;36m[Kscatter[m[K(const std::vector<NumericX> &x,
      |            [01;36m[K^~~~~~~[m[K
[01m[K/home/tomoni11/Documents/ROS2/study_ws/src/make_cloud_pkg/include/make_cloud_pkg/matplotlibcpp.h:1205:12:[m[K [01;36m[Knote: [m[K  template argument deduction/substitution failed:
[01m[K/home/tomoni11/Documents/ROS2/study_ws/src/make_cloud_pkg/src/drower.cpp:41:31:[m[K [01;36m[Knote: [m[K  mismatched types ‘[01m[Kconst std::vector<BufferT>[m[K’ and ‘[01m[Kstd::array<double, 750>::value_type[m[K’ {aka ‘[01m[Kdouble[m[K’}
   41 |                   [01;36m[Kplt::scatter(msg->cloudx[i], msg->cloudy[i])[m[K;
      |                   [01;36m[K~~~~~~~~~~~~^~~~~~~~~~~~~~~~~~~~~~~~~~~~~~~~[m[K
gmake[2]: *** [CMakeFiles/drower.dir/build.make:76: CMakeFiles/drower.dir/src/drower.cpp.o] エラー 1
gmake[1]: *** [CMakeFiles/Makefile2:165: CMakeFiles/drower.dir/all] エラー 2
gmake: *** [Makefile:146: all] エラー 2
