[0.008s] Invoking command in '/home/tomoni11/Documents/ROS2/asobi_ws/build/lider_to_fp': AMENT_PREFIX_PATH=/home/tomoni11/Documents/ROS2/asobi_ws/install/interface_pkg:${AMENT_PREFIX_PATH} CMAKE_PREFIX_PATH=/home/tomoni11/Documents/ROS2/asobi_ws/install/interface_pkg:/opt/ros/jazzy/opt/gz_sim_vendor:/opt/ros/jazzy/opt/gz_sensors_vendor:/opt/ros/jazzy/opt/gz_physics_vendor:/opt/ros/jazzy/opt/sdformat_vendor:/opt/ros/jazzy/opt/gz_gui_vendor:/opt/ros/jazzy/opt/gz_transport_vendor:/opt/ros/jazzy/opt/gz_rendering_vendor:/opt/ros/jazzy/opt/gz_plugin_vendor:/opt/ros/jazzy/opt/gz_fuel_tools_vendor:/opt/ros/jazzy/opt/gz_msgs_vendor:/opt/ros/jazzy/opt/gz_common_vendor:/opt/ros/jazzy/opt/gz_math_vendor:/opt/ros/jazzy/opt/gz_utils_vendor:/opt/ros/jazzy/opt/gz_tools_vendor:/opt/ros/jazzy/opt/gz_ogre_next_vendor:/opt/ros/jazzy/opt/gz_dartsim_vendor:/opt/ros/jazzy/opt/gz_cmake_vendor:/opt/ros/jazzy DEBUGINFOD_URLS=https://debuginfod.ubuntu.com LD_LIBRARY_PATH=/home/tomoni11/Documents/ROS2/asobi_ws/install/interface_pkg/lib:${LD_LIBRARY_PATH} PYTHONPATH=/home/tomoni11/Documents/ROS2/asobi_ws/install/interface_pkg/lib/python3.12/site-packages:${PYTHONPATH} /usr/bin/cmake --build /home/tomoni11/Documents/ROS2/asobi_ws/build/lider_to_fp -- -j24 -l24
[0.030s] -- Found ament_cmake: 2.5.3 (/opt/ros/jazzy/share/ament_cmake/cmake)
[0.212s] -- Found rclcpp: 28.1.6 (/opt/ros/jazzy/share/rclcpp/cmake)
[0.231s] -- Found rosidl_generator_c: 4.6.5 (/opt/ros/jazzy/share/rosidl_generator_c/cmake)
[0.237s] -- Found rosidl_generator_cpp: 4.6.5 (/opt/ros/jazzy/share/rosidl_generator_cpp/cmake)
[0.246s] -- Using all available rosidl_typesupport_c: rosidl_typesupport_fastrtps_c;rosidl_typesupport_introspection_c
[0.256s] -- Using all available rosidl_typesupport_cpp: rosidl_typesupport_fastrtps_cpp;rosidl_typesupport_introspection_cpp
[0.301s] -- Found rmw_implementation_cmake: 7.3.1 (/opt/ros/jazzy/share/rmw_implementation_cmake/cmake)
[0.302s] -- Found rmw_fastrtps_cpp: 8.4.1 (/opt/ros/jazzy/share/rmw_fastrtps_cpp/cmake)
[0.356s] -- Using RMW implementation 'rmw_fastrtps_cpp' as default
[0.408s] -- Found std_msgs: 5.3.5 (/opt/ros/jazzy/share/std_msgs/cmake)
[0.418s] -- Found sensor_msgs: 5.3.5 (/opt/ros/jazzy/share/sensor_msgs/cmake)
[0.451s] -- Found interface_pkg: 0.0.0 (/home/tomoni11/Documents/ROS2/asobi_ws/install/interface_pkg/share/interface_pkg/cmake)
[0.465s] -- Found ament_lint_auto: 0.17.1 (/opt/ros/jazzy/share/ament_lint_auto/cmake)
[0.556s] -- Added test 'cppcheck' to perform static code analysis on C / C++ code
[0.556s] -- Configured cppcheck include dirs: /home/tomoni11/Documents/ROS2/asobi_ws/src/lider_to_fp/include
[0.556s] -- Configured cppcheck exclude dirs and/or files: 
[0.556s] -- Added test 'flake8' to check Python code syntax and style conventions
[0.556s] -- Configured 'flake8' exclude dirs and/or files: 
[0.558s] -- Added test 'lint_cmake' to check CMake code style
[0.558s] -- Added test 'pep257' to check Python code against some of the docstring style conventions in PEP 257
[0.559s] -- Added test 'uncrustify' to check C / C++ code style
[0.559s] -- Configured uncrustify additional arguments: 
[0.560s] -- Added test 'xmllint' to check XML markup files
[0.561s] -- Configuring done (0.5s)
[0.580s] -- Generating done (0.0s)
[0.584s] -- Build files have been written to: /home/tomoni11/Documents/ROS2/asobi_ws/build/lider_to_fp
[0.679s] [100%] Built target ransac_unit
[0.679s] [100%] Built target serial_talker
[0.688s] Invoked command in '/home/tomoni11/Documents/ROS2/asobi_ws/build/lider_to_fp' returned '0': AMENT_PREFIX_PATH=/home/tomoni11/Documents/ROS2/asobi_ws/install/interface_pkg:${AMENT_PREFIX_PATH} CMAKE_PREFIX_PATH=/home/tomoni11/Documents/ROS2/asobi_ws/install/interface_pkg:/opt/ros/jazzy/opt/gz_sim_vendor:/opt/ros/jazzy/opt/gz_sensors_vendor:/opt/ros/jazzy/opt/gz_physics_vendor:/opt/ros/jazzy/opt/sdformat_vendor:/opt/ros/jazzy/opt/gz_gui_vendor:/opt/ros/jazzy/opt/gz_transport_vendor:/opt/ros/jazzy/opt/gz_rendering_vendor:/opt/ros/jazzy/opt/gz_plugin_vendor:/opt/ros/jazzy/opt/gz_fuel_tools_vendor:/opt/ros/jazzy/opt/gz_msgs_vendor:/opt/ros/jazzy/opt/gz_common_vendor:/opt/ros/jazzy/opt/gz_math_vendor:/opt/ros/jazzy/opt/gz_utils_vendor:/opt/ros/jazzy/opt/gz_tools_vendor:/opt/ros/jazzy/opt/gz_ogre_next_vendor:/opt/ros/jazzy/opt/gz_dartsim_vendor:/opt/ros/jazzy/opt/gz_cmake_vendor:/opt/ros/jazzy DEBUGINFOD_URLS=https://debuginfod.ubuntu.com LD_LIBRARY_PATH=/home/tomoni11/Documents/ROS2/asobi_ws/install/interface_pkg/lib:${LD_LIBRARY_PATH} PYTHONPATH=/home/tomoni11/Documents/ROS2/asobi_ws/install/interface_pkg/lib/python3.12/site-packages:${PYTHONPATH} /usr/bin/cmake --build /home/tomoni11/Documents/ROS2/asobi_ws/build/lider_to_fp -- -j24 -l24
[0.689s] Invoking command in '/home/tomoni11/Documents/ROS2/asobi_ws/build/lider_to_fp': AMENT_PREFIX_PATH=/home/tomoni11/Documents/ROS2/asobi_ws/install/interface_pkg:${AMENT_PREFIX_PATH} CMAKE_PREFIX_PATH=/home/tomoni11/Documents/ROS2/asobi_ws/install/interface_pkg:/opt/ros/jazzy/opt/gz_sim_vendor:/opt/ros/jazzy/opt/gz_sensors_vendor:/opt/ros/jazzy/opt/gz_physics_vendor:/opt/ros/jazzy/opt/sdformat_vendor:/opt/ros/jazzy/opt/gz_gui_vendor:/opt/ros/jazzy/opt/gz_transport_vendor:/opt/ros/jazzy/opt/gz_rendering_vendor:/opt/ros/jazzy/opt/gz_plugin_vendor:/opt/ros/jazzy/opt/gz_fuel_tools_vendor:/opt/ros/jazzy/opt/gz_msgs_vendor:/opt/ros/jazzy/opt/gz_common_vendor:/opt/ros/jazzy/opt/gz_math_vendor:/opt/ros/jazzy/opt/gz_utils_vendor:/opt/ros/jazzy/opt/gz_tools_vendor:/opt/ros/jazzy/opt/gz_ogre_next_vendor:/opt/ros/jazzy/opt/gz_dartsim_vendor:/opt/ros/jazzy/opt/gz_cmake_vendor:/opt/ros/jazzy DEBUGINFOD_URLS=https://debuginfod.ubuntu.com LD_LIBRARY_PATH=/home/tomoni11/Documents/ROS2/asobi_ws/install/interface_pkg/lib:${LD_LIBRARY_PATH} PYTHONPATH=/home/tomoni11/Documents/ROS2/asobi_ws/install/interface_pkg/lib/python3.12/site-packages:${PYTHONPATH} /usr/bin/cmake --install /home/tomoni11/Documents/ROS2/asobi_ws/build/lider_to_fp
[0.696s] -- Install configuration: ""
[0.697s] -- Up-to-date: /home/tomoni11/Documents/ROS2/asobi_ws/install/lider_to_fp/lib/lider_to_fp/ransac_unit
[0.697s] -- Up-to-date: /home/tomoni11/Documents/ROS2/asobi_ws/install/lider_to_fp/lib/lider_to_fp/serial_talker
[0.697s] -- Installing: /home/tomoni11/Documents/ROS2/asobi_ws/install/lider_to_fp/share/ament_index/resource_index/package_run_dependencies/lider_to_fp
[0.698s] -- Up-to-date: /home/tomoni11/Documents/ROS2/asobi_ws/install/lider_to_fp/share/ament_index/resource_index/parent_prefix_path/lider_to_fp
[0.698s] -- Up-to-date: /home/tomoni11/Documents/ROS2/asobi_ws/install/lider_to_fp/share/lider_to_fp/environment/ament_prefix_path.sh
[0.698s] -- Up-to-date: /home/tomoni11/Documents/ROS2/asobi_ws/install/lider_to_fp/share/lider_to_fp/environment/ament_prefix_path.dsv
[0.698s] -- Up-to-date: /home/tomoni11/Documents/ROS2/asobi_ws/install/lider_to_fp/share/lider_to_fp/environment/path.sh
[0.698s] -- Up-to-date: /home/tomoni11/Documents/ROS2/asobi_ws/install/lider_to_fp/share/lider_to_fp/environment/path.dsv
[0.698s] -- Up-to-date: /home/tomoni11/Documents/ROS2/asobi_ws/install/lider_to_fp/share/lider_to_fp/local_setup.bash
[0.698s] -- Up-to-date: /home/tomoni11/Documents/ROS2/asobi_ws/install/lider_to_fp/share/lider_to_fp/local_setup.sh
[0.698s] -- Up-to-date: /home/tomoni11/Documents/ROS2/asobi_ws/install/lider_to_fp/share/lider_to_fp/local_setup.zsh
[0.698s] -- Up-to-date: /home/tomoni11/Documents/ROS2/asobi_ws/install/lider_to_fp/share/lider_to_fp/local_setup.dsv
[0.698s] -- Installing: /home/tomoni11/Documents/ROS2/asobi_ws/install/lider_to_fp/share/lider_to_fp/package.dsv
[0.698s] -- Up-to-date: /home/tomoni11/Documents/ROS2/asobi_ws/install/lider_to_fp/share/ament_index/resource_index/packages/lider_to_fp
[0.698s] -- Up-to-date: /home/tomoni11/Documents/ROS2/asobi_ws/install/lider_to_fp/share/lider_to_fp/cmake/lider_to_fpConfig.cmake
[0.698s] -- Up-to-date: /home/tomoni11/Documents/ROS2/asobi_ws/install/lider_to_fp/share/lider_to_fp/cmake/lider_to_fpConfig-version.cmake
[0.698s] -- Installing: /home/tomoni11/Documents/ROS2/asobi_ws/install/lider_to_fp/share/lider_to_fp/package.xml
[0.699s] Invoked command in '/home/tomoni11/Documents/ROS2/asobi_ws/build/lider_to_fp' returned '0': AMENT_PREFIX_PATH=/home/tomoni11/Documents/ROS2/asobi_ws/install/interface_pkg:${AMENT_PREFIX_PATH} CMAKE_PREFIX_PATH=/home/tomoni11/Documents/ROS2/asobi_ws/install/interface_pkg:/opt/ros/jazzy/opt/gz_sim_vendor:/opt/ros/jazzy/opt/gz_sensors_vendor:/opt/ros/jazzy/opt/gz_physics_vendor:/opt/ros/jazzy/opt/sdformat_vendor:/opt/ros/jazzy/opt/gz_gui_vendor:/opt/ros/jazzy/opt/gz_transport_vendor:/opt/ros/jazzy/opt/gz_rendering_vendor:/opt/ros/jazzy/opt/gz_plugin_vendor:/opt/ros/jazzy/opt/gz_fuel_tools_vendor:/opt/ros/jazzy/opt/gz_msgs_vendor:/opt/ros/jazzy/opt/gz_common_vendor:/opt/ros/jazzy/opt/gz_math_vendor:/opt/ros/jazzy/opt/gz_utils_vendor:/opt/ros/jazzy/opt/gz_tools_vendor:/opt/ros/jazzy/opt/gz_ogre_next_vendor:/opt/ros/jazzy/opt/gz_dartsim_vendor:/opt/ros/jazzy/opt/gz_cmake_vendor:/opt/ros/jazzy DEBUGINFOD_URLS=https://debuginfod.ubuntu.com LD_LIBRARY_PATH=/home/tomoni11/Documents/ROS2/asobi_ws/install/interface_pkg/lib:${LD_LIBRARY_PATH} PYTHONPATH=/home/tomoni11/Documents/ROS2/asobi_ws/install/interface_pkg/lib/python3.12/site-packages:${PYTHONPATH} /usr/bin/cmake --install /home/tomoni11/Documents/ROS2/asobi_ws/build/lider_to_fp
