-- The C compiler identification is GNU 13.3.0
-- The CXX compiler identification is GNU 13.3.0
-- Detecting C compiler ABI info
-- Detecting C compiler ABI info - done
-- Check for working C compiler: /usr/bin/cc - skipped
-- Detecting C compile features
-- Detecting C compile features - done
-- Detecting CXX compiler ABI info
-- Detecting CXX compiler ABI info - done
-- Check for working CXX compiler: /usr/bin/c++ - skipped
-- Detecting CXX compile features
-- Detecting CXX compile features - done
-- Found ament_cmake: 2.5.3 (/opt/ros/jazzy/share/ament_cmake/cmake)
-- Found Python3: /usr/bin/python3 (found version "3.12.3") found components: Interpreter 
-- Found ament_lint_auto: 0.17.1 (/opt/ros/jazzy/share/ament_lint_auto/cmake)
-- Added test 'lint_cmake' to check CMake code style
-- Added test 'xmllint' to check XML markup files
-- Configuring done (0.7s)
-- Generating done (0.0s)
-- Build files have been written to: /home/tomoni11/Documents/ROS2/study_ws/build/study_interface
-- Install configuration: ""
-- Installing: /home/tomoni11/Documents/ROS2/study_ws/install/study_interface/share/ament_index/resource_index/package_run_dependencies/study_interface
-- Installing: /home/tomoni11/Documents/ROS2/study_ws/install/study_interface/share/ament_index/resource_index/parent_prefix_path/study_interface
-- Installing: /home/tomoni11/Documents/ROS2/study_ws/install/study_interface/share/study_interface/environment/ament_prefix_path.sh
-- Installing: /home/tomoni11/Documents/ROS2/study_ws/install/study_interface/share/study_interface/environment/ament_prefix_path.dsv
-- Installing: /home/tomoni11/Documents/ROS2/study_ws/install/study_interface/share/study_interface/environment/path.sh
-- Installing: /home/tomoni11/Documents/ROS2/study_ws/install/study_interface/share/study_interface/environment/path.dsv
-- Installing: /home/tomoni11/Documents/ROS2/study_ws/install/study_interface/share/study_interface/local_setup.bash
-- Installing: /home/tomoni11/Documents/ROS2/study_ws/install/study_interface/share/study_interface/local_setup.sh
-- Installing: /home/tomoni11/Documents/ROS2/study_ws/install/study_interface/share/study_interface/local_setup.zsh
-- Installing: /home/tomoni11/Documents/ROS2/study_ws/install/study_interface/share/study_interface/local_setup.dsv
-- Installing: /home/tomoni11/Documents/ROS2/study_ws/install/study_interface/share/study_interface/package.dsv
-- Installing: /home/tomoni11/Documents/ROS2/study_ws/install/study_interface/share/ament_index/resource_index/packages/study_interface
-- Installing: /home/tomoni11/Documents/ROS2/study_ws/install/study_interface/share/study_interface/cmake/study_interfaceConfig.cmake
-- Installing: /home/tomoni11/Documents/ROS2/study_ws/install/study_interface/share/study_interface/cmake/study_interfaceConfig-version.cmake
-- Installing: /home/tomoni11/Documents/ROS2/study_ws/install/study_interface/share/study_interface/package.xml
