[ 75%] Built target circle
[100%] Built target drower
-- Install configuration: ""
-- Up-to-date: /home/tomoni11/Documents/ROS2/study_ws/install/make_cloud_pkg/lib/make_cloud_pkg/circle
-- Up-to-date: /home/tomoni11/Documents/ROS2/study_ws/install/make_cloud_pkg/lib/make_cloud_pkg/drower
-- Up-to-date: /home/tomoni11/Documents/ROS2/study_ws/install/make_cloud_pkg/share/make_cloud_pkg/launch
-- Up-to-date: /home/tomoni11/Documents/ROS2/study_ws/install/make_cloud_pkg/share/make_cloud_pkg/launch/circle.launch.py
-- Up-to-date: /home/tomoni11/Documents/ROS2/study_ws/install/make_cloud_pkg/share/ament_index/resource_index/package_run_dependencies/make_cloud_pkg
-- Up-to-date: /home/tomoni11/Documents/ROS2/study_ws/install/make_cloud_pkg/share/ament_index/resource_index/parent_prefix_path/make_cloud_pkg
-- Up-to-date: /home/tomoni11/Documents/ROS2/study_ws/install/make_cloud_pkg/share/make_cloud_pkg/environment/ament_prefix_path.sh
-- Up-to-date: /home/tomoni11/Documents/ROS2/study_ws/install/make_cloud_pkg/share/make_cloud_pkg/environment/ament_prefix_path.dsv
-- Up-to-date: /home/tomoni11/Documents/ROS2/study_ws/install/make_cloud_pkg/share/make_cloud_pkg/environment/path.sh
-- Up-to-date: /home/tomoni11/Documents/ROS2/study_ws/install/make_cloud_pkg/share/make_cloud_pkg/environment/path.dsv
-- Up-to-date: /home/tomoni11/Documents/ROS2/study_ws/install/make_cloud_pkg/share/make_cloud_pkg/local_setup.bash
-- Up-to-date: /home/tomoni11/Documents/ROS2/study_ws/install/make_cloud_pkg/share/make_cloud_pkg/local_setup.sh
-- Up-to-date: /home/tomoni11/Documents/ROS2/study_ws/install/make_cloud_pkg/share/make_cloud_pkg/local_setup.zsh
-- Up-to-date: /home/tomoni11/Documents/ROS2/study_ws/install/make_cloud_pkg/share/make_cloud_pkg/local_setup.dsv
-- Installing: /home/tomoni11/Documents/ROS2/study_ws/install/make_cloud_pkg/share/make_cloud_pkg/package.dsv
-- Up-to-date: /home/tomoni11/Documents/ROS2/study_ws/install/make_cloud_pkg/share/ament_index/resource_index/packages/make_cloud_pkg
-- Up-to-date: /home/tomoni11/Documents/ROS2/study_ws/install/make_cloud_pkg/share/make_cloud_pkg/cmake/make_cloud_pkgConfig.cmake
-- Up-to-date: /home/tomoni11/Documents/ROS2/study_ws/install/make_cloud_pkg/share/make_cloud_pkg/cmake/make_cloud_pkgConfig-version.cmake
-- Up-to-date: /home/tomoni11/Documents/ROS2/study_ws/install/make_cloud_pkg/share/make_cloud_pkg/package.xml
