In file included from [01m[K/home/tomoni11/Documents/ROS2/study_ws/src/ransac_pkg/src/circle_main.cpp:7[m[K:
[01m[K/home/tomoni11/Documents/ROS2/study_ws/src/ransac_pkg/include/ransac_pkg/circle_ransac.cpp:149:8:[m[K [01;31m[Kerror: [m[Kno declaration matches ‘[01m[Kdouble RANSAC::[01;32m[Kfind_error[m[K(circle&, double&, double&) const[m[K’
  149 | double [01;31m[KRANSAC[m[K::find_error(circle &circle, double &_x, double &_y) const
      |        [01;31m[K^~~~~~[m[K
In file included from [01m[K/home/tomoni11/Documents/ROS2/study_ws/src/ransac_pkg/src/circle_main.cpp:6[m[K:
[01m[K/home/tomoni11/Documents/ROS2/study_ws/src/ransac_pkg/include/ransac_pkg/ransac.hpp:50:14:[m[K [01;36m[Knote: [m[Kcandidates are: ‘[01m[Kdouble RANSAC::[01;32m[Kfind_error[m[K(line, double, double) const[m[K’
   50 |       double [01;36m[Kfind_error[m[K(line line_segment, double _x, double _y) const;
      |              [01;36m[K^~~~~~~~~~[m[K
[01m[K/home/tomoni11/Documents/ROS2/study_ws/src/ransac_pkg/include/ransac_pkg/ransac.hpp:49:14:[m[K [01;36m[Knote: [m[K                ‘[01m[Kdouble RANSAC::[01;32m[Kfind_error[m[K(circle, double, double) const[m[K’
   49 |       double [01;36m[Kfind_error[m[K(circle circle, double _x, double _y) const;
      |              [01;36m[K^~~~~~~~~~[m[K
[01m[K/home/tomoni11/Documents/ROS2/study_ws/src/ransac_pkg/include/ransac_pkg/ransac.hpp:38:7:[m[K [01;36m[Knote: [m[K‘[01m[Kclass RANSAC[m[K’ defined here
   38 | class [01;36m[KRANSAC[m[K
      |       [01;36m[K^~~~~~[m[K
[01m[K/home/tomoni11/Documents/ROS2/study_ws/src/ransac_pkg/include/ransac_pkg/circle_ransac.cpp:154:8:[m[K [01;31m[Kerror: [m[Kno declaration matches ‘[01m[Kdouble RANSAC::[01;32m[Kfind_error[m[K(line&, double&, double&) const[m[K’
  154 | double [01;31m[KRANSAC[m[K::find_error(line &line, double &_x, double &_y) const
      |        [01;31m[K^~~~~~[m[K
[01m[K/home/tomoni11/Documents/ROS2/study_ws/src/ransac_pkg/include/ransac_pkg/ransac.hpp:50:14:[m[K [01;36m[Knote: [m[Kcandidates are: ‘[01m[Kdouble RANSAC::[01;32m[Kfind_error[m[K(line, double, double) const[m[K’
   50 |       double [01;36m[Kfind_error[m[K(line line_segment, double _x, double _y) const;
      |              [01;36m[K^~~~~~~~~~[m[K
[01m[K/home/tomoni11/Documents/ROS2/study_ws/src/ransac_pkg/include/ransac_pkg/ransac.hpp:49:14:[m[K [01;36m[Knote: [m[K                ‘[01m[Kdouble RANSAC::[01;32m[Kfind_error[m[K(circle, double, double) const[m[K’
   49 |       double [01;36m[Kfind_error[m[K(circle circle, double _x, double _y) const;
      |              [01;36m[K^~~~~~~~~~[m[K
[01m[K/home/tomoni11/Documents/ROS2/study_ws/src/ransac_pkg/include/ransac_pkg/ransac.hpp:38:7:[m[K [01;36m[Knote: [m[K‘[01m[Kclass RANSAC[m[K’ defined here
   38 | class [01;36m[KRANSAC[m[K
      |       [01;36m[K^~~~~~[m[K
[01m[K/home/tomoni11/Documents/ROS2/study_ws/src/ransac_pkg/include/ransac_pkg/circle_ransac.cpp:178:8:[m[K [01;31m[Kerror: [m[Kno declaration matches ‘[01m[Kdouble RANSAC::[01;32m[Kget_theta[m[K(double, double, double)[m[K’
  178 | double [01;31m[KRANSAC[m[K::get_theta(double a, double b, double c)
      |        [01;31m[K^~~~~~[m[K
[01m[K/home/tomoni11/Documents/ROS2/study_ws/src/ransac_pkg/include/ransac_pkg/ransac.hpp:58:14:[m[K [01;36m[Knote: [m[Kcandidate is: ‘[01m[Kdouble RANSAC::[01;32m[Kget_theta[m[K(double, double, double) const[m[K’
   58 |       double [01;36m[Kget_theta[m[K(double a, double b, double c) const;
      |              [01;36m[K^~~~~~~~~[m[K
[01m[K/home/tomoni11/Documents/ROS2/study_ws/src/ransac_pkg/include/ransac_pkg/ransac.hpp:38:7:[m[K [01;36m[Knote: [m[K‘[01m[Kclass RANSAC[m[K’ defined here
   38 | class [01;36m[KRANSAC[m[K
      |       [01;36m[K^~~~~~[m[K
[01m[K/home/tomoni11/Documents/ROS2/study_ws/src/ransac_pkg/include/ransac_pkg/circle_ransac.cpp:204:8:[m[K [01;31m[Kerror: [m[Kno declaration matches ‘[01m[Kdouble RANSAC::[01;32m[Kget_distance_line[m[K(double, double, double, double)[m[K’
  204 | double [01;31m[KRANSAC[m[K::get_distance_line(double x1, double y1, double x2, double y2)
      |        [01;31m[K^~~~~~[m[K
[01m[K/home/tomoni11/Documents/ROS2/study_ws/src/ransac_pkg/include/ransac_pkg/ransac.hpp:59:14:[m[K [01;36m[Knote: [m[Kcandidate is: ‘[01m[Kdouble RANSAC::[01;32m[Kget_distance_line[m[K(double, double, double, double) const[m[K’
   59 |       double [01;36m[Kget_distance_line[m[K(double x1, double y1, double x2, double y2) const;
      |              [01;36m[K^~~~~~~~~~~~~~~~~[m[K
[01m[K/home/tomoni11/Documents/ROS2/study_ws/src/ransac_pkg/include/ransac_pkg/ransac.hpp:38:7:[m[K [01;36m[Knote: [m[K‘[01m[Kclass RANSAC[m[K’ defined here
   38 | class [01;36m[KRANSAC[m[K
      |       [01;36m[K^~~~~~[m[K
gmake[2]: *** [CMakeFiles/circle.dir/build.make:76: CMakeFiles/circle.dir/src/circle_main.cpp.o] エラー 1
gmake[1]: *** [CMakeFiles/Makefile2:139: CMakeFiles/circle.dir/all] エラー 2
gmake: *** [Makefile:146: all] エラー 2
