[0.009s] Invoking command in '/home/tomoni11/Documents/ROS2/study_ws/build/ransac_pkg': CMAKE_PREFIX_PATH=/home/tomoni11/Documents/ROS2/study_ws/install/study_interface:/home/tomoni11/Documents/ROS2/study_ws/install/ransac_pkg:/home/tomoni11/Documents/ROS2/study_ws/install/make_cloud_pkg:/home/tomoni11/Documents/ROS2/study_ws/install/interface_pkg:/opt/ros/jazzy/opt/gz_sim_vendor:/opt/ros/jazzy/opt/gz_sensors_vendor:/opt/ros/jazzy/opt/gz_physics_vendor:/opt/ros/jazzy/opt/sdformat_vendor:/opt/ros/jazzy/opt/gz_gui_vendor:/opt/ros/jazzy/opt/gz_transport_vendor:/opt/ros/jazzy/opt/gz_rendering_vendor:/opt/ros/jazzy/opt/gz_plugin_vendor:/opt/ros/jazzy/opt/gz_fuel_tools_vendor:/opt/ros/jazzy/opt/gz_msgs_vendor:/opt/ros/jazzy/opt/gz_common_vendor:/opt/ros/jazzy/opt/gz_math_vendor:/opt/ros/jazzy/opt/gz_utils_vendor:/opt/ros/jazzy/opt/gz_tools_vendor:/opt/ros/jazzy/opt/gz_ogre_next_vendor:/opt/ros/jazzy/opt/gz_dartsim_vendor:/opt/ros/jazzy/opt/gz_cmake_vendor:/opt/ros/jazzy DEBUGINFOD_URLS=https://debuginfod.ubuntu.com /usr/bin/cmake --build /home/tomoni11/Documents/ROS2/study_ws/build/ransac_pkg -- -j24 -l24
[0.086s] [ 25%] [32mBuilding CXX object CMakeFiles/circle.dir/src/circle_main.cpp.o[0m
[0.086s] [ 75%] Built target circle_drower
[1.691s] In file included from [01m[K/home/tomoni11/Documents/ROS2/study_ws/src/ransac_pkg/src/circle_main.cpp:7[m[K:
[1.692s] [01m[K/home/tomoni11/Documents/ROS2/study_ws/src/ransac_pkg/include/ransac_pkg/circle_ransac.cpp:149:8:[m[K [01;31m[Kerror: [m[Kno declaration matches ‘[01m[Kdouble RANSAC::[01;32m[Kfind_error[m[K(circle&, double&, double&) const[m[K’
[1.692s]   149 | double [01;31m[KRANSAC[m[K::find_error(circle &circle, double &_x, double &_y) const
[1.692s]       |        [01;31m[K^~~~~~[m[K
[1.692s] In file included from [01m[K/home/tomoni11/Documents/ROS2/study_ws/src/ransac_pkg/src/circle_main.cpp:6[m[K:
[1.692s] [01m[K/home/tomoni11/Documents/ROS2/study_ws/src/ransac_pkg/include/ransac_pkg/ransac.hpp:50:14:[m[K [01;36m[Knote: [m[Kcandidates are: ‘[01m[Kdouble RANSAC::[01;32m[Kfind_error[m[K(line, double, double) const[m[K’
[1.692s]    50 |       double [01;36m[Kfind_error[m[K(line line_segment, double _x, double _y) const;
[1.692s]       |              [01;36m[K^~~~~~~~~~[m[K
[1.692s] [01m[K/home/tomoni11/Documents/ROS2/study_ws/src/ransac_pkg/include/ransac_pkg/ransac.hpp:49:14:[m[K [01;36m[Knote: [m[K                ‘[01m[Kdouble RANSAC::[01;32m[Kfind_error[m[K(circle, double, double) const[m[K’
[1.692s]    49 |       double [01;36m[Kfind_error[m[K(circle circle, double _x, double _y) const;
[1.692s]       |              [01;36m[K^~~~~~~~~~[m[K
[1.692s] [01m[K/home/tomoni11/Documents/ROS2/study_ws/src/ransac_pkg/include/ransac_pkg/ransac.hpp:38:7:[m[K [01;36m[Knote: [m[K‘[01m[Kclass RANSAC[m[K’ defined here
[1.692s]    38 | class [01;36m[KRANSAC[m[K
[1.692s]       |       [01;36m[K^~~~~~[m[K
[1.692s] [01m[K/home/tomoni11/Documents/ROS2/study_ws/src/ransac_pkg/include/ransac_pkg/circle_ransac.cpp:154:8:[m[K [01;31m[Kerror: [m[Kno declaration matches ‘[01m[Kdouble RANSAC::[01;32m[Kfind_error[m[K(line&, double&, double&) const[m[K’
[1.692s]   154 | double [01;31m[KRANSAC[m[K::find_error(line &line, double &_x, double &_y) const
[1.692s]       |        [01;31m[K^~~~~~[m[K
[1.692s] [01m[K/home/tomoni11/Documents/ROS2/study_ws/src/ransac_pkg/include/ransac_pkg/ransac.hpp:50:14:[m[K [01;36m[Knote: [m[Kcandidates are: ‘[01m[Kdouble RANSAC::[01;32m[Kfind_error[m[K(line, double, double) const[m[K’
[1.692s]    50 |       double [01;36m[Kfind_error[m[K(line line_segment, double _x, double _y) const;
[1.692s]       |              [01;36m[K^~~~~~~~~~[m[K
[1.692s] [01m[K/home/tomoni11/Documents/ROS2/study_ws/src/ransac_pkg/include/ransac_pkg/ransac.hpp:49:14:[m[K [01;36m[Knote: [m[K                ‘[01m[Kdouble RANSAC::[01;32m[Kfind_error[m[K(circle, double, double) const[m[K’
[1.692s]    49 |       double [01;36m[Kfind_error[m[K(circle circle, double _x, double _y) const;
[1.692s]       |              [01;36m[K^~~~~~~~~~[m[K
[1.692s] [01m[K/home/tomoni11/Documents/ROS2/study_ws/src/ransac_pkg/include/ransac_pkg/ransac.hpp:38:7:[m[K [01;36m[Knote: [m[K‘[01m[Kclass RANSAC[m[K’ defined here
[1.692s]    38 | class [01;36m[KRANSAC[m[K
[1.692s]       |       [01;36m[K^~~~~~[m[K
[1.693s] [01m[K/home/tomoni11/Documents/ROS2/study_ws/src/ransac_pkg/include/ransac_pkg/circle_ransac.cpp:178:8:[m[K [01;31m[Kerror: [m[Kno declaration matches ‘[01m[Kdouble RANSAC::[01;32m[Kget_theta[m[K(double, double, double)[m[K’
[1.693s]   178 | double [01;31m[KRANSAC[m[K::get_theta(double a, double b, double c)
[1.693s]       |        [01;31m[K^~~~~~[m[K
[1.693s] [01m[K/home/tomoni11/Documents/ROS2/study_ws/src/ransac_pkg/include/ransac_pkg/ransac.hpp:58:14:[m[K [01;36m[Knote: [m[Kcandidate is: ‘[01m[Kdouble RANSAC::[01;32m[Kget_theta[m[K(double, double, double) const[m[K’
[1.693s]    58 |       double [01;36m[Kget_theta[m[K(double a, double b, double c) const;
[1.693s]       |              [01;36m[K^~~~~~~~~[m[K
[1.693s] [01m[K/home/tomoni11/Documents/ROS2/study_ws/src/ransac_pkg/include/ransac_pkg/ransac.hpp:38:7:[m[K [01;36m[Knote: [m[K‘[01m[Kclass RANSAC[m[K’ defined here
[1.693s]    38 | class [01;36m[KRANSAC[m[K
[1.693s]       |       [01;36m[K^~~~~~[m[K
[1.693s] [01m[K/home/tomoni11/Documents/ROS2/study_ws/src/ransac_pkg/include/ransac_pkg/circle_ransac.cpp:204:8:[m[K [01;31m[Kerror: [m[Kno declaration matches ‘[01m[Kdouble RANSAC::[01;32m[Kget_distance_line[m[K(double, double, double, double)[m[K’
[1.693s]   204 | double [01;31m[KRANSAC[m[K::get_distance_line(double x1, double y1, double x2, double y2)
[1.693s]       |        [01;31m[K^~~~~~[m[K
[1.693s] [01m[K/home/tomoni11/Documents/ROS2/study_ws/src/ransac_pkg/include/ransac_pkg/ransac.hpp:59:14:[m[K [01;36m[Knote: [m[Kcandidate is: ‘[01m[Kdouble RANSAC::[01;32m[Kget_distance_line[m[K(double, double, double, double) const[m[K’
[1.693s]    59 |       double [01;36m[Kget_distance_line[m[K(double x1, double y1, double x2, double y2) const;
[1.693s]       |              [01;36m[K^~~~~~~~~~~~~~~~~[m[K
[1.693s] [01m[K/home/tomoni11/Documents/ROS2/study_ws/src/ransac_pkg/include/ransac_pkg/ransac.hpp:38:7:[m[K [01;36m[Knote: [m[K‘[01m[Kclass RANSAC[m[K’ defined here
[1.693s]    38 | class [01;36m[KRANSAC[m[K
[1.693s]       |       [01;36m[K^~~~~~[m[K
[3.388s] gmake[2]: *** [CMakeFiles/circle.dir/build.make:76: CMakeFiles/circle.dir/src/circle_main.cpp.o] エラー 1
[3.389s] gmake[1]: *** [CMakeFiles/Makefile2:139: CMakeFiles/circle.dir/all] エラー 2
[3.389s] gmake: *** [Makefile:146: all] エラー 2
[3.392s] Invoked command in '/home/tomoni11/Documents/ROS2/study_ws/build/ransac_pkg' returned '2': CMAKE_PREFIX_PATH=/home/tomoni11/Documents/ROS2/study_ws/install/study_interface:/home/tomoni11/Documents/ROS2/study_ws/install/ransac_pkg:/home/tomoni11/Documents/ROS2/study_ws/install/make_cloud_pkg:/home/tomoni11/Documents/ROS2/study_ws/install/interface_pkg:/opt/ros/jazzy/opt/gz_sim_vendor:/opt/ros/jazzy/opt/gz_sensors_vendor:/opt/ros/jazzy/opt/gz_physics_vendor:/opt/ros/jazzy/opt/sdformat_vendor:/opt/ros/jazzy/opt/gz_gui_vendor:/opt/ros/jazzy/opt/gz_transport_vendor:/opt/ros/jazzy/opt/gz_rendering_vendor:/opt/ros/jazzy/opt/gz_plugin_vendor:/opt/ros/jazzy/opt/gz_fuel_tools_vendor:/opt/ros/jazzy/opt/gz_msgs_vendor:/opt/ros/jazzy/opt/gz_common_vendor:/opt/ros/jazzy/opt/gz_math_vendor:/opt/ros/jazzy/opt/gz_utils_vendor:/opt/ros/jazzy/opt/gz_tools_vendor:/opt/ros/jazzy/opt/gz_ogre_next_vendor:/opt/ros/jazzy/opt/gz_dartsim_vendor:/opt/ros/jazzy/opt/gz_cmake_vendor:/opt/ros/jazzy DEBUGINFOD_URLS=https://debuginfod.ubuntu.com /usr/bin/cmake --build /home/tomoni11/Documents/ROS2/study_ws/build/ransac_pkg -- -j24 -l24
