[0.011s] Invoking command in '/home/tomoni11/Documents/ROS2/study_ws/build/study_interface': CMAKE_PREFIX_PATH=${CMAKE_PREFIX_PATH}:/opt/ros/jazzy DEBUGINFOD_URLS=https://debuginfod.ubuntu.com /usr/bin/cmake --build /home/tomoni11/Documents/ROS2/study_ws/build/study_interface -- -j24 -l24
[0.045s] -- Found ament_cmake: 2.5.3 (/opt/ros/jazzy/share/ament_cmake/cmake)
[0.072s] -- Found Python3: /usr/bin/python3 (found version "3.12.3") found components: Interpreter 
[0.162s] -- Found geometry_msgs: 5.3.5 (/opt/ros/jazzy/share/geometry_msgs/cmake)
[0.188s] -- Found rosidl_generator_c: 4.6.5 (/opt/ros/jazzy/share/rosidl_generator_c/cmake)
[0.196s] -- Found rosidl_generator_cpp: 4.6.5 (/opt/ros/jazzy/share/rosidl_generator_cpp/cmake)
[0.207s] -- Using all available rosidl_typesupport_c: rosidl_typesupport_fastrtps_c;rosidl_typesupport_introspection_c
[0.221s] -- Using all available rosidl_typesupport_cpp: rosidl_typesupport_fastrtps_cpp;rosidl_typesupport_introspection_cpp
[0.263s] -- Found rosidl_default_generators: 1.6.0 (/opt/ros/jazzy/share/rosidl_default_generators/cmake)
[0.270s] -- Found rosidl_adapter: 4.6.5 (/opt/ros/jazzy/share/rosidl_adapter/cmake)
[0.589s] -- Found ament_cmake_ros: 0.12.0 (/opt/ros/jazzy/share/ament_cmake_ros/cmake)
[0.884s] -- Using all available rosidl_typesupport_c: rosidl_typesupport_fastrtps_c;rosidl_typesupport_introspection_c
[0.992s] -- Using all available rosidl_typesupport_cpp: rosidl_typesupport_fastrtps_cpp;rosidl_typesupport_introspection_cpp
[0.993s] -- Found python_cmake_module: 0.11.1 (/opt/ros/jazzy/share/python_cmake_module/cmake)
[1.248s] -- Found Python3: /usr/bin/python3 (found version "3.12.3") found components: Interpreter Development NumPy Development.Module Development.Embed 
[1.275s] -- Found ament_lint_auto: 0.17.1 (/opt/ros/jazzy/share/ament_lint_auto/cmake)
[1.280s] -- Added test 'lint_cmake' to check CMake code style
[1.281s] -- Added test 'xmllint' to check XML markup files
[1.282s] -- Configuring done (1.2s)
[1.309s] -- Generating done (0.0s)
[1.318s] -- Build files have been written to: /home/tomoni11/Documents/ROS2/study_ws/build/study_interface
[1.353s] [  2%] [34m[1mGenerating type hashes for ROS interfaces[0m
[1.361s] [  2%] Built target ament_cmake_python_copy_study_interface
[1.509s] running egg_info
[1.515s] [  2%] Built target study_interface__rosidl_generator_type_description
[1.521s] writing study_interface.egg-info/PKG-INFO
[1.521s] writing dependency_links to study_interface.egg-info/dependency_links.txt
[1.521s] writing top-level names to study_interface.egg-info/top_level.txt
[1.524s] [  4%] [34m[1mGenerating C code for ROS interfaces[0m
[1.534s] [  6%] [34m[1mGenerating C++ code for ROS interfaces[0m
[1.554s] reading manifest file 'study_interface.egg-info/SOURCES.txt'
[1.555s] writing manifest file 'study_interface.egg-info/SOURCES.txt'
[1.587s] [  6%] Built target ament_cmake_python_build_study_interface_egg
[1.744s] [  6%] Built target study_interface__cpp
[1.770s] [ 13%] [32mBuilding C object CMakeFiles/study_interface__rosidl_generator_c.dir/rosidl_generator_c/study_interface/msg/detail/circle__type_support.c.o[0m
[1.770s] [ 13%] [32mBuilding C object CMakeFiles/study_interface__rosidl_generator_c.dir/rosidl_generator_c/study_interface/msg/detail/cloud__description.c.o[0m
[1.770s] [ 20%] [32mBuilding C object CMakeFiles/study_interface__rosidl_generator_c.dir/rosidl_generator_c/study_interface/msg/detail/cloud__functions.c.o[0m
[1.770s] [ 20%] [32mBuilding C object CMakeFiles/study_interface__rosidl_generator_c.dir/rosidl_generator_c/study_interface/msg/detail/circle__functions.c.o[0m
[1.770s] [ 20%] [32mBuilding C object CMakeFiles/study_interface__rosidl_generator_c.dir/rosidl_generator_c/study_interface/msg/detail/circle__description.c.o[0m
[1.770s] [ 20%] [32mBuilding C object CMakeFiles/study_interface__rosidl_generator_c.dir/rosidl_generator_c/study_interface/msg/detail/cloud__type_support.c.o[0m
[1.810s] [ 22%] [32m[1mLinking C shared library libstudy_interface__rosidl_generator_c.so[0m
[1.843s] [ 22%] Built target study_interface__rosidl_generator_c
[1.853s] [ 36%] [34m[1mGenerating C++ introspection for ROS interfaces[0m
[1.853s] [ 36%] [34m[1mGenerating C++ type support dispatch for ROS interfaces[0m
[1.853s] [ 36%] [34m[1mGenerating C type support for eProsima Fast-RTPS[0m
[1.853s] [ 36%] [34m[1mGenerating C++ type support for eProsima Fast-RTPS[0m
[1.853s] [ 36%] [34m[1mGenerating C type support dispatch for ROS interfaces[0m
[1.853s] [ 36%] [34m[1mGenerating C introspection for ROS interfaces[0m
[2.052s] [ 40%] [32mBuilding CXX object CMakeFiles/study_interface__rosidl_typesupport_c.dir/rosidl_typesupport_c/study_interface/msg/circle__type_support.cpp.o[0m
[2.052s] [ 40%] [32mBuilding CXX object CMakeFiles/study_interface__rosidl_typesupport_c.dir/rosidl_typesupport_c/study_interface/msg/cloud__type_support.cpp.o[0m
[2.063s] [ 43%] [32mBuilding CXX object CMakeFiles/study_interface__rosidl_typesupport_cpp.dir/rosidl_typesupport_cpp/study_interface/msg/circle__type_support.cpp.o[0m
[2.063s] [ 45%] [32mBuilding CXX object CMakeFiles/study_interface__rosidl_typesupport_cpp.dir/rosidl_typesupport_cpp/study_interface/msg/cloud__type_support.cpp.o[0m
[2.081s] [ 47%] [32mBuilding CXX object CMakeFiles/study_interface__rosidl_typesupport_introspection_cpp.dir/rosidl_typesupport_introspection_cpp/study_interface/msg/detail/cloud__type_support.cpp.o[0m
[2.082s] [ 50%] [32mBuilding CXX object CMakeFiles/study_interface__rosidl_typesupport_fastrtps_c.dir/rosidl_typesupport_fastrtps_c/study_interface/msg/detail/circle__type_support_c.cpp.o[0m
[2.082s] [ 52%] [32mBuilding C object CMakeFiles/study_interface__rosidl_typesupport_introspection_c.dir/rosidl_typesupport_introspection_c/study_interface/msg/detail/circle__type_support.c.o[0m
[2.083s] [ 54%] [32mBuilding C object CMakeFiles/study_interface__rosidl_typesupport_introspection_c.dir/rosidl_typesupport_introspection_c/study_interface/msg/detail/cloud__type_support.c.o[0m
[2.084s] [ 59%] [32mBuilding CXX object CMakeFiles/study_interface__rosidl_typesupport_introspection_cpp.dir/rosidl_typesupport_introspection_cpp/study_interface/msg/detail/circle__type_support.cpp.o[0m
[2.084s] [ 59%] [32mBuilding CXX object CMakeFiles/study_interface__rosidl_typesupport_fastrtps_c.dir/rosidl_typesupport_fastrtps_c/study_interface/msg/detail/cloud__type_support_c.cpp.o[0m
[2.088s] [ 61%] [32m[1mLinking CXX shared library libstudy_interface__rosidl_typesupport_c.so[0m
[2.101s] [ 63%] [32mBuilding CXX object CMakeFiles/study_interface__rosidl_typesupport_fastrtps_cpp.dir/rosidl_typesupport_fastrtps_cpp/study_interface/msg/detail/dds_fastrtps/circle__type_support.cpp.o[0m
[2.104s] [ 65%] [32mBuilding CXX object CMakeFiles/study_interface__rosidl_typesupport_fastrtps_cpp.dir/rosidl_typesupport_fastrtps_cpp/study_interface/msg/detail/dds_fastrtps/cloud__type_support.cpp.o[0m
[2.126s] [ 68%] [32m[1mLinking C shared library libstudy_interface__rosidl_typesupport_introspection_c.so[0m
[2.135s] [ 68%] Built target study_interface__rosidl_typesupport_c
[2.162s] [ 68%] Built target study_interface__rosidl_typesupport_introspection_c
[2.302s] [ 70%] [32m[1mLinking CXX shared library libstudy_interface__rosidl_typesupport_cpp.so[0m
[2.338s] [ 70%] Built target study_interface__rosidl_typesupport_cpp
[2.374s] [ 72%] [32m[1mLinking CXX shared library libstudy_interface__rosidl_typesupport_introspection_cpp.so[0m
[2.431s] [ 75%] [32m[1mLinking CXX shared library libstudy_interface__rosidl_typesupport_fastrtps_c.so[0m
[2.431s] [ 75%] Built target study_interface__rosidl_typesupport_introspection_cpp
[2.471s] [ 75%] Built target study_interface__rosidl_typesupport_fastrtps_c
[2.472s] [ 77%] [32m[1mLinking CXX shared library libstudy_interface__rosidl_typesupport_fastrtps_cpp.so[0m
[2.534s] [ 77%] Built target study_interface__rosidl_typesupport_fastrtps_cpp
[2.552s] [ 77%] Built target study_interface
[2.571s] [ 79%] [34m[1mGenerating Python code for ROS interfaces[0m
[2.823s] [ 79%] Built target study_interface__py
[2.844s] [ 84%] [32mBuilding C object CMakeFiles/study_interface__rosidl_generator_py.dir/rosidl_generator_py/study_interface/msg/_cloud_s.c.o[0m
[2.844s] [ 84%] [32mBuilding C object CMakeFiles/study_interface__rosidl_generator_py.dir/rosidl_generator_py/study_interface/msg/_circle_s.c.o[0m
[2.958s] [ 86%] [32m[1mLinking C shared library libstudy_interface__rosidl_generator_py.so[0m
[2.995s] [ 86%] Built target study_interface__rosidl_generator_py
[3.016s] [ 93%] [32mBuilding C object CMakeFiles/study_interface_s__rosidl_typesupport_introspection_c.dir/rosidl_generator_py/study_interface/_study_interface_s.ep.rosidl_typesupport_introspection_c.c.o[0m
[3.016s] [ 93%] [32mBuilding C object CMakeFiles/study_interface_s__rosidl_typesupport_fastrtps_c.dir/rosidl_generator_py/study_interface/_study_interface_s.ep.rosidl_typesupport_fastrtps_c.c.o[0m
[3.016s] [ 93%] [32mBuilding C object CMakeFiles/study_interface_s__rosidl_typesupport_c.dir/rosidl_generator_py/study_interface/_study_interface_s.ep.rosidl_typesupport_c.c.o[0m
[3.092s] [100%] [32m[1mLinking C shared module rosidl_generator_py/study_interface/study_interface_s__rosidl_typesupport_fastrtps_c.so[0m
[3.092s] [100%] [32m[1mLinking C shared module rosidl_generator_py/study_interface/study_interface_s__rosidl_typesupport_introspection_c.so[0m
[3.092s] [100%] [32m[1mLinking C shared module rosidl_generator_py/study_interface/study_interface_s__rosidl_typesupport_c.so[0m
[3.119s] [100%] Built target study_interface_s__rosidl_typesupport_c
[3.119s] [100%] Built target study_interface_s__rosidl_typesupport_fastrtps_c
[3.119s] [100%] Built target study_interface_s__rosidl_typesupport_introspection_c
[3.129s] Invoked command in '/home/tomoni11/Documents/ROS2/study_ws/build/study_interface' returned '0': CMAKE_PREFIX_PATH=${CMAKE_PREFIX_PATH}:/opt/ros/jazzy DEBUGINFOD_URLS=https://debuginfod.ubuntu.com /usr/bin/cmake --build /home/tomoni11/Documents/ROS2/study_ws/build/study_interface -- -j24 -l24
[3.138s] Invoking command in '/home/tomoni11/Documents/ROS2/study_ws/build/study_interface': CMAKE_PREFIX_PATH=${CMAKE_PREFIX_PATH}:/opt/ros/jazzy DEBUGINFOD_URLS=https://debuginfod.ubuntu.com /usr/bin/cmake --install /home/tomoni11/Documents/ROS2/study_ws/build/study_interface
[3.146s] -- Install configuration: ""
[3.146s] -- Up-to-date: /home/tomoni11/Documents/ROS2/study_ws/install/study_interface/share/ament_index/resource_index/rosidl_interfaces/study_interface
[3.146s] -- Installing: /home/tomoni11/Documents/ROS2/study_ws/install/study_interface/share/study_interface/msg/Cloud.json
[3.146s] -- Installing: /home/tomoni11/Documents/ROS2/study_ws/install/study_interface/share/study_interface/msg/Circle.json
[3.146s] -- Up-to-date: /home/tomoni11/Documents/ROS2/study_ws/install/study_interface/include/study_interface/study_interface
[3.147s] -- Up-to-date: /home/tomoni11/Documents/ROS2/study_ws/install/study_interface/include/study_interface/study_interface/msg
[3.147s] -- Installing: /home/tomoni11/Documents/ROS2/study_ws/install/study_interface/include/study_interface/study_interface/msg/cloud.h
[3.147s] -- Up-to-date: /home/tomoni11/Documents/ROS2/study_ws/install/study_interface/include/study_interface/study_interface/msg/rosidl_generator_c__visibility_control.h
[3.147s] -- Installing: /home/tomoni11/Documents/ROS2/study_ws/install/study_interface/include/study_interface/study_interface/msg/circle.h
[3.147s] -- Up-to-date: /home/tomoni11/Documents/ROS2/study_ws/install/study_interface/include/study_interface/study_interface/msg/detail
[3.147s] -- Installing: /home/tomoni11/Documents/ROS2/study_ws/install/study_interface/include/study_interface/study_interface/msg/detail/cloud__type_support.h
[3.147s] -- Installing: /home/tomoni11/Documents/ROS2/study_ws/install/study_interface/include/study_interface/study_interface/msg/detail/circle__functions.c
[3.147s] -- Installing: /home/tomoni11/Documents/ROS2/study_ws/install/study_interface/include/study_interface/study_interface/msg/detail/cloud__functions.h
[3.147s] -- Installing: /home/tomoni11/Documents/ROS2/study_ws/install/study_interface/include/study_interface/study_interface/msg/detail/cloud__type_support.c
[3.147s] -- Installing: /home/tomoni11/Documents/ROS2/study_ws/install/study_interface/include/study_interface/study_interface/msg/detail/cloud__struct.h
[3.147s] -- Installing: /home/tomoni11/Documents/ROS2/study_ws/install/study_interface/include/study_interface/study_interface/msg/detail/cloud__functions.c
[3.147s] -- Installing: /home/tomoni11/Documents/ROS2/study_ws/install/study_interface/include/study_interface/study_interface/msg/detail/circle__functions.h
[3.147s] -- Installing: /home/tomoni11/Documents/ROS2/study_ws/install/study_interface/include/study_interface/study_interface/msg/detail/circle__type_support.c
[3.147s] -- Installing: /home/tomoni11/Documents/ROS2/study_ws/install/study_interface/include/study_interface/study_interface/msg/detail/circle__struct.h
[3.147s] -- Installing: /home/tomoni11/Documents/ROS2/study_ws/install/study_interface/include/study_interface/study_interface/msg/detail/cloud__description.c
[3.147s] -- Installing: /home/tomoni11/Documents/ROS2/study_ws/install/study_interface/include/study_interface/study_interface/msg/detail/circle__description.c
[3.147s] -- Installing: /home/tomoni11/Documents/ROS2/study_ws/install/study_interface/include/study_interface/study_interface/msg/detail/circle__type_support.h
[3.148s] -- Up-to-date: /home/tomoni11/Documents/ROS2/study_ws/install/study_interface/share/study_interface/environment/library_path.sh
[3.148s] -- Up-to-date: /home/tomoni11/Documents/ROS2/study_ws/install/study_interface/share/study_interface/environment/library_path.dsv
[3.148s] -- Installing: /home/tomoni11/Documents/ROS2/study_ws/install/study_interface/lib/libstudy_interface__rosidl_generator_c.so
[3.148s] -- Set non-toolchain portion of runtime path of "/home/tomoni11/Documents/ROS2/study_ws/install/study_interface/lib/libstudy_interface__rosidl_generator_c.so" to ""
[3.148s] -- Up-to-date: /home/tomoni11/Documents/ROS2/study_ws/install/study_interface/include/study_interface/study_interface
[3.148s] -- Up-to-date: /home/tomoni11/Documents/ROS2/study_ws/install/study_interface/include/study_interface/study_interface/msg
[3.148s] -- Up-to-date: /home/tomoni11/Documents/ROS2/study_ws/install/study_interface/include/study_interface/study_interface/msg/rosidl_typesupport_fastrtps_c__visibility_control.h
[3.148s] -- Up-to-date: /home/tomoni11/Documents/ROS2/study_ws/install/study_interface/include/study_interface/study_interface/msg/detail
[3.148s] -- Installing: /home/tomoni11/Documents/ROS2/study_ws/install/study_interface/include/study_interface/study_interface/msg/detail/cloud__rosidl_typesupport_fastrtps_c.h
[3.148s] -- Installing: /home/tomoni11/Documents/ROS2/study_ws/install/study_interface/include/study_interface/study_interface/msg/detail/circle__rosidl_typesupport_fastrtps_c.h
[3.148s] -- Installing: /home/tomoni11/Documents/ROS2/study_ws/install/study_interface/lib/libstudy_interface__rosidl_typesupport_fastrtps_c.so
[3.148s] -- Set non-toolchain portion of runtime path of "/home/tomoni11/Documents/ROS2/study_ws/install/study_interface/lib/libstudy_interface__rosidl_typesupport_fastrtps_c.so" to ""
[3.149s] -- Up-to-date: /home/tomoni11/Documents/ROS2/study_ws/install/study_interface/include/study_interface/study_interface
[3.149s] -- Up-to-date: /home/tomoni11/Documents/ROS2/study_ws/install/study_interface/include/study_interface/study_interface/msg
[3.149s] -- Installing: /home/tomoni11/Documents/ROS2/study_ws/install/study_interface/include/study_interface/study_interface/msg/cloud.hpp
[3.149s] -- Installing: /home/tomoni11/Documents/ROS2/study_ws/install/study_interface/include/study_interface/study_interface/msg/circle.hpp
[3.149s] -- Up-to-date: /home/tomoni11/Documents/ROS2/study_ws/install/study_interface/include/study_interface/study_interface/msg/detail
[3.149s] -- Installing: /home/tomoni11/Documents/ROS2/study_ws/install/study_interface/include/study_interface/study_interface/msg/detail/circle__type_support.hpp
[3.149s] -- Installing: /home/tomoni11/Documents/ROS2/study_ws/install/study_interface/include/study_interface/study_interface/msg/detail/cloud__builder.hpp
[3.149s] -- Installing: /home/tomoni11/Documents/ROS2/study_ws/install/study_interface/include/study_interface/study_interface/msg/detail/cloud__struct.hpp
[3.149s] -- Installing: /home/tomoni11/Documents/ROS2/study_ws/install/study_interface/include/study_interface/study_interface/msg/detail/circle__builder.hpp
[3.149s] -- Installing: /home/tomoni11/Documents/ROS2/study_ws/install/study_interface/include/study_interface/study_interface/msg/detail/cloud__type_support.hpp
[3.149s] -- Installing: /home/tomoni11/Documents/ROS2/study_ws/install/study_interface/include/study_interface/study_interface/msg/detail/cloud__traits.hpp
[3.149s] -- Installing: /home/tomoni11/Documents/ROS2/study_ws/install/study_interface/include/study_interface/study_interface/msg/detail/circle__traits.hpp
[3.149s] -- Installing: /home/tomoni11/Documents/ROS2/study_ws/install/study_interface/include/study_interface/study_interface/msg/detail/circle__struct.hpp
[3.149s] -- Installing: /home/tomoni11/Documents/ROS2/study_ws/install/study_interface/include/study_interface/study_interface/msg/rosidl_generator_cpp__visibility_control.hpp
[3.149s] -- Up-to-date: /home/tomoni11/Documents/ROS2/study_ws/install/study_interface/include/study_interface/study_interface
[3.149s] -- Up-to-date: /home/tomoni11/Documents/ROS2/study_ws/install/study_interface/include/study_interface/study_interface/msg
[3.149s] -- Up-to-date: /home/tomoni11/Documents/ROS2/study_ws/install/study_interface/include/study_interface/study_interface/msg/rosidl_typesupport_fastrtps_cpp__visibility_control.h
[3.150s] -- Up-to-date: /home/tomoni11/Documents/ROS2/study_ws/install/study_interface/include/study_interface/study_interface/msg/detail
[3.150s] -- Up-to-date: /home/tomoni11/Documents/ROS2/study_ws/install/study_interface/include/study_interface/study_interface/msg/detail/dds_fastrtps
[3.150s] -- Installing: /home/tomoni11/Documents/ROS2/study_ws/install/study_interface/include/study_interface/study_interface/msg/detail/circle__rosidl_typesupport_fastrtps_cpp.hpp
[3.150s] -- Installing: /home/tomoni11/Documents/ROS2/study_ws/install/study_interface/include/study_interface/study_interface/msg/detail/cloud__rosidl_typesupport_fastrtps_cpp.hpp
[3.150s] -- Installing: /home/tomoni11/Documents/ROS2/study_ws/install/study_interface/lib/libstudy_interface__rosidl_typesupport_fastrtps_cpp.so
[3.150s] -- Set non-toolchain portion of runtime path of "/home/tomoni11/Documents/ROS2/study_ws/install/study_interface/lib/libstudy_interface__rosidl_typesupport_fastrtps_cpp.so" to ""
[3.150s] -- Up-to-date: /home/tomoni11/Documents/ROS2/study_ws/install/study_interface/include/study_interface/study_interface
[3.150s] -- Up-to-date: /home/tomoni11/Documents/ROS2/study_ws/install/study_interface/include/study_interface/study_interface/msg
[3.150s] -- Up-to-date: /home/tomoni11/Documents/ROS2/study_ws/install/study_interface/include/study_interface/study_interface/msg/rosidl_typesupport_introspection_c__visibility_control.h
[3.150s] -- Up-to-date: /home/tomoni11/Documents/ROS2/study_ws/install/study_interface/include/study_interface/study_interface/msg/detail
[3.150s] -- Installing: /home/tomoni11/Documents/ROS2/study_ws/install/study_interface/include/study_interface/study_interface/msg/detail/cloud__type_support.c
[3.150s] -- Installing: /home/tomoni11/Documents/ROS2/study_ws/install/study_interface/include/study_interface/study_interface/msg/detail/cloud__rosidl_typesupport_introspection_c.h
[3.150s] -- Installing: /home/tomoni11/Documents/ROS2/study_ws/install/study_interface/include/study_interface/study_interface/msg/detail/circle__rosidl_typesupport_introspection_c.h
[3.150s] -- Installing: /home/tomoni11/Documents/ROS2/study_ws/install/study_interface/include/study_interface/study_interface/msg/detail/circle__type_support.c
[3.150s] -- Installing: /home/tomoni11/Documents/ROS2/study_ws/install/study_interface/lib/libstudy_interface__rosidl_typesupport_introspection_c.so
[3.151s] -- Set non-toolchain portion of runtime path of "/home/tomoni11/Documents/ROS2/study_ws/install/study_interface/lib/libstudy_interface__rosidl_typesupport_introspection_c.so" to ""
[3.151s] -- Installing: /home/tomoni11/Documents/ROS2/study_ws/install/study_interface/lib/libstudy_interface__rosidl_typesupport_c.so
[3.151s] -- Set non-toolchain portion of runtime path of "/home/tomoni11/Documents/ROS2/study_ws/install/study_interface/lib/libstudy_interface__rosidl_typesupport_c.so" to ""
[3.151s] -- Up-to-date: /home/tomoni11/Documents/ROS2/study_ws/install/study_interface/include/study_interface/study_interface
[3.151s] -- Up-to-date: /home/tomoni11/Documents/ROS2/study_ws/install/study_interface/include/study_interface/study_interface/msg
[3.151s] -- Up-to-date: /home/tomoni11/Documents/ROS2/study_ws/install/study_interface/include/study_interface/study_interface/msg/detail
[3.151s] -- Installing: /home/tomoni11/Documents/ROS2/study_ws/install/study_interface/include/study_interface/study_interface/msg/detail/circle__type_support.cpp
[3.151s] -- Installing: /home/tomoni11/Documents/ROS2/study_ws/install/study_interface/include/study_interface/study_interface/msg/detail/cloud__type_support.cpp
[3.151s] -- Installing: /home/tomoni11/Documents/ROS2/study_ws/install/study_interface/include/study_interface/study_interface/msg/detail/circle__rosidl_typesupport_introspection_cpp.hpp
[3.151s] -- Installing: /home/tomoni11/Documents/ROS2/study_ws/install/study_interface/include/study_interface/study_interface/msg/detail/cloud__rosidl_typesupport_introspection_cpp.hpp
[3.151s] -- Installing: /home/tomoni11/Documents/ROS2/study_ws/install/study_interface/lib/libstudy_interface__rosidl_typesupport_introspection_cpp.so
[3.151s] -- Set non-toolchain portion of runtime path of "/home/tomoni11/Documents/ROS2/study_ws/install/study_interface/lib/libstudy_interface__rosidl_typesupport_introspection_cpp.so" to ""
[3.152s] -- Installing: /home/tomoni11/Documents/ROS2/study_ws/install/study_interface/lib/libstudy_interface__rosidl_typesupport_cpp.so
[3.152s] -- Set non-toolchain portion of runtime path of "/home/tomoni11/Documents/ROS2/study_ws/install/study_interface/lib/libstudy_interface__rosidl_typesupport_cpp.so" to ""
[3.152s] -- Up-to-date: /home/tomoni11/Documents/ROS2/study_ws/install/study_interface/share/study_interface/environment/pythonpath.sh
[3.152s] -- Up-to-date: /home/tomoni11/Documents/ROS2/study_ws/install/study_interface/share/study_interface/environment/pythonpath.dsv
[3.152s] -- Up-to-date: /home/tomoni11/Documents/ROS2/study_ws/install/study_interface/lib/python3.12/site-packages/study_interface-0.0.0-py3.12.egg-info
[3.152s] -- Installing: /home/tomoni11/Documents/ROS2/study_ws/install/study_interface/lib/python3.12/site-packages/study_interface-0.0.0-py3.12.egg-info/top_level.txt
[3.152s] -- Installing: /home/tomoni11/Documents/ROS2/study_ws/install/study_interface/lib/python3.12/site-packages/study_interface-0.0.0-py3.12.egg-info/dependency_links.txt
[3.152s] -- Installing: /home/tomoni11/Documents/ROS2/study_ws/install/study_interface/lib/python3.12/site-packages/study_interface-0.0.0-py3.12.egg-info/SOURCES.txt
[3.152s] -- Installing: /home/tomoni11/Documents/ROS2/study_ws/install/study_interface/lib/python3.12/site-packages/study_interface-0.0.0-py3.12.egg-info/PKG-INFO
[3.152s] -- Up-to-date: /home/tomoni11/Documents/ROS2/study_ws/install/study_interface/lib/python3.12/site-packages/study_interface
[3.152s] -- Installing: /home/tomoni11/Documents/ROS2/study_ws/install/study_interface/lib/python3.12/site-packages/study_interface/_study_interface_s.ep.rosidl_typesupport_fastrtps_c.c
[3.152s] -- Installing: /home/tomoni11/Documents/ROS2/study_ws/install/study_interface/lib/python3.12/site-packages/study_interface/study_interface_s__rosidl_typesupport_c.so
[3.152s] -- Up-to-date: /home/tomoni11/Documents/ROS2/study_ws/install/study_interface/lib/python3.12/site-packages/study_interface/msg
[3.152s] -- Installing: /home/tomoni11/Documents/ROS2/study_ws/install/study_interface/lib/python3.12/site-packages/study_interface/msg/_cloud.py
[3.152s] -- Installing: /home/tomoni11/Documents/ROS2/study_ws/install/study_interface/lib/python3.12/site-packages/study_interface/msg/_cloud_s.c
[3.152s] -- Installing: /home/tomoni11/Documents/ROS2/study_ws/install/study_interface/lib/python3.12/site-packages/study_interface/msg/_circle.py
[3.153s] -- Installing: /home/tomoni11/Documents/ROS2/study_ws/install/study_interface/lib/python3.12/site-packages/study_interface/msg/_circle_s.c
[3.153s] -- Installing: /home/tomoni11/Documents/ROS2/study_ws/install/study_interface/lib/python3.12/site-packages/study_interface/msg/__init__.py
[3.153s] -- Installing: /home/tomoni11/Documents/ROS2/study_ws/install/study_interface/lib/python3.12/site-packages/study_interface/study_interface_s__rosidl_typesupport_introspection_c.so
[3.153s] -- Installing: /home/tomoni11/Documents/ROS2/study_ws/install/study_interface/lib/python3.12/site-packages/study_interface/__init__.py
[3.153s] -- Installing: /home/tomoni11/Documents/ROS2/study_ws/install/study_interface/lib/python3.12/site-packages/study_interface/_study_interface_s.ep.rosidl_typesupport_introspection_c.c
[3.153s] -- Installing: /home/tomoni11/Documents/ROS2/study_ws/install/study_interface/lib/python3.12/site-packages/study_interface/_study_interface_s.ep.rosidl_typesupport_c.c
[3.153s] -- Installing: /home/tomoni11/Documents/ROS2/study_ws/install/study_interface/lib/python3.12/site-packages/study_interface/study_interface_s__rosidl_typesupport_fastrtps_c.so
[3.185s] Listing '/home/tomoni11/Documents/ROS2/study_ws/install/study_interface/lib/python3.12/site-packages/study_interface'...
[3.185s] Compiling '/home/tomoni11/Documents/ROS2/study_ws/install/study_interface/lib/python3.12/site-packages/study_interface/__init__.py'...
[3.185s] Listing '/home/tomoni11/Documents/ROS2/study_ws/install/study_interface/lib/python3.12/site-packages/study_interface/msg'...
[3.185s] Compiling '/home/tomoni11/Documents/ROS2/study_ws/install/study_interface/lib/python3.12/site-packages/study_interface/msg/__init__.py'...
[3.185s] Compiling '/home/tomoni11/Documents/ROS2/study_ws/install/study_interface/lib/python3.12/site-packages/study_interface/msg/_circle.py'...
[3.186s] Compiling '/home/tomoni11/Documents/ROS2/study_ws/install/study_interface/lib/python3.12/site-packages/study_interface/msg/_cloud.py'...
[3.190s] -- Installing: /home/tomoni11/Documents/ROS2/study_ws/install/study_interface/lib/python3.12/site-packages/study_interface/study_interface_s__rosidl_typesupport_fastrtps_c.so
[3.191s] -- Set non-toolchain portion of runtime path of "/home/tomoni11/Documents/ROS2/study_ws/install/study_interface/lib/python3.12/site-packages/study_interface/study_interface_s__rosidl_typesupport_fastrtps_c.so" to ""
[3.191s] -- Installing: /home/tomoni11/Documents/ROS2/study_ws/install/study_interface/lib/python3.12/site-packages/study_interface/study_interface_s__rosidl_typesupport_introspection_c.so
[3.191s] -- Set non-toolchain portion of runtime path of "/home/tomoni11/Documents/ROS2/study_ws/install/study_interface/lib/python3.12/site-packages/study_interface/study_interface_s__rosidl_typesupport_introspection_c.so" to ""
[3.191s] -- Installing: /home/tomoni11/Documents/ROS2/study_ws/install/study_interface/lib/python3.12/site-packages/study_interface/study_interface_s__rosidl_typesupport_c.so
[3.191s] -- Set non-toolchain portion of runtime path of "/home/tomoni11/Documents/ROS2/study_ws/install/study_interface/lib/python3.12/site-packages/study_interface/study_interface_s__rosidl_typesupport_c.so" to ""
[3.191s] -- Installing: /home/tomoni11/Documents/ROS2/study_ws/install/study_interface/lib/libstudy_interface__rosidl_generator_py.so
[3.192s] -- Set non-toolchain portion of runtime path of "/home/tomoni11/Documents/ROS2/study_ws/install/study_interface/lib/libstudy_interface__rosidl_generator_py.so" to ""
[3.192s] -- Up-to-date: /home/tomoni11/Documents/ROS2/study_ws/install/study_interface/share/study_interface/msg/Cloud.idl
[3.192s] -- Installing: /home/tomoni11/Documents/ROS2/study_ws/install/study_interface/share/study_interface/msg/Circle.idl
[3.192s] -- Up-to-date: /home/tomoni11/Documents/ROS2/study_ws/install/study_interface/share/study_interface/msg/Cloud.msg
[3.192s] -- Installing: /home/tomoni11/Documents/ROS2/study_ws/install/study_interface/share/study_interface/msg/Circle.msg
[3.192s] -- Up-to-date: /home/tomoni11/Documents/ROS2/study_ws/install/study_interface/share/ament_index/resource_index/package_run_dependencies/study_interface
[3.192s] -- Up-to-date: /home/tomoni11/Documents/ROS2/study_ws/install/study_interface/share/ament_index/resource_index/parent_prefix_path/study_interface
[3.192s] -- Up-to-date: /home/tomoni11/Documents/ROS2/study_ws/install/study_interface/share/study_interface/environment/ament_prefix_path.sh
[3.192s] -- Up-to-date: /home/tomoni11/Documents/ROS2/study_ws/install/study_interface/share/study_interface/environment/ament_prefix_path.dsv
[3.192s] -- Up-to-date: /home/tomoni11/Documents/ROS2/study_ws/install/study_interface/share/study_interface/environment/path.sh
[3.192s] -- Up-to-date: /home/tomoni11/Documents/ROS2/study_ws/install/study_interface/share/study_interface/environment/path.dsv
[3.192s] -- Up-to-date: /home/tomoni11/Documents/ROS2/study_ws/install/study_interface/share/study_interface/local_setup.bash
[3.192s] -- Up-to-date: /home/tomoni11/Documents/ROS2/study_ws/install/study_interface/share/study_interface/local_setup.sh
[3.192s] -- Up-to-date: /home/tomoni11/Documents/ROS2/study_ws/install/study_interface/share/study_interface/local_setup.zsh
[3.192s] -- Up-to-date: /home/tomoni11/Documents/ROS2/study_ws/install/study_interface/share/study_interface/local_setup.dsv
[3.192s] -- Installing: /home/tomoni11/Documents/ROS2/study_ws/install/study_interface/share/study_interface/package.dsv
[3.192s] -- Up-to-date: /home/tomoni11/Documents/ROS2/study_ws/install/study_interface/share/ament_index/resource_index/packages/study_interface
[3.192s] -- Up-to-date: /home/tomoni11/Documents/ROS2/study_ws/install/study_interface/share/study_interface/cmake/export_study_interface__rosidl_generator_cExport.cmake
[3.193s] -- Up-to-date: /home/tomoni11/Documents/ROS2/study_ws/install/study_interface/share/study_interface/cmake/export_study_interface__rosidl_generator_cExport-noconfig.cmake
[3.193s] -- Up-to-date: /home/tomoni11/Documents/ROS2/study_ws/install/study_interface/share/study_interface/cmake/export_study_interface__rosidl_typesupport_fastrtps_cExport.cmake
[3.193s] -- Up-to-date: /home/tomoni11/Documents/ROS2/study_ws/install/study_interface/share/study_interface/cmake/export_study_interface__rosidl_typesupport_fastrtps_cExport-noconfig.cmake
[3.193s] -- Up-to-date: /home/tomoni11/Documents/ROS2/study_ws/install/study_interface/share/study_interface/cmake/export_study_interface__rosidl_generator_cppExport.cmake
[3.193s] -- Up-to-date: /home/tomoni11/Documents/ROS2/study_ws/install/study_interface/share/study_interface/cmake/export_study_interface__rosidl_typesupport_fastrtps_cppExport.cmake
[3.193s] -- Up-to-date: /home/tomoni11/Documents/ROS2/study_ws/install/study_interface/share/study_interface/cmake/export_study_interface__rosidl_typesupport_fastrtps_cppExport-noconfig.cmake
[3.193s] -- Up-to-date: /home/tomoni11/Documents/ROS2/study_ws/install/study_interface/share/study_interface/cmake/study_interface__rosidl_typesupport_introspection_cExport.cmake
[3.193s] -- Up-to-date: /home/tomoni11/Documents/ROS2/study_ws/install/study_interface/share/study_interface/cmake/study_interface__rosidl_typesupport_introspection_cExport-noconfig.cmake
[3.193s] -- Up-to-date: /home/tomoni11/Documents/ROS2/study_ws/install/study_interface/share/study_interface/cmake/study_interface__rosidl_typesupport_cExport.cmake
[3.193s] -- Up-to-date: /home/tomoni11/Documents/ROS2/study_ws/install/study_interface/share/study_interface/cmake/study_interface__rosidl_typesupport_cExport-noconfig.cmake
[3.193s] -- Up-to-date: /home/tomoni11/Documents/ROS2/study_ws/install/study_interface/share/study_interface/cmake/study_interface__rosidl_typesupport_introspection_cppExport.cmake
[3.193s] -- Up-to-date: /home/tomoni11/Documents/ROS2/study_ws/install/study_interface/share/study_interface/cmake/study_interface__rosidl_typesupport_introspection_cppExport-noconfig.cmake
[3.193s] -- Up-to-date: /home/tomoni11/Documents/ROS2/study_ws/install/study_interface/share/study_interface/cmake/study_interface__rosidl_typesupport_cppExport.cmake
[3.193s] -- Up-to-date: /home/tomoni11/Documents/ROS2/study_ws/install/study_interface/share/study_interface/cmake/study_interface__rosidl_typesupport_cppExport-noconfig.cmake
[3.193s] -- Up-to-date: /home/tomoni11/Documents/ROS2/study_ws/install/study_interface/share/study_interface/cmake/export_study_interface__rosidl_generator_pyExport.cmake
[3.193s] -- Up-to-date: /home/tomoni11/Documents/ROS2/study_ws/install/study_interface/share/study_interface/cmake/export_study_interface__rosidl_generator_pyExport-noconfig.cmake
[3.193s] -- Up-to-date: /home/tomoni11/Documents/ROS2/study_ws/install/study_interface/share/study_interface/cmake/rosidl_cmake-extras.cmake
[3.193s] -- Up-to-date: /home/tomoni11/Documents/ROS2/study_ws/install/study_interface/share/study_interface/cmake/ament_cmake_export_dependencies-extras.cmake
[3.193s] -- Up-to-date: /home/tomoni11/Documents/ROS2/study_ws/install/study_interface/share/study_interface/cmake/ament_cmake_export_include_directories-extras.cmake
[3.193s] -- Up-to-date: /home/tomoni11/Documents/ROS2/study_ws/install/study_interface/share/study_interface/cmake/ament_cmake_export_libraries-extras.cmake
[3.193s] -- Up-to-date: /home/tomoni11/Documents/ROS2/study_ws/install/study_interface/share/study_interface/cmake/ament_cmake_export_targets-extras.cmake
[3.193s] -- Up-to-date: /home/tomoni11/Documents/ROS2/study_ws/install/study_interface/share/study_interface/cmake/rosidl_cmake_export_typesupport_targets-extras.cmake
[3.193s] -- Up-to-date: /home/tomoni11/Documents/ROS2/study_ws/install/study_interface/share/study_interface/cmake/rosidl_cmake_export_typesupport_libraries-extras.cmake
[3.194s] -- Up-to-date: /home/tomoni11/Documents/ROS2/study_ws/install/study_interface/share/study_interface/cmake/study_interfaceConfig.cmake
[3.194s] -- Up-to-date: /home/tomoni11/Documents/ROS2/study_ws/install/study_interface/share/study_interface/cmake/study_interfaceConfig-version.cmake
[3.194s] -- Up-to-date: /home/tomoni11/Documents/ROS2/study_ws/install/study_interface/share/study_interface/package.xml
[3.195s] Invoked command in '/home/tomoni11/Documents/ROS2/study_ws/build/study_interface' returned '0': CMAKE_PREFIX_PATH=${CMAKE_PREFIX_PATH}:/opt/ros/jazzy DEBUGINFOD_URLS=https://debuginfod.ubuntu.com /usr/bin/cmake --install /home/tomoni11/Documents/ROS2/study_ws/build/study_interface
