[  2%] Built target study_interface__rosidl_generator_type_description
[  2%] Built target ament_cmake_python_copy_study_interface
[  4%] Built target study_interface__cpp
[ 22%] Built target study_interface__rosidl_generator_c
[ 77%] Built target study_interface__rosidl_typesupport_fastrtps_cpp
[ 77%] Built target study_interface__rosidl_typesupport_c
[ 77%] Built target study_interface__rosidl_typesupport_cpp
[ 77%] Built target study_interface__rosidl_typesupport_introspection_cpp
[ 77%] Built target study_interface__rosidl_typesupport_fastrtps_c
[ 77%] Built target study_interface__rosidl_typesupport_introspection_c
[ 77%] Built target study_interface
[ 79%] Built target study_interface__py
[ 86%] Built target study_interface__rosidl_generator_py
[ 90%] Built target study_interface_s__rosidl_typesupport_introspection_c
[ 95%] Built target study_interface_s__rosidl_typesupport_fastrtps_c
[100%] Built target study_interface_s__rosidl_typesupport_c
running egg_info
writing study_interface.egg-info/PKG-INFO
writing dependency_links to study_interface.egg-info/dependency_links.txt
writing top-level names to study_interface.egg-info/top_level.txt
reading manifest file 'study_interface.egg-info/SOURCES.txt'
writing manifest file 'study_interface.egg-info/SOURCES.txt'
[100%] Built target ament_cmake_python_build_study_interface_egg
-- Install configuration: ""
-- Up-to-date: /home/tomoni11/Documents/ROS2/study_ws/install/study_interface/share/ament_index/resource_index/rosidl_interfaces/study_interface
-- Up-to-date: /home/tomoni11/Documents/ROS2/study_ws/install/study_interface/share/study_interface/msg/Cloud.json
-- Up-to-date: /home/tomoni11/Documents/ROS2/study_ws/install/study_interface/share/study_interface/msg/Circle.json
-- Up-to-date: /home/tomoni11/Documents/ROS2/study_ws/install/study_interface/include/study_interface/study_interface
-- Up-to-date: /home/tomoni11/Documents/ROS2/study_ws/install/study_interface/include/study_interface/study_interface/msg
-- Up-to-date: /home/tomoni11/Documents/ROS2/study_ws/install/study_interface/include/study_interface/study_interface/msg/cloud.h
-- Up-to-date: /home/tomoni11/Documents/ROS2/study_ws/install/study_interface/include/study_interface/study_interface/msg/rosidl_generator_c__visibility_control.h
-- Up-to-date: /home/tomoni11/Documents/ROS2/study_ws/install/study_interface/include/study_interface/study_interface/msg/circle.h
-- Up-to-date: /home/tomoni11/Documents/ROS2/study_ws/install/study_interface/include/study_interface/study_interface/msg/detail
-- Up-to-date: /home/tomoni11/Documents/ROS2/study_ws/install/study_interface/include/study_interface/study_interface/msg/detail/cloud__type_support.h
-- Up-to-date: /home/tomoni11/Documents/ROS2/study_ws/install/study_interface/include/study_interface/study_interface/msg/detail/circle__functions.c
-- Up-to-date: /home/tomoni11/Documents/ROS2/study_ws/install/study_interface/include/study_interface/study_interface/msg/detail/cloud__functions.h
-- Up-to-date: /home/tomoni11/Documents/ROS2/study_ws/install/study_interface/include/study_interface/study_interface/msg/detail/cloud__type_support.c
-- Up-to-date: /home/tomoni11/Documents/ROS2/study_ws/install/study_interface/include/study_interface/study_interface/msg/detail/cloud__struct.h
-- Up-to-date: /home/tomoni11/Documents/ROS2/study_ws/install/study_interface/include/study_interface/study_interface/msg/detail/cloud__functions.c
-- Up-to-date: /home/tomoni11/Documents/ROS2/study_ws/install/study_interface/include/study_interface/study_interface/msg/detail/circle__functions.h
-- Up-to-date: /home/tomoni11/Documents/ROS2/study_ws/install/study_interface/include/study_interface/study_interface/msg/detail/circle__type_support.c
-- Up-to-date: /home/tomoni11/Documents/ROS2/study_ws/install/study_interface/include/study_interface/study_interface/msg/detail/circle__struct.h
-- Up-to-date: /home/tomoni11/Documents/ROS2/study_ws/install/study_interface/include/study_interface/study_interface/msg/detail/cloud__description.c
-- Up-to-date: /home/tomoni11/Documents/ROS2/study_ws/install/study_interface/include/study_interface/study_interface/msg/detail/circle__description.c
-- Up-to-date: /home/tomoni11/Documents/ROS2/study_ws/install/study_interface/include/study_interface/study_interface/msg/detail/circle__type_support.h
-- Up-to-date: /home/tomoni11/Documents/ROS2/study_ws/install/study_interface/share/study_interface/environment/library_path.sh
-- Up-to-date: /home/tomoni11/Documents/ROS2/study_ws/install/study_interface/share/study_interface/environment/library_path.dsv
-- Up-to-date: /home/tomoni11/Documents/ROS2/study_ws/install/study_interface/lib/libstudy_interface__rosidl_generator_c.so
-- Up-to-date: /home/tomoni11/Documents/ROS2/study_ws/install/study_interface/include/study_interface/study_interface
-- Up-to-date: /home/tomoni11/Documents/ROS2/study_ws/install/study_interface/include/study_interface/study_interface/msg
-- Up-to-date: /home/tomoni11/Documents/ROS2/study_ws/install/study_interface/include/study_interface/study_interface/msg/rosidl_typesupport_fastrtps_c__visibility_control.h
-- Up-to-date: /home/tomoni11/Documents/ROS2/study_ws/install/study_interface/include/study_interface/study_interface/msg/detail
-- Up-to-date: /home/tomoni11/Documents/ROS2/study_ws/install/study_interface/include/study_interface/study_interface/msg/detail/cloud__rosidl_typesupport_fastrtps_c.h
-- Up-to-date: /home/tomoni11/Documents/ROS2/study_ws/install/study_interface/include/study_interface/study_interface/msg/detail/circle__rosidl_typesupport_fastrtps_c.h
-- Up-to-date: /home/tomoni11/Documents/ROS2/study_ws/install/study_interface/lib/libstudy_interface__rosidl_typesupport_fastrtps_c.so
-- Up-to-date: /home/tomoni11/Documents/ROS2/study_ws/install/study_interface/include/study_interface/study_interface
-- Up-to-date: /home/tomoni11/Documents/ROS2/study_ws/install/study_interface/include/study_interface/study_interface/msg
-- Up-to-date: /home/tomoni11/Documents/ROS2/study_ws/install/study_interface/include/study_interface/study_interface/msg/cloud.hpp
-- Up-to-date: /home/tomoni11/Documents/ROS2/study_ws/install/study_interface/include/study_interface/study_interface/msg/circle.hpp
-- Up-to-date: /home/tomoni11/Documents/ROS2/study_ws/install/study_interface/include/study_interface/study_interface/msg/detail
-- Up-to-date: /home/tomoni11/Documents/ROS2/study_ws/install/study_interface/include/study_interface/study_interface/msg/detail/circle__type_support.hpp
-- Up-to-date: /home/tomoni11/Documents/ROS2/study_ws/install/study_interface/include/study_interface/study_interface/msg/detail/cloud__builder.hpp
-- Up-to-date: /home/tomoni11/Documents/ROS2/study_ws/install/study_interface/include/study_interface/study_interface/msg/detail/cloud__struct.hpp
-- Up-to-date: /home/tomoni11/Documents/ROS2/study_ws/install/study_interface/include/study_interface/study_interface/msg/detail/circle__builder.hpp
-- Up-to-date: /home/tomoni11/Documents/ROS2/study_ws/install/study_interface/include/study_interface/study_interface/msg/detail/cloud__type_support.hpp
-- Up-to-date: /home/tomoni11/Documents/ROS2/study_ws/install/study_interface/include/study_interface/study_interface/msg/detail/cloud__traits.hpp
-- Up-to-date: /home/tomoni11/Documents/ROS2/study_ws/install/study_interface/include/study_interface/study_interface/msg/detail/circle__traits.hpp
-- Up-to-date: /home/tomoni11/Documents/ROS2/study_ws/install/study_interface/include/study_interface/study_interface/msg/detail/circle__struct.hpp
-- Up-to-date: /home/tomoni11/Documents/ROS2/study_ws/install/study_interface/include/study_interface/study_interface/msg/rosidl_generator_cpp__visibility_control.hpp
-- Up-to-date: /home/tomoni11/Documents/ROS2/study_ws/install/study_interface/include/study_interface/study_interface
-- Up-to-date: /home/tomoni11/Documents/ROS2/study_ws/install/study_interface/include/study_interface/study_interface/msg
-- Up-to-date: /home/tomoni11/Documents/ROS2/study_ws/install/study_interface/include/study_interface/study_interface/msg/rosidl_typesupport_fastrtps_cpp__visibility_control.h
-- Up-to-date: /home/tomoni11/Documents/ROS2/study_ws/install/study_interface/include/study_interface/study_interface/msg/detail
-- Up-to-date: /home/tomoni11/Documents/ROS2/study_ws/install/study_interface/include/study_interface/study_interface/msg/detail/dds_fastrtps
-- Up-to-date: /home/tomoni11/Documents/ROS2/study_ws/install/study_interface/include/study_interface/study_interface/msg/detail/circle__rosidl_typesupport_fastrtps_cpp.hpp
-- Up-to-date: /home/tomoni11/Documents/ROS2/study_ws/install/study_interface/include/study_interface/study_interface/msg/detail/cloud__rosidl_typesupport_fastrtps_cpp.hpp
-- Up-to-date: /home/tomoni11/Documents/ROS2/study_ws/install/study_interface/lib/libstudy_interface__rosidl_typesupport_fastrtps_cpp.so
-- Up-to-date: /home/tomoni11/Documents/ROS2/study_ws/install/study_interface/include/study_interface/study_interface
-- Up-to-date: /home/tomoni11/Documents/ROS2/study_ws/install/study_interface/include/study_interface/study_interface/msg
-- Up-to-date: /home/tomoni11/Documents/ROS2/study_ws/install/study_interface/include/study_interface/study_interface/msg/rosidl_typesupport_introspection_c__visibility_control.h
-- Up-to-date: /home/tomoni11/Documents/ROS2/study_ws/install/study_interface/include/study_interface/study_interface/msg/detail
-- Up-to-date: /home/tomoni11/Documents/ROS2/study_ws/install/study_interface/include/study_interface/study_interface/msg/detail/cloud__type_support.c
-- Up-to-date: /home/tomoni11/Documents/ROS2/study_ws/install/study_interface/include/study_interface/study_interface/msg/detail/cloud__rosidl_typesupport_introspection_c.h
-- Up-to-date: /home/tomoni11/Documents/ROS2/study_ws/install/study_interface/include/study_interface/study_interface/msg/detail/circle__rosidl_typesupport_introspection_c.h
-- Up-to-date: /home/tomoni11/Documents/ROS2/study_ws/install/study_interface/include/study_interface/study_interface/msg/detail/circle__type_support.c
-- Up-to-date: /home/tomoni11/Documents/ROS2/study_ws/install/study_interface/lib/libstudy_interface__rosidl_typesupport_introspection_c.so
-- Up-to-date: /home/tomoni11/Documents/ROS2/study_ws/install/study_interface/lib/libstudy_interface__rosidl_typesupport_c.so
-- Up-to-date: /home/tomoni11/Documents/ROS2/study_ws/install/study_interface/include/study_interface/study_interface
-- Up-to-date: /home/tomoni11/Documents/ROS2/study_ws/install/study_interface/include/study_interface/study_interface/msg
-- Up-to-date: /home/tomoni11/Documents/ROS2/study_ws/install/study_interface/include/study_interface/study_interface/msg/detail
-- Up-to-date: /home/tomoni11/Documents/ROS2/study_ws/install/study_interface/include/study_interface/study_interface/msg/detail/circle__type_support.cpp
-- Up-to-date: /home/tomoni11/Documents/ROS2/study_ws/install/study_interface/include/study_interface/study_interface/msg/detail/cloud__type_support.cpp
-- Up-to-date: /home/tomoni11/Documents/ROS2/study_ws/install/study_interface/include/study_interface/study_interface/msg/detail/circle__rosidl_typesupport_introspection_cpp.hpp
-- Up-to-date: /home/tomoni11/Documents/ROS2/study_ws/install/study_interface/include/study_interface/study_interface/msg/detail/cloud__rosidl_typesupport_introspection_cpp.hpp
-- Up-to-date: /home/tomoni11/Documents/ROS2/study_ws/install/study_interface/lib/libstudy_interface__rosidl_typesupport_introspection_cpp.so
-- Up-to-date: /home/tomoni11/Documents/ROS2/study_ws/install/study_interface/lib/libstudy_interface__rosidl_typesupport_cpp.so
-- Up-to-date: /home/tomoni11/Documents/ROS2/study_ws/install/study_interface/share/study_interface/environment/pythonpath.sh
-- Up-to-date: /home/tomoni11/Documents/ROS2/study_ws/install/study_interface/share/study_interface/environment/pythonpath.dsv
-- Up-to-date: /home/tomoni11/Documents/ROS2/study_ws/install/study_interface/lib/python3.12/site-packages/study_interface-0.0.0-py3.12.egg-info
-- Installing: /home/tomoni11/Documents/ROS2/study_ws/install/study_interface/lib/python3.12/site-packages/study_interface-0.0.0-py3.12.egg-info/top_level.txt
-- Installing: /home/tomoni11/Documents/ROS2/study_ws/install/study_interface/lib/python3.12/site-packages/study_interface-0.0.0-py3.12.egg-info/dependency_links.txt
-- Installing: /home/tomoni11/Documents/ROS2/study_ws/install/study_interface/lib/python3.12/site-packages/study_interface-0.0.0-py3.12.egg-info/SOURCES.txt
-- Installing: /home/tomoni11/Documents/ROS2/study_ws/install/study_interface/lib/python3.12/site-packages/study_interface-0.0.0-py3.12.egg-info/PKG-INFO
-- Up-to-date: /home/tomoni11/Documents/ROS2/study_ws/install/study_interface/lib/python3.12/site-packages/study_interface
-- Up-to-date: /home/tomoni11/Documents/ROS2/study_ws/install/study_interface/lib/python3.12/site-packages/study_interface/_study_interface_s.ep.rosidl_typesupport_fastrtps_c.c
-- Up-to-date: /home/tomoni11/Documents/ROS2/study_ws/install/study_interface/lib/python3.12/site-packages/study_interface/study_interface_s__rosidl_typesupport_c.so
-- Up-to-date: /home/tomoni11/Documents/ROS2/study_ws/install/study_interface/lib/python3.12/site-packages/study_interface/msg
-- Up-to-date: /home/tomoni11/Documents/ROS2/study_ws/install/study_interface/lib/python3.12/site-packages/study_interface/msg/_cloud.py
-- Up-to-date: /home/tomoni11/Documents/ROS2/study_ws/install/study_interface/lib/python3.12/site-packages/study_interface/msg/_cloud_s.c
-- Up-to-date: /home/tomoni11/Documents/ROS2/study_ws/install/study_interface/lib/python3.12/site-packages/study_interface/msg/_circle.py
-- Up-to-date: /home/tomoni11/Documents/ROS2/study_ws/install/study_interface/lib/python3.12/site-packages/study_interface/msg/_circle_s.c
-- Up-to-date: /home/tomoni11/Documents/ROS2/study_ws/install/study_interface/lib/python3.12/site-packages/study_interface/msg/__init__.py
-- Up-to-date: /home/tomoni11/Documents/ROS2/study_ws/install/study_interface/lib/python3.12/site-packages/study_interface/study_interface_s__rosidl_typesupport_introspection_c.so
-- Up-to-date: /home/tomoni11/Documents/ROS2/study_ws/install/study_interface/lib/python3.12/site-packages/study_interface/__init__.py
-- Up-to-date: /home/tomoni11/Documents/ROS2/study_ws/install/study_interface/lib/python3.12/site-packages/study_interface/_study_interface_s.ep.rosidl_typesupport_introspection_c.c
-- Up-to-date: /home/tomoni11/Documents/ROS2/study_ws/install/study_interface/lib/python3.12/site-packages/study_interface/_study_interface_s.ep.rosidl_typesupport_c.c
-- Up-to-date: /home/tomoni11/Documents/ROS2/study_ws/install/study_interface/lib/python3.12/site-packages/study_interface/study_interface_s__rosidl_typesupport_fastrtps_c.so
Listing '/home/tomoni11/Documents/ROS2/study_ws/install/study_interface/lib/python3.12/site-packages/study_interface'...
Listing '/home/tomoni11/Documents/ROS2/study_ws/install/study_interface/lib/python3.12/site-packages/study_interface/msg'...
-- Up-to-date: /home/tomoni11/Documents/ROS2/study_ws/install/study_interface/lib/python3.12/site-packages/study_interface/study_interface_s__rosidl_typesupport_fastrtps_c.so
-- Up-to-date: /home/tomoni11/Documents/ROS2/study_ws/install/study_interface/lib/python3.12/site-packages/study_interface/study_interface_s__rosidl_typesupport_introspection_c.so
-- Up-to-date: /home/tomoni11/Documents/ROS2/study_ws/install/study_interface/lib/python3.12/site-packages/study_interface/study_interface_s__rosidl_typesupport_c.so
-- Up-to-date: /home/tomoni11/Documents/ROS2/study_ws/install/study_interface/lib/libstudy_interface__rosidl_generator_py.so
-- Up-to-date: /home/tomoni11/Documents/ROS2/study_ws/install/study_interface/share/study_interface/msg/Cloud.idl
-- Up-to-date: /home/tomoni11/Documents/ROS2/study_ws/install/study_interface/share/study_interface/msg/Circle.idl
-- Up-to-date: /home/tomoni11/Documents/ROS2/study_ws/install/study_interface/share/study_interface/msg/Cloud.msg
-- Up-to-date: /home/tomoni11/Documents/ROS2/study_ws/install/study_interface/share/study_interface/msg/Circle.msg
-- Up-to-date: /home/tomoni11/Documents/ROS2/study_ws/install/study_interface/share/ament_index/resource_index/package_run_dependencies/study_interface
-- Up-to-date: /home/tomoni11/Documents/ROS2/study_ws/install/study_interface/share/ament_index/resource_index/parent_prefix_path/study_interface
-- Up-to-date: /home/tomoni11/Documents/ROS2/study_ws/install/study_interface/share/study_interface/environment/ament_prefix_path.sh
-- Up-to-date: /home/tomoni11/Documents/ROS2/study_ws/install/study_interface/share/study_interface/environment/ament_prefix_path.dsv
-- Up-to-date: /home/tomoni11/Documents/ROS2/study_ws/install/study_interface/share/study_interface/environment/path.sh
-- Up-to-date: /home/tomoni11/Documents/ROS2/study_ws/install/study_interface/share/study_interface/environment/path.dsv
-- Up-to-date: /home/tomoni11/Documents/ROS2/study_ws/install/study_interface/share/study_interface/local_setup.bash
-- Up-to-date: /home/tomoni11/Documents/ROS2/study_ws/install/study_interface/share/study_interface/local_setup.sh
-- Up-to-date: /home/tomoni11/Documents/ROS2/study_ws/install/study_interface/share/study_interface/local_setup.zsh
-- Up-to-date: /home/tomoni11/Documents/ROS2/study_ws/install/study_interface/share/study_interface/local_setup.dsv
-- Installing: /home/tomoni11/Documents/ROS2/study_ws/install/study_interface/share/study_interface/package.dsv
-- Up-to-date: /home/tomoni11/Documents/ROS2/study_ws/install/study_interface/share/ament_index/resource_index/packages/study_interface
-- Up-to-date: /home/tomoni11/Documents/ROS2/study_ws/install/study_interface/share/study_interface/cmake/export_study_interface__rosidl_generator_cExport.cmake
-- Up-to-date: /home/tomoni11/Documents/ROS2/study_ws/install/study_interface/share/study_interface/cmake/export_study_interface__rosidl_generator_cExport-noconfig.cmake
-- Up-to-date: /home/tomoni11/Documents/ROS2/study_ws/install/study_interface/share/study_interface/cmake/export_study_interface__rosidl_typesupport_fastrtps_cExport.cmake
-- Up-to-date: /home/tomoni11/Documents/ROS2/study_ws/install/study_interface/share/study_interface/cmake/export_study_interface__rosidl_typesupport_fastrtps_cExport-noconfig.cmake
-- Up-to-date: /home/tomoni11/Documents/ROS2/study_ws/install/study_interface/share/study_interface/cmake/export_study_interface__rosidl_generator_cppExport.cmake
-- Up-to-date: /home/tomoni11/Documents/ROS2/study_ws/install/study_interface/share/study_interface/cmake/export_study_interface__rosidl_typesupport_fastrtps_cppExport.cmake
-- Up-to-date: /home/tomoni11/Documents/ROS2/study_ws/install/study_interface/share/study_interface/cmake/export_study_interface__rosidl_typesupport_fastrtps_cppExport-noconfig.cmake
-- Up-to-date: /home/tomoni11/Documents/ROS2/study_ws/install/study_interface/share/study_interface/cmake/study_interface__rosidl_typesupport_introspection_cExport.cmake
-- Up-to-date: /home/tomoni11/Documents/ROS2/study_ws/install/study_interface/share/study_interface/cmake/study_interface__rosidl_typesupport_introspection_cExport-noconfig.cmake
-- Up-to-date: /home/tomoni11/Documents/ROS2/study_ws/install/study_interface/share/study_interface/cmake/study_interface__rosidl_typesupport_cExport.cmake
-- Up-to-date: /home/tomoni11/Documents/ROS2/study_ws/install/study_interface/share/study_interface/cmake/study_interface__rosidl_typesupport_cExport-noconfig.cmake
-- Up-to-date: /home/tomoni11/Documents/ROS2/study_ws/install/study_interface/share/study_interface/cmake/study_interface__rosidl_typesupport_introspection_cppExport.cmake
-- Up-to-date: /home/tomoni11/Documents/ROS2/study_ws/install/study_interface/share/study_interface/cmake/study_interface__rosidl_typesupport_introspection_cppExport-noconfig.cmake
-- Up-to-date: /home/tomoni11/Documents/ROS2/study_ws/install/study_interface/share/study_interface/cmake/study_interface__rosidl_typesupport_cppExport.cmake
-- Up-to-date: /home/tomoni11/Documents/ROS2/study_ws/install/study_interface/share/study_interface/cmake/study_interface__rosidl_typesupport_cppExport-noconfig.cmake
-- Up-to-date: /home/tomoni11/Documents/ROS2/study_ws/install/study_interface/share/study_interface/cmake/export_study_interface__rosidl_generator_pyExport.cmake
-- Up-to-date: /home/tomoni11/Documents/ROS2/study_ws/install/study_interface/share/study_interface/cmake/export_study_interface__rosidl_generator_pyExport-noconfig.cmake
-- Up-to-date: /home/tomoni11/Documents/ROS2/study_ws/install/study_interface/share/study_interface/cmake/rosidl_cmake-extras.cmake
-- Up-to-date: /home/tomoni11/Documents/ROS2/study_ws/install/study_interface/share/study_interface/cmake/ament_cmake_export_dependencies-extras.cmake
-- Up-to-date: /home/tomoni11/Documents/ROS2/study_ws/install/study_interface/share/study_interface/cmake/ament_cmake_export_include_directories-extras.cmake
-- Up-to-date: /home/tomoni11/Documents/ROS2/study_ws/install/study_interface/share/study_interface/cmake/ament_cmake_export_libraries-extras.cmake
-- Up-to-date: /home/tomoni11/Documents/ROS2/study_ws/install/study_interface/share/study_interface/cmake/ament_cmake_export_targets-extras.cmake
-- Up-to-date: /home/tomoni11/Documents/ROS2/study_ws/install/study_interface/share/study_interface/cmake/rosidl_cmake_export_typesupport_targets-extras.cmake
-- Up-to-date: /home/tomoni11/Documents/ROS2/study_ws/install/study_interface/share/study_interface/cmake/rosidl_cmake_export_typesupport_libraries-extras.cmake
-- Up-to-date: /home/tomoni11/Documents/ROS2/study_ws/install/study_interface/share/study_interface/cmake/study_interfaceConfig.cmake
-- Up-to-date: /home/tomoni11/Documents/ROS2/study_ws/install/study_interface/share/study_interface/cmake/study_interfaceConfig-version.cmake
-- Up-to-date: /home/tomoni11/Documents/ROS2/study_ws/install/study_interface/share/study_interface/package.xml
