[ 50%] [32mBuilding CXX object CMakeFiles/circle.dir/src/circle.cpp.o[0m
[01m[K/home/tomoni11/Documents/ROS2/study_ws/src/make_cloud_pkg/src/circle.cpp:38:65:[m[K [01;31m[Kerror: [m[Kredeclaration of ‘[01m[Krclcpp::Publisher<study_interface::msg::Cloud_<std::allocator<void> > >::SharedPtr SimpleTalker::publisher_[m[K’
   38 |       rclcpp::Publisher<study_interface::msg::Cloud>::SharedPtr [01;31m[Kpublisher_[m[K;
      |                                                                 [01;31m[K^~~~~~~~~~[m[K
[01m[K/home/tomoni11/Documents/ROS2/study_ws/src/make_cloud_pkg/src/circle.cpp:37:59:[m[K [01;36m[Knote: [m[Kprevious declaration ‘[01m[Krclcpp::Publisher<std_msgs::msg::String_<std::allocator<void> > >::SharedPtr SimpleTalker::publisher_[m[K’
   37 |       rclcpp::Publisher<std_msgs::msg::String>::SharedPtr [01;36m[Kpublisher_[m[K;
      |                                                           [01;36m[K^~~~~~~~~~[m[K
[01m[K/home/tomoni11/Documents/ROS2/study_ws/src/make_cloud_pkg/src/circle.cpp:[m[K In constructor ‘[01m[KSimpleTalker::[01;32m[KSimpleTalker[m[K()[m[K’:
[01m[K/home/tomoni11/Documents/ROS2/study_ws/src/make_cloud_pkg/src/circle.cpp:19:13:[m[K [01;31m[Kerror: [m[K‘[01m[Kpublisher_1[m[K’ was not declared in this scope; did you mean ‘[01m[Kpublisher_[m[K’?
   19 |             [01;31m[Kpublisher_1[m[K = this->create_publisher<std_msgs::msg::String>("chatter", 10);
      |             [01;31m[K^~~~~~~~~~~[m[K
      |             [32m[Kpublisher_[m[K
[01m[K/home/tomoni11/Documents/ROS2/study_ws/src/make_cloud_pkg/src/circle.cpp:20:91:[m[K [01;31m[Kerror: [m[Kno match for ‘[01m[Koperator=[m[K’ (operand types are ‘[01m[Krclcpp::Publisher<std_msgs::msg::String_<std::allocator<void> > >::SharedPtr[m[K’ {aka ‘[01m[Kstd::shared_ptr<rclcpp::Publisher<std_msgs::msg::String_<std::allocator<void> > > >[m[K’} and ‘[01m[Kstd::shared_ptr<rclcpp::Publisher<study_interface::msg::Cloud_<std::allocator<void> > > >[m[K’)
   20 | isher_ = this->create_publisher<study_interface::msg::Cloud>("chatter", 10[01;31m[K)[m[K;
      |                                                                           [01;31m[K^[m[K

In file included from [01m[K/usr/include/c++/13/memory:80[m[K,
                 from [01m[K/home/tomoni11/Documents/ROS2/study_ws/src/make_cloud_pkg/src/circle.cpp:3[m[K:
[01m[K/usr/include/c++/13/bits/shared_ptr.h:418:9:[m[K [01;36m[Knote: [m[Kcandidate: ‘[01m[Ktemplate<class _Yp> std::shared_ptr<_Tp>::_Assignable<const std::shared_ptr<_Yp>&> std::shared_ptr<_Tp>::[01;32m[Koperator=[m[K(const std::shared_ptr<_Yp>&) [35m[K[with _Tp = rclcpp::Publisher<std_msgs::msg::String_<std::allocator<void> > >][m[K[m[K’
  418 |         [01;36m[Koperator[m[K=(const shared_ptr<_Yp>& __r) noexcept
      |         [01;36m[K^~~~~~~~[m[K
[01m[K/usr/include/c++/13/bits/shared_ptr.h:418:9:[m[K [01;36m[Knote: [m[K  template argument deduction/substitution failed:
/usr/include/c++/13/bits/shared_ptr.h: In substitution of ‘[01m[Ktemplate<class _Tp> template<class _Arg> using std::shared_ptr<_Tp>::_Assignable = typename std::enable_if<std::is_assignable<std::__shared_ptr<_Tp>&, _Arg>::value, std::shared_ptr<_Tp>&>::type [35m[K[with _Arg = const std::shared_ptr<rclcpp::Publisher<study_interface::msg::Cloud_<std::allocator<void> > > >&; _Tp = rclcpp::Publisher<std_msgs::msg::String_<std::allocator<void> > >][m[K[m[K’:
[01m[K/usr/include/c++/13/bits/shared_ptr.h:418:2:[m[K   required by substitution of ‘[01m[Ktemplate<class _Yp> std::shared_ptr<rclcpp::Publisher<std_msgs::msg::String_<std::allocator<void> > > >::_Assignable<const std::shared_ptr<_Tp>&> std::shared_ptr<rclcpp::Publisher<std_msgs::msg::String_<std::allocator<void> > > >::[01;32m[Koperator=[m[K(const std::shared_ptr<_Tp>&) [35m[K[with _Yp = rclcpp::Publisher<study_interface::msg::Cloud_<std::allocator<void> > >][m[K[m[K’
[01m[K/home/tomoni11/Documents/ROS2/study_ws/src/make_cloud_pkg/src/circle.cpp:20:91:[m[K   required from here
[01m[K/usr/include/c++/13/bits/shared_ptr.h:183:15:[m[K [01;31m[Kerror: [m[Kno type named ‘[01m[Ktype[m[K’ in ‘[01m[Kstruct std::enable_if<false, std::shared_ptr<rclcpp::Publisher<std_msgs::msg::String_<std::allocator<void> > > >&>[m[K’
  183 |         using [01;31m[K_Assignable[m[K = typename enable_if<
      |               [01;31m[K^~~~~~~~~~~[m[K
[01m[K/usr/include/c++/13/bits/shared_ptr.h:429:9:[m[K [01;36m[Knote: [m[Kcandidate: ‘[01m[Ktemplate<class _Yp> std::shared_ptr<_Tp>::_Assignable<std::auto_ptr<_Up> > std::shared_ptr<_Tp>::[01;32m[Koperator=[m[K(std::auto_ptr<_Up>&&) [35m[K[with _Tp = rclcpp::Publisher<std_msgs::msg::String_<std::allocator<void> > >][m[K[m[K’
  429 |         [01;36m[Koperator[m[K=(auto_ptr<_Yp>&& __r)
      |         [01;36m[K^~~~~~~~[m[K
[01m[K/usr/include/c++/13/bits/shared_ptr.h:429:9:[m[K [01;36m[Knote: [m[K  template argument deduction/substitution failed:
[01m[K/home/tomoni11/Documents/ROS2/study_ws/src/make_cloud_pkg/src/circle.cpp:20:91:[m[K [01;36m[Knote: [m[K  ‘[01m[Kstd::shared_ptr<rclcpp::Publisher<study_interface::msg::Cloud_<std::allocator<void> > > >[m[K’ is not derived from ‘[01m[Kstd::auto_ptr<_Up>[m[K’
   20 | isher_ = this->create_publisher<study_interface::msg::Cloud>("chatter", 10[01;36m[K)[m[K;
      |                                                                           [01;36m[K^[m[K

[01m[K/usr/include/c++/13/bits/shared_ptr.h:446:9:[m[K [01;36m[Knote: [m[Kcandidate: ‘[01m[Ktemplate<class _Yp> std::shared_ptr<_Tp>::_Assignable<std::shared_ptr<_Yp> > std::shared_ptr<_Tp>::[01;32m[Koperator=[m[K(std::shared_ptr<_Yp>&&) [35m[K[with _Tp = rclcpp::Publisher<std_msgs::msg::String_<std::allocator<void> > >][m[K[m[K’
  446 |         [01;36m[Koperator[m[K=(shared_ptr<_Yp>&& __r) noexcept
      |         [01;36m[K^~~~~~~~[m[K
[01m[K/usr/include/c++/13/bits/shared_ptr.h:446:9:[m[K [01;36m[Knote: [m[K  template argument deduction/substitution failed:
/usr/include/c++/13/bits/shared_ptr.h: In substitution of ‘[01m[Ktemplate<class _Tp> template<class _Arg> using std::shared_ptr<_Tp>::_Assignable = typename std::enable_if<std::is_assignable<std::__shared_ptr<_Tp>&, _Arg>::value, std::shared_ptr<_Tp>&>::type [35m[K[with _Arg = std::shared_ptr<rclcpp::Publisher<study_interface::msg::Cloud_<std::allocator<void> > > >; _Tp = rclcpp::Publisher<std_msgs::msg::String_<std::allocator<void> > >][m[K[m[K’:
[01m[K/usr/include/c++/13/bits/shared_ptr.h:446:2:[m[K   required by substitution of ‘[01m[Ktemplate<class _Yp> std::shared_ptr<rclcpp::Publisher<std_msgs::msg::String_<std::allocator<void> > > >::_Assignable<std::shared_ptr<_Tp> > std::shared_ptr<rclcpp::Publisher<std_msgs::msg::String_<std::allocator<void> > > >::[01;32m[Koperator=[m[K(std::shared_ptr<_Tp>&&) [35m[K[with _Yp = rclcpp::Publisher<study_interface::msg::Cloud_<std::allocator<void> > >][m[K[m[K’
[01m[K/home/tomoni11/Documents/ROS2/study_ws/src/make_cloud_pkg/src/circle.cpp:20:91:[m[K   required from here
[01m[K/usr/include/c++/13/bits/shared_ptr.h:183:15:[m[K [01;31m[Kerror: [m[Kno type named ‘[01m[Ktype[m[K’ in ‘[01m[Kstruct std::enable_if<false, std::shared_ptr<rclcpp::Publisher<std_msgs::msg::String_<std::allocator<void> > > >&>[m[K’
  183 |         using [01;31m[K_Assignable[m[K = typename enable_if<
      |               [01;31m[K^~~~~~~~~~~[m[K
[01m[K/usr/include/c++/13/bits/shared_ptr.h:454:9:[m[K [01;36m[Knote: [m[Kcandidate: ‘[01m[Ktemplate<class _Yp, class _Del> std::shared_ptr<_Tp>::_Assignable<std::unique_ptr<_Up, _Ep> > std::shared_ptr<_Tp>::[01;32m[Koperator=[m[K(std::unique_ptr<_Up, _Ep>&&) [35m[K[with _Del = _Yp; _Tp = rclcpp::Publisher<std_msgs::msg::String_<std::allocator<void> > >][m[K[m[K’
  454 |         [01;36m[Koperator[m[K=(unique_ptr<_Yp, _Del>&& __r)
      |         [01;36m[K^~~~~~~~[m[K
[01m[K/usr/include/c++/13/bits/shared_ptr.h:454:9:[m[K [01;36m[Knote: [m[K  template argument deduction/substitution failed:
[01m[K/home/tomoni11/Documents/ROS2/study_ws/src/make_cloud_pkg/src/circle.cpp:20:91:[m[K [01;36m[Knote: [m[K  ‘[01m[Kstd::shared_ptr<rclcpp::Publisher<study_interface::msg::Cloud_<std::allocator<void> > > >[m[K’ is not derived from ‘[01m[Kstd::unique_ptr<_Tp, _Dp>[m[K’
   20 | isher_ = this->create_publisher<study_interface::msg::Cloud>("chatter", 10[01;36m[K)[m[K;
      |                                                                           [01;36m[K^[m[K

[01m[K/usr/include/c++/13/bits/shared_ptr.h:414:19:[m[K [01;36m[Knote: [m[Kcandidate: ‘[01m[Kstd::shared_ptr<_Tp>& std::shared_ptr<_Tp>::[01;32m[Koperator=[m[K(const std::shared_ptr<_Tp>&) [35m[K[with _Tp = rclcpp::Publisher<std_msgs::msg::String_<std::allocator<void> > >][m[K[m[K’
  414 |       shared_ptr& [01;36m[Koperator[m[K=(const shared_ptr&) noexcept = default;
      |                   [01;36m[K^~~~~~~~[m[K
[01m[K/usr/include/c++/13/bits/shared_ptr.h:414:29:[m[K [01;36m[Knote: [m[K  no known conversion for argument 1 from ‘[01m[Kstd::shared_ptr<rclcpp::Publisher<study_interface::msg::Cloud_<std::allocator<void> > > >[m[K’ to ‘[01m[Kconst std::shared_ptr<rclcpp::Publisher<std_msgs::msg::String_<std::allocator<void> > > >&[m[K’
  414 |       shared_ptr& operator=([01;36m[Kconst shared_ptr&[m[K) noexcept = default;
      |                             [01;36m[K^~~~~~~~~~~~~~~~~[m[K
[01m[K/usr/include/c++/13/bits/shared_ptr.h:438:7:[m[K [01;36m[Knote: [m[Kcandidate: ‘[01m[Kstd::shared_ptr<_Tp>& std::shared_ptr<_Tp>::[01;32m[Koperator=[m[K(std::shared_ptr<_Tp>&&) [35m[K[with _Tp = rclcpp::Publisher<std_msgs::msg::String_<std::allocator<void> > >][m[K[m[K’
  438 |       [01;36m[Koperator[m[K=(shared_ptr&& __r) noexcept
      |       [01;36m[K^~~~~~~~[m[K
[01m[K/usr/include/c++/13/bits/shared_ptr.h:438:30:[m[K [01;36m[Knote: [m[K  no known conversion for argument 1 from ‘[01m[Kstd::shared_ptr<rclcpp::Publisher<study_interface::msg::Cloud_<std::allocator<void> > > >[m[K’ to ‘[01m[Kstd::shared_ptr<rclcpp::Publisher<std_msgs::msg::String_<std::allocator<void> > > >&&[m[K’
  438 |       operator=([01;36m[Kshared_ptr&& __r[m[K) noexcept
      |                 [01;36m[K~~~~~~~~~~~~~^~~[m[K
[01m[K/home/tomoni11/Documents/ROS2/study_ws/src/make_cloud_pkg/src/circle.cpp:[m[K In member function ‘[01m[Kvoid SimpleTalker::[01;32m[Ktimer_callback[m[K()[m[K’:
[01m[K/home/tomoni11/Documents/ROS2/study_ws/src/make_cloud_pkg/src/circle.cpp:31:13:[m[K [01;31m[Kerror: [m[K‘[01m[Kpublisher_1[m[K’ was not declared in this scope; did you mean ‘[01m[Kpublisher_[m[K’?
   31 |             [01;31m[Kpublisher_1[m[K->publish(msg);
      |             [01;31m[K^~~~~~~~~~~[m[K
      |             [32m[Kpublisher_[m[K
[01m[K/home/tomoni11/Documents/ROS2/study_ws/src/make_cloud_pkg/src/circle.cpp:32:35:[m[K [01;31m[Kerror: [m[K‘[01m[KCould[m[K’ is not a member of ‘[01m[Kstudy_interface::msg[m[K’
   32 |             study_interface::msg::[01;31m[KCould[m[K msg_cloud;
      |                                   [01;31m[K^~~~~[m[K
[01m[K/home/tomoni11/Documents/ROS2/study_ws/src/make_cloud_pkg/src/circle.cpp:33:13:[m[K [01;31m[Kerror: [m[K‘[01m[Kmsg_cloud[m[K’ was not declared in this scope
   33 |             [01;31m[Kmsg_cloud[m[K.a = 0.1;
      |             [01;31m[K^~~~~~~~~[m[K
gmake[2]: *** [CMakeFiles/circle.dir/build.make:76: CMakeFiles/circle.dir/src/circle.cpp.o] エラー 1
gmake[1]: *** [CMakeFiles/Makefile2:137: CMakeFiles/circle.dir/all] エラー 2
gmake: *** [Makefile:146: all] エラー 2
