[0.016s] Invoking command in '/home/tomoni11/Documents/ROS2/study_ws/build/ransac_pkg': CMAKE_PREFIX_PATH=/home/tomoni11/Documents/ROS2/study_ws/install/study_interface:/home/tomoni11/Documents/ROS2/study_ws/install/ransac_pkg:/home/tomoni11/Documents/ROS2/study_ws/install/make_cloud_pkg:/home/tomoni11/Documents/ROS2/study_ws/install/interface_pkg:/opt/ros/jazzy/opt/gz_sim_vendor:/opt/ros/jazzy/opt/gz_sensors_vendor:/opt/ros/jazzy/opt/gz_physics_vendor:/opt/ros/jazzy/opt/sdformat_vendor:/opt/ros/jazzy/opt/gz_gui_vendor:/opt/ros/jazzy/opt/gz_transport_vendor:/opt/ros/jazzy/opt/gz_rendering_vendor:/opt/ros/jazzy/opt/gz_plugin_vendor:/opt/ros/jazzy/opt/gz_fuel_tools_vendor:/opt/ros/jazzy/opt/gz_msgs_vendor:/opt/ros/jazzy/opt/gz_common_vendor:/opt/ros/jazzy/opt/gz_math_vendor:/opt/ros/jazzy/opt/gz_utils_vendor:/opt/ros/jazzy/opt/gz_tools_vendor:/opt/ros/jazzy/opt/gz_ogre_next_vendor:/opt/ros/jazzy/opt/gz_dartsim_vendor:/opt/ros/jazzy/opt/gz_cmake_vendor:/opt/ros/jazzy DEBUGINFOD_URLS=https://debuginfod.ubuntu.com /usr/bin/cmake --build /home/tomoni11/Documents/ROS2/study_ws/build/ransac_pkg -- -j24 -l24
[0.067s] [ 50%] Built target circle_drower
[0.070s] [ 75%] [32mBuilding CXX object CMakeFiles/circle.dir/src/circle_main.cpp.o[0m
[2.034s] In file included from [01m[K/home/tomoni11/Documents/ROS2/study_ws/src/ransac_pkg/src/circle_main.cpp:7[m[K:
[2.034s] [01m[K/home/tomoni11/Documents/ROS2/study_ws/src/ransac_pkg/include/ransac_pkg/circle_ransac.cpp:[m[K In member function ‘[01m[Kstd::vector<line_segment> RANSAC::[01;32m[Kline_ransac[m[K(int)[m[K’:
[2.034s] [01m[K/home/tomoni11/Documents/ROS2/study_ws/src/ransac_pkg/include/ransac_pkg/circle_ransac.cpp:112:39:[m[K [01;31m[Kerror: [m[Kno matching function for call to ‘[01m[KRANSAC::find_error(line&, const __gnu_cxx::__alloc_traits<std::allocator<double>, double>::value_type&, const __gnu_cxx::__alloc_traits<std::allocator<double>, double>::value_type&)[m[K’
[2.034s]   112 |                         if ([01;31m[Kfind_error(guess_line, _x[j], _y[j])[m[K < threshold && !inlier[j])
[2.034s]       |                             [01;31m[K~~~~~~~~~~^~~~~~~~~~~~~~~~~~~~~~~~~~[m[K
[2.034s] In file included from [01m[K/home/tomoni11/Documents/ROS2/study_ws/src/ransac_pkg/src/circle_main.cpp:6[m[K:
[2.034s] [01m[K/home/tomoni11/Documents/ROS2/study_ws/src/ransac_pkg/include/ransac_pkg/ransac.hpp:49:14:[m[K [01;36m[Knote: [m[Kcandidate: ‘[01m[Kdouble RANSAC::[01;32m[Kfind_error[m[K(circle, double, double) const[m[K’
[2.035s]    49 |       double [01;36m[Kfind_error[m[K(circle circle, double _x, double _y) const;
[2.035s]       |              [01;36m[K^~~~~~~~~~[m[K
[2.035s] [01m[K/home/tomoni11/Documents/ROS2/study_ws/src/ransac_pkg/include/ransac_pkg/ransac.hpp:49:32:[m[K [01;36m[Knote: [m[K  no known conversion for argument 1 from ‘[01m[Kline[m[K’ to ‘[01m[Kcircle[m[K’
[2.035s]    49 |       double find_error([01;36m[Kcircle circle[m[K, double _x, double _y) const;
[2.035s]       |                         [01;36m[K~~~~~~~^~~~~~[m[K
[2.035s] [01m[K/home/tomoni11/Documents/ROS2/study_ws/src/ransac_pkg/include/ransac_pkg/ransac.hpp:50:14:[m[K [01;36m[Knote: [m[Kcandidate: ‘[01m[Kdouble RANSAC::[01;32m[Kfind_error[m[K(line_segment, double, double) const[m[K’
[2.035s]    50 |       double [01;36m[Kfind_error[m[K(line_segment line_segment, double _x, double _y) const;
[2.035s]       |              [01;36m[K^~~~~~~~~~[m[K
[2.035s] [01m[K/home/tomoni11/Documents/ROS2/study_ws/src/ransac_pkg/include/ransac_pkg/ransac.hpp:50:38:[m[K [01;36m[Knote: [m[K  no known conversion for argument 1 from ‘[01m[Kline[m[K’ to ‘[01m[Kline_segment[m[K’
[2.035s]    50 |       double find_error([01;36m[Kline_segment line_segment[m[K, double _x, double _y) const;
[2.035s]       |                         [01;36m[K~~~~~~~~~~~~~^~~~~~~~~~~~[m[K
[2.035s] [01m[K/home/tomoni11/Documents/ROS2/study_ws/src/ransac_pkg/include/ransac_pkg/circle_ransac.cpp:[m[K At global scope:
[2.035s] [01m[K/home/tomoni11/Documents/ROS2/study_ws/src/ransac_pkg/include/ransac_pkg/circle_ransac.cpp:149:8:[m[K [01;31m[Kerror: [m[Kno declaration matches ‘[01m[Kdouble RANSAC::[01;32m[Kfind_error[m[K(circle&, double&, double&) const[m[K’
[2.035s]   149 | double [01;31m[KRANSAC[m[K::find_error(circle &circle, double &_x, double &_y) const
[2.035s]       |        [01;31m[K^~~~~~[m[K
[2.035s] [01m[K/home/tomoni11/Documents/ROS2/study_ws/src/ransac_pkg/include/ransac_pkg/ransac.hpp:50:14:[m[K [01;36m[Knote: [m[Kcandidates are: ‘[01m[Kdouble RANSAC::[01;32m[Kfind_error[m[K(line_segment, double, double) const[m[K’
[2.035s]    50 |       double [01;36m[Kfind_error[m[K(line_segment line_segment, double _x, double _y) const;
[2.035s]       |              [01;36m[K^~~~~~~~~~[m[K
[2.035s] [01m[K/home/tomoni11/Documents/ROS2/study_ws/src/ransac_pkg/include/ransac_pkg/ransac.hpp:49:14:[m[K [01;36m[Knote: [m[K                ‘[01m[Kdouble RANSAC::[01;32m[Kfind_error[m[K(circle, double, double) const[m[K’
[2.035s]    49 |       double [01;36m[Kfind_error[m[K(circle circle, double _x, double _y) const;
[2.035s]       |              [01;36m[K^~~~~~~~~~[m[K
[2.035s] [01m[K/home/tomoni11/Documents/ROS2/study_ws/src/ransac_pkg/include/ransac_pkg/ransac.hpp:38:7:[m[K [01;36m[Knote: [m[K‘[01m[Kclass RANSAC[m[K’ defined here
[2.035s]    38 | class [01;36m[KRANSAC[m[K
[2.036s]       |       [01;36m[K^~~~~~[m[K
[2.036s] [01m[K/home/tomoni11/Documents/ROS2/study_ws/src/ransac_pkg/include/ransac_pkg/circle_ransac.cpp:154:8:[m[K [01;31m[Kerror: [m[Kno declaration matches ‘[01m[Kdouble RANSAC::[01;32m[Kfind_error[m[K(line&, double&, double&) const[m[K’
[2.036s]   154 | double [01;31m[KRANSAC[m[K::find_error(line &line, double &_x, double &_y) const
[2.036s]       |        [01;31m[K^~~~~~[m[K
[2.036s] [01m[K/home/tomoni11/Documents/ROS2/study_ws/src/ransac_pkg/include/ransac_pkg/ransac.hpp:50:14:[m[K [01;36m[Knote: [m[Kcandidates are: ‘[01m[Kdouble RANSAC::[01;32m[Kfind_error[m[K(line_segment, double, double) const[m[K’
[2.036s]    50 |       double [01;36m[Kfind_error[m[K(line_segment line_segment, double _x, double _y) const;
[2.036s]       |              [01;36m[K^~~~~~~~~~[m[K
[2.036s] [01m[K/home/tomoni11/Documents/ROS2/study_ws/src/ransac_pkg/include/ransac_pkg/ransac.hpp:49:14:[m[K [01;36m[Knote: [m[K                ‘[01m[Kdouble RANSAC::[01;32m[Kfind_error[m[K(circle, double, double) const[m[K’
[2.036s]    49 |       double [01;36m[Kfind_error[m[K(circle circle, double _x, double _y) const;
[2.036s]       |              [01;36m[K^~~~~~~~~~[m[K
[2.036s] [01m[K/home/tomoni11/Documents/ROS2/study_ws/src/ransac_pkg/include/ransac_pkg/ransac.hpp:38:7:[m[K [01;36m[Knote: [m[K‘[01m[Kclass RANSAC[m[K’ defined here
[2.036s]    38 | class [01;36m[KRANSAC[m[K
[2.036s]       |       [01;36m[K^~~~~~[m[K
[2.036s] [01m[K/home/tomoni11/Documents/ROS2/study_ws/src/ransac_pkg/include/ransac_pkg/circle_ransac.cpp:178:8:[m[K [01;31m[Kerror: [m[Kno declaration matches ‘[01m[Kdouble RANSAC::[01;32m[Kget_theta[m[K(double, double, double)[m[K’
[2.036s]   178 | double [01;31m[KRANSAC[m[K::get_theta(double a, double b, double c)
[2.036s]       |        [01;31m[K^~~~~~[m[K
[2.036s] [01m[K/home/tomoni11/Documents/ROS2/study_ws/src/ransac_pkg/include/ransac_pkg/ransac.hpp:58:14:[m[K [01;36m[Knote: [m[Kcandidate is: ‘[01m[Kdouble RANSAC::[01;32m[Kget_theta[m[K(double, double, double) const[m[K’
[2.036s]    58 |       double [01;36m[Kget_theta[m[K(double a, double b, double c) const;
[2.036s]       |              [01;36m[K^~~~~~~~~[m[K
[2.036s] [01m[K/home/tomoni11/Documents/ROS2/study_ws/src/ransac_pkg/include/ransac_pkg/ransac.hpp:38:7:[m[K [01;36m[Knote: [m[K‘[01m[Kclass RANSAC[m[K’ defined here
[2.036s]    38 | class [01;36m[KRANSAC[m[K
[2.036s]       |       [01;36m[K^~~~~~[m[K
[2.036s] [01m[K/home/tomoni11/Documents/ROS2/study_ws/src/ransac_pkg/include/ransac_pkg/circle_ransac.cpp:204:8:[m[K [01;31m[Kerror: [m[Kno declaration matches ‘[01m[Kdouble RANSAC::[01;32m[Kget_distance_line[m[K(double, double, double, double)[m[K’
[2.036s]   204 | double [01;31m[KRANSAC[m[K::get_distance_line(double x1, double y1, double x2, double y2)
[2.036s]       |        [01;31m[K^~~~~~[m[K
[2.036s] [01m[K/home/tomoni11/Documents/ROS2/study_ws/src/ransac_pkg/include/ransac_pkg/ransac.hpp:59:14:[m[K [01;36m[Knote: [m[Kcandidate is: ‘[01m[Kdouble RANSAC::[01;32m[Kget_distance_line[m[K(double, double, double, double) const[m[K’
[2.036s]    59 |       double [01;36m[Kget_distance_line[m[K(double x1, double y1, double x2, double y2) const;
[2.036s]       |              [01;36m[K^~~~~~~~~~~~~~~~~[m[K
[2.036s] [01m[K/home/tomoni11/Documents/ROS2/study_ws/src/ransac_pkg/include/ransac_pkg/ransac.hpp:38:7:[m[K [01;36m[Knote: [m[K‘[01m[Kclass RANSAC[m[K’ defined here
[2.037s]    38 | class [01;36m[KRANSAC[m[K
[2.037s]       |       [01;36m[K^~~~~~[m[K
[4.122s] gmake[2]: *** [CMakeFiles/circle.dir/build.make:76: CMakeFiles/circle.dir/src/circle_main.cpp.o] エラー 1
[4.122s] gmake[1]: *** [CMakeFiles/Makefile2:139: CMakeFiles/circle.dir/all] エラー 2
[4.122s] gmake: *** [Makefile:146: all] エラー 2
[4.124s] Invoked command in '/home/tomoni11/Documents/ROS2/study_ws/build/ransac_pkg' returned '2': CMAKE_PREFIX_PATH=/home/tomoni11/Documents/ROS2/study_ws/install/study_interface:/home/tomoni11/Documents/ROS2/study_ws/install/ransac_pkg:/home/tomoni11/Documents/ROS2/study_ws/install/make_cloud_pkg:/home/tomoni11/Documents/ROS2/study_ws/install/interface_pkg:/opt/ros/jazzy/opt/gz_sim_vendor:/opt/ros/jazzy/opt/gz_sensors_vendor:/opt/ros/jazzy/opt/gz_physics_vendor:/opt/ros/jazzy/opt/sdformat_vendor:/opt/ros/jazzy/opt/gz_gui_vendor:/opt/ros/jazzy/opt/gz_transport_vendor:/opt/ros/jazzy/opt/gz_rendering_vendor:/opt/ros/jazzy/opt/gz_plugin_vendor:/opt/ros/jazzy/opt/gz_fuel_tools_vendor:/opt/ros/jazzy/opt/gz_msgs_vendor:/opt/ros/jazzy/opt/gz_common_vendor:/opt/ros/jazzy/opt/gz_math_vendor:/opt/ros/jazzy/opt/gz_utils_vendor:/opt/ros/jazzy/opt/gz_tools_vendor:/opt/ros/jazzy/opt/gz_ogre_next_vendor:/opt/ros/jazzy/opt/gz_dartsim_vendor:/opt/ros/jazzy/opt/gz_cmake_vendor:/opt/ros/jazzy DEBUGINFOD_URLS=https://debuginfod.ubuntu.com /usr/bin/cmake --build /home/tomoni11/Documents/ROS2/study_ws/build/ransac_pkg -- -j24 -l24
