[0.009s] Invoking command in '/home/tomoni11/Documents/ROS2/asobi_ws/build/interface_pkg': CMAKE_PREFIX_PATH=${CMAKE_PREFIX_PATH}:/opt/ros/jazzy DEBUGINFOD_URLS=https://debuginfod.ubuntu.com /usr/bin/cmake /home/tomoni11/Documents/ROS2/asobi_ws/src/interface_pkg -DCMAKE_INSTALL_PREFIX=/home/tomoni11/Documents/ROS2/asobi_ws/install/interface_pkg
[0.056s] -- The C compiler identification is GNU 13.3.0
[0.103s] -- The CXX compiler identification is GNU 13.3.0
[0.117s] -- Detecting C compiler ABI info
[0.191s] -- Detecting C compiler ABI info - done
[0.197s] -- Check for working C compiler: /usr/bin/cc - skipped
[0.197s] -- Detecting C compile features
[0.198s] -- Detecting C compile features - done
[0.205s] -- Detecting CXX compiler ABI info
[0.285s] -- Detecting CXX compiler ABI info - done
[0.293s] -- Check for working CXX compiler: /usr/bin/c++ - skipped
[0.293s] -- Detecting CXX compile features
[0.293s] -- Detecting CXX compile features - done
[0.296s] -- Found ament_cmake: 2.5.3 (/opt/ros/jazzy/share/ament_cmake/cmake)
[0.420s] -- Found Python3: /usr/bin/python3 (found version "3.12.3") found components: Interpreter 
[0.508s] -- Found ament_lint_auto: 0.17.1 (/opt/ros/jazzy/share/ament_lint_auto/cmake)
[0.595s] -- Added test 'lint_cmake' to check CMake code style
[0.596s] -- Added test 'xmllint' to check XML markup files
[0.597s] -- Configuring done (0.6s)
[0.599s] -- Generating done (0.0s)
[0.601s] -- Build files have been written to: /home/tomoni11/Documents/ROS2/asobi_ws/build/interface_pkg
[0.608s] Invoked command in '/home/tomoni11/Documents/ROS2/asobi_ws/build/interface_pkg' returned '0': CMAKE_PREFIX_PATH=${CMAKE_PREFIX_PATH}:/opt/ros/jazzy DEBUGINFOD_URLS=https://debuginfod.ubuntu.com /usr/bin/cmake /home/tomoni11/Documents/ROS2/asobi_ws/src/interface_pkg -DCMAKE_INSTALL_PREFIX=/home/tomoni11/Documents/ROS2/asobi_ws/install/interface_pkg
[0.609s] Invoking command in '/home/tomoni11/Documents/ROS2/asobi_ws/build/interface_pkg': CMAKE_PREFIX_PATH=${CMAKE_PREFIX_PATH}:/opt/ros/jazzy DEBUGINFOD_URLS=https://debuginfod.ubuntu.com /usr/bin/cmake --build /home/tomoni11/Documents/ROS2/asobi_ws/build/interface_pkg -- -j24 -l24
[0.645s] Invoked command in '/home/tomoni11/Documents/ROS2/asobi_ws/build/interface_pkg' returned '0': CMAKE_PREFIX_PATH=${CMAKE_PREFIX_PATH}:/opt/ros/jazzy DEBUGINFOD_URLS=https://debuginfod.ubuntu.com /usr/bin/cmake --build /home/tomoni11/Documents/ROS2/asobi_ws/build/interface_pkg -- -j24 -l24
[0.654s] Invoking command in '/home/tomoni11/Documents/ROS2/asobi_ws/build/interface_pkg': CMAKE_PREFIX_PATH=${CMAKE_PREFIX_PATH}:/opt/ros/jazzy DEBUGINFOD_URLS=https://debuginfod.ubuntu.com /usr/bin/cmake --install /home/tomoni11/Documents/ROS2/asobi_ws/build/interface_pkg
[0.661s] -- Install configuration: ""
[0.662s] -- Installing: /home/tomoni11/Documents/ROS2/asobi_ws/install/interface_pkg/share/ament_index/resource_index/package_run_dependencies/interface_pkg
[0.662s] -- Installing: /home/tomoni11/Documents/ROS2/asobi_ws/install/interface_pkg/share/ament_index/resource_index/parent_prefix_path/interface_pkg
[0.662s] -- Installing: /home/tomoni11/Documents/ROS2/asobi_ws/install/interface_pkg/share/interface_pkg/environment/ament_prefix_path.sh
[0.662s] -- Installing: /home/tomoni11/Documents/ROS2/asobi_ws/install/interface_pkg/share/interface_pkg/environment/ament_prefix_path.dsv
[0.662s] -- Installing: /home/tomoni11/Documents/ROS2/asobi_ws/install/interface_pkg/share/interface_pkg/environment/path.sh
[0.662s] -- Installing: /home/tomoni11/Documents/ROS2/asobi_ws/install/interface_pkg/share/interface_pkg/environment/path.dsv
[0.662s] -- Installing: /home/tomoni11/Documents/ROS2/asobi_ws/install/interface_pkg/share/interface_pkg/local_setup.bash
[0.662s] -- Installing: /home/tomoni11/Documents/ROS2/asobi_ws/install/interface_pkg/share/interface_pkg/local_setup.sh
[0.662s] -- Installing: /home/tomoni11/Documents/ROS2/asobi_ws/install/interface_pkg/share/interface_pkg/local_setup.zsh
[0.663s] -- Installing: /home/tomoni11/Documents/ROS2/asobi_ws/install/interface_pkg/share/interface_pkg/local_setup.dsv
[0.663s] -- Installing: /home/tomoni11/Documents/ROS2/asobi_ws/install/interface_pkg/share/interface_pkg/package.dsv
[0.663s] -- Installing: /home/tomoni11/Documents/ROS2/asobi_ws/install/interface_pkg/share/ament_index/resource_index/packages/interface_pkg
[0.663s] -- Installing: /home/tomoni11/Documents/ROS2/asobi_ws/install/interface_pkg/share/interface_pkg/cmake/interface_pkgConfig.cmake
[0.663s] -- Installing: /home/tomoni11/Documents/ROS2/asobi_ws/install/interface_pkg/share/interface_pkg/cmake/interface_pkgConfig-version.cmake
[0.663s] -- Installing: /home/tomoni11/Documents/ROS2/asobi_ws/install/interface_pkg/share/interface_pkg/package.xml
[0.664s] Invoked command in '/home/tomoni11/Documents/ROS2/asobi_ws/build/interface_pkg' returned '0': CMAKE_PREFIX_PATH=${CMAKE_PREFIX_PATH}:/opt/ros/jazzy DEBUGINFOD_URLS=https://debuginfod.ubuntu.com /usr/bin/cmake --install /home/tomoni11/Documents/ROS2/asobi_ws/build/interface_pkg
