[0.098s] DEBUG:colcon:Command line arguments: ['/usr/bin/colcon', 'build', '--packages-select', 'simple_ransac_pkg']
[0.098s] DEBUG:colcon:Parsed command line arguments: Namespace(log_base=None, log_level=None, verb_name='build', build_base='build', install_base='install', merge_install=False, symlink_install=False, test_result_base=None, continue_on_error=False, executor='parallel', parallel_workers=24, event_handlers=None, ignore_user_meta=False, metas=['./colcon.meta'], base_paths=['.'], packages_ignore=None, packages_ignore_regex=None, paths=None, packages_up_to=None, packages_up_to_regex=None, packages_above=None, packages_above_and_dependencies=None, packages_above_depth=None, packages_select_by_dep=None, packages_skip_by_dep=None, packages_skip_up_to=None, packages_select_build_failed=False, packages_skip_build_finished=False, packages_select_test_failures=False, packages_skip_test_passed=False, packages_select=['simple_ransac_pkg'], packages_skip=None, packages_select_regex=None, packages_skip_regex=None, packages_start=None, packages_end=None, allow_overriding=[], cmake_args=None, cmake_target=None, cmake_target_skip_unavailable=False, cmake_clean_cache=False, cmake_clean_first=False, cmake_force_configure=False, ament_cmake_args=None, catkin_cmake_args=None, catkin_skip_building_tests=False, mixin_files=None, mixin=None, verb_parser=<colcon_mixin.mixin.mixin_argument.MixinArgumentDecorator object at 0x7bb98b90f7a0>, verb_extension=<colcon_core.verb.build.BuildVerb object at 0x7bb98b90f410>, main=<bound method BuildVerb.main of <colcon_core.verb.build.BuildVerb object at 0x7bb98b90f410>>, mixin_verb=('build',))
[0.137s] Level 1:colcon.colcon_core.package_discovery:discover_packages(colcon_meta) check parameters
[0.137s] Level 1:colcon.colcon_core.package_discovery:discover_packages(recursive) check parameters
[0.137s] Level 1:colcon.colcon_core.package_discovery:discover_packages(ignore) check parameters
[0.137s] Level 1:colcon.colcon_core.package_discovery:discover_packages(path) check parameters
[0.137s] Level 1:colcon.colcon_core.package_discovery:discover_packages(colcon_meta) discover
[0.137s] Level 1:colcon.colcon_core.package_discovery:discover_packages(recursive) discover
[0.137s] INFO:colcon.colcon_core.package_discovery:Crawling recursively for packages in '/home/tomoni11/Documents/ROS2/asobi_ws'
[0.137s] Level 1:colcon.colcon_core.package_identification:_identify(.) by extensions ['ignore', 'ignore_ament_install']
[0.137s] Level 1:colcon.colcon_core.package_identification:_identify(.) by extension 'ignore'
[0.138s] Level 1:colcon.colcon_core.package_identification:_identify(.) by extension 'ignore_ament_install'
[0.138s] Level 1:colcon.colcon_core.package_identification:_identify(.) by extensions ['colcon_pkg']
[0.138s] Level 1:colcon.colcon_core.package_identification:_identify(.) by extension 'colcon_pkg'
[0.138s] Level 1:colcon.colcon_core.package_identification:_identify(.) by extensions ['colcon_meta']
[0.138s] Level 1:colcon.colcon_core.package_identification:_identify(.) by extension 'colcon_meta'
[0.138s] Level 1:colcon.colcon_core.package_identification:_identify(.) by extensions ['ros']
[0.138s] Level 1:colcon.colcon_core.package_identification:_identify(.) by extension 'ros'
[0.165s] Level 1:colcon.colcon_core.package_identification:_identify(.) by extensions ['cmake', 'python']
[0.165s] Level 1:colcon.colcon_core.package_identification:_identify(.) by extension 'cmake'
[0.165s] Level 1:colcon.colcon_core.package_identification:_identify(.) by extension 'python'
[0.165s] Level 1:colcon.colcon_core.package_identification:_identify(.) by extensions ['python_setup_py']
[0.165s] Level 1:colcon.colcon_core.package_identification:_identify(.) by extension 'python_setup_py'
[0.165s] Level 1:colcon.colcon_core.package_identification:_identify(build) by extensions ['ignore', 'ignore_ament_install']
[0.165s] Level 1:colcon.colcon_core.package_identification:_identify(build) by extension 'ignore'
[0.165s] Level 1:colcon.colcon_core.package_identification:_identify(build) ignored
[0.165s] Level 1:colcon.colcon_core.package_identification:_identify(install) by extensions ['ignore', 'ignore_ament_install']
[0.165s] Level 1:colcon.colcon_core.package_identification:_identify(install) by extension 'ignore'
[0.165s] Level 1:colcon.colcon_core.package_identification:_identify(install) ignored
[0.165s] Level 1:colcon.colcon_core.package_identification:_identify(log) by extensions ['ignore', 'ignore_ament_install']
[0.165s] Level 1:colcon.colcon_core.package_identification:_identify(log) by extension 'ignore'
[0.166s] Level 1:colcon.colcon_core.package_identification:_identify(log) ignored
[0.166s] Level 1:colcon.colcon_core.package_identification:_identify(src) by extensions ['ignore', 'ignore_ament_install']
[0.166s] Level 1:colcon.colcon_core.package_identification:_identify(src) by extension 'ignore'
[0.166s] Level 1:colcon.colcon_core.package_identification:_identify(src) by extension 'ignore_ament_install'
[0.166s] Level 1:colcon.colcon_core.package_identification:_identify(src) by extensions ['colcon_pkg']
[0.166s] Level 1:colcon.colcon_core.package_identification:_identify(src) by extension 'colcon_pkg'
[0.166s] Level 1:colcon.colcon_core.package_identification:_identify(src) by extensions ['colcon_meta']
[0.166s] Level 1:colcon.colcon_core.package_identification:_identify(src) by extension 'colcon_meta'
[0.166s] Level 1:colcon.colcon_core.package_identification:_identify(src) by extensions ['ros']
[0.166s] Level 1:colcon.colcon_core.package_identification:_identify(src) by extension 'ros'
[0.166s] Level 1:colcon.colcon_core.package_identification:_identify(src) by extensions ['cmake', 'python']
[0.166s] Level 1:colcon.colcon_core.package_identification:_identify(src) by extension 'cmake'
[0.166s] Level 1:colcon.colcon_core.package_identification:_identify(src) by extension 'python'
[0.166s] Level 1:colcon.colcon_core.package_identification:_identify(src) by extensions ['python_setup_py']
[0.166s] Level 1:colcon.colcon_core.package_identification:_identify(src) by extension 'python_setup_py'
[0.166s] Level 1:colcon.colcon_core.package_identification:_identify(src/interface_pkg) by extensions ['ignore', 'ignore_ament_install']
[0.166s] Level 1:colcon.colcon_core.package_identification:_identify(src/interface_pkg) by extension 'ignore'
[0.166s] Level 1:colcon.colcon_core.package_identification:_identify(src/interface_pkg) by extension 'ignore_ament_install'
[0.166s] Level 1:colcon.colcon_core.package_identification:_identify(src/interface_pkg) by extensions ['colcon_pkg']
[0.166s] Level 1:colcon.colcon_core.package_identification:_identify(src/interface_pkg) by extension 'colcon_pkg'
[0.166s] Level 1:colcon.colcon_core.package_identification:_identify(src/interface_pkg) by extensions ['colcon_meta']
[0.166s] Level 1:colcon.colcon_core.package_identification:_identify(src/interface_pkg) by extension 'colcon_meta'
[0.166s] Level 1:colcon.colcon_core.package_identification:_identify(src/interface_pkg) by extensions ['ros']
[0.166s] Level 1:colcon.colcon_core.package_identification:_identify(src/interface_pkg) by extension 'ros'
[0.169s] DEBUG:colcon.colcon_core.package_identification:Package 'src/interface_pkg' with type 'ros.ament_cmake' and name 'interface_pkg'
[0.169s] Level 1:colcon.colcon_core.package_identification:_identify(src/lider_to_fp) by extensions ['ignore', 'ignore_ament_install']
[0.169s] Level 1:colcon.colcon_core.package_identification:_identify(src/lider_to_fp) by extension 'ignore'
[0.169s] Level 1:colcon.colcon_core.package_identification:_identify(src/lider_to_fp) by extension 'ignore_ament_install'
[0.169s] Level 1:colcon.colcon_core.package_identification:_identify(src/lider_to_fp) by extensions ['colcon_pkg']
[0.169s] Level 1:colcon.colcon_core.package_identification:_identify(src/lider_to_fp) by extension 'colcon_pkg'
[0.169s] Level 1:colcon.colcon_core.package_identification:_identify(src/lider_to_fp) by extensions ['colcon_meta']
[0.169s] Level 1:colcon.colcon_core.package_identification:_identify(src/lider_to_fp) by extension 'colcon_meta'
[0.169s] Level 1:colcon.colcon_core.package_identification:_identify(src/lider_to_fp) by extensions ['ros']
[0.169s] Level 1:colcon.colcon_core.package_identification:_identify(src/lider_to_fp) by extension 'ros'
[0.170s] DEBUG:colcon.colcon_core.package_identification:Package 'src/lider_to_fp' with type 'ros.ament_cmake' and name 'lider_to_fp'
[0.171s] Level 1:colcon.colcon_core.package_identification:_identify(src/simple_ransac_pkg) by extensions ['ignore', 'ignore_ament_install']
[0.171s] Level 1:colcon.colcon_core.package_identification:_identify(src/simple_ransac_pkg) by extension 'ignore'
[0.171s] Level 1:colcon.colcon_core.package_identification:_identify(src/simple_ransac_pkg) by extension 'ignore_ament_install'
[0.171s] Level 1:colcon.colcon_core.package_identification:_identify(src/simple_ransac_pkg) by extensions ['colcon_pkg']
[0.171s] Level 1:colcon.colcon_core.package_identification:_identify(src/simple_ransac_pkg) by extension 'colcon_pkg'
[0.171s] Level 1:colcon.colcon_core.package_identification:_identify(src/simple_ransac_pkg) by extensions ['colcon_meta']
[0.171s] Level 1:colcon.colcon_core.package_identification:_identify(src/simple_ransac_pkg) by extension 'colcon_meta'
[0.171s] Level 1:colcon.colcon_core.package_identification:_identify(src/simple_ransac_pkg) by extensions ['ros']
[0.171s] Level 1:colcon.colcon_core.package_identification:_identify(src/simple_ransac_pkg) by extension 'ros'
[0.172s] DEBUG:colcon.colcon_core.package_identification:Package 'src/simple_ransac_pkg' with type 'ros.ament_cmake' and name 'simple_ransac_pkg'
[0.172s] Level 1:colcon.colcon_core.package_discovery:discover_packages(recursive) using defaults
[0.172s] Level 1:colcon.colcon_core.package_discovery:discover_packages(ignore) discover
[0.172s] Level 1:colcon.colcon_core.package_discovery:discover_packages(ignore) using defaults
[0.172s] Level 1:colcon.colcon_core.package_discovery:discover_packages(path) discover
[0.172s] Level 1:colcon.colcon_core.package_discovery:discover_packages(path) using defaults
[0.191s] INFO:colcon.colcon_core.package_selection:Skipping not selected package 'interface_pkg' in 'src/interface_pkg'
[0.192s] INFO:colcon.colcon_core.package_selection:Skipping not selected package 'lider_to_fp' in 'src/lider_to_fp'
[0.192s] Level 1:colcon.colcon_core.package_discovery:discover_packages(prefix_path) check parameters
[0.192s] Level 1:colcon.colcon_core.package_discovery:discover_packages(prefix_path) discover
[0.195s] DEBUG:colcon.colcon_installed_package_information.package_discovery:Found 319 installed packages in /opt/ros/jazzy
[0.197s] Level 1:colcon.colcon_core.package_discovery:discover_packages(prefix_path) using defaults
[0.238s] Level 5:colcon.colcon_core.verb:set package 'simple_ransac_pkg' build argument 'cmake_args' from command line to 'None'
[0.239s] Level 5:colcon.colcon_core.verb:set package 'simple_ransac_pkg' build argument 'cmake_target' from command line to 'None'
[0.239s] Level 5:colcon.colcon_core.verb:set package 'simple_ransac_pkg' build argument 'cmake_target_skip_unavailable' from command line to 'False'
[0.239s] Level 5:colcon.colcon_core.verb:set package 'simple_ransac_pkg' build argument 'cmake_clean_cache' from command line to 'False'
[0.239s] Level 5:colcon.colcon_core.verb:set package 'simple_ransac_pkg' build argument 'cmake_clean_first' from command line to 'False'
[0.239s] Level 5:colcon.colcon_core.verb:set package 'simple_ransac_pkg' build argument 'cmake_force_configure' from command line to 'False'
[0.239s] Level 5:colcon.colcon_core.verb:set package 'simple_ransac_pkg' build argument 'ament_cmake_args' from command line to 'None'
[0.239s] Level 5:colcon.colcon_core.verb:set package 'simple_ransac_pkg' build argument 'catkin_cmake_args' from command line to 'None'
[0.239s] Level 5:colcon.colcon_core.verb:set package 'simple_ransac_pkg' build argument 'catkin_skip_building_tests' from command line to 'False'
[0.239s] DEBUG:colcon.colcon_core.verb:Building package 'simple_ransac_pkg' with the following arguments: {'ament_cmake_args': None, 'build_base': '/home/tomoni11/Documents/ROS2/asobi_ws/build/simple_ransac_pkg', 'catkin_cmake_args': None, 'catkin_skip_building_tests': False, 'cmake_args': None, 'cmake_clean_cache': False, 'cmake_clean_first': False, 'cmake_force_configure': False, 'cmake_target': None, 'cmake_target_skip_unavailable': False, 'install_base': '/home/tomoni11/Documents/ROS2/asobi_ws/install/simple_ransac_pkg', 'merge_install': False, 'path': '/home/tomoni11/Documents/ROS2/asobi_ws/src/simple_ransac_pkg', 'symlink_install': False, 'test_result_base': None}
[0.239s] INFO:colcon.colcon_core.executor:Executing jobs using 'parallel' executor
[0.240s] DEBUG:colcon.colcon_parallel_executor.executor.parallel:run_until_complete
[0.240s] INFO:colcon.colcon_ros.task.ament_cmake.build:Building ROS package in '/home/tomoni11/Documents/ROS2/asobi_ws/src/simple_ransac_pkg' with build type 'ament_cmake'
[0.240s] INFO:colcon.colcon_cmake.task.cmake.build:Building CMake package in '/home/tomoni11/Documents/ROS2/asobi_ws/src/simple_ransac_pkg'
[0.242s] INFO:colcon.colcon_core.plugin_system:Skipping extension 'colcon_core.shell.bat': Not used on non-Windows systems
[0.242s] INFO:colcon.colcon_core.shell:Skip shell extension 'powershell' for command environment: Not usable outside of PowerShell
[0.242s] DEBUG:colcon.colcon_core.shell:Skip shell extension 'dsv' for command environment
[0.253s] DEBUG:colcon.colcon_core.event_handler.log_command:Invoking command in '/home/tomoni11/Documents/ROS2/asobi_ws/build/simple_ransac_pkg': AMENT_PREFIX_PATH=/home/tomoni11/Documents/ROS2/asobi_ws/install/interface_pkg:${AMENT_PREFIX_PATH} CMAKE_PREFIX_PATH=/home/tomoni11/Documents/ROS2/asobi_ws/install/interface_pkg:/opt/ros/jazzy/opt/gz_sim_vendor:/opt/ros/jazzy/opt/gz_sensors_vendor:/opt/ros/jazzy/opt/gz_physics_vendor:/opt/ros/jazzy/opt/sdformat_vendor:/opt/ros/jazzy/opt/gz_gui_vendor:/opt/ros/jazzy/opt/gz_transport_vendor:/opt/ros/jazzy/opt/gz_rendering_vendor:/opt/ros/jazzy/opt/gz_plugin_vendor:/opt/ros/jazzy/opt/gz_fuel_tools_vendor:/opt/ros/jazzy/opt/gz_msgs_vendor:/opt/ros/jazzy/opt/gz_common_vendor:/opt/ros/jazzy/opt/gz_math_vendor:/opt/ros/jazzy/opt/gz_utils_vendor:/opt/ros/jazzy/opt/gz_tools_vendor:/opt/ros/jazzy/opt/gz_ogre_next_vendor:/opt/ros/jazzy/opt/gz_dartsim_vendor:/opt/ros/jazzy/opt/gz_cmake_vendor:/opt/ros/jazzy DEBUGINFOD_URLS=https://debuginfod.ubuntu.com LD_LIBRARY_PATH=/home/tomoni11/Documents/ROS2/asobi_ws/install/interface_pkg/lib:${LD_LIBRARY_PATH} PYTHONPATH=/home/tomoni11/Documents/ROS2/asobi_ws/install/interface_pkg/lib/python3.12/site-packages:${PYTHONPATH} /usr/bin/cmake --build /home/tomoni11/Documents/ROS2/asobi_ws/build/simple_ransac_pkg -- -j24 -l24
[9.270s] DEBUG:colcon.colcon_core.event_handler.log_command:Invoked command in '/home/tomoni11/Documents/ROS2/asobi_ws/build/simple_ransac_pkg' returned '0': AMENT_PREFIX_PATH=/home/tomoni11/Documents/ROS2/asobi_ws/install/interface_pkg:${AMENT_PREFIX_PATH} CMAKE_PREFIX_PATH=/home/tomoni11/Documents/ROS2/asobi_ws/install/interface_pkg:/opt/ros/jazzy/opt/gz_sim_vendor:/opt/ros/jazzy/opt/gz_sensors_vendor:/opt/ros/jazzy/opt/gz_physics_vendor:/opt/ros/jazzy/opt/sdformat_vendor:/opt/ros/jazzy/opt/gz_gui_vendor:/opt/ros/jazzy/opt/gz_transport_vendor:/opt/ros/jazzy/opt/gz_rendering_vendor:/opt/ros/jazzy/opt/gz_plugin_vendor:/opt/ros/jazzy/opt/gz_fuel_tools_vendor:/opt/ros/jazzy/opt/gz_msgs_vendor:/opt/ros/jazzy/opt/gz_common_vendor:/opt/ros/jazzy/opt/gz_math_vendor:/opt/ros/jazzy/opt/gz_utils_vendor:/opt/ros/jazzy/opt/gz_tools_vendor:/opt/ros/jazzy/opt/gz_ogre_next_vendor:/opt/ros/jazzy/opt/gz_dartsim_vendor:/opt/ros/jazzy/opt/gz_cmake_vendor:/opt/ros/jazzy DEBUGINFOD_URLS=https://debuginfod.ubuntu.com LD_LIBRARY_PATH=/home/tomoni11/Documents/ROS2/asobi_ws/install/interface_pkg/lib:${LD_LIBRARY_PATH} PYTHONPATH=/home/tomoni11/Documents/ROS2/asobi_ws/install/interface_pkg/lib/python3.12/site-packages:${PYTHONPATH} /usr/bin/cmake --build /home/tomoni11/Documents/ROS2/asobi_ws/build/simple_ransac_pkg -- -j24 -l24
[9.279s] DEBUG:colcon.colcon_core.event_handler.log_command:Invoking command in '/home/tomoni11/Documents/ROS2/asobi_ws/build/simple_ransac_pkg': AMENT_PREFIX_PATH=/home/tomoni11/Documents/ROS2/asobi_ws/install/interface_pkg:${AMENT_PREFIX_PATH} CMAKE_PREFIX_PATH=/home/tomoni11/Documents/ROS2/asobi_ws/install/interface_pkg:/opt/ros/jazzy/opt/gz_sim_vendor:/opt/ros/jazzy/opt/gz_sensors_vendor:/opt/ros/jazzy/opt/gz_physics_vendor:/opt/ros/jazzy/opt/sdformat_vendor:/opt/ros/jazzy/opt/gz_gui_vendor:/opt/ros/jazzy/opt/gz_transport_vendor:/opt/ros/jazzy/opt/gz_rendering_vendor:/opt/ros/jazzy/opt/gz_plugin_vendor:/opt/ros/jazzy/opt/gz_fuel_tools_vendor:/opt/ros/jazzy/opt/gz_msgs_vendor:/opt/ros/jazzy/opt/gz_common_vendor:/opt/ros/jazzy/opt/gz_math_vendor:/opt/ros/jazzy/opt/gz_utils_vendor:/opt/ros/jazzy/opt/gz_tools_vendor:/opt/ros/jazzy/opt/gz_ogre_next_vendor:/opt/ros/jazzy/opt/gz_dartsim_vendor:/opt/ros/jazzy/opt/gz_cmake_vendor:/opt/ros/jazzy DEBUGINFOD_URLS=https://debuginfod.ubuntu.com LD_LIBRARY_PATH=/home/tomoni11/Documents/ROS2/asobi_ws/install/interface_pkg/lib:${LD_LIBRARY_PATH} PYTHONPATH=/home/tomoni11/Documents/ROS2/asobi_ws/install/interface_pkg/lib/python3.12/site-packages:${PYTHONPATH} /usr/bin/cmake --install /home/tomoni11/Documents/ROS2/asobi_ws/build/simple_ransac_pkg
[9.297s] Level 1:colcon.colcon_core.environment:create_environment_scripts_only(simple_ransac_pkg)
[9.298s] DEBUG:colcon.colcon_core.event_handler.log_command:Invoked command in '/home/tomoni11/Documents/ROS2/asobi_ws/build/simple_ransac_pkg' returned '0': AMENT_PREFIX_PATH=/home/tomoni11/Documents/ROS2/asobi_ws/install/interface_pkg:${AMENT_PREFIX_PATH} CMAKE_PREFIX_PATH=/home/tomoni11/Documents/ROS2/asobi_ws/install/interface_pkg:/opt/ros/jazzy/opt/gz_sim_vendor:/opt/ros/jazzy/opt/gz_sensors_vendor:/opt/ros/jazzy/opt/gz_physics_vendor:/opt/ros/jazzy/opt/sdformat_vendor:/opt/ros/jazzy/opt/gz_gui_vendor:/opt/ros/jazzy/opt/gz_transport_vendor:/opt/ros/jazzy/opt/gz_rendering_vendor:/opt/ros/jazzy/opt/gz_plugin_vendor:/opt/ros/jazzy/opt/gz_fuel_tools_vendor:/opt/ros/jazzy/opt/gz_msgs_vendor:/opt/ros/jazzy/opt/gz_common_vendor:/opt/ros/jazzy/opt/gz_math_vendor:/opt/ros/jazzy/opt/gz_utils_vendor:/opt/ros/jazzy/opt/gz_tools_vendor:/opt/ros/jazzy/opt/gz_ogre_next_vendor:/opt/ros/jazzy/opt/gz_dartsim_vendor:/opt/ros/jazzy/opt/gz_cmake_vendor:/opt/ros/jazzy DEBUGINFOD_URLS=https://debuginfod.ubuntu.com LD_LIBRARY_PATH=/home/tomoni11/Documents/ROS2/asobi_ws/install/interface_pkg/lib:${LD_LIBRARY_PATH} PYTHONPATH=/home/tomoni11/Documents/ROS2/asobi_ws/install/interface_pkg/lib/python3.12/site-packages:${PYTHONPATH} /usr/bin/cmake --install /home/tomoni11/Documents/ROS2/asobi_ws/build/simple_ransac_pkg
[9.299s] Level 1:colcon.colcon_core.environment:checking '/home/tomoni11/Documents/ROS2/asobi_ws/install/simple_ransac_pkg' for CMake module files
[9.299s] Level 1:colcon.colcon_core.environment:checking '/home/tomoni11/Documents/ROS2/asobi_ws/install/simple_ransac_pkg' for CMake config files
[9.299s] Level 1:colcon.colcon_core.shell:create_environment_hook('simple_ransac_pkg', 'cmake_prefix_path')
[9.299s] INFO:colcon.colcon_core.shell:Creating environment hook '/home/tomoni11/Documents/ROS2/asobi_ws/install/simple_ransac_pkg/share/simple_ransac_pkg/hook/cmake_prefix_path.ps1'
[9.301s] INFO:colcon.colcon_core.shell:Creating environment descriptor '/home/tomoni11/Documents/ROS2/asobi_ws/install/simple_ransac_pkg/share/simple_ransac_pkg/hook/cmake_prefix_path.dsv'
[9.301s] INFO:colcon.colcon_core.shell:Creating environment hook '/home/tomoni11/Documents/ROS2/asobi_ws/install/simple_ransac_pkg/share/simple_ransac_pkg/hook/cmake_prefix_path.sh'
[9.302s] Level 1:colcon.colcon_core.environment:checking '/home/tomoni11/Documents/ROS2/asobi_ws/install/simple_ransac_pkg/lib'
[9.302s] Level 1:colcon.colcon_core.environment:checking '/home/tomoni11/Documents/ROS2/asobi_ws/install/simple_ransac_pkg/bin'
[9.302s] Level 1:colcon.colcon_core.environment:checking '/home/tomoni11/Documents/ROS2/asobi_ws/install/simple_ransac_pkg/lib/pkgconfig/simple_ransac_pkg.pc'
[9.302s] Level 1:colcon.colcon_core.environment:checking '/home/tomoni11/Documents/ROS2/asobi_ws/install/simple_ransac_pkg/lib/python3.12/site-packages'
[9.302s] Level 1:colcon.colcon_core.environment:checking '/home/tomoni11/Documents/ROS2/asobi_ws/install/simple_ransac_pkg/bin'
[9.302s] INFO:colcon.colcon_core.shell:Creating package script '/home/tomoni11/Documents/ROS2/asobi_ws/install/simple_ransac_pkg/share/simple_ransac_pkg/package.ps1'
[9.303s] INFO:colcon.colcon_core.shell:Creating package descriptor '/home/tomoni11/Documents/ROS2/asobi_ws/install/simple_ransac_pkg/share/simple_ransac_pkg/package.dsv'
[9.303s] INFO:colcon.colcon_core.shell:Creating package script '/home/tomoni11/Documents/ROS2/asobi_ws/install/simple_ransac_pkg/share/simple_ransac_pkg/package.sh'
[9.303s] INFO:colcon.colcon_core.shell:Creating package script '/home/tomoni11/Documents/ROS2/asobi_ws/install/simple_ransac_pkg/share/simple_ransac_pkg/package.bash'
[9.304s] INFO:colcon.colcon_core.shell:Creating package script '/home/tomoni11/Documents/ROS2/asobi_ws/install/simple_ransac_pkg/share/simple_ransac_pkg/package.zsh'
[9.304s] Level 1:colcon.colcon_core.environment:create_file_with_runtime_dependencies(/home/tomoni11/Documents/ROS2/asobi_ws/install/simple_ransac_pkg/share/colcon-core/packages/simple_ransac_pkg)
[9.304s] Level 1:colcon.colcon_core.environment:create_environment_scripts_only(simple_ransac_pkg)
[9.305s] Level 1:colcon.colcon_core.environment:checking '/home/tomoni11/Documents/ROS2/asobi_ws/install/simple_ransac_pkg' for CMake module files
[9.305s] Level 1:colcon.colcon_core.environment:checking '/home/tomoni11/Documents/ROS2/asobi_ws/install/simple_ransac_pkg' for CMake config files
[9.305s] Level 1:colcon.colcon_core.shell:create_environment_hook('simple_ransac_pkg', 'cmake_prefix_path')
[9.305s] INFO:colcon.colcon_core.shell:Creating environment hook '/home/tomoni11/Documents/ROS2/asobi_ws/install/simple_ransac_pkg/share/simple_ransac_pkg/hook/cmake_prefix_path.ps1'
[9.305s] INFO:colcon.colcon_core.shell:Creating environment descriptor '/home/tomoni11/Documents/ROS2/asobi_ws/install/simple_ransac_pkg/share/simple_ransac_pkg/hook/cmake_prefix_path.dsv'
[9.305s] INFO:colcon.colcon_core.shell:Creating environment hook '/home/tomoni11/Documents/ROS2/asobi_ws/install/simple_ransac_pkg/share/simple_ransac_pkg/hook/cmake_prefix_path.sh'
[9.306s] Level 1:colcon.colcon_core.environment:checking '/home/tomoni11/Documents/ROS2/asobi_ws/install/simple_ransac_pkg/lib'
[9.306s] Level 1:colcon.colcon_core.environment:checking '/home/tomoni11/Documents/ROS2/asobi_ws/install/simple_ransac_pkg/bin'
[9.306s] Level 1:colcon.colcon_core.environment:checking '/home/tomoni11/Documents/ROS2/asobi_ws/install/simple_ransac_pkg/lib/pkgconfig/simple_ransac_pkg.pc'
[9.306s] Level 1:colcon.colcon_core.environment:checking '/home/tomoni11/Documents/ROS2/asobi_ws/install/simple_ransac_pkg/lib/python3.12/site-packages'
[9.306s] Level 1:colcon.colcon_core.environment:checking '/home/tomoni11/Documents/ROS2/asobi_ws/install/simple_ransac_pkg/bin'
[9.306s] INFO:colcon.colcon_core.shell:Creating package script '/home/tomoni11/Documents/ROS2/asobi_ws/install/simple_ransac_pkg/share/simple_ransac_pkg/package.ps1'
[9.307s] INFO:colcon.colcon_core.shell:Creating package descriptor '/home/tomoni11/Documents/ROS2/asobi_ws/install/simple_ransac_pkg/share/simple_ransac_pkg/package.dsv'
[9.307s] INFO:colcon.colcon_core.shell:Creating package script '/home/tomoni11/Documents/ROS2/asobi_ws/install/simple_ransac_pkg/share/simple_ransac_pkg/package.sh'
[9.307s] INFO:colcon.colcon_core.shell:Creating package script '/home/tomoni11/Documents/ROS2/asobi_ws/install/simple_ransac_pkg/share/simple_ransac_pkg/package.bash'
[9.307s] INFO:colcon.colcon_core.shell:Creating package script '/home/tomoni11/Documents/ROS2/asobi_ws/install/simple_ransac_pkg/share/simple_ransac_pkg/package.zsh'
[9.308s] Level 1:colcon.colcon_core.environment:create_file_with_runtime_dependencies(/home/tomoni11/Documents/ROS2/asobi_ws/install/simple_ransac_pkg/share/colcon-core/packages/simple_ransac_pkg)
[9.308s] DEBUG:colcon.colcon_parallel_executor.executor.parallel:closing loop
[9.308s] DEBUG:colcon.colcon_parallel_executor.executor.parallel:loop closed
[9.308s] DEBUG:colcon.colcon_parallel_executor.executor.parallel:run_until_complete finished with '0'
[9.308s] DEBUG:colcon.colcon_core.event_reactor:joining thread
[9.312s] INFO:colcon.colcon_core.plugin_system:Skipping extension 'colcon_notification.desktop_notification.terminal_notifier': Not used on non-Darwin systems
[9.312s] INFO:colcon.colcon_core.plugin_system:Skipping extension 'colcon_notification.desktop_notification.win32': Not used on non-Windows systems
[9.312s] INFO:colcon.colcon_notification.desktop_notification:Sending desktop notification using 'notify2'
[9.323s] DEBUG:colcon.colcon_core.event_reactor:joined thread
[9.324s] INFO:colcon.colcon_core.shell:Creating prefix script '/home/tomoni11/Documents/ROS2/asobi_ws/install/local_setup.ps1'
[9.324s] INFO:colcon.colcon_core.shell:Creating prefix util module '/home/tomoni11/Documents/ROS2/asobi_ws/install/_local_setup_util_ps1.py'
[9.325s] INFO:colcon.colcon_core.shell:Creating prefix chain script '/home/tomoni11/Documents/ROS2/asobi_ws/install/setup.ps1'
[9.326s] INFO:colcon.colcon_core.shell:Creating prefix script '/home/tomoni11/Documents/ROS2/asobi_ws/install/local_setup.sh'
[9.326s] INFO:colcon.colcon_core.shell:Creating prefix util module '/home/tomoni11/Documents/ROS2/asobi_ws/install/_local_setup_util_sh.py'
[9.326s] INFO:colcon.colcon_core.shell:Creating prefix chain script '/home/tomoni11/Documents/ROS2/asobi_ws/install/setup.sh'
[9.327s] INFO:colcon.colcon_core.shell:Creating prefix script '/home/tomoni11/Documents/ROS2/asobi_ws/install/local_setup.bash'
[9.328s] INFO:colcon.colcon_core.shell:Creating prefix chain script '/home/tomoni11/Documents/ROS2/asobi_ws/install/setup.bash'
[9.328s] INFO:colcon.colcon_core.shell:Creating prefix script '/home/tomoni11/Documents/ROS2/asobi_ws/install/local_setup.zsh'
[9.328s] INFO:colcon.colcon_core.shell:Creating prefix chain script '/home/tomoni11/Documents/ROS2/asobi_ws/install/setup.zsh'
