-- Found ament_cmake: 2.5.3 (/opt/ros/jazzy/share/ament_cmake/cmake)
-- Found rclcpp: 28.1.6 (/opt/ros/jazzy/share/rclcpp/cmake)
-- Found rosidl_generator_c: 4.6.5 (/opt/ros/jazzy/share/rosidl_generator_c/cmake)
-- Found rosidl_generator_cpp: 4.6.5 (/opt/ros/jazzy/share/rosidl_generator_cpp/cmake)
-- Using all available rosidl_typesupport_c: rosidl_typesupport_fastrtps_c;rosidl_typesupport_introspection_c
-- Using all available rosidl_typesupport_cpp: rosidl_typesupport_fastrtps_cpp;rosidl_typesupport_introspection_cpp
-- Found rmw_implementation_cmake: 7.3.1 (/opt/ros/jazzy/share/rmw_implementation_cmake/cmake)
-- Found rmw_fastrtps_cpp: 8.4.1 (/opt/ros/jazzy/share/rmw_fastrtps_cpp/cmake)
-- Using RMW implementation 'rmw_fastrtps_cpp' as default
-- Found std_msgs: 5.3.5 (/opt/ros/jazzy/share/std_msgs/cmake)
-- Found sensor_msgs: 5.3.5 (/opt/ros/jazzy/share/sensor_msgs/cmake)
-- Found interface_pkg: 0.0.0 (/home/tomoni11/Documents/ROS2/asobi_ws/install/interface_pkg/share/interface_pkg/cmake)
-- Found ament_lint_auto: 0.17.1 (/opt/ros/jazzy/share/ament_lint_auto/cmake)
-- Added test 'cppcheck' to perform static code analysis on C / C++ code
-- Configured cppcheck include dirs: /home/tomoni11/Documents/ROS2/asobi_ws/src/lider_to_fp/include/lider_to_FP
-- Configured cppcheck exclude dirs and/or files: 
-- Added test 'lint_cmake' to check CMake code style
-- Added test 'uncrustify' to check C / C++ code style
-- Configured uncrustify additional arguments: 
-- Added test 'xmllint' to check XML markup files
-- Configuring done (0.5s)
-- Generating done (0.0s)
-- Build files have been written to: /home/tomoni11/Documents/ROS2/asobi_ws/build/lider_to_fp
[ 50%] [32mBuilding CXX object CMakeFiles/serial_talker.dir/src/serial_talker.cpp.o[0m
[ 50%] [32mBuilding CXX object CMakeFiles/ransac_unit.dir/src/ransac_main.cpp.o[0m
[01m[K/home/tomoni11/Documents/ROS2/asobi_ws/src/lider_to_fp/src/serial_talker.cpp:4:10:[m[K [01;31m[Kfatal error: [m[Kinterface_pkg/msg/ransac.hpp: ãã®ã‚ˆã†ãªãƒ•ã‚¡ã‚¤ãƒ«ã‚„ãƒ‡ã‚£ãƒ¬ã‚¯ãƒˆãƒªã¯ã‚ã‚Šã¾ã›ã‚“
    4 | #include [01;31m[K"interface_pkg/msg/ransac.hpp"[m[K
      |          [01;31m[K^~~~~~~~~~~~~~~~~~~~~~~~~~~~~~[m[K
compilation terminated.
[01m[K/home/tomoni11/Documents/ROS2/asobi_ws/src/lider_to_fp/src/ransac_main.cpp:9:10:[m[K [01;31m[Kfatal error: [m[Kinterface_pkg/msg/ransac.hpp: ãã®ã‚ˆã†ãªãƒ•ã‚¡ã‚¤ãƒ«ã‚„ãƒ‡ã‚£ãƒ¬ã‚¯ãƒˆãƒªã¯ã‚ã‚Šã¾ã›ã‚“
    9 | #include [01;31m[K"interface_pkg/msg/ransac.hpp"[m[K
      |          [01;31m[K^~~~~~~~~~~~~~~~~~~~~~~~~~~~~~[m[K
compilation terminated.
gmake[2]: *** [CMakeFiles/serial_talker.dir/build.make:76: CMakeFiles/serial_talker.dir/src/serial_talker.cpp.o] ã‚¨ãƒ©ãƒ¼ 1
gmake[1]: *** [CMakeFiles/Makefile2:165: CMakeFiles/serial_talker.dir/all] ã‚¨ãƒ©ãƒ¼ 2
gmake[1]: *** æœªå®Œäº†ã®ã‚¸ãƒ§ãƒ–ã‚’å¾…ã£ã¦ã„ã¾ã™....
gmake[2]: *** [CMakeFiles/ransac_unit.dir/build.make:76: CMakeFiles/ransac_unit.dir/src/ransac_main.cpp.o] ã‚¨ãƒ©ãƒ¼ 1
gmake[1]: *** [CMakeFiles/Makefile2:139: CMakeFiles/ransac_unit.dir/all] ã‚¨ãƒ©ãƒ¼ 2
gmake: *** [Makefile:146: all] ã‚¨ãƒ©ãƒ¼ 2
