[0.006s] Invoking command in '/home/tomoni11/Documents/ROS2/asobi_ws/build/lider_to_fp': CMAKE_PREFIX_PATH=${CMAKE_PREFIX_PATH}:/opt/ros/jazzy DEBUGINFOD_URLS=https://debuginfod.ubuntu.com /usr/bin/cmake /home/tomoni11/Documents/ROS2/asobi_ws/src/lider_to_fp -DCMAKE_INSTALL_PREFIX=/home/tomoni11/Documents/ROS2/asobi_ws/install/lider_to_fp
[0.016s] -- Found ament_cmake: 2.5.3 (/opt/ros/jazzy/share/ament_cmake/cmake)
[0.190s] -- Found rclcpp: 28.1.6 (/opt/ros/jazzy/share/rclcpp/cmake)
[0.210s] -- Found rosidl_generator_c: 4.6.5 (/opt/ros/jazzy/share/rosidl_generator_c/cmake)
[0.215s] -- Found rosidl_generator_cpp: 4.6.5 (/opt/ros/jazzy/share/rosidl_generator_cpp/cmake)
[0.223s] -- Using all available rosidl_typesupport_c: rosidl_typesupport_fastrtps_c;rosidl_typesupport_introspection_c
[0.232s] -- Using all available rosidl_typesupport_cpp: rosidl_typesupport_fastrtps_cpp;rosidl_typesupport_introspection_cpp
[0.280s] -- Found rmw_implementation_cmake: 7.3.1 (/opt/ros/jazzy/share/rmw_implementation_cmake/cmake)
[0.281s] -- Found rmw_fastrtps_cpp: 8.4.1 (/opt/ros/jazzy/share/rmw_fastrtps_cpp/cmake)
[0.333s] -- Using RMW implementation 'rmw_fastrtps_cpp' as default
[0.386s] -- Found std_msgs: 5.3.5 (/opt/ros/jazzy/share/std_msgs/cmake)
[0.397s] -- Found sensor_msgs: 5.3.5 (/opt/ros/jazzy/share/sensor_msgs/cmake)
[0.428s] -- Found interface_pkg: 0.0.0 (/home/tomoni11/Documents/ROS2/asobi_ws/install/interface_pkg/share/interface_pkg/cmake)
[0.432s] -- Found ament_lint_auto: 0.17.1 (/opt/ros/jazzy/share/ament_lint_auto/cmake)
[0.522s] -- Added test 'cppcheck' to perform static code analysis on C / C++ code
[0.523s] -- Configured cppcheck include dirs: /home/tomoni11/Documents/ROS2/asobi_ws/src/lider_to_fp/include/lider_to_FP
[0.523s] -- Configured cppcheck exclude dirs and/or files: 
[0.523s] -- Added test 'lint_cmake' to check CMake code style
[0.524s] -- Added test 'uncrustify' to check C / C++ code style
[0.524s] -- Configured uncrustify additional arguments: 
[0.525s] -- Added test 'xmllint' to check XML markup files
[0.526s] -- Configuring done (0.5s)
[0.537s] -- Generating done (0.0s)
[0.540s] -- Build files have been written to: /home/tomoni11/Documents/ROS2/asobi_ws/build/lider_to_fp
[0.549s] Invoked command in '/home/tomoni11/Documents/ROS2/asobi_ws/build/lider_to_fp' returned '0': CMAKE_PREFIX_PATH=${CMAKE_PREFIX_PATH}:/opt/ros/jazzy DEBUGINFOD_URLS=https://debuginfod.ubuntu.com /usr/bin/cmake /home/tomoni11/Documents/ROS2/asobi_ws/src/lider_to_fp -DCMAKE_INSTALL_PREFIX=/home/tomoni11/Documents/ROS2/asobi_ws/install/lider_to_fp
[0.550s] Invoking command in '/home/tomoni11/Documents/ROS2/asobi_ws/build/lider_to_fp': CMAKE_PREFIX_PATH=${CMAKE_PREFIX_PATH}:/opt/ros/jazzy DEBUGINFOD_URLS=https://debuginfod.ubuntu.com /usr/bin/cmake --build /home/tomoni11/Documents/ROS2/asobi_ws/build/lider_to_fp -- -j24 -l24
[0.594s] [ 50%] [32mBuilding CXX object CMakeFiles/serial_talker.dir/src/serial_talker.cpp.o[0m
[0.594s] [ 50%] [32mBuilding CXX object CMakeFiles/ransac_unit.dir/src/ransac_main.cpp.o[0m
[1.241s] [01m[K/home/tomoni11/Documents/ROS2/asobi_ws/src/lider_to_fp/src/serial_talker.cpp:4:10:[m[K [01;31m[Kfatal error: [m[Kinterface_pkg/msg/ransac.hpp: そのようなファイルやディレクトリはありません
[1.241s]     4 | #include [01;31m[K"interface_pkg/msg/ransac.hpp"[m[K
[1.241s]       |          [01;31m[K^~~~~~~~~~~~~~~~~~~~~~~~~~~~~~[m[K
[1.241s] compilation terminated.
[1.244s] [01m[K/home/tomoni11/Documents/ROS2/asobi_ws/src/lider_to_fp/src/ransac_main.cpp:9:10:[m[K [01;31m[Kfatal error: [m[Kinterface_pkg/msg/ransac.hpp: そのようなファイルやディレクトリはありません
[1.245s]     9 | #include [01;31m[K"interface_pkg/msg/ransac.hpp"[m[K
[1.245s]       |          [01;31m[K^~~~~~~~~~~~~~~~~~~~~~~~~~~~~~[m[K
[1.245s] compilation terminated.
[1.245s] gmake[2]: *** [CMakeFiles/serial_talker.dir/build.make:76: CMakeFiles/serial_talker.dir/src/serial_talker.cpp.o] エラー 1
[1.245s] gmake[1]: *** [CMakeFiles/Makefile2:165: CMakeFiles/serial_talker.dir/all] エラー 2
[1.245s] gmake[1]: *** 未完了のジョブを待っています....
[1.248s] gmake[2]: *** [CMakeFiles/ransac_unit.dir/build.make:76: CMakeFiles/ransac_unit.dir/src/ransac_main.cpp.o] エラー 1
[1.248s] gmake[1]: *** [CMakeFiles/Makefile2:139: CMakeFiles/ransac_unit.dir/all] エラー 2
[1.248s] gmake: *** [Makefile:146: all] エラー 2
[1.250s] Invoked command in '/home/tomoni11/Documents/ROS2/asobi_ws/build/lider_to_fp' returned '2': CMAKE_PREFIX_PATH=${CMAKE_PREFIX_PATH}:/opt/ros/jazzy DEBUGINFOD_URLS=https://debuginfod.ubuntu.com /usr/bin/cmake --build /home/tomoni11/Documents/ROS2/asobi_ws/build/lider_to_fp -- -j24 -l24
