[0.077s] DEBUG:colcon:Command line arguments: ['/usr/bin/colcon', 'build']
[0.077s] DEBUG:colcon:Parsed command line arguments: Namespace(log_base=None, log_level=None, verb_name='build', build_base='build', install_base='install', merge_install=False, symlink_install=False, test_result_base=None, continue_on_error=False, executor='parallel', parallel_workers=24, event_handlers=None, ignore_user_meta=False, metas=['./colcon.meta'], base_paths=['.'], packages_ignore=None, packages_ignore_regex=None, paths=None, packages_up_to=None, packages_up_to_regex=None, packages_above=None, packages_above_and_dependencies=None, packages_above_depth=None, packages_select_by_dep=None, packages_skip_by_dep=None, packages_skip_up_to=None, packages_select_build_failed=False, packages_skip_build_finished=False, packages_select_test_failures=False, packages_skip_test_passed=False, packages_select=None, packages_skip=None, packages_select_regex=None, packages_skip_regex=None, packages_start=None, packages_end=None, allow_overriding=[], cmake_args=None, cmake_target=None, cmake_target_skip_unavailable=False, cmake_clean_cache=False, cmake_clean_first=False, cmake_force_configure=False, ament_cmake_args=None, catkin_cmake_args=None, catkin_skip_building_tests=False, mixin_files=None, mixin=None, verb_parser=<colcon_mixin.mixin.mixin_argument.MixinArgumentDecorator object at 0x71eec5d779e0>, verb_extension=<colcon_core.verb.build.BuildVerb object at 0x71eec5ec40b0>, main=<bound method BuildVerb.main of <colcon_core.verb.build.BuildVerb object at 0x71eec5ec40b0>>, mixin_verb=('build',))
[0.106s] Level 1:colcon.colcon_core.package_discovery:discover_packages(colcon_meta) check parameters
[0.106s] Level 1:colcon.colcon_core.package_discovery:discover_packages(recursive) check parameters
[0.106s] Level 1:colcon.colcon_core.package_discovery:discover_packages(ignore) check parameters
[0.106s] Level 1:colcon.colcon_core.package_discovery:discover_packages(path) check parameters
[0.106s] Level 1:colcon.colcon_core.package_discovery:discover_packages(colcon_meta) discover
[0.106s] Level 1:colcon.colcon_core.package_discovery:discover_packages(recursive) discover
[0.106s] INFO:colcon.colcon_core.package_discovery:Crawling recursively for packages in '/home/tomoni11/Documents/ROS2/study_ws'
[0.106s] Level 1:colcon.colcon_core.package_identification:_identify(.) by extensions ['ignore', 'ignore_ament_install']
[0.106s] Level 1:colcon.colcon_core.package_identification:_identify(.) by extension 'ignore'
[0.106s] Level 1:colcon.colcon_core.package_identification:_identify(.) by extension 'ignore_ament_install'
[0.106s] Level 1:colcon.colcon_core.package_identification:_identify(.) by extensions ['colcon_pkg']
[0.106s] Level 1:colcon.colcon_core.package_identification:_identify(.) by extension 'colcon_pkg'
[0.106s] Level 1:colcon.colcon_core.package_identification:_identify(.) by extensions ['colcon_meta']
[0.106s] Level 1:colcon.colcon_core.package_identification:_identify(.) by extension 'colcon_meta'
[0.106s] Level 1:colcon.colcon_core.package_identification:_identify(.) by extensions ['ros']
[0.106s] Level 1:colcon.colcon_core.package_identification:_identify(.) by extension 'ros'
[0.127s] Level 1:colcon.colcon_core.package_identification:_identify(.) by extensions ['cmake', 'python']
[0.127s] Level 1:colcon.colcon_core.package_identification:_identify(.) by extension 'cmake'
[0.127s] Level 1:colcon.colcon_core.package_identification:_identify(.) by extension 'python'
[0.127s] Level 1:colcon.colcon_core.package_identification:_identify(.) by extensions ['python_setup_py']
[0.127s] Level 1:colcon.colcon_core.package_identification:_identify(.) by extension 'python_setup_py'
[0.127s] Level 1:colcon.colcon_core.package_identification:_identify(build) by extensions ['ignore', 'ignore_ament_install']
[0.127s] Level 1:colcon.colcon_core.package_identification:_identify(build) by extension 'ignore'
[0.127s] Level 1:colcon.colcon_core.package_identification:_identify(build) ignored
[0.127s] Level 1:colcon.colcon_core.package_identification:_identify(install) by extensions ['ignore', 'ignore_ament_install']
[0.127s] Level 1:colcon.colcon_core.package_identification:_identify(install) by extension 'ignore'
[0.128s] Level 1:colcon.colcon_core.package_identification:_identify(install) ignored
[0.128s] Level 1:colcon.colcon_core.package_identification:_identify(log) by extensions ['ignore', 'ignore_ament_install']
[0.128s] Level 1:colcon.colcon_core.package_identification:_identify(log) by extension 'ignore'
[0.128s] Level 1:colcon.colcon_core.package_identification:_identify(log) ignored
[0.128s] Level 1:colcon.colcon_core.package_identification:_identify(src) by extensions ['ignore', 'ignore_ament_install']
[0.128s] Level 1:colcon.colcon_core.package_identification:_identify(src) by extension 'ignore'
[0.128s] Level 1:colcon.colcon_core.package_identification:_identify(src) by extension 'ignore_ament_install'
[0.128s] Level 1:colcon.colcon_core.package_identification:_identify(src) by extensions ['colcon_pkg']
[0.128s] Level 1:colcon.colcon_core.package_identification:_identify(src) by extension 'colcon_pkg'
[0.128s] Level 1:colcon.colcon_core.package_identification:_identify(src) by extensions ['colcon_meta']
[0.128s] Level 1:colcon.colcon_core.package_identification:_identify(src) by extension 'colcon_meta'
[0.128s] Level 1:colcon.colcon_core.package_identification:_identify(src) by extensions ['ros']
[0.128s] Level 1:colcon.colcon_core.package_identification:_identify(src) by extension 'ros'
[0.128s] Level 1:colcon.colcon_core.package_identification:_identify(src) by extensions ['cmake', 'python']
[0.128s] Level 1:colcon.colcon_core.package_identification:_identify(src) by extension 'cmake'
[0.128s] Level 1:colcon.colcon_core.package_identification:_identify(src) by extension 'python'
[0.128s] Level 1:colcon.colcon_core.package_identification:_identify(src) by extensions ['python_setup_py']
[0.128s] Level 1:colcon.colcon_core.package_identification:_identify(src) by extension 'python_setup_py'
[0.128s] Level 1:colcon.colcon_core.package_identification:_identify(src/interface_pkg) by extensions ['ignore', 'ignore_ament_install']
[0.128s] Level 1:colcon.colcon_core.package_identification:_identify(src/interface_pkg) by extension 'ignore'
[0.129s] Level 1:colcon.colcon_core.package_identification:_identify(src/interface_pkg) by extension 'ignore_ament_install'
[0.129s] Level 1:colcon.colcon_core.package_identification:_identify(src/interface_pkg) by extensions ['colcon_pkg']
[0.129s] Level 1:colcon.colcon_core.package_identification:_identify(src/interface_pkg) by extension 'colcon_pkg'
[0.129s] Level 1:colcon.colcon_core.package_identification:_identify(src/interface_pkg) by extensions ['colcon_meta']
[0.129s] Level 1:colcon.colcon_core.package_identification:_identify(src/interface_pkg) by extension 'colcon_meta'
[0.129s] Level 1:colcon.colcon_core.package_identification:_identify(src/interface_pkg) by extensions ['ros']
[0.129s] Level 1:colcon.colcon_core.package_identification:_identify(src/interface_pkg) by extension 'ros'
[0.131s] DEBUG:colcon.colcon_core.package_identification:Package 'src/interface_pkg' with type 'ros.ament_cmake' and name 'interface_pkg'
[0.131s] Level 1:colcon.colcon_core.package_identification:_identify(src/make_cloud_pkg) by extensions ['ignore', 'ignore_ament_install']
[0.131s] Level 1:colcon.colcon_core.package_identification:_identify(src/make_cloud_pkg) by extension 'ignore'
[0.131s] Level 1:colcon.colcon_core.package_identification:_identify(src/make_cloud_pkg) by extension 'ignore_ament_install'
[0.131s] Level 1:colcon.colcon_core.package_identification:_identify(src/make_cloud_pkg) by extensions ['colcon_pkg']
[0.131s] Level 1:colcon.colcon_core.package_identification:_identify(src/make_cloud_pkg) by extension 'colcon_pkg'
[0.131s] Level 1:colcon.colcon_core.package_identification:_identify(src/make_cloud_pkg) by extensions ['colcon_meta']
[0.131s] Level 1:colcon.colcon_core.package_identification:_identify(src/make_cloud_pkg) by extension 'colcon_meta'
[0.131s] Level 1:colcon.colcon_core.package_identification:_identify(src/make_cloud_pkg) by extensions ['ros']
[0.131s] Level 1:colcon.colcon_core.package_identification:_identify(src/make_cloud_pkg) by extension 'ros'
[0.131s] DEBUG:colcon.colcon_core.package_identification:Package 'src/make_cloud_pkg' with type 'ros.ament_cmake' and name 'make_cloud_pkg'
[0.131s] Level 1:colcon.colcon_core.package_identification:_identify(src/ransac_pkg) by extensions ['ignore', 'ignore_ament_install']
[0.131s] Level 1:colcon.colcon_core.package_identification:_identify(src/ransac_pkg) by extension 'ignore'
[0.131s] Level 1:colcon.colcon_core.package_identification:_identify(src/ransac_pkg) by extension 'ignore_ament_install'
[0.131s] Level 1:colcon.colcon_core.package_identification:_identify(src/ransac_pkg) by extensions ['colcon_pkg']
[0.131s] Level 1:colcon.colcon_core.package_identification:_identify(src/ransac_pkg) by extension 'colcon_pkg'
[0.132s] Level 1:colcon.colcon_core.package_identification:_identify(src/ransac_pkg) by extensions ['colcon_meta']
[0.132s] Level 1:colcon.colcon_core.package_identification:_identify(src/ransac_pkg) by extension 'colcon_meta'
[0.132s] Level 1:colcon.colcon_core.package_identification:_identify(src/ransac_pkg) by extensions ['ros']
[0.132s] Level 1:colcon.colcon_core.package_identification:_identify(src/ransac_pkg) by extension 'ros'
[0.132s] DEBUG:colcon.colcon_core.package_identification:Package 'src/ransac_pkg' with type 'ros.ament_cmake' and name 'ransac_pkg'
[0.132s] Level 1:colcon.colcon_core.package_identification:_identify(src/study_interface) by extensions ['ignore', 'ignore_ament_install']
[0.132s] Level 1:colcon.colcon_core.package_identification:_identify(src/study_interface) by extension 'ignore'
[0.132s] Level 1:colcon.colcon_core.package_identification:_identify(src/study_interface) by extension 'ignore_ament_install'
[0.132s] Level 1:colcon.colcon_core.package_identification:_identify(src/study_interface) by extensions ['colcon_pkg']
[0.132s] Level 1:colcon.colcon_core.package_identification:_identify(src/study_interface) by extension 'colcon_pkg'
[0.132s] Level 1:colcon.colcon_core.package_identification:_identify(src/study_interface) by extensions ['colcon_meta']
[0.132s] Level 1:colcon.colcon_core.package_identification:_identify(src/study_interface) by extension 'colcon_meta'
[0.132s] Level 1:colcon.colcon_core.package_identification:_identify(src/study_interface) by extensions ['ros']
[0.132s] Level 1:colcon.colcon_core.package_identification:_identify(src/study_interface) by extension 'ros'
[0.133s] DEBUG:colcon.colcon_core.package_identification:Package 'src/study_interface' with type 'ros.ament_cmake' and name 'study_interface'
[0.133s] Level 1:colcon.colcon_core.package_discovery:discover_packages(recursive) using defaults
[0.133s] Level 1:colcon.colcon_core.package_discovery:discover_packages(ignore) discover
[0.133s] Level 1:colcon.colcon_core.package_discovery:discover_packages(ignore) using defaults
[0.133s] Level 1:colcon.colcon_core.package_discovery:discover_packages(path) discover
[0.133s] Level 1:colcon.colcon_core.package_discovery:discover_packages(path) using defaults
[0.147s] Level 1:colcon.colcon_core.package_discovery:discover_packages(prefix_path) check parameters
[0.147s] Level 1:colcon.colcon_core.package_discovery:discover_packages(prefix_path) discover
[0.148s] DEBUG:colcon.colcon_installed_package_information.package_discovery:Found 4 installed packages in /home/tomoni11/Documents/ROS2/study_ws/install
[0.149s] DEBUG:colcon.colcon_installed_package_information.package_discovery:Found 319 installed packages in /opt/ros/jazzy
[0.150s] Level 1:colcon.colcon_core.package_discovery:discover_packages(prefix_path) using defaults
[0.181s] Level 5:colcon.colcon_core.verb:set package 'interface_pkg' build argument 'cmake_args' from command line to 'None'
[0.181s] Level 5:colcon.colcon_core.verb:set package 'interface_pkg' build argument 'cmake_target' from command line to 'None'
[0.181s] Level 5:colcon.colcon_core.verb:set package 'interface_pkg' build argument 'cmake_target_skip_unavailable' from command line to 'False'
[0.181s] Level 5:colcon.colcon_core.verb:set package 'interface_pkg' build argument 'cmake_clean_cache' from command line to 'False'
[0.181s] Level 5:colcon.colcon_core.verb:set package 'interface_pkg' build argument 'cmake_clean_first' from command line to 'False'
[0.181s] Level 5:colcon.colcon_core.verb:set package 'interface_pkg' build argument 'cmake_force_configure' from command line to 'False'
[0.181s] Level 5:colcon.colcon_core.verb:set package 'interface_pkg' build argument 'ament_cmake_args' from command line to 'None'
[0.181s] Level 5:colcon.colcon_core.verb:set package 'interface_pkg' build argument 'catkin_cmake_args' from command line to 'None'
[0.181s] Level 5:colcon.colcon_core.verb:set package 'interface_pkg' build argument 'catkin_skip_building_tests' from command line to 'False'
[0.181s] DEBUG:colcon.colcon_core.verb:Building package 'interface_pkg' with the following arguments: {'ament_cmake_args': None, 'build_base': '/home/tomoni11/Documents/ROS2/study_ws/build/interface_pkg', 'catkin_cmake_args': None, 'catkin_skip_building_tests': False, 'cmake_args': None, 'cmake_clean_cache': False, 'cmake_clean_first': False, 'cmake_force_configure': False, 'cmake_target': None, 'cmake_target_skip_unavailable': False, 'install_base': '/home/tomoni11/Documents/ROS2/study_ws/install/interface_pkg', 'merge_install': False, 'path': '/home/tomoni11/Documents/ROS2/study_ws/src/interface_pkg', 'symlink_install': False, 'test_result_base': None}
[0.181s] Level 5:colcon.colcon_core.verb:set package 'study_interface' build argument 'cmake_args' from command line to 'None'
[0.181s] Level 5:colcon.colcon_core.verb:set package 'study_interface' build argument 'cmake_target' from command line to 'None'
[0.181s] Level 5:colcon.colcon_core.verb:set package 'study_interface' build argument 'cmake_target_skip_unavailable' from command line to 'False'
[0.181s] Level 5:colcon.colcon_core.verb:set package 'study_interface' build argument 'cmake_clean_cache' from command line to 'False'
[0.181s] Level 5:colcon.colcon_core.verb:set package 'study_interface' build argument 'cmake_clean_first' from command line to 'False'
[0.181s] Level 5:colcon.colcon_core.verb:set package 'study_interface' build argument 'cmake_force_configure' from command line to 'False'
[0.181s] Level 5:colcon.colcon_core.verb:set package 'study_interface' build argument 'ament_cmake_args' from command line to 'None'
[0.181s] Level 5:colcon.colcon_core.verb:set package 'study_interface' build argument 'catkin_cmake_args' from command line to 'None'
[0.181s] Level 5:colcon.colcon_core.verb:set package 'study_interface' build argument 'catkin_skip_building_tests' from command line to 'False'
[0.181s] DEBUG:colcon.colcon_core.verb:Building package 'study_interface' with the following arguments: {'ament_cmake_args': None, 'build_base': '/home/tomoni11/Documents/ROS2/study_ws/build/study_interface', 'catkin_cmake_args': None, 'catkin_skip_building_tests': False, 'cmake_args': None, 'cmake_clean_cache': False, 'cmake_clean_first': False, 'cmake_force_configure': False, 'cmake_target': None, 'cmake_target_skip_unavailable': False, 'install_base': '/home/tomoni11/Documents/ROS2/study_ws/install/study_interface', 'merge_install': False, 'path': '/home/tomoni11/Documents/ROS2/study_ws/src/study_interface', 'symlink_install': False, 'test_result_base': None}
[0.181s] Level 5:colcon.colcon_core.verb:set package 'make_cloud_pkg' build argument 'cmake_args' from command line to 'None'
[0.181s] Level 5:colcon.colcon_core.verb:set package 'make_cloud_pkg' build argument 'cmake_target' from command line to 'None'
[0.181s] Level 5:colcon.colcon_core.verb:set package 'make_cloud_pkg' build argument 'cmake_target_skip_unavailable' from command line to 'False'
[0.181s] Level 5:colcon.colcon_core.verb:set package 'make_cloud_pkg' build argument 'cmake_clean_cache' from command line to 'False'
[0.181s] Level 5:colcon.colcon_core.verb:set package 'make_cloud_pkg' build argument 'cmake_clean_first' from command line to 'False'
[0.181s] Level 5:colcon.colcon_core.verb:set package 'make_cloud_pkg' build argument 'cmake_force_configure' from command line to 'False'
[0.182s] Level 5:colcon.colcon_core.verb:set package 'make_cloud_pkg' build argument 'ament_cmake_args' from command line to 'None'
[0.182s] Level 5:colcon.colcon_core.verb:set package 'make_cloud_pkg' build argument 'catkin_cmake_args' from command line to 'None'
[0.182s] Level 5:colcon.colcon_core.verb:set package 'make_cloud_pkg' build argument 'catkin_skip_building_tests' from command line to 'False'
[0.182s] DEBUG:colcon.colcon_core.verb:Building package 'make_cloud_pkg' with the following arguments: {'ament_cmake_args': None, 'build_base': '/home/tomoni11/Documents/ROS2/study_ws/build/make_cloud_pkg', 'catkin_cmake_args': None, 'catkin_skip_building_tests': False, 'cmake_args': None, 'cmake_clean_cache': False, 'cmake_clean_first': False, 'cmake_force_configure': False, 'cmake_target': None, 'cmake_target_skip_unavailable': False, 'install_base': '/home/tomoni11/Documents/ROS2/study_ws/install/make_cloud_pkg', 'merge_install': False, 'path': '/home/tomoni11/Documents/ROS2/study_ws/src/make_cloud_pkg', 'symlink_install': False, 'test_result_base': None}
[0.182s] Level 5:colcon.colcon_core.verb:set package 'ransac_pkg' build argument 'cmake_args' from command line to 'None'
[0.182s] Level 5:colcon.colcon_core.verb:set package 'ransac_pkg' build argument 'cmake_target' from command line to 'None'
[0.182s] Level 5:colcon.colcon_core.verb:set package 'ransac_pkg' build argument 'cmake_target_skip_unavailable' from command line to 'False'
[0.182s] Level 5:colcon.colcon_core.verb:set package 'ransac_pkg' build argument 'cmake_clean_cache' from command line to 'False'
[0.182s] Level 5:colcon.colcon_core.verb:set package 'ransac_pkg' build argument 'cmake_clean_first' from command line to 'False'
[0.182s] Level 5:colcon.colcon_core.verb:set package 'ransac_pkg' build argument 'cmake_force_configure' from command line to 'False'
[0.182s] Level 5:colcon.colcon_core.verb:set package 'ransac_pkg' build argument 'ament_cmake_args' from command line to 'None'
[0.182s] Level 5:colcon.colcon_core.verb:set package 'ransac_pkg' build argument 'catkin_cmake_args' from command line to 'None'
[0.182s] Level 5:colcon.colcon_core.verb:set package 'ransac_pkg' build argument 'catkin_skip_building_tests' from command line to 'False'
[0.182s] DEBUG:colcon.colcon_core.verb:Building package 'ransac_pkg' with the following arguments: {'ament_cmake_args': None, 'build_base': '/home/tomoni11/Documents/ROS2/study_ws/build/ransac_pkg', 'catkin_cmake_args': None, 'catkin_skip_building_tests': False, 'cmake_args': None, 'cmake_clean_cache': False, 'cmake_clean_first': False, 'cmake_force_configure': False, 'cmake_target': None, 'cmake_target_skip_unavailable': False, 'install_base': '/home/tomoni11/Documents/ROS2/study_ws/install/ransac_pkg', 'merge_install': False, 'path': '/home/tomoni11/Documents/ROS2/study_ws/src/ransac_pkg', 'symlink_install': False, 'test_result_base': None}
[0.182s] INFO:colcon.colcon_core.executor:Executing jobs using 'parallel' executor
[0.183s] DEBUG:colcon.colcon_parallel_executor.executor.parallel:run_until_complete
[0.183s] INFO:colcon.colcon_ros.task.ament_cmake.build:Building ROS package in '/home/tomoni11/Documents/ROS2/study_ws/src/study_interface' with build type 'ament_cmake'
[0.183s] INFO:colcon.colcon_cmake.task.cmake.build:Building CMake package in '/home/tomoni11/Documents/ROS2/study_ws/src/study_interface'
[0.184s] INFO:colcon.colcon_core.plugin_system:Skipping extension 'colcon_core.shell.bat': Not used on non-Windows systems
[0.185s] INFO:colcon.colcon_core.shell:Skip shell extension 'powershell' for command environment: Not usable outside of PowerShell
[0.185s] DEBUG:colcon.colcon_core.shell:Skip shell extension 'dsv' for command environment
[0.187s] INFO:colcon.colcon_ros.task.ament_cmake.build:Building ROS package in '/home/tomoni11/Documents/ROS2/study_ws/src/interface_pkg' with build type 'ament_cmake'
[0.187s] INFO:colcon.colcon_cmake.task.cmake.build:Building CMake package in '/home/tomoni11/Documents/ROS2/study_ws/src/interface_pkg'
[0.188s] INFO:colcon.colcon_core.shell:Skip shell extension 'powershell' for command environment: Not usable outside of PowerShell
[0.188s] DEBUG:colcon.colcon_core.shell:Skip shell extension 'dsv' for command environment
[0.194s] DEBUG:colcon.colcon_core.event_handler.log_command:Invoking command in '/home/tomoni11/Documents/ROS2/study_ws/build/study_interface': CMAKE_PREFIX_PATH=${CMAKE_PREFIX_PATH}:/opt/ros/jazzy DEBUGINFOD_URLS=https://debuginfod.ubuntu.com /usr/bin/cmake --build /home/tomoni11/Documents/ROS2/study_ws/build/study_interface -- -j24 -l24
[0.197s] DEBUG:colcon.colcon_core.event_handler.log_command:Invoking command in '/home/tomoni11/Documents/ROS2/study_ws/build/interface_pkg': CMAKE_PREFIX_PATH=${CMAKE_PREFIX_PATH}:/opt/ros/jazzy DEBUGINFOD_URLS=https://debuginfod.ubuntu.com /usr/bin/cmake --build /home/tomoni11/Documents/ROS2/study_ws/build/interface_pkg -- -j24 -l24
[0.508s] DEBUG:colcon.colcon_core.event_handler.log_command:Invoked command in '/home/tomoni11/Documents/ROS2/study_ws/build/interface_pkg' returned '0': CMAKE_PREFIX_PATH=${CMAKE_PREFIX_PATH}:/opt/ros/jazzy DEBUGINFOD_URLS=https://debuginfod.ubuntu.com /usr/bin/cmake --build /home/tomoni11/Documents/ROS2/study_ws/build/interface_pkg -- -j24 -l24
[0.517s] DEBUG:colcon.colcon_core.event_handler.log_command:Invoking command in '/home/tomoni11/Documents/ROS2/study_ws/build/interface_pkg': CMAKE_PREFIX_PATH=${CMAKE_PREFIX_PATH}:/opt/ros/jazzy DEBUGINFOD_URLS=https://debuginfod.ubuntu.com /usr/bin/cmake --install /home/tomoni11/Documents/ROS2/study_ws/build/interface_pkg
[0.517s] DEBUG:colcon.colcon_core.event_handler.log_command:Invoked command in '/home/tomoni11/Documents/ROS2/study_ws/build/study_interface' returned '0': CMAKE_PREFIX_PATH=${CMAKE_PREFIX_PATH}:/opt/ros/jazzy DEBUGINFOD_URLS=https://debuginfod.ubuntu.com /usr/bin/cmake --build /home/tomoni11/Documents/ROS2/study_ws/build/study_interface -- -j24 -l24
[0.518s] DEBUG:colcon.colcon_core.event_handler.log_command:Invoking command in '/home/tomoni11/Documents/ROS2/study_ws/build/study_interface': CMAKE_PREFIX_PATH=${CMAKE_PREFIX_PATH}:/opt/ros/jazzy DEBUGINFOD_URLS=https://debuginfod.ubuntu.com /usr/bin/cmake --install /home/tomoni11/Documents/ROS2/study_ws/build/study_interface
[0.571s] Level 1:colcon.colcon_core.environment:create_environment_scripts_only(interface_pkg)
[0.573s] Level 1:colcon.colcon_core.environment:checking '/home/tomoni11/Documents/ROS2/study_ws/install/interface_pkg' for CMake module files
[0.574s] Level 1:colcon.colcon_core.environment:checking '/home/tomoni11/Documents/ROS2/study_ws/install/interface_pkg' for CMake config files
[0.574s] Level 1:colcon.colcon_core.shell:create_environment_hook('interface_pkg', 'cmake_prefix_path')
[0.574s] INFO:colcon.colcon_core.shell:Creating environment hook '/home/tomoni11/Documents/ROS2/study_ws/install/interface_pkg/share/interface_pkg/hook/cmake_prefix_path.ps1'
[0.575s] INFO:colcon.colcon_core.shell:Creating environment descriptor '/home/tomoni11/Documents/ROS2/study_ws/install/interface_pkg/share/interface_pkg/hook/cmake_prefix_path.dsv'
[0.575s] DEBUG:colcon.colcon_core.event_handler.log_command:Invoked command in '/home/tomoni11/Documents/ROS2/study_ws/build/interface_pkg' returned '0': CMAKE_PREFIX_PATH=${CMAKE_PREFIX_PATH}:/opt/ros/jazzy DEBUGINFOD_URLS=https://debuginfod.ubuntu.com /usr/bin/cmake --install /home/tomoni11/Documents/ROS2/study_ws/build/interface_pkg
[0.575s] INFO:colcon.colcon_core.shell:Creating environment hook '/home/tomoni11/Documents/ROS2/study_ws/install/interface_pkg/share/interface_pkg/hook/cmake_prefix_path.sh'
[0.576s] Level 1:colcon.colcon_core.environment:checking '/home/tomoni11/Documents/ROS2/study_ws/install/interface_pkg/lib'
[0.576s] Level 1:colcon.colcon_core.shell:create_environment_hook('interface_pkg', 'ld_library_path_lib')
[0.576s] INFO:colcon.colcon_core.shell:Creating environment hook '/home/tomoni11/Documents/ROS2/study_ws/install/interface_pkg/share/interface_pkg/hook/ld_library_path_lib.ps1'
[0.577s] INFO:colcon.colcon_core.shell:Creating environment descriptor '/home/tomoni11/Documents/ROS2/study_ws/install/interface_pkg/share/interface_pkg/hook/ld_library_path_lib.dsv'
[0.577s] INFO:colcon.colcon_core.shell:Creating environment hook '/home/tomoni11/Documents/ROS2/study_ws/install/interface_pkg/share/interface_pkg/hook/ld_library_path_lib.sh'
[0.577s] Level 1:colcon.colcon_core.environment:checking '/home/tomoni11/Documents/ROS2/study_ws/install/interface_pkg/bin'
[0.577s] Level 1:colcon.colcon_core.environment:checking '/home/tomoni11/Documents/ROS2/study_ws/install/interface_pkg/lib/pkgconfig/interface_pkg.pc'
[0.578s] Level 1:colcon.colcon_core.environment:checking '/home/tomoni11/Documents/ROS2/study_ws/install/interface_pkg/lib/python3.12/site-packages'
[0.578s] Level 1:colcon.colcon_core.shell:create_environment_hook('interface_pkg', 'pythonpath')
[0.578s] INFO:colcon.colcon_core.shell:Creating environment hook '/home/tomoni11/Documents/ROS2/study_ws/install/interface_pkg/share/interface_pkg/hook/pythonpath.ps1'
[0.578s] INFO:colcon.colcon_core.shell:Creating environment descriptor '/home/tomoni11/Documents/ROS2/study_ws/install/interface_pkg/share/interface_pkg/hook/pythonpath.dsv'
[0.578s] INFO:colcon.colcon_core.shell:Creating environment hook '/home/tomoni11/Documents/ROS2/study_ws/install/interface_pkg/share/interface_pkg/hook/pythonpath.sh'
[0.579s] Level 1:colcon.colcon_core.environment:checking '/home/tomoni11/Documents/ROS2/study_ws/install/interface_pkg/bin'
[0.579s] INFO:colcon.colcon_core.shell:Creating package script '/home/tomoni11/Documents/ROS2/study_ws/install/interface_pkg/share/interface_pkg/package.ps1'
[0.579s] INFO:colcon.colcon_core.shell:Creating package descriptor '/home/tomoni11/Documents/ROS2/study_ws/install/interface_pkg/share/interface_pkg/package.dsv'
[0.580s] INFO:colcon.colcon_core.shell:Creating package script '/home/tomoni11/Documents/ROS2/study_ws/install/interface_pkg/share/interface_pkg/package.sh'
[0.580s] INFO:colcon.colcon_core.shell:Creating package script '/home/tomoni11/Documents/ROS2/study_ws/install/interface_pkg/share/interface_pkg/package.bash'
[0.581s] INFO:colcon.colcon_core.shell:Creating package script '/home/tomoni11/Documents/ROS2/study_ws/install/interface_pkg/share/interface_pkg/package.zsh'
[0.581s] Level 1:colcon.colcon_core.environment:create_file_with_runtime_dependencies(/home/tomoni11/Documents/ROS2/study_ws/install/interface_pkg/share/colcon-core/packages/interface_pkg)
[0.582s] Level 1:colcon.colcon_core.environment:create_environment_scripts_only(interface_pkg)
[0.582s] Level 1:colcon.colcon_core.environment:checking '/home/tomoni11/Documents/ROS2/study_ws/install/interface_pkg' for CMake module files
[0.582s] Level 1:colcon.colcon_core.environment:checking '/home/tomoni11/Documents/ROS2/study_ws/install/interface_pkg' for CMake config files
[0.583s] Level 1:colcon.colcon_core.shell:create_environment_hook('interface_pkg', 'cmake_prefix_path')
[0.583s] INFO:colcon.colcon_core.shell:Creating environment hook '/home/tomoni11/Documents/ROS2/study_ws/install/interface_pkg/share/interface_pkg/hook/cmake_prefix_path.ps1'
[0.583s] INFO:colcon.colcon_core.shell:Creating environment descriptor '/home/tomoni11/Documents/ROS2/study_ws/install/interface_pkg/share/interface_pkg/hook/cmake_prefix_path.dsv'
[0.583s] INFO:colcon.colcon_core.shell:Creating environment hook '/home/tomoni11/Documents/ROS2/study_ws/install/interface_pkg/share/interface_pkg/hook/cmake_prefix_path.sh'
[0.584s] Level 1:colcon.colcon_core.environment:checking '/home/tomoni11/Documents/ROS2/study_ws/install/interface_pkg/lib'
[0.584s] Level 1:colcon.colcon_core.shell:create_environment_hook('interface_pkg', 'ld_library_path_lib')
[0.584s] INFO:colcon.colcon_core.shell:Creating environment hook '/home/tomoni11/Documents/ROS2/study_ws/install/interface_pkg/share/interface_pkg/hook/ld_library_path_lib.ps1'
[0.584s] INFO:colcon.colcon_core.shell:Creating environment descriptor '/home/tomoni11/Documents/ROS2/study_ws/install/interface_pkg/share/interface_pkg/hook/ld_library_path_lib.dsv'
[0.584s] INFO:colcon.colcon_core.shell:Creating environment hook '/home/tomoni11/Documents/ROS2/study_ws/install/interface_pkg/share/interface_pkg/hook/ld_library_path_lib.sh'
[0.585s] Level 1:colcon.colcon_core.environment:checking '/home/tomoni11/Documents/ROS2/study_ws/install/interface_pkg/bin'
[0.585s] Level 1:colcon.colcon_core.environment:checking '/home/tomoni11/Documents/ROS2/study_ws/install/interface_pkg/lib/pkgconfig/interface_pkg.pc'
[0.585s] Level 1:colcon.colcon_core.environment:checking '/home/tomoni11/Documents/ROS2/study_ws/install/interface_pkg/lib/python3.12/site-packages'
[0.585s] Level 1:colcon.colcon_core.shell:create_environment_hook('interface_pkg', 'pythonpath')
[0.585s] INFO:colcon.colcon_core.shell:Creating environment hook '/home/tomoni11/Documents/ROS2/study_ws/install/interface_pkg/share/interface_pkg/hook/pythonpath.ps1'
[0.585s] INFO:colcon.colcon_core.shell:Creating environment descriptor '/home/tomoni11/Documents/ROS2/study_ws/install/interface_pkg/share/interface_pkg/hook/pythonpath.dsv'
[0.586s] INFO:colcon.colcon_core.shell:Creating environment hook '/home/tomoni11/Documents/ROS2/study_ws/install/interface_pkg/share/interface_pkg/hook/pythonpath.sh'
[0.586s] Level 1:colcon.colcon_core.environment:checking '/home/tomoni11/Documents/ROS2/study_ws/install/interface_pkg/bin'
[0.586s] INFO:colcon.colcon_core.shell:Creating package script '/home/tomoni11/Documents/ROS2/study_ws/install/interface_pkg/share/interface_pkg/package.ps1'
[0.587s] INFO:colcon.colcon_core.shell:Creating package descriptor '/home/tomoni11/Documents/ROS2/study_ws/install/interface_pkg/share/interface_pkg/package.dsv'
[0.587s] INFO:colcon.colcon_core.shell:Creating package script '/home/tomoni11/Documents/ROS2/study_ws/install/interface_pkg/share/interface_pkg/package.sh'
[0.587s] INFO:colcon.colcon_core.shell:Creating package script '/home/tomoni11/Documents/ROS2/study_ws/install/interface_pkg/share/interface_pkg/package.bash'
[0.588s] INFO:colcon.colcon_core.shell:Creating package script '/home/tomoni11/Documents/ROS2/study_ws/install/interface_pkg/share/interface_pkg/package.zsh'
[0.588s] Level 1:colcon.colcon_core.environment:create_file_with_runtime_dependencies(/home/tomoni11/Documents/ROS2/study_ws/install/interface_pkg/share/colcon-core/packages/interface_pkg)
[0.588s] Level 1:colcon.colcon_core.environment:create_environment_scripts_only(study_interface)
[0.589s] Level 1:colcon.colcon_core.environment:checking '/home/tomoni11/Documents/ROS2/study_ws/install/study_interface' for CMake module files
[0.589s] Level 1:colcon.colcon_core.environment:checking '/home/tomoni11/Documents/ROS2/study_ws/install/study_interface' for CMake config files
[0.590s] Level 1:colcon.colcon_core.shell:create_environment_hook('study_interface', 'cmake_prefix_path')
[0.590s] INFO:colcon.colcon_core.shell:Creating environment hook '/home/tomoni11/Documents/ROS2/study_ws/install/study_interface/share/study_interface/hook/cmake_prefix_path.ps1'
[0.591s] DEBUG:colcon.colcon_core.event_handler.log_command:Invoked command in '/home/tomoni11/Documents/ROS2/study_ws/build/study_interface' returned '0': CMAKE_PREFIX_PATH=${CMAKE_PREFIX_PATH}:/opt/ros/jazzy DEBUGINFOD_URLS=https://debuginfod.ubuntu.com /usr/bin/cmake --install /home/tomoni11/Documents/ROS2/study_ws/build/study_interface
[0.591s] INFO:colcon.colcon_core.shell:Creating environment descriptor '/home/tomoni11/Documents/ROS2/study_ws/install/study_interface/share/study_interface/hook/cmake_prefix_path.dsv'
[0.591s] INFO:colcon.colcon_core.shell:Creating environment hook '/home/tomoni11/Documents/ROS2/study_ws/install/study_interface/share/study_interface/hook/cmake_prefix_path.sh'
[0.592s] Level 1:colcon.colcon_core.environment:checking '/home/tomoni11/Documents/ROS2/study_ws/install/study_interface/lib'
[0.592s] Level 1:colcon.colcon_core.shell:create_environment_hook('study_interface', 'ld_library_path_lib')
[0.592s] INFO:colcon.colcon_core.shell:Creating environment hook '/home/tomoni11/Documents/ROS2/study_ws/install/study_interface/share/study_interface/hook/ld_library_path_lib.ps1'
[0.592s] INFO:colcon.colcon_core.shell:Creating environment descriptor '/home/tomoni11/Documents/ROS2/study_ws/install/study_interface/share/study_interface/hook/ld_library_path_lib.dsv'
[0.592s] INFO:colcon.colcon_core.shell:Creating environment hook '/home/tomoni11/Documents/ROS2/study_ws/install/study_interface/share/study_interface/hook/ld_library_path_lib.sh'
[0.593s] Level 1:colcon.colcon_core.environment:checking '/home/tomoni11/Documents/ROS2/study_ws/install/study_interface/bin'
[0.593s] Level 1:colcon.colcon_core.environment:checking '/home/tomoni11/Documents/ROS2/study_ws/install/study_interface/lib/pkgconfig/study_interface.pc'
[0.593s] Level 1:colcon.colcon_core.environment:checking '/home/tomoni11/Documents/ROS2/study_ws/install/study_interface/lib/python3.12/site-packages'
[0.593s] Level 1:colcon.colcon_core.shell:create_environment_hook('study_interface', 'pythonpath')
[0.593s] INFO:colcon.colcon_core.shell:Creating environment hook '/home/tomoni11/Documents/ROS2/study_ws/install/study_interface/share/study_interface/hook/pythonpath.ps1'
[0.593s] INFO:colcon.colcon_core.shell:Creating environment descriptor '/home/tomoni11/Documents/ROS2/study_ws/install/study_interface/share/study_interface/hook/pythonpath.dsv'
[0.594s] INFO:colcon.colcon_core.shell:Creating environment hook '/home/tomoni11/Documents/ROS2/study_ws/install/study_interface/share/study_interface/hook/pythonpath.sh'
[0.594s] Level 1:colcon.colcon_core.environment:checking '/home/tomoni11/Documents/ROS2/study_ws/install/study_interface/bin'
[0.594s] INFO:colcon.colcon_core.shell:Creating package script '/home/tomoni11/Documents/ROS2/study_ws/install/study_interface/share/study_interface/package.ps1'
[0.595s] INFO:colcon.colcon_core.shell:Creating package descriptor '/home/tomoni11/Documents/ROS2/study_ws/install/study_interface/share/study_interface/package.dsv'
[0.595s] INFO:colcon.colcon_core.shell:Creating package script '/home/tomoni11/Documents/ROS2/study_ws/install/study_interface/share/study_interface/package.sh'
[0.595s] INFO:colcon.colcon_core.shell:Creating package script '/home/tomoni11/Documents/ROS2/study_ws/install/study_interface/share/study_interface/package.bash'
[0.596s] INFO:colcon.colcon_core.shell:Creating package script '/home/tomoni11/Documents/ROS2/study_ws/install/study_interface/share/study_interface/package.zsh'
[0.596s] Level 1:colcon.colcon_core.environment:create_file_with_runtime_dependencies(/home/tomoni11/Documents/ROS2/study_ws/install/study_interface/share/colcon-core/packages/study_interface)
[0.596s] Level 1:colcon.colcon_core.environment:create_environment_scripts_only(study_interface)
[0.596s] Level 1:colcon.colcon_core.environment:checking '/home/tomoni11/Documents/ROS2/study_ws/install/study_interface' for CMake module files
[0.597s] Level 1:colcon.colcon_core.environment:checking '/home/tomoni11/Documents/ROS2/study_ws/install/study_interface' for CMake config files
[0.597s] Level 1:colcon.colcon_core.shell:create_environment_hook('study_interface', 'cmake_prefix_path')
[0.597s] INFO:colcon.colcon_core.shell:Creating environment hook '/home/tomoni11/Documents/ROS2/study_ws/install/study_interface/share/study_interface/hook/cmake_prefix_path.ps1'
[0.598s] INFO:colcon.colcon_core.shell:Creating environment descriptor '/home/tomoni11/Documents/ROS2/study_ws/install/study_interface/share/study_interface/hook/cmake_prefix_path.dsv'
[0.598s] INFO:colcon.colcon_core.shell:Creating environment hook '/home/tomoni11/Documents/ROS2/study_ws/install/study_interface/share/study_interface/hook/cmake_prefix_path.sh'
[0.598s] Level 1:colcon.colcon_core.environment:checking '/home/tomoni11/Documents/ROS2/study_ws/install/study_interface/lib'
[0.598s] Level 1:colcon.colcon_core.shell:create_environment_hook('study_interface', 'ld_library_path_lib')
[0.599s] INFO:colcon.colcon_core.shell:Creating environment hook '/home/tomoni11/Documents/ROS2/study_ws/install/study_interface/share/study_interface/hook/ld_library_path_lib.ps1'
[0.599s] INFO:colcon.colcon_core.shell:Creating environment descriptor '/home/tomoni11/Documents/ROS2/study_ws/install/study_interface/share/study_interface/hook/ld_library_path_lib.dsv'
[0.599s] INFO:colcon.colcon_core.shell:Creating environment hook '/home/tomoni11/Documents/ROS2/study_ws/install/study_interface/share/study_interface/hook/ld_library_path_lib.sh'
[0.599s] Level 1:colcon.colcon_core.environment:checking '/home/tomoni11/Documents/ROS2/study_ws/install/study_interface/bin'
[0.599s] Level 1:colcon.colcon_core.environment:checking '/home/tomoni11/Documents/ROS2/study_ws/install/study_interface/lib/pkgconfig/study_interface.pc'
[0.600s] Level 1:colcon.colcon_core.environment:checking '/home/tomoni11/Documents/ROS2/study_ws/install/study_interface/lib/python3.12/site-packages'
[0.600s] Level 1:colcon.colcon_core.shell:create_environment_hook('study_interface', 'pythonpath')
[0.600s] INFO:colcon.colcon_core.shell:Creating environment hook '/home/tomoni11/Documents/ROS2/study_ws/install/study_interface/share/study_interface/hook/pythonpath.ps1'
[0.600s] INFO:colcon.colcon_core.shell:Creating environment descriptor '/home/tomoni11/Documents/ROS2/study_ws/install/study_interface/share/study_interface/hook/pythonpath.dsv'
[0.600s] INFO:colcon.colcon_core.shell:Creating environment hook '/home/tomoni11/Documents/ROS2/study_ws/install/study_interface/share/study_interface/hook/pythonpath.sh'
[0.601s] Level 1:colcon.colcon_core.environment:checking '/home/tomoni11/Documents/ROS2/study_ws/install/study_interface/bin'
[0.601s] INFO:colcon.colcon_core.shell:Creating package script '/home/tomoni11/Documents/ROS2/study_ws/install/study_interface/share/study_interface/package.ps1'
[0.601s] INFO:colcon.colcon_core.shell:Creating package descriptor '/home/tomoni11/Documents/ROS2/study_ws/install/study_interface/share/study_interface/package.dsv'
[0.602s] INFO:colcon.colcon_core.shell:Creating package script '/home/tomoni11/Documents/ROS2/study_ws/install/study_interface/share/study_interface/package.sh'
[0.602s] INFO:colcon.colcon_core.shell:Creating package script '/home/tomoni11/Documents/ROS2/study_ws/install/study_interface/share/study_interface/package.bash'
[0.602s] INFO:colcon.colcon_core.shell:Creating package script '/home/tomoni11/Documents/ROS2/study_ws/install/study_interface/share/study_interface/package.zsh'
[0.603s] Level 1:colcon.colcon_core.environment:create_file_with_runtime_dependencies(/home/tomoni11/Documents/ROS2/study_ws/install/study_interface/share/colcon-core/packages/study_interface)
[0.603s] INFO:colcon.colcon_ros.task.ament_cmake.build:Building ROS package in '/home/tomoni11/Documents/ROS2/study_ws/src/make_cloud_pkg' with build type 'ament_cmake'
[0.603s] INFO:colcon.colcon_cmake.task.cmake.build:Building CMake package in '/home/tomoni11/Documents/ROS2/study_ws/src/make_cloud_pkg'
[0.603s] INFO:colcon.colcon_core.shell:Skip shell extension 'powershell' for command environment: Not usable outside of PowerShell
[0.603s] DEBUG:colcon.colcon_core.shell:Skip shell extension 'dsv' for command environment
[0.608s] INFO:colcon.colcon_ros.task.ament_cmake.build:Building ROS package in '/home/tomoni11/Documents/ROS2/study_ws/src/ransac_pkg' with build type 'ament_cmake'
[0.608s] INFO:colcon.colcon_cmake.task.cmake.build:Building CMake package in '/home/tomoni11/Documents/ROS2/study_ws/src/ransac_pkg'
[0.608s] INFO:colcon.colcon_core.shell:Skip shell extension 'powershell' for command environment: Not usable outside of PowerShell
[0.608s] DEBUG:colcon.colcon_core.shell:Skip shell extension 'dsv' for command environment
[0.614s] DEBUG:colcon.colcon_core.event_handler.log_command:Invoking command in '/home/tomoni11/Documents/ROS2/study_ws/build/make_cloud_pkg': CMAKE_PREFIX_PATH=/home/tomoni11/Documents/ROS2/study_ws/install/study_interface:/home/tomoni11/Documents/ROS2/study_ws/install/ransac_pkg:/home/tomoni11/Documents/ROS2/study_ws/install/make_cloud_pkg:/home/tomoni11/Documents/ROS2/study_ws/install/interface_pkg:/opt/ros/jazzy/opt/gz_sim_vendor:/opt/ros/jazzy/opt/gz_sensors_vendor:/opt/ros/jazzy/opt/gz_physics_vendor:/opt/ros/jazzy/opt/sdformat_vendor:/opt/ros/jazzy/opt/gz_gui_vendor:/opt/ros/jazzy/opt/gz_transport_vendor:/opt/ros/jazzy/opt/gz_rendering_vendor:/opt/ros/jazzy/opt/gz_plugin_vendor:/opt/ros/jazzy/opt/gz_fuel_tools_vendor:/opt/ros/jazzy/opt/gz_msgs_vendor:/opt/ros/jazzy/opt/gz_common_vendor:/opt/ros/jazzy/opt/gz_math_vendor:/opt/ros/jazzy/opt/gz_utils_vendor:/opt/ros/jazzy/opt/gz_tools_vendor:/opt/ros/jazzy/opt/gz_ogre_next_vendor:/opt/ros/jazzy/opt/gz_dartsim_vendor:/opt/ros/jazzy/opt/gz_cmake_vendor:/opt/ros/jazzy DEBUGINFOD_URLS=https://debuginfod.ubuntu.com /usr/bin/cmake --build /home/tomoni11/Documents/ROS2/study_ws/build/make_cloud_pkg -- -j24 -l24
[0.618s] DEBUG:colcon.colcon_core.event_handler.log_command:Invoking command in '/home/tomoni11/Documents/ROS2/study_ws/build/ransac_pkg': CMAKE_PREFIX_PATH=/home/tomoni11/Documents/ROS2/study_ws/install/study_interface:/home/tomoni11/Documents/ROS2/study_ws/install/interface_pkg:/home/tomoni11/Documents/ROS2/study_ws/install/ransac_pkg:/home/tomoni11/Documents/ROS2/study_ws/install/make_cloud_pkg:/opt/ros/jazzy/opt/gz_sim_vendor:/opt/ros/jazzy/opt/gz_sensors_vendor:/opt/ros/jazzy/opt/gz_physics_vendor:/opt/ros/jazzy/opt/sdformat_vendor:/opt/ros/jazzy/opt/gz_gui_vendor:/opt/ros/jazzy/opt/gz_transport_vendor:/opt/ros/jazzy/opt/gz_rendering_vendor:/opt/ros/jazzy/opt/gz_plugin_vendor:/opt/ros/jazzy/opt/gz_fuel_tools_vendor:/opt/ros/jazzy/opt/gz_msgs_vendor:/opt/ros/jazzy/opt/gz_common_vendor:/opt/ros/jazzy/opt/gz_math_vendor:/opt/ros/jazzy/opt/gz_utils_vendor:/opt/ros/jazzy/opt/gz_tools_vendor:/opt/ros/jazzy/opt/gz_ogre_next_vendor:/opt/ros/jazzy/opt/gz_dartsim_vendor:/opt/ros/jazzy/opt/gz_cmake_vendor:/opt/ros/jazzy DEBUGINFOD_URLS=https://debuginfod.ubuntu.com /usr/bin/cmake --build /home/tomoni11/Documents/ROS2/study_ws/build/ransac_pkg -- -j24 -l24
[0.677s] DEBUG:colcon.colcon_core.event_handler.log_command:Invoked command in '/home/tomoni11/Documents/ROS2/study_ws/build/ransac_pkg' returned '0': CMAKE_PREFIX_PATH=/home/tomoni11/Documents/ROS2/study_ws/install/study_interface:/home/tomoni11/Documents/ROS2/study_ws/install/interface_pkg:/home/tomoni11/Documents/ROS2/study_ws/install/ransac_pkg:/home/tomoni11/Documents/ROS2/study_ws/install/make_cloud_pkg:/opt/ros/jazzy/opt/gz_sim_vendor:/opt/ros/jazzy/opt/gz_sensors_vendor:/opt/ros/jazzy/opt/gz_physics_vendor:/opt/ros/jazzy/opt/sdformat_vendor:/opt/ros/jazzy/opt/gz_gui_vendor:/opt/ros/jazzy/opt/gz_transport_vendor:/opt/ros/jazzy/opt/gz_rendering_vendor:/opt/ros/jazzy/opt/gz_plugin_vendor:/opt/ros/jazzy/opt/gz_fuel_tools_vendor:/opt/ros/jazzy/opt/gz_msgs_vendor:/opt/ros/jazzy/opt/gz_common_vendor:/opt/ros/jazzy/opt/gz_math_vendor:/opt/ros/jazzy/opt/gz_utils_vendor:/opt/ros/jazzy/opt/gz_tools_vendor:/opt/ros/jazzy/opt/gz_ogre_next_vendor:/opt/ros/jazzy/opt/gz_dartsim_vendor:/opt/ros/jazzy/opt/gz_cmake_vendor:/opt/ros/jazzy DEBUGINFOD_URLS=https://debuginfod.ubuntu.com /usr/bin/cmake --build /home/tomoni11/Documents/ROS2/study_ws/build/ransac_pkg -- -j24 -l24
[0.678s] DEBUG:colcon.colcon_core.event_handler.log_command:Invoking command in '/home/tomoni11/Documents/ROS2/study_ws/build/ransac_pkg': CMAKE_PREFIX_PATH=/home/tomoni11/Documents/ROS2/study_ws/install/study_interface:/home/tomoni11/Documents/ROS2/study_ws/install/interface_pkg:/home/tomoni11/Documents/ROS2/study_ws/install/ransac_pkg:/home/tomoni11/Documents/ROS2/study_ws/install/make_cloud_pkg:/opt/ros/jazzy/opt/gz_sim_vendor:/opt/ros/jazzy/opt/gz_sensors_vendor:/opt/ros/jazzy/opt/gz_physics_vendor:/opt/ros/jazzy/opt/sdformat_vendor:/opt/ros/jazzy/opt/gz_gui_vendor:/opt/ros/jazzy/opt/gz_transport_vendor:/opt/ros/jazzy/opt/gz_rendering_vendor:/opt/ros/jazzy/opt/gz_plugin_vendor:/opt/ros/jazzy/opt/gz_fuel_tools_vendor:/opt/ros/jazzy/opt/gz_msgs_vendor:/opt/ros/jazzy/opt/gz_common_vendor:/opt/ros/jazzy/opt/gz_math_vendor:/opt/ros/jazzy/opt/gz_utils_vendor:/opt/ros/jazzy/opt/gz_tools_vendor:/opt/ros/jazzy/opt/gz_ogre_next_vendor:/opt/ros/jazzy/opt/gz_dartsim_vendor:/opt/ros/jazzy/opt/gz_cmake_vendor:/opt/ros/jazzy DEBUGINFOD_URLS=https://debuginfod.ubuntu.com /usr/bin/cmake --install /home/tomoni11/Documents/ROS2/study_ws/build/ransac_pkg
[0.686s] Level 1:colcon.colcon_core.environment:create_environment_scripts_only(ransac_pkg)
[0.687s] Level 1:colcon.colcon_core.environment:checking '/home/tomoni11/Documents/ROS2/study_ws/install/ransac_pkg' for CMake module files
[0.687s] DEBUG:colcon.colcon_core.event_handler.log_command:Invoked command in '/home/tomoni11/Documents/ROS2/study_ws/build/ransac_pkg' returned '0': CMAKE_PREFIX_PATH=/home/tomoni11/Documents/ROS2/study_ws/install/study_interface:/home/tomoni11/Documents/ROS2/study_ws/install/interface_pkg:/home/tomoni11/Documents/ROS2/study_ws/install/ransac_pkg:/home/tomoni11/Documents/ROS2/study_ws/install/make_cloud_pkg:/opt/ros/jazzy/opt/gz_sim_vendor:/opt/ros/jazzy/opt/gz_sensors_vendor:/opt/ros/jazzy/opt/gz_physics_vendor:/opt/ros/jazzy/opt/sdformat_vendor:/opt/ros/jazzy/opt/gz_gui_vendor:/opt/ros/jazzy/opt/gz_transport_vendor:/opt/ros/jazzy/opt/gz_rendering_vendor:/opt/ros/jazzy/opt/gz_plugin_vendor:/opt/ros/jazzy/opt/gz_fuel_tools_vendor:/opt/ros/jazzy/opt/gz_msgs_vendor:/opt/ros/jazzy/opt/gz_common_vendor:/opt/ros/jazzy/opt/gz_math_vendor:/opt/ros/jazzy/opt/gz_utils_vendor:/opt/ros/jazzy/opt/gz_tools_vendor:/opt/ros/jazzy/opt/gz_ogre_next_vendor:/opt/ros/jazzy/opt/gz_dartsim_vendor:/opt/ros/jazzy/opt/gz_cmake_vendor:/opt/ros/jazzy DEBUGINFOD_URLS=https://debuginfod.ubuntu.com /usr/bin/cmake --install /home/tomoni11/Documents/ROS2/study_ws/build/ransac_pkg
[0.687s] Level 1:colcon.colcon_core.environment:checking '/home/tomoni11/Documents/ROS2/study_ws/install/ransac_pkg' for CMake config files
[0.687s] Level 1:colcon.colcon_core.shell:create_environment_hook('ransac_pkg', 'cmake_prefix_path')
[0.688s] INFO:colcon.colcon_core.shell:Creating environment hook '/home/tomoni11/Documents/ROS2/study_ws/install/ransac_pkg/share/ransac_pkg/hook/cmake_prefix_path.ps1'
[0.688s] INFO:colcon.colcon_core.shell:Creating environment descriptor '/home/tomoni11/Documents/ROS2/study_ws/install/ransac_pkg/share/ransac_pkg/hook/cmake_prefix_path.dsv'
[0.688s] INFO:colcon.colcon_core.shell:Creating environment hook '/home/tomoni11/Documents/ROS2/study_ws/install/ransac_pkg/share/ransac_pkg/hook/cmake_prefix_path.sh'
[0.689s] Level 1:colcon.colcon_core.environment:checking '/home/tomoni11/Documents/ROS2/study_ws/install/ransac_pkg/lib'
[0.689s] Level 1:colcon.colcon_core.environment:checking '/home/tomoni11/Documents/ROS2/study_ws/install/ransac_pkg/bin'
[0.689s] Level 1:colcon.colcon_core.environment:checking '/home/tomoni11/Documents/ROS2/study_ws/install/ransac_pkg/lib/pkgconfig/ransac_pkg.pc'
[0.689s] Level 1:colcon.colcon_core.environment:checking '/home/tomoni11/Documents/ROS2/study_ws/install/ransac_pkg/lib/python3.12/site-packages'
[0.689s] Level 1:colcon.colcon_core.environment:checking '/home/tomoni11/Documents/ROS2/study_ws/install/ransac_pkg/bin'
[0.689s] INFO:colcon.colcon_core.shell:Creating package script '/home/tomoni11/Documents/ROS2/study_ws/install/ransac_pkg/share/ransac_pkg/package.ps1'
[0.689s] INFO:colcon.colcon_core.shell:Creating package descriptor '/home/tomoni11/Documents/ROS2/study_ws/install/ransac_pkg/share/ransac_pkg/package.dsv'
[0.690s] INFO:colcon.colcon_core.shell:Creating package script '/home/tomoni11/Documents/ROS2/study_ws/install/ransac_pkg/share/ransac_pkg/package.sh'
[0.690s] INFO:colcon.colcon_core.shell:Creating package script '/home/tomoni11/Documents/ROS2/study_ws/install/ransac_pkg/share/ransac_pkg/package.bash'
[0.690s] INFO:colcon.colcon_core.shell:Creating package script '/home/tomoni11/Documents/ROS2/study_ws/install/ransac_pkg/share/ransac_pkg/package.zsh'
[0.690s] Level 1:colcon.colcon_core.environment:create_file_with_runtime_dependencies(/home/tomoni11/Documents/ROS2/study_ws/install/ransac_pkg/share/colcon-core/packages/ransac_pkg)
[0.691s] Level 1:colcon.colcon_core.environment:create_environment_scripts_only(ransac_pkg)
[0.691s] Level 1:colcon.colcon_core.environment:checking '/home/tomoni11/Documents/ROS2/study_ws/install/ransac_pkg' for CMake module files
[0.691s] Level 1:colcon.colcon_core.environment:checking '/home/tomoni11/Documents/ROS2/study_ws/install/ransac_pkg' for CMake config files
[0.691s] Level 1:colcon.colcon_core.shell:create_environment_hook('ransac_pkg', 'cmake_prefix_path')
[0.691s] INFO:colcon.colcon_core.shell:Creating environment hook '/home/tomoni11/Documents/ROS2/study_ws/install/ransac_pkg/share/ransac_pkg/hook/cmake_prefix_path.ps1'
[0.691s] INFO:colcon.colcon_core.shell:Creating environment descriptor '/home/tomoni11/Documents/ROS2/study_ws/install/ransac_pkg/share/ransac_pkg/hook/cmake_prefix_path.dsv'
[0.692s] INFO:colcon.colcon_core.shell:Creating environment hook '/home/tomoni11/Documents/ROS2/study_ws/install/ransac_pkg/share/ransac_pkg/hook/cmake_prefix_path.sh'
[0.692s] Level 1:colcon.colcon_core.environment:checking '/home/tomoni11/Documents/ROS2/study_ws/install/ransac_pkg/lib'
[0.692s] Level 1:colcon.colcon_core.environment:checking '/home/tomoni11/Documents/ROS2/study_ws/install/ransac_pkg/bin'
[0.692s] Level 1:colcon.colcon_core.environment:checking '/home/tomoni11/Documents/ROS2/study_ws/install/ransac_pkg/lib/pkgconfig/ransac_pkg.pc'
[0.692s] Level 1:colcon.colcon_core.environment:checking '/home/tomoni11/Documents/ROS2/study_ws/install/ransac_pkg/lib/python3.12/site-packages'
[0.692s] Level 1:colcon.colcon_core.environment:checking '/home/tomoni11/Documents/ROS2/study_ws/install/ransac_pkg/bin'
[0.693s] INFO:colcon.colcon_core.shell:Creating package script '/home/tomoni11/Documents/ROS2/study_ws/install/ransac_pkg/share/ransac_pkg/package.ps1'
[0.693s] INFO:colcon.colcon_core.shell:Creating package descriptor '/home/tomoni11/Documents/ROS2/study_ws/install/ransac_pkg/share/ransac_pkg/package.dsv'
[0.693s] INFO:colcon.colcon_core.shell:Creating package script '/home/tomoni11/Documents/ROS2/study_ws/install/ransac_pkg/share/ransac_pkg/package.sh'
[0.693s] INFO:colcon.colcon_core.shell:Creating package script '/home/tomoni11/Documents/ROS2/study_ws/install/ransac_pkg/share/ransac_pkg/package.bash'
[0.694s] INFO:colcon.colcon_core.shell:Creating package script '/home/tomoni11/Documents/ROS2/study_ws/install/ransac_pkg/share/ransac_pkg/package.zsh'
[0.694s] Level 1:colcon.colcon_core.environment:create_file_with_runtime_dependencies(/home/tomoni11/Documents/ROS2/study_ws/install/ransac_pkg/share/colcon-core/packages/ransac_pkg)
[3.748s] DEBUG:colcon.colcon_core.event_handler.log_command:Invoked command in '/home/tomoni11/Documents/ROS2/study_ws/build/make_cloud_pkg' returned '2': CMAKE_PREFIX_PATH=/home/tomoni11/Documents/ROS2/study_ws/install/study_interface:/home/tomoni11/Documents/ROS2/study_ws/install/ransac_pkg:/home/tomoni11/Documents/ROS2/study_ws/install/make_cloud_pkg:/home/tomoni11/Documents/ROS2/study_ws/install/interface_pkg:/opt/ros/jazzy/opt/gz_sim_vendor:/opt/ros/jazzy/opt/gz_sensors_vendor:/opt/ros/jazzy/opt/gz_physics_vendor:/opt/ros/jazzy/opt/sdformat_vendor:/opt/ros/jazzy/opt/gz_gui_vendor:/opt/ros/jazzy/opt/gz_transport_vendor:/opt/ros/jazzy/opt/gz_rendering_vendor:/opt/ros/jazzy/opt/gz_plugin_vendor:/opt/ros/jazzy/opt/gz_fuel_tools_vendor:/opt/ros/jazzy/opt/gz_msgs_vendor:/opt/ros/jazzy/opt/gz_common_vendor:/opt/ros/jazzy/opt/gz_math_vendor:/opt/ros/jazzy/opt/gz_utils_vendor:/opt/ros/jazzy/opt/gz_tools_vendor:/opt/ros/jazzy/opt/gz_ogre_next_vendor:/opt/ros/jazzy/opt/gz_dartsim_vendor:/opt/ros/jazzy/opt/gz_cmake_vendor:/opt/ros/jazzy DEBUGINFOD_URLS=https://debuginfod.ubuntu.com /usr/bin/cmake --build /home/tomoni11/Documents/ROS2/study_ws/build/make_cloud_pkg -- -j24 -l24
[3.749s] Level 1:colcon.colcon_core.environment:create_environment_scripts_only(make_cloud_pkg)
[3.749s] Level 1:colcon.colcon_core.environment:checking '/home/tomoni11/Documents/ROS2/study_ws/install/make_cloud_pkg' for CMake module files
[3.749s] Level 1:colcon.colcon_core.environment:checking '/home/tomoni11/Documents/ROS2/study_ws/install/make_cloud_pkg' for CMake config files
[3.749s] Level 1:colcon.colcon_core.shell:create_environment_hook('make_cloud_pkg', 'cmake_prefix_path')
[3.749s] INFO:colcon.colcon_core.shell:Creating environment hook '/home/tomoni11/Documents/ROS2/study_ws/install/make_cloud_pkg/share/make_cloud_pkg/hook/cmake_prefix_path.ps1'
[3.750s] INFO:colcon.colcon_core.shell:Creating environment descriptor '/home/tomoni11/Documents/ROS2/study_ws/install/make_cloud_pkg/share/make_cloud_pkg/hook/cmake_prefix_path.dsv'
[3.750s] INFO:colcon.colcon_core.shell:Creating environment hook '/home/tomoni11/Documents/ROS2/study_ws/install/make_cloud_pkg/share/make_cloud_pkg/hook/cmake_prefix_path.sh'
[3.750s] Level 1:colcon.colcon_core.environment:checking '/home/tomoni11/Documents/ROS2/study_ws/install/make_cloud_pkg/lib'
[3.750s] Level 1:colcon.colcon_core.environment:checking '/home/tomoni11/Documents/ROS2/study_ws/install/make_cloud_pkg/bin'
[3.750s] Level 1:colcon.colcon_core.environment:checking '/home/tomoni11/Documents/ROS2/study_ws/install/make_cloud_pkg/lib/pkgconfig/make_cloud_pkg.pc'
[3.751s] Level 1:colcon.colcon_core.environment:checking '/home/tomoni11/Documents/ROS2/study_ws/install/make_cloud_pkg/lib/python3.12/site-packages'
[3.751s] Level 1:colcon.colcon_core.environment:checking '/home/tomoni11/Documents/ROS2/study_ws/install/make_cloud_pkg/bin'
[3.751s] INFO:colcon.colcon_core.shell:Creating package script '/home/tomoni11/Documents/ROS2/study_ws/install/make_cloud_pkg/share/make_cloud_pkg/package.ps1'
[3.751s] INFO:colcon.colcon_core.shell:Creating package descriptor '/home/tomoni11/Documents/ROS2/study_ws/install/make_cloud_pkg/share/make_cloud_pkg/package.dsv'
[3.751s] INFO:colcon.colcon_core.shell:Creating package script '/home/tomoni11/Documents/ROS2/study_ws/install/make_cloud_pkg/share/make_cloud_pkg/package.sh'
[3.752s] INFO:colcon.colcon_core.shell:Creating package script '/home/tomoni11/Documents/ROS2/study_ws/install/make_cloud_pkg/share/make_cloud_pkg/package.bash'
[3.752s] INFO:colcon.colcon_core.shell:Creating package script '/home/tomoni11/Documents/ROS2/study_ws/install/make_cloud_pkg/share/make_cloud_pkg/package.zsh'
[3.752s] Level 1:colcon.colcon_core.environment:create_file_with_runtime_dependencies(/home/tomoni11/Documents/ROS2/study_ws/install/make_cloud_pkg/share/colcon-core/packages/make_cloud_pkg)
[3.762s] DEBUG:colcon.colcon_parallel_executor.executor.parallel:closing loop
[3.763s] DEBUG:colcon.colcon_parallel_executor.executor.parallel:loop closed
[3.763s] DEBUG:colcon.colcon_parallel_executor.executor.parallel:run_until_complete finished with '2'
[3.763s] DEBUG:colcon.colcon_core.event_reactor:joining thread
[3.767s] INFO:colcon.colcon_core.plugin_system:Skipping extension 'colcon_notification.desktop_notification.terminal_notifier': Not used on non-Darwin systems
[3.767s] INFO:colcon.colcon_core.plugin_system:Skipping extension 'colcon_notification.desktop_notification.win32': Not used on non-Windows systems
[3.767s] INFO:colcon.colcon_notification.desktop_notification:Sending desktop notification using 'notify2'
[3.775s] DEBUG:colcon.colcon_core.event_reactor:joined thread
[3.775s] INFO:colcon.colcon_core.shell:Creating prefix script '/home/tomoni11/Documents/ROS2/study_ws/install/local_setup.ps1'
[3.776s] INFO:colcon.colcon_core.shell:Creating prefix util module '/home/tomoni11/Documents/ROS2/study_ws/install/_local_setup_util_ps1.py'
[3.777s] INFO:colcon.colcon_core.shell:Creating prefix chain script '/home/tomoni11/Documents/ROS2/study_ws/install/setup.ps1'
[3.778s] INFO:colcon.colcon_core.shell:Creating prefix script '/home/tomoni11/Documents/ROS2/study_ws/install/local_setup.sh'
[3.778s] INFO:colcon.colcon_core.shell:Creating prefix util module '/home/tomoni11/Documents/ROS2/study_ws/install/_local_setup_util_sh.py'
[3.779s] INFO:colcon.colcon_core.shell:Creating prefix chain script '/home/tomoni11/Documents/ROS2/study_ws/install/setup.sh'
[3.780s] INFO:colcon.colcon_core.shell:Creating prefix script '/home/tomoni11/Documents/ROS2/study_ws/install/local_setup.bash'
[3.780s] INFO:colcon.colcon_core.shell:Creating prefix chain script '/home/tomoni11/Documents/ROS2/study_ws/install/setup.bash'
[3.781s] INFO:colcon.colcon_core.shell:Creating prefix script '/home/tomoni11/Documents/ROS2/study_ws/install/local_setup.zsh'
[3.781s] INFO:colcon.colcon_core.shell:Creating prefix chain script '/home/tomoni11/Documents/ROS2/study_ws/install/setup.zsh'
