[0.071s] DEBUG:colcon:Command line arguments: ['/usr/bin/colcon', 'build']
[0.072s] DEBUG:colcon:Parsed command line arguments: Namespace(log_base=None, log_level=None, verb_name='build', build_base='build', install_base='install', merge_install=False, symlink_install=False, test_result_base=None, continue_on_error=False, executor='parallel', parallel_workers=24, event_handlers=None, ignore_user_meta=False, metas=['./colcon.meta'], base_paths=['.'], packages_ignore=None, packages_ignore_regex=None, paths=None, packages_up_to=None, packages_up_to_regex=None, packages_above=None, packages_above_and_dependencies=None, packages_above_depth=None, packages_select_by_dep=None, packages_skip_by_dep=None, packages_skip_up_to=None, packages_select_build_failed=False, packages_skip_build_finished=False, packages_select_test_failures=False, packages_skip_test_passed=False, packages_select=None, packages_skip=None, packages_select_regex=None, packages_skip_regex=None, packages_start=None, packages_end=None, allow_overriding=[], cmake_args=None, cmake_target=None, cmake_target_skip_unavailable=False, cmake_clean_cache=False, cmake_clean_first=False, cmake_force_configure=False, ament_cmake_args=None, catkin_cmake_args=None, catkin_skip_building_tests=False, mixin_files=None, mixin=None, verb_parser=<colcon_mixin.mixin.mixin_argument.MixinArgumentDecorator object at 0x745e513672c0>, verb_extension=<colcon_core.verb.build.BuildVerb object at 0x745e51366f90>, main=<bound method BuildVerb.main of <colcon_core.verb.build.BuildVerb object at 0x745e51366f90>>, mixin_verb=('build',))
[0.099s] Level 1:colcon.colcon_core.package_discovery:discover_packages(colcon_meta) check parameters
[0.099s] Level 1:colcon.colcon_core.package_discovery:discover_packages(recursive) check parameters
[0.099s] Level 1:colcon.colcon_core.package_discovery:discover_packages(ignore) check parameters
[0.099s] Level 1:colcon.colcon_core.package_discovery:discover_packages(path) check parameters
[0.099s] Level 1:colcon.colcon_core.package_discovery:discover_packages(colcon_meta) discover
[0.099s] Level 1:colcon.colcon_core.package_discovery:discover_packages(recursive) discover
[0.099s] INFO:colcon.colcon_core.package_discovery:Crawling recursively for packages in '/home/tomoni11/Documents/ROS2/gz_ws'
[0.099s] Level 1:colcon.colcon_core.package_identification:_identify(.) by extensions ['ignore', 'ignore_ament_install']
[0.099s] Level 1:colcon.colcon_core.package_identification:_identify(.) by extension 'ignore'
[0.100s] Level 1:colcon.colcon_core.package_identification:_identify(.) by extension 'ignore_ament_install'
[0.100s] Level 1:colcon.colcon_core.package_identification:_identify(.) by extensions ['colcon_pkg']
[0.100s] Level 1:colcon.colcon_core.package_identification:_identify(.) by extension 'colcon_pkg'
[0.100s] Level 1:colcon.colcon_core.package_identification:_identify(.) by extensions ['colcon_meta']
[0.100s] Level 1:colcon.colcon_core.package_identification:_identify(.) by extension 'colcon_meta'
[0.100s] Level 1:colcon.colcon_core.package_identification:_identify(.) by extensions ['ros']
[0.100s] Level 1:colcon.colcon_core.package_identification:_identify(.) by extension 'ros'
[0.119s] Level 1:colcon.colcon_core.package_identification:_identify(.) by extensions ['cmake', 'python']
[0.119s] Level 1:colcon.colcon_core.package_identification:_identify(.) by extension 'cmake'
[0.119s] Level 1:colcon.colcon_core.package_identification:_identify(.) by extension 'python'
[0.119s] Level 1:colcon.colcon_core.package_identification:_identify(.) by extensions ['python_setup_py']
[0.119s] Level 1:colcon.colcon_core.package_identification:_identify(.) by extension 'python_setup_py'
[0.119s] Level 1:colcon.colcon_core.package_identification:_identify(build) by extensions ['ignore', 'ignore_ament_install']
[0.119s] Level 1:colcon.colcon_core.package_identification:_identify(build) by extension 'ignore'
[0.119s] Level 1:colcon.colcon_core.package_identification:_identify(build) ignored
[0.119s] Level 1:colcon.colcon_core.package_identification:_identify(install) by extensions ['ignore', 'ignore_ament_install']
[0.119s] Level 1:colcon.colcon_core.package_identification:_identify(install) by extension 'ignore'
[0.119s] Level 1:colcon.colcon_core.package_identification:_identify(install) ignored
[0.119s] Level 1:colcon.colcon_core.package_identification:_identify(log) by extensions ['ignore', 'ignore_ament_install']
[0.120s] Level 1:colcon.colcon_core.package_identification:_identify(log) by extension 'ignore'
[0.120s] Level 1:colcon.colcon_core.package_identification:_identify(log) ignored
[0.120s] Level 1:colcon.colcon_core.package_identification:_identify(src) by extensions ['ignore', 'ignore_ament_install']
[0.120s] Level 1:colcon.colcon_core.package_identification:_identify(src) by extension 'ignore'
[0.120s] Level 1:colcon.colcon_core.package_identification:_identify(src) by extension 'ignore_ament_install'
[0.120s] Level 1:colcon.colcon_core.package_identification:_identify(src) by extensions ['colcon_pkg']
[0.120s] Level 1:colcon.colcon_core.package_identification:_identify(src) by extension 'colcon_pkg'
[0.120s] Level 1:colcon.colcon_core.package_identification:_identify(src) by extensions ['colcon_meta']
[0.120s] Level 1:colcon.colcon_core.package_identification:_identify(src) by extension 'colcon_meta'
[0.120s] Level 1:colcon.colcon_core.package_identification:_identify(src) by extensions ['ros']
[0.120s] Level 1:colcon.colcon_core.package_identification:_identify(src) by extension 'ros'
[0.120s] Level 1:colcon.colcon_core.package_identification:_identify(src) by extensions ['cmake', 'python']
[0.120s] Level 1:colcon.colcon_core.package_identification:_identify(src) by extension 'cmake'
[0.120s] Level 1:colcon.colcon_core.package_identification:_identify(src) by extension 'python'
[0.120s] Level 1:colcon.colcon_core.package_identification:_identify(src) by extensions ['python_setup_py']
[0.120s] Level 1:colcon.colcon_core.package_identification:_identify(src) by extension 'python_setup_py'
[0.120s] Level 1:colcon.colcon_core.package_identification:_identify(src/gz_test_pkg) by extensions ['ignore', 'ignore_ament_install']
[0.120s] Level 1:colcon.colcon_core.package_identification:_identify(src/gz_test_pkg) by extension 'ignore'
[0.120s] Level 1:colcon.colcon_core.package_identification:_identify(src/gz_test_pkg) by extension 'ignore_ament_install'
[0.120s] Level 1:colcon.colcon_core.package_identification:_identify(src/gz_test_pkg) by extensions ['colcon_pkg']
[0.120s] Level 1:colcon.colcon_core.package_identification:_identify(src/gz_test_pkg) by extension 'colcon_pkg'
[0.120s] Level 1:colcon.colcon_core.package_identification:_identify(src/gz_test_pkg) by extensions ['colcon_meta']
[0.120s] Level 1:colcon.colcon_core.package_identification:_identify(src/gz_test_pkg) by extension 'colcon_meta'
[0.120s] Level 1:colcon.colcon_core.package_identification:_identify(src/gz_test_pkg) by extensions ['ros']
[0.120s] Level 1:colcon.colcon_core.package_identification:_identify(src/gz_test_pkg) by extension 'ros'
[0.122s] DEBUG:colcon.colcon_core.package_identification:Package 'src/gz_test_pkg' with type 'ros.ament_cmake' and name 'gz_test_pkg'
[0.122s] Level 1:colcon.colcon_core.package_identification:_identify(src/my_gz_pkg) by extensions ['ignore', 'ignore_ament_install']
[0.122s] Level 1:colcon.colcon_core.package_identification:_identify(src/my_gz_pkg) by extension 'ignore'
[0.122s] Level 1:colcon.colcon_core.package_identification:_identify(src/my_gz_pkg) by extension 'ignore_ament_install'
[0.122s] Level 1:colcon.colcon_core.package_identification:_identify(src/my_gz_pkg) by extensions ['colcon_pkg']
[0.122s] Level 1:colcon.colcon_core.package_identification:_identify(src/my_gz_pkg) by extension 'colcon_pkg'
[0.122s] Level 1:colcon.colcon_core.package_identification:_identify(src/my_gz_pkg) by extensions ['colcon_meta']
[0.122s] Level 1:colcon.colcon_core.package_identification:_identify(src/my_gz_pkg) by extension 'colcon_meta'
[0.122s] Level 1:colcon.colcon_core.package_identification:_identify(src/my_gz_pkg) by extensions ['ros']
[0.122s] Level 1:colcon.colcon_core.package_identification:_identify(src/my_gz_pkg) by extension 'ros'
[0.123s] DEBUG:colcon.colcon_core.package_identification:Package 'src/my_gz_pkg' with type 'ros.ament_cmake' and name 'my_gz_pkg'
[0.123s] Level 1:colcon.colcon_core.package_discovery:discover_packages(recursive) using defaults
[0.123s] Level 1:colcon.colcon_core.package_discovery:discover_packages(ignore) discover
[0.123s] Level 1:colcon.colcon_core.package_discovery:discover_packages(ignore) using defaults
[0.123s] Level 1:colcon.colcon_core.package_discovery:discover_packages(path) discover
[0.123s] Level 1:colcon.colcon_core.package_discovery:discover_packages(path) using defaults
[0.136s] Level 1:colcon.colcon_core.package_discovery:discover_packages(prefix_path) check parameters
[0.136s] Level 1:colcon.colcon_core.package_discovery:discover_packages(prefix_path) discover
[0.137s] DEBUG:colcon.colcon_installed_package_information.package_discovery:Found 2 installed packages in /home/tomoni11/Documents/ROS2/gz_ws/install
[0.138s] DEBUG:colcon.colcon_installed_package_information.package_discovery:Found 319 installed packages in /opt/ros/jazzy
[0.139s] Level 1:colcon.colcon_core.package_discovery:discover_packages(prefix_path) using defaults
[0.168s] Level 5:colcon.colcon_core.verb:set package 'gz_test_pkg' build argument 'cmake_args' from command line to 'None'
[0.168s] Level 5:colcon.colcon_core.verb:set package 'gz_test_pkg' build argument 'cmake_target' from command line to 'None'
[0.168s] Level 5:colcon.colcon_core.verb:set package 'gz_test_pkg' build argument 'cmake_target_skip_unavailable' from command line to 'False'
[0.168s] Level 5:colcon.colcon_core.verb:set package 'gz_test_pkg' build argument 'cmake_clean_cache' from command line to 'False'
[0.168s] Level 5:colcon.colcon_core.verb:set package 'gz_test_pkg' build argument 'cmake_clean_first' from command line to 'False'
[0.168s] Level 5:colcon.colcon_core.verb:set package 'gz_test_pkg' build argument 'cmake_force_configure' from command line to 'False'
[0.168s] Level 5:colcon.colcon_core.verb:set package 'gz_test_pkg' build argument 'ament_cmake_args' from command line to 'None'
[0.168s] Level 5:colcon.colcon_core.verb:set package 'gz_test_pkg' build argument 'catkin_cmake_args' from command line to 'None'
[0.168s] Level 5:colcon.colcon_core.verb:set package 'gz_test_pkg' build argument 'catkin_skip_building_tests' from command line to 'False'
[0.168s] DEBUG:colcon.colcon_core.verb:Building package 'gz_test_pkg' with the following arguments: {'ament_cmake_args': None, 'build_base': '/home/tomoni11/Documents/ROS2/gz_ws/build/gz_test_pkg', 'catkin_cmake_args': None, 'catkin_skip_building_tests': False, 'cmake_args': None, 'cmake_clean_cache': False, 'cmake_clean_first': False, 'cmake_force_configure': False, 'cmake_target': None, 'cmake_target_skip_unavailable': False, 'install_base': '/home/tomoni11/Documents/ROS2/gz_ws/install/gz_test_pkg', 'merge_install': False, 'path': '/home/tomoni11/Documents/ROS2/gz_ws/src/gz_test_pkg', 'symlink_install': False, 'test_result_base': None}
[0.169s] Level 5:colcon.colcon_core.verb:set package 'my_gz_pkg' build argument 'cmake_args' from command line to 'None'
[0.169s] Level 5:colcon.colcon_core.verb:set package 'my_gz_pkg' build argument 'cmake_target' from command line to 'None'
[0.169s] Level 5:colcon.colcon_core.verb:set package 'my_gz_pkg' build argument 'cmake_target_skip_unavailable' from command line to 'False'
[0.169s] Level 5:colcon.colcon_core.verb:set package 'my_gz_pkg' build argument 'cmake_clean_cache' from command line to 'False'
[0.169s] Level 5:colcon.colcon_core.verb:set package 'my_gz_pkg' build argument 'cmake_clean_first' from command line to 'False'
[0.169s] Level 5:colcon.colcon_core.verb:set package 'my_gz_pkg' build argument 'cmake_force_configure' from command line to 'False'
[0.169s] Level 5:colcon.colcon_core.verb:set package 'my_gz_pkg' build argument 'ament_cmake_args' from command line to 'None'
[0.169s] Level 5:colcon.colcon_core.verb:set package 'my_gz_pkg' build argument 'catkin_cmake_args' from command line to 'None'
[0.169s] Level 5:colcon.colcon_core.verb:set package 'my_gz_pkg' build argument 'catkin_skip_building_tests' from command line to 'False'
[0.169s] DEBUG:colcon.colcon_core.verb:Building package 'my_gz_pkg' with the following arguments: {'ament_cmake_args': None, 'build_base': '/home/tomoni11/Documents/ROS2/gz_ws/build/my_gz_pkg', 'catkin_cmake_args': None, 'catkin_skip_building_tests': False, 'cmake_args': None, 'cmake_clean_cache': False, 'cmake_clean_first': False, 'cmake_force_configure': False, 'cmake_target': None, 'cmake_target_skip_unavailable': False, 'install_base': '/home/tomoni11/Documents/ROS2/gz_ws/install/my_gz_pkg', 'merge_install': False, 'path': '/home/tomoni11/Documents/ROS2/gz_ws/src/my_gz_pkg', 'symlink_install': False, 'test_result_base': None}
[0.169s] INFO:colcon.colcon_core.executor:Executing jobs using 'parallel' executor
[0.170s] DEBUG:colcon.colcon_parallel_executor.executor.parallel:run_until_complete
[0.170s] INFO:colcon.colcon_ros.task.ament_cmake.build:Building ROS package in '/home/tomoni11/Documents/ROS2/gz_ws/src/gz_test_pkg' with build type 'ament_cmake'
[0.170s] INFO:colcon.colcon_cmake.task.cmake.build:Building CMake package in '/home/tomoni11/Documents/ROS2/gz_ws/src/gz_test_pkg'
[0.171s] INFO:colcon.colcon_core.plugin_system:Skipping extension 'colcon_core.shell.bat': Not used on non-Windows systems
[0.171s] INFO:colcon.colcon_core.shell:Skip shell extension 'powershell' for command environment: Not usable outside of PowerShell
[0.171s] DEBUG:colcon.colcon_core.shell:Skip shell extension 'dsv' for command environment
[0.174s] INFO:colcon.colcon_ros.task.ament_cmake.build:Building ROS package in '/home/tomoni11/Documents/ROS2/gz_ws/src/my_gz_pkg' with build type 'ament_cmake'
[0.174s] INFO:colcon.colcon_cmake.task.cmake.build:Building CMake package in '/home/tomoni11/Documents/ROS2/gz_ws/src/my_gz_pkg'
[0.174s] INFO:colcon.colcon_core.shell:Skip shell extension 'powershell' for command environment: Not usable outside of PowerShell
[0.174s] DEBUG:colcon.colcon_core.shell:Skip shell extension 'dsv' for command environment
[0.179s] DEBUG:colcon.colcon_core.event_handler.log_command:Invoking command in '/home/tomoni11/Documents/ROS2/gz_ws/build/gz_test_pkg': CMAKE_PREFIX_PATH=${CMAKE_PREFIX_PATH}:/opt/ros/jazzy DEBUGINFOD_URLS=https://debuginfod.ubuntu.com /usr/bin/cmake --build /home/tomoni11/Documents/ROS2/gz_ws/build/gz_test_pkg -- -j24 -l24
[0.182s] DEBUG:colcon.colcon_core.event_handler.log_command:Invoking command in '/home/tomoni11/Documents/ROS2/gz_ws/build/my_gz_pkg': CMAKE_PREFIX_PATH=${CMAKE_PREFIX_PATH}:/opt/ros/jazzy DEBUGINFOD_URLS=https://debuginfod.ubuntu.com /usr/bin/cmake --build /home/tomoni11/Documents/ROS2/gz_ws/build/my_gz_pkg -- -j24 -l24
[0.214s] DEBUG:colcon.colcon_core.event_handler.log_command:Invoked command in '/home/tomoni11/Documents/ROS2/gz_ws/build/gz_test_pkg' returned '0': CMAKE_PREFIX_PATH=${CMAKE_PREFIX_PATH}:/opt/ros/jazzy DEBUGINFOD_URLS=https://debuginfod.ubuntu.com /usr/bin/cmake --build /home/tomoni11/Documents/ROS2/gz_ws/build/gz_test_pkg -- -j24 -l24
[0.223s] DEBUG:colcon.colcon_core.event_handler.log_command:Invoking command in '/home/tomoni11/Documents/ROS2/gz_ws/build/gz_test_pkg': CMAKE_PREFIX_PATH=${CMAKE_PREFIX_PATH}:/opt/ros/jazzy DEBUGINFOD_URLS=https://debuginfod.ubuntu.com /usr/bin/cmake --install /home/tomoni11/Documents/ROS2/gz_ws/build/gz_test_pkg
[0.231s] Level 1:colcon.colcon_core.environment:create_environment_scripts_only(gz_test_pkg)
[0.231s] DEBUG:colcon.colcon_core.event_handler.log_command:Invoked command in '/home/tomoni11/Documents/ROS2/gz_ws/build/gz_test_pkg' returned '0': CMAKE_PREFIX_PATH=${CMAKE_PREFIX_PATH}:/opt/ros/jazzy DEBUGINFOD_URLS=https://debuginfod.ubuntu.com /usr/bin/cmake --install /home/tomoni11/Documents/ROS2/gz_ws/build/gz_test_pkg
[0.232s] Level 1:colcon.colcon_core.environment:checking '/home/tomoni11/Documents/ROS2/gz_ws/install/gz_test_pkg' for CMake module files
[0.232s] Level 1:colcon.colcon_core.environment:checking '/home/tomoni11/Documents/ROS2/gz_ws/install/gz_test_pkg' for CMake config files
[0.233s] Level 1:colcon.colcon_core.shell:create_environment_hook('gz_test_pkg', 'cmake_prefix_path')
[0.233s] INFO:colcon.colcon_core.shell:Creating environment hook '/home/tomoni11/Documents/ROS2/gz_ws/install/gz_test_pkg/share/gz_test_pkg/hook/cmake_prefix_path.ps1'
[0.233s] INFO:colcon.colcon_core.shell:Creating environment descriptor '/home/tomoni11/Documents/ROS2/gz_ws/install/gz_test_pkg/share/gz_test_pkg/hook/cmake_prefix_path.dsv'
[0.233s] INFO:colcon.colcon_core.shell:Creating environment hook '/home/tomoni11/Documents/ROS2/gz_ws/install/gz_test_pkg/share/gz_test_pkg/hook/cmake_prefix_path.sh'
[0.234s] Level 1:colcon.colcon_core.environment:checking '/home/tomoni11/Documents/ROS2/gz_ws/install/gz_test_pkg/bin'
[0.234s] Level 1:colcon.colcon_core.environment:checking '/home/tomoni11/Documents/ROS2/gz_ws/install/gz_test_pkg/lib/pkgconfig/gz_test_pkg.pc'
[0.234s] Level 1:colcon.colcon_core.environment:checking '/home/tomoni11/Documents/ROS2/gz_ws/install/gz_test_pkg/lib/python3.12/site-packages'
[0.234s] Level 1:colcon.colcon_core.environment:checking '/home/tomoni11/Documents/ROS2/gz_ws/install/gz_test_pkg/bin'
[0.235s] INFO:colcon.colcon_core.shell:Creating package script '/home/tomoni11/Documents/ROS2/gz_ws/install/gz_test_pkg/share/gz_test_pkg/package.ps1'
[0.235s] INFO:colcon.colcon_core.shell:Creating package descriptor '/home/tomoni11/Documents/ROS2/gz_ws/install/gz_test_pkg/share/gz_test_pkg/package.dsv'
[0.235s] INFO:colcon.colcon_core.shell:Creating package script '/home/tomoni11/Documents/ROS2/gz_ws/install/gz_test_pkg/share/gz_test_pkg/package.sh'
[0.236s] INFO:colcon.colcon_core.shell:Creating package script '/home/tomoni11/Documents/ROS2/gz_ws/install/gz_test_pkg/share/gz_test_pkg/package.bash'
[0.236s] INFO:colcon.colcon_core.shell:Creating package script '/home/tomoni11/Documents/ROS2/gz_ws/install/gz_test_pkg/share/gz_test_pkg/package.zsh'
[0.236s] Level 1:colcon.colcon_core.environment:create_file_with_runtime_dependencies(/home/tomoni11/Documents/ROS2/gz_ws/install/gz_test_pkg/share/colcon-core/packages/gz_test_pkg)
[0.237s] Level 1:colcon.colcon_core.environment:create_environment_scripts_only(gz_test_pkg)
[0.237s] Level 1:colcon.colcon_core.environment:checking '/home/tomoni11/Documents/ROS2/gz_ws/install/gz_test_pkg' for CMake module files
[0.237s] Level 1:colcon.colcon_core.environment:checking '/home/tomoni11/Documents/ROS2/gz_ws/install/gz_test_pkg' for CMake config files
[0.237s] Level 1:colcon.colcon_core.shell:create_environment_hook('gz_test_pkg', 'cmake_prefix_path')
[0.237s] INFO:colcon.colcon_core.shell:Creating environment hook '/home/tomoni11/Documents/ROS2/gz_ws/install/gz_test_pkg/share/gz_test_pkg/hook/cmake_prefix_path.ps1'
[0.238s] INFO:colcon.colcon_core.shell:Creating environment descriptor '/home/tomoni11/Documents/ROS2/gz_ws/install/gz_test_pkg/share/gz_test_pkg/hook/cmake_prefix_path.dsv'
[0.238s] INFO:colcon.colcon_core.shell:Creating environment hook '/home/tomoni11/Documents/ROS2/gz_ws/install/gz_test_pkg/share/gz_test_pkg/hook/cmake_prefix_path.sh'
[0.238s] Level 1:colcon.colcon_core.environment:checking '/home/tomoni11/Documents/ROS2/gz_ws/install/gz_test_pkg/bin'
[0.238s] Level 1:colcon.colcon_core.environment:checking '/home/tomoni11/Documents/ROS2/gz_ws/install/gz_test_pkg/lib/pkgconfig/gz_test_pkg.pc'
[0.239s] Level 1:colcon.colcon_core.environment:checking '/home/tomoni11/Documents/ROS2/gz_ws/install/gz_test_pkg/lib/python3.12/site-packages'
[0.239s] Level 1:colcon.colcon_core.environment:checking '/home/tomoni11/Documents/ROS2/gz_ws/install/gz_test_pkg/bin'
[0.239s] INFO:colcon.colcon_core.shell:Creating package script '/home/tomoni11/Documents/ROS2/gz_ws/install/gz_test_pkg/share/gz_test_pkg/package.ps1'
[0.239s] INFO:colcon.colcon_core.shell:Creating package descriptor '/home/tomoni11/Documents/ROS2/gz_ws/install/gz_test_pkg/share/gz_test_pkg/package.dsv'
[0.239s] INFO:colcon.colcon_core.shell:Creating package script '/home/tomoni11/Documents/ROS2/gz_ws/install/gz_test_pkg/share/gz_test_pkg/package.sh'
[0.240s] INFO:colcon.colcon_core.shell:Creating package script '/home/tomoni11/Documents/ROS2/gz_ws/install/gz_test_pkg/share/gz_test_pkg/package.bash'
[0.240s] INFO:colcon.colcon_core.shell:Creating package script '/home/tomoni11/Documents/ROS2/gz_ws/install/gz_test_pkg/share/gz_test_pkg/package.zsh'
[0.240s] Level 1:colcon.colcon_core.environment:create_file_with_runtime_dependencies(/home/tomoni11/Documents/ROS2/gz_ws/install/gz_test_pkg/share/colcon-core/packages/gz_test_pkg)
[0.468s] DEBUG:colcon.colcon_core.event_handler.log_command:Invoked command in '/home/tomoni11/Documents/ROS2/gz_ws/build/my_gz_pkg' returned '0': CMAKE_PREFIX_PATH=${CMAKE_PREFIX_PATH}:/opt/ros/jazzy DEBUGINFOD_URLS=https://debuginfod.ubuntu.com /usr/bin/cmake --build /home/tomoni11/Documents/ROS2/gz_ws/build/my_gz_pkg -- -j24 -l24
[0.469s] DEBUG:colcon.colcon_core.event_handler.log_command:Invoking command in '/home/tomoni11/Documents/ROS2/gz_ws/build/my_gz_pkg': CMAKE_PREFIX_PATH=${CMAKE_PREFIX_PATH}:/opt/ros/jazzy DEBUGINFOD_URLS=https://debuginfod.ubuntu.com /usr/bin/cmake --install /home/tomoni11/Documents/ROS2/gz_ws/build/my_gz_pkg
[0.477s] Level 1:colcon.colcon_core.environment:create_environment_scripts_only(my_gz_pkg)
[0.477s] Level 1:colcon.colcon_core.environment:checking '/home/tomoni11/Documents/ROS2/gz_ws/install/my_gz_pkg' for CMake module files
[0.477s] DEBUG:colcon.colcon_core.event_handler.log_command:Invoked command in '/home/tomoni11/Documents/ROS2/gz_ws/build/my_gz_pkg' returned '0': CMAKE_PREFIX_PATH=${CMAKE_PREFIX_PATH}:/opt/ros/jazzy DEBUGINFOD_URLS=https://debuginfod.ubuntu.com /usr/bin/cmake --install /home/tomoni11/Documents/ROS2/gz_ws/build/my_gz_pkg
[0.478s] Level 1:colcon.colcon_core.environment:checking '/home/tomoni11/Documents/ROS2/gz_ws/install/my_gz_pkg' for CMake config files
[0.478s] Level 1:colcon.colcon_core.shell:create_environment_hook('my_gz_pkg', 'cmake_prefix_path')
[0.478s] INFO:colcon.colcon_core.shell:Creating environment hook '/home/tomoni11/Documents/ROS2/gz_ws/install/my_gz_pkg/share/my_gz_pkg/hook/cmake_prefix_path.ps1'
[0.478s] INFO:colcon.colcon_core.shell:Creating environment descriptor '/home/tomoni11/Documents/ROS2/gz_ws/install/my_gz_pkg/share/my_gz_pkg/hook/cmake_prefix_path.dsv'
[0.479s] INFO:colcon.colcon_core.shell:Creating environment hook '/home/tomoni11/Documents/ROS2/gz_ws/install/my_gz_pkg/share/my_gz_pkg/hook/cmake_prefix_path.sh'
[0.479s] Level 1:colcon.colcon_core.environment:checking '/home/tomoni11/Documents/ROS2/gz_ws/install/my_gz_pkg/bin'
[0.479s] Level 1:colcon.colcon_core.environment:checking '/home/tomoni11/Documents/ROS2/gz_ws/install/my_gz_pkg/lib/pkgconfig/my_gz_pkg.pc'
[0.479s] Level 1:colcon.colcon_core.environment:checking '/home/tomoni11/Documents/ROS2/gz_ws/install/my_gz_pkg/lib/python3.12/site-packages'
[0.479s] Level 1:colcon.colcon_core.environment:checking '/home/tomoni11/Documents/ROS2/gz_ws/install/my_gz_pkg/bin'
[0.479s] INFO:colcon.colcon_core.shell:Creating package script '/home/tomoni11/Documents/ROS2/gz_ws/install/my_gz_pkg/share/my_gz_pkg/package.ps1'
[0.480s] INFO:colcon.colcon_core.shell:Creating package descriptor '/home/tomoni11/Documents/ROS2/gz_ws/install/my_gz_pkg/share/my_gz_pkg/package.dsv'
[0.480s] INFO:colcon.colcon_core.shell:Creating package script '/home/tomoni11/Documents/ROS2/gz_ws/install/my_gz_pkg/share/my_gz_pkg/package.sh'
[0.480s] INFO:colcon.colcon_core.shell:Creating package script '/home/tomoni11/Documents/ROS2/gz_ws/install/my_gz_pkg/share/my_gz_pkg/package.bash'
[0.481s] INFO:colcon.colcon_core.shell:Creating package script '/home/tomoni11/Documents/ROS2/gz_ws/install/my_gz_pkg/share/my_gz_pkg/package.zsh'
[0.481s] Level 1:colcon.colcon_core.environment:create_file_with_runtime_dependencies(/home/tomoni11/Documents/ROS2/gz_ws/install/my_gz_pkg/share/colcon-core/packages/my_gz_pkg)
[0.481s] Level 1:colcon.colcon_core.environment:create_environment_scripts_only(my_gz_pkg)
[0.481s] Level 1:colcon.colcon_core.environment:checking '/home/tomoni11/Documents/ROS2/gz_ws/install/my_gz_pkg' for CMake module files
[0.481s] Level 1:colcon.colcon_core.environment:checking '/home/tomoni11/Documents/ROS2/gz_ws/install/my_gz_pkg' for CMake config files
[0.482s] Level 1:colcon.colcon_core.shell:create_environment_hook('my_gz_pkg', 'cmake_prefix_path')
[0.482s] INFO:colcon.colcon_core.shell:Creating environment hook '/home/tomoni11/Documents/ROS2/gz_ws/install/my_gz_pkg/share/my_gz_pkg/hook/cmake_prefix_path.ps1'
[0.482s] INFO:colcon.colcon_core.shell:Creating environment descriptor '/home/tomoni11/Documents/ROS2/gz_ws/install/my_gz_pkg/share/my_gz_pkg/hook/cmake_prefix_path.dsv'
[0.482s] INFO:colcon.colcon_core.shell:Creating environment hook '/home/tomoni11/Documents/ROS2/gz_ws/install/my_gz_pkg/share/my_gz_pkg/hook/cmake_prefix_path.sh'
[0.483s] Level 1:colcon.colcon_core.environment:checking '/home/tomoni11/Documents/ROS2/gz_ws/install/my_gz_pkg/bin'
[0.483s] Level 1:colcon.colcon_core.environment:checking '/home/tomoni11/Documents/ROS2/gz_ws/install/my_gz_pkg/lib/pkgconfig/my_gz_pkg.pc'
[0.483s] Level 1:colcon.colcon_core.environment:checking '/home/tomoni11/Documents/ROS2/gz_ws/install/my_gz_pkg/lib/python3.12/site-packages'
[0.483s] Level 1:colcon.colcon_core.environment:checking '/home/tomoni11/Documents/ROS2/gz_ws/install/my_gz_pkg/bin'
[0.483s] INFO:colcon.colcon_core.shell:Creating package script '/home/tomoni11/Documents/ROS2/gz_ws/install/my_gz_pkg/share/my_gz_pkg/package.ps1'
[0.483s] INFO:colcon.colcon_core.shell:Creating package descriptor '/home/tomoni11/Documents/ROS2/gz_ws/install/my_gz_pkg/share/my_gz_pkg/package.dsv'
[0.484s] INFO:colcon.colcon_core.shell:Creating package script '/home/tomoni11/Documents/ROS2/gz_ws/install/my_gz_pkg/share/my_gz_pkg/package.sh'
[0.484s] INFO:colcon.colcon_core.shell:Creating package script '/home/tomoni11/Documents/ROS2/gz_ws/install/my_gz_pkg/share/my_gz_pkg/package.bash'
[0.484s] INFO:colcon.colcon_core.shell:Creating package script '/home/tomoni11/Documents/ROS2/gz_ws/install/my_gz_pkg/share/my_gz_pkg/package.zsh'
[0.484s] Level 1:colcon.colcon_core.environment:create_file_with_runtime_dependencies(/home/tomoni11/Documents/ROS2/gz_ws/install/my_gz_pkg/share/colcon-core/packages/my_gz_pkg)
[0.485s] DEBUG:colcon.colcon_parallel_executor.executor.parallel:closing loop
[0.485s] DEBUG:colcon.colcon_parallel_executor.executor.parallel:loop closed
[0.485s] DEBUG:colcon.colcon_parallel_executor.executor.parallel:run_until_complete finished with '0'
[0.485s] DEBUG:colcon.colcon_core.event_reactor:joining thread
[0.489s] INFO:colcon.colcon_core.plugin_system:Skipping extension 'colcon_notification.desktop_notification.terminal_notifier': Not used on non-Darwin systems
[0.489s] INFO:colcon.colcon_core.plugin_system:Skipping extension 'colcon_notification.desktop_notification.win32': Not used on non-Windows systems
[0.489s] INFO:colcon.colcon_notification.desktop_notification:Sending desktop notification using 'notify2'
[0.499s] DEBUG:colcon.colcon_core.event_reactor:joined thread
[0.500s] INFO:colcon.colcon_core.shell:Creating prefix script '/home/tomoni11/Documents/ROS2/gz_ws/install/local_setup.ps1'
[0.500s] INFO:colcon.colcon_core.shell:Creating prefix util module '/home/tomoni11/Documents/ROS2/gz_ws/install/_local_setup_util_ps1.py'
[0.501s] INFO:colcon.colcon_core.shell:Creating prefix chain script '/home/tomoni11/Documents/ROS2/gz_ws/install/setup.ps1'
[0.502s] INFO:colcon.colcon_core.shell:Creating prefix script '/home/tomoni11/Documents/ROS2/gz_ws/install/local_setup.sh'
[0.502s] INFO:colcon.colcon_core.shell:Creating prefix util module '/home/tomoni11/Documents/ROS2/gz_ws/install/_local_setup_util_sh.py'
[0.503s] INFO:colcon.colcon_core.shell:Creating prefix chain script '/home/tomoni11/Documents/ROS2/gz_ws/install/setup.sh'
[0.503s] INFO:colcon.colcon_core.shell:Creating prefix script '/home/tomoni11/Documents/ROS2/gz_ws/install/local_setup.bash'
[0.504s] INFO:colcon.colcon_core.shell:Creating prefix chain script '/home/tomoni11/Documents/ROS2/gz_ws/install/setup.bash'
[0.504s] INFO:colcon.colcon_core.shell:Creating prefix script '/home/tomoni11/Documents/ROS2/gz_ws/install/local_setup.zsh'
[0.505s] INFO:colcon.colcon_core.shell:Creating prefix chain script '/home/tomoni11/Documents/ROS2/gz_ws/install/setup.zsh'
