[0.004s] Invoking command in '/home/tomoni11/Documents/ROS2/asobi_ws/build/lider_to_fp': CMAKE_PREFIX_PATH=/home/tomoni11/Documents/ROS2/asobi_ws/install/interface_pkg:/home/tomoni11/Documents/ROS2/asobi_ws/install/simple_ransac_pkg:/home/tomoni11/Documents/ROS2/asobi_ws/install/lider_to_fp:/opt/ros/jazzy/opt/gz_sim_vendor:/opt/ros/jazzy/opt/gz_sensors_vendor:/opt/ros/jazzy/opt/gz_physics_vendor:/opt/ros/jazzy/opt/sdformat_vendor:/opt/ros/jazzy/opt/gz_gui_vendor:/opt/ros/jazzy/opt/gz_transport_vendor:/opt/ros/jazzy/opt/gz_rendering_vendor:/opt/ros/jazzy/opt/gz_plugin_vendor:/opt/ros/jazzy/opt/gz_fuel_tools_vendor:/opt/ros/jazzy/opt/gz_msgs_vendor:/opt/ros/jazzy/opt/gz_common_vendor:/opt/ros/jazzy/opt/gz_math_vendor:/opt/ros/jazzy/opt/gz_utils_vendor:/opt/ros/jazzy/opt/gz_tools_vendor:/opt/ros/jazzy/opt/gz_ogre_next_vendor:/opt/ros/jazzy/opt/gz_dartsim_vendor:/opt/ros/jazzy/opt/gz_cmake_vendor:/opt/ros/jazzy DEBUGINFOD_URLS=https://debuginfod.ubuntu.com /usr/bin/cmake --build /home/tomoni11/Documents/ROS2/asobi_ws/build/lider_to_fp -- -j24 -l24
[0.060s] [100%] Built target ransac_unit
[0.060s] [100%] Built target serial_talker
[0.071s] Invoked command in '/home/tomoni11/Documents/ROS2/asobi_ws/build/lider_to_fp' returned '0': CMAKE_PREFIX_PATH=/home/tomoni11/Documents/ROS2/asobi_ws/install/interface_pkg:/home/tomoni11/Documents/ROS2/asobi_ws/install/simple_ransac_pkg:/home/tomoni11/Documents/ROS2/asobi_ws/install/lider_to_fp:/opt/ros/jazzy/opt/gz_sim_vendor:/opt/ros/jazzy/opt/gz_sensors_vendor:/opt/ros/jazzy/opt/gz_physics_vendor:/opt/ros/jazzy/opt/sdformat_vendor:/opt/ros/jazzy/opt/gz_gui_vendor:/opt/ros/jazzy/opt/gz_transport_vendor:/opt/ros/jazzy/opt/gz_rendering_vendor:/opt/ros/jazzy/opt/gz_plugin_vendor:/opt/ros/jazzy/opt/gz_fuel_tools_vendor:/opt/ros/jazzy/opt/gz_msgs_vendor:/opt/ros/jazzy/opt/gz_common_vendor:/opt/ros/jazzy/opt/gz_math_vendor:/opt/ros/jazzy/opt/gz_utils_vendor:/opt/ros/jazzy/opt/gz_tools_vendor:/opt/ros/jazzy/opt/gz_ogre_next_vendor:/opt/ros/jazzy/opt/gz_dartsim_vendor:/opt/ros/jazzy/opt/gz_cmake_vendor:/opt/ros/jazzy DEBUGINFOD_URLS=https://debuginfod.ubuntu.com /usr/bin/cmake --build /home/tomoni11/Documents/ROS2/asobi_ws/build/lider_to_fp -- -j24 -l24
[0.072s] Invoking command in '/home/tomoni11/Documents/ROS2/asobi_ws/build/lider_to_fp': CMAKE_PREFIX_PATH=/home/tomoni11/Documents/ROS2/asobi_ws/install/interface_pkg:/home/tomoni11/Documents/ROS2/asobi_ws/install/simple_ransac_pkg:/home/tomoni11/Documents/ROS2/asobi_ws/install/lider_to_fp:/opt/ros/jazzy/opt/gz_sim_vendor:/opt/ros/jazzy/opt/gz_sensors_vendor:/opt/ros/jazzy/opt/gz_physics_vendor:/opt/ros/jazzy/opt/sdformat_vendor:/opt/ros/jazzy/opt/gz_gui_vendor:/opt/ros/jazzy/opt/gz_transport_vendor:/opt/ros/jazzy/opt/gz_rendering_vendor:/opt/ros/jazzy/opt/gz_plugin_vendor:/opt/ros/jazzy/opt/gz_fuel_tools_vendor:/opt/ros/jazzy/opt/gz_msgs_vendor:/opt/ros/jazzy/opt/gz_common_vendor:/opt/ros/jazzy/opt/gz_math_vendor:/opt/ros/jazzy/opt/gz_utils_vendor:/opt/ros/jazzy/opt/gz_tools_vendor:/opt/ros/jazzy/opt/gz_ogre_next_vendor:/opt/ros/jazzy/opt/gz_dartsim_vendor:/opt/ros/jazzy/opt/gz_cmake_vendor:/opt/ros/jazzy DEBUGINFOD_URLS=https://debuginfod.ubuntu.com /usr/bin/cmake --install /home/tomoni11/Documents/ROS2/asobi_ws/build/lider_to_fp
[0.078s] -- Install configuration: ""
[0.079s] -- Up-to-date: /home/tomoni11/Documents/ROS2/asobi_ws/install/lider_to_fp/lib/lider_to_fp/ransac_unit
[0.079s] -- Up-to-date: /home/tomoni11/Documents/ROS2/asobi_ws/install/lider_to_fp/lib/lider_to_fp/serial_talker
[0.079s] -- Up-to-date: /home/tomoni11/Documents/ROS2/asobi_ws/install/lider_to_fp/share/lider_to_fp/launch
[0.079s] -- Up-to-date: /home/tomoni11/Documents/ROS2/asobi_ws/install/lider_to_fp/share/lider_to_fp/launch/lider_to_fp.launch.py
[0.079s] -- Up-to-date: /home/tomoni11/Documents/ROS2/asobi_ws/install/lider_to_fp/share/ament_index/resource_index/package_run_dependencies/lider_to_fp
[0.079s] -- Up-to-date: /home/tomoni11/Documents/ROS2/asobi_ws/install/lider_to_fp/share/ament_index/resource_index/parent_prefix_path/lider_to_fp
[0.079s] -- Up-to-date: /home/tomoni11/Documents/ROS2/asobi_ws/install/lider_to_fp/share/lider_to_fp/environment/ament_prefix_path.sh
[0.079s] -- Up-to-date: /home/tomoni11/Documents/ROS2/asobi_ws/install/lider_to_fp/share/lider_to_fp/environment/ament_prefix_path.dsv
[0.079s] -- Up-to-date: /home/tomoni11/Documents/ROS2/asobi_ws/install/lider_to_fp/share/lider_to_fp/environment/path.sh
[0.079s] -- Up-to-date: /home/tomoni11/Documents/ROS2/asobi_ws/install/lider_to_fp/share/lider_to_fp/environment/path.dsv
[0.079s] -- Up-to-date: /home/tomoni11/Documents/ROS2/asobi_ws/install/lider_to_fp/share/lider_to_fp/local_setup.bash
[0.079s] -- Up-to-date: /home/tomoni11/Documents/ROS2/asobi_ws/install/lider_to_fp/share/lider_to_fp/local_setup.sh
[0.079s] -- Up-to-date: /home/tomoni11/Documents/ROS2/asobi_ws/install/lider_to_fp/share/lider_to_fp/local_setup.zsh
[0.079s] -- Up-to-date: /home/tomoni11/Documents/ROS2/asobi_ws/install/lider_to_fp/share/lider_to_fp/local_setup.dsv
[0.079s] -- Installing: /home/tomoni11/Documents/ROS2/asobi_ws/install/lider_to_fp/share/lider_to_fp/package.dsv
[0.079s] -- Up-to-date: /home/tomoni11/Documents/ROS2/asobi_ws/install/lider_to_fp/share/ament_index/resource_index/packages/lider_to_fp
[0.080s] -- Up-to-date: /home/tomoni11/Documents/ROS2/asobi_ws/install/lider_to_fp/share/lider_to_fp/cmake/lider_to_fpConfig.cmake
[0.080s] -- Up-to-date: /home/tomoni11/Documents/ROS2/asobi_ws/install/lider_to_fp/share/lider_to_fp/cmake/lider_to_fpConfig-version.cmake
[0.080s] -- Up-to-date: /home/tomoni11/Documents/ROS2/asobi_ws/install/lider_to_fp/share/lider_to_fp/package.xml
[0.081s] Invoked command in '/home/tomoni11/Documents/ROS2/asobi_ws/build/lider_to_fp' returned '0': CMAKE_PREFIX_PATH=/home/tomoni11/Documents/ROS2/asobi_ws/install/interface_pkg:/home/tomoni11/Documents/ROS2/asobi_ws/install/simple_ransac_pkg:/home/tomoni11/Documents/ROS2/asobi_ws/install/lider_to_fp:/opt/ros/jazzy/opt/gz_sim_vendor:/opt/ros/jazzy/opt/gz_sensors_vendor:/opt/ros/jazzy/opt/gz_physics_vendor:/opt/ros/jazzy/opt/sdformat_vendor:/opt/ros/jazzy/opt/gz_gui_vendor:/opt/ros/jazzy/opt/gz_transport_vendor:/opt/ros/jazzy/opt/gz_rendering_vendor:/opt/ros/jazzy/opt/gz_plugin_vendor:/opt/ros/jazzy/opt/gz_fuel_tools_vendor:/opt/ros/jazzy/opt/gz_msgs_vendor:/opt/ros/jazzy/opt/gz_common_vendor:/opt/ros/jazzy/opt/gz_math_vendor:/opt/ros/jazzy/opt/gz_utils_vendor:/opt/ros/jazzy/opt/gz_tools_vendor:/opt/ros/jazzy/opt/gz_ogre_next_vendor:/opt/ros/jazzy/opt/gz_dartsim_vendor:/opt/ros/jazzy/opt/gz_cmake_vendor:/opt/ros/jazzy DEBUGINFOD_URLS=https://debuginfod.ubuntu.com /usr/bin/cmake --install /home/tomoni11/Documents/ROS2/asobi_ws/build/lider_to_fp
