[0.033s] Invoking command in '/home/tomoni11/Documents/ROS2/sample_ws/build/sample_subpub': CMAKE_PREFIX_PATH=${CMAKE_PREFIX_PATH}:/opt/ros/jazzy DEBUGINFOD_URLS=https://debuginfod.ubuntu.com /usr/bin/cmake --build /home/tomoni11/Documents/ROS2/sample_ws/build/sample_subpub -- -j24 -l24
[0.083s] [100%] Built target listener
[0.084s] [100%] Built target talker
[0.093s] Invoked command in '/home/tomoni11/Documents/ROS2/sample_ws/build/sample_subpub' returned '0': CMAKE_PREFIX_PATH=${CMAKE_PREFIX_PATH}:/opt/ros/jazzy DEBUGINFOD_URLS=https://debuginfod.ubuntu.com /usr/bin/cmake --build /home/tomoni11/Documents/ROS2/sample_ws/build/sample_subpub -- -j24 -l24
[0.101s] Invoking command in '/home/tomoni11/Documents/ROS2/sample_ws/build/sample_subpub': CMAKE_PREFIX_PATH=${CMAKE_PREFIX_PATH}:/opt/ros/jazzy DEBUGINFOD_URLS=https://debuginfod.ubuntu.com /usr/bin/cmake --install /home/tomoni11/Documents/ROS2/sample_ws/build/sample_subpub
[0.108s] -- Install configuration: ""
[0.109s] -- Execute custom install script
[0.109s] -- Up-to-date symlink: /home/tomoni11/Documents/ROS2/sample_ws/install/sample_subpub/lib/sample_subpub//talker
[0.109s] -- Up-to-date symlink: /home/tomoni11/Documents/ROS2/sample_ws/install/sample_subpub/lib/sample_subpub//listener
[0.109s] -- Up-to-date symlink: /home/tomoni11/Documents/ROS2/sample_ws/install/sample_subpub/share/sample_subpub/launch/subpub.launch.py
[0.109s] -- Up-to-date symlink: /home/tomoni11/Documents/ROS2/sample_ws/install/sample_subpub/share/ament_index/resource_index/package_run_dependencies/sample_subpub
[0.109s] -- Up-to-date symlink: /home/tomoni11/Documents/ROS2/sample_ws/install/sample_subpub/share/ament_index/resource_index/parent_prefix_path/sample_subpub
[0.109s] -- Up-to-date symlink: /home/tomoni11/Documents/ROS2/sample_ws/install/sample_subpub/share/sample_subpub/environment/ament_prefix_path.sh
[0.110s] -- Up-to-date symlink: /home/tomoni11/Documents/ROS2/sample_ws/install/sample_subpub/share/sample_subpub/environment/ament_prefix_path.dsv
[0.110s] -- Up-to-date symlink: /home/tomoni11/Documents/ROS2/sample_ws/install/sample_subpub/share/sample_subpub/environment/path.sh
[0.110s] -- Up-to-date symlink: /home/tomoni11/Documents/ROS2/sample_ws/install/sample_subpub/share/sample_subpub/environment/path.dsv
[0.110s] -- Up-to-date symlink: /home/tomoni11/Documents/ROS2/sample_ws/install/sample_subpub/share/sample_subpub/local_setup.bash
[0.110s] -- Up-to-date symlink: /home/tomoni11/Documents/ROS2/sample_ws/install/sample_subpub/share/sample_subpub/local_setup.sh
[0.110s] -- Up-to-date symlink: /home/tomoni11/Documents/ROS2/sample_ws/install/sample_subpub/share/sample_subpub/local_setup.zsh
[0.110s] -- Up-to-date symlink: /home/tomoni11/Documents/ROS2/sample_ws/install/sample_subpub/share/sample_subpub/local_setup.dsv
[0.110s] -- Symlinking: /home/tomoni11/Documents/ROS2/sample_ws/install/sample_subpub/share/sample_subpub/package.dsv
[0.119s] -- Up-to-date symlink: /home/tomoni11/Documents/ROS2/sample_ws/install/sample_subpub/share/ament_index/resource_index/packages/sample_subpub
[0.119s] -- Up-to-date symlink: /home/tomoni11/Documents/ROS2/sample_ws/install/sample_subpub/share/sample_subpub/cmake/sample_subpubConfig.cmake
[0.120s] -- Up-to-date symlink: /home/tomoni11/Documents/ROS2/sample_ws/install/sample_subpub/share/sample_subpub/cmake/sample_subpubConfig-version.cmake
[0.120s] -- Up-to-date symlink: /home/tomoni11/Documents/ROS2/sample_ws/install/sample_subpub/share/sample_subpub/package.xml
[0.121s] Invoked command in '/home/tomoni11/Documents/ROS2/sample_ws/build/sample_subpub' returned '0': CMAKE_PREFIX_PATH=${CMAKE_PREFIX_PATH}:/opt/ros/jazzy DEBUGINFOD_URLS=https://debuginfod.ubuntu.com /usr/bin/cmake --install /home/tomoni11/Documents/ROS2/sample_ws/build/sample_subpub
